[*] Start mutation process:
   - targets: stack2.py
   - tests: ./MIO-WHOLE_SUITE
[*] 11 tests passed:
   - test_stack2_MIO [0.04745 s]
   - test_stack2_WHOLE_SUITE [0.03737 s]
[*] Start mutants generation and execution:
   - [#   1] AOR stack2: 
--------------------------------------------------------------------------------
  23:         return self.stack.pop()
  24:     
  25:     def __repr__(self):
  26:         '''show representation.'''
- 27:         return 'stack:' + str(self.stack)
+ 27:         return 'stack:' - str(self.stack)
--------------------------------------------------------------------------------
[0.06631 s] incompetent

TypeError: stack2:27: TypeError: unsupported operand type(s) for -: 'str' and 'str'

   - [#   2] CDI stack2: 
--------------------------------------------------------------------------------
   3: 
   4:     Author: George Heineman
   5: '''
   6: class Stack:
-  7:     def __init__(self):
-  8:         '''Demonstrate using list as storage for a Stack.'''
-  9:         self.stack = []
- 10:     
+  7:     @classmethod
+  8:     def __init__(self):
+  9:         '''Demonstrate using list as storage for a Stack.'''
+ 10:         self.stack = []
  11:     def isEmpty(self):
  12:         '''Determines whether stack is empty. O(1) performance'''
  13:         return len(self.stack) == 0
  14:     
--------------------------------------------------------------------------------
[0.06120 s] survived
   - [#   3] CDI stack2: 
--------------------------------------------------------------------------------
   7:     def __init__(self):
   8:         '''Demonstrate using list as storage for a Stack.'''
   9:         self.stack = []
  10:     
- 11:     def isEmpty(self):
- 12:         '''Determines whether stack is empty. O(1) performance'''
- 13:         return len(self.stack) == 0
- 14:     
+ 11:     @classmethod
+ 12:     def isEmpty(self):
+ 13:         '''Determines whether stack is empty. O(1) performance'''
+ 14:         return len(self.stack) == 0
  15:     def push(self, v):
  16:         '''Push v onto the stack. O(1) performance.'''
  17:         self.stack.append(v)
  18:     
--------------------------------------------------------------------------------
[0.07759 s] killed by MIO-WHOLE_SUITE/test_stack2_MIO.py::test_case_1

def test_case_1():
        stack_0 = module_0.Stack()
        var_0 = stack_0.push(stack_0)
        var_1 = stack_0.push(var_0)
>       var_2 = stack_0.pop()

MIO-WHOLE_SUITE/test_stack2_MIO.py:17: 
_ _ _ _ _ _ _ _ _ _ _ _ _ _ _ _ _ _ _ _ _ _ _ _ _ _ _ _ _ _ _ _ _ _ _ _ _ _ _ _ 
stack2:21: in pop
    ???
_ _ _ _ _ _ _ _ _ _ _ _ _ _ _ _ _ _ _ _ _ _ _ _ _ _ _ _ _ _ _ _ _ _ _ _ _ _ _ _ 

self = <class 'stack2.Stack'>

>   ???
E   AttributeError: type object 'Stack' has no attribute 'stack'

stack2:14: AttributeError
   - [#   4] CDI stack2: 
--------------------------------------------------------------------------------
  11:     def isEmpty(self):
  12:         '''Determines whether stack is empty. O(1) performance'''
  13:         return len(self.stack) == 0
  14:     
- 15:     def push(self, v):
- 16:         '''Push v onto the stack. O(1) performance.'''
- 17:         self.stack.append(v)
- 18:     
+ 15:     @classmethod
+ 16:     def push(self, v):
+ 17:         '''Push v onto the stack. O(1) performance.'''
+ 18:         self.stack.append(v)
  19:     def pop(self):
  20:         '''Remove topmost element and return it. O(1) performance.'''
  21:         if self.isEmpty():
  22:             raise Exception('Stack is empty.')
--------------------------------------------------------------------------------
[0.06613 s] killed by MIO-WHOLE_SUITE/test_stack2_MIO.py::test_case_0

def test_case_0():
        bool_0 = True
        stack_0 = module_0.Stack()
>       var_0 = stack_0.push(bool_0)

MIO-WHOLE_SUITE/test_stack2_MIO.py:8: 
_ _ _ _ _ _ _ _ _ _ _ _ _ _ _ _ _ _ _ _ _ _ _ _ _ _ _ _ _ _ _ _ _ _ _ _ _ _ _ _ 

self = <class 'stack2.Stack'>, v = True

>   ???
E   AttributeError: type object 'Stack' has no attribute 'stack'

stack2:18: AttributeError
   - [#   5] CDI stack2: 
--------------------------------------------------------------------------------
  15:     def push(self, v):
  16:         '''Push v onto the stack. O(1) performance.'''
  17:         self.stack.append(v)
  18:     
- 19:     def pop(self):
- 20:         '''Remove topmost element and return it. O(1) performance.'''
- 21:         if self.isEmpty():
- 22:             raise Exception('Stack is empty.')
- 23:         return self.stack.pop()
- 24:     
+ 19:     @classmethod
+ 20:     def pop(self):
+ 21:         '''Remove topmost element and return it. O(1) performance.'''
+ 22:         if self.isEmpty():
+ 23:             raise Exception('Stack is empty.')
+ 24:         return self.stack.pop()
  25:     def __repr__(self):
  26:         '''show representation.'''
  27:         return 'stack:' + str(self.stack)
--------------------------------------------------------------------------------
[0.06685 s] incompetent

TypeError: stack2:22: TypeError: Stack.isEmpty() missing 1 required positional argument: 'self'

   - [#   6] CDI stack2: 
--------------------------------------------------------------------------------
  21:         if self.isEmpty():
  22:             raise Exception('Stack is empty.')
  23:         return self.stack.pop()
  24:     
- 25:     def __repr__(self):
- 26:         '''show representation.'''
- 27:         return 'stack:' + str(self.stack)
+ 25:     @classmethod
+ 26:     def __repr__(self):
+ 27:         '''show representation.'''
+ 28:         return 'stack:' + str(self.stack)
--------------------------------------------------------------------------------
[0.06938 s] killed by MIO-WHOLE_SUITE/test_stack2_MIO.py::test_case_3

def test_case_3():
        stack_0 = module_0.Stack()
>       var_0 = stack_0.__repr__()

MIO-WHOLE_SUITE/test_stack2_MIO.py:28: 
_ _ _ _ _ _ _ _ _ _ _ _ _ _ _ _ _ _ _ _ _ _ _ _ _ _ _ _ _ _ _ _ _ _ _ _ _ _ _ _ 

self = <class 'stack2.Stack'>

>   ???
E   AttributeError: type object 'Stack' has no attribute 'stack'

stack2:28: AttributeError
   - [#   7] COI stack2: 
--------------------------------------------------------------------------------
  17:         self.stack.append(v)
  18:     
  19:     def pop(self):
  20:         '''Remove topmost element and return it. O(1) performance.'''
- 21:         if self.isEmpty():
+ 21:         if not (self.isEmpty()):
  22:             raise Exception('Stack is empty.')
  23:         return self.stack.pop()
  24:     
  25:     def __repr__(self):
--------------------------------------------------------------------------------
[0.06915 s] killed by MIO-WHOLE_SUITE/test_stack2_MIO.py::test_case_1

def test_case_1():
        stack_0 = module_0.Stack()
        var_0 = stack_0.push(stack_0)
        var_1 = stack_0.push(var_0)
>       var_2 = stack_0.pop()

MIO-WHOLE_SUITE/test_stack2_MIO.py:17: 
_ _ _ _ _ _ _ _ _ _ _ _ _ _ _ _ _ _ _ _ _ _ _ _ _ _ _ _ _ _ _ _ _ _ _ _ _ _ _ _ 

self = stack:[stack:[...], None]

>   ???
E   Exception: Stack is empty.

stack2:22: Exception
   - [#   8] CRP stack2: 
--------------------------------------------------------------------------------
   9:         self.stack = []
  10:     
  11:     def isEmpty(self):
  12:         '''Determines whether stack is empty. O(1) performance'''
- 13:         return len(self.stack) == 0
+ 13:         return len(self.stack) == 1
  14:     
  15:     def push(self, v):
  16:         '''Push v onto the stack. O(1) performance.'''
  17:         self.stack.append(v)
--------------------------------------------------------------------------------
[0.07314 s] killed by MIO-WHOLE_SUITE/test_stack2_MIO.py::test_case_2

def test_case_2():
        stack_0 = module_0.Stack()
        var_0 = stack_0.push(stack_0)
        var_1 = stack_0.isEmpty()
>       assert var_1 is False
E       AssertionError

MIO-WHOLE_SUITE/test_stack2_MIO.py:24: AssertionError
   - [#   9] CRP stack2: 
--------------------------------------------------------------------------------
  18:     
  19:     def pop(self):
  20:         '''Remove topmost element and return it. O(1) performance.'''
  21:         if self.isEmpty():
- 22:             raise Exception('Stack is empty.')
+ 22:             raise Exception('mutpy')
  23:         return self.stack.pop()
  24:     
  25:     def __repr__(self):
  26:         '''show representation.'''
--------------------------------------------------------------------------------
[0.05079 s] survived
   - [#  10] CRP stack2: 
--------------------------------------------------------------------------------
  18:     
  19:     def pop(self):
  20:         '''Remove topmost element and return it. O(1) performance.'''
  21:         if self.isEmpty():
- 22:             raise Exception('Stack is empty.')
+ 22:             raise Exception('')
  23:         return self.stack.pop()
  24:     
  25:     def __repr__(self):
  26:         '''show representation.'''
--------------------------------------------------------------------------------
[0.04937 s] survived
   - [#  11] CRP stack2: 
--------------------------------------------------------------------------------
  23:         return self.stack.pop()
  24:     
  25:     def __repr__(self):
  26:         '''show representation.'''
- 27:         return 'stack:' + str(self.stack)
+ 27:         return 'mutpy' + str(self.stack)
--------------------------------------------------------------------------------
[0.06799 s] killed by MIO-WHOLE_SUITE/test_stack2_MIO.py::test_case_3

def test_case_3():
        stack_0 = module_0.Stack()
        var_0 = stack_0.__repr__()
>       assert var_0 == 'stack:[]'
E       AssertionError

MIO-WHOLE_SUITE/test_stack2_MIO.py:29: AssertionError
   - [#  12] CRP stack2: 
--------------------------------------------------------------------------------
  23:         return self.stack.pop()
  24:     
  25:     def __repr__(self):
  26:         '''show representation.'''
- 27:         return 'stack:' + str(self.stack)
+ 27:         return '' + str(self.stack)
--------------------------------------------------------------------------------
[0.06880 s] killed by MIO-WHOLE_SUITE/test_stack2_MIO.py::test_case_3

def test_case_3():
        stack_0 = module_0.Stack()
        var_0 = stack_0.__repr__()
>       assert var_0 == 'stack:[]'
E       AssertionError

MIO-WHOLE_SUITE/test_stack2_MIO.py:29: AssertionError
   - [#  13] ROR stack2: 
--------------------------------------------------------------------------------
   9:         self.stack = []
  10:     
  11:     def isEmpty(self):
  12:         '''Determines whether stack is empty. O(1) performance'''
- 13:         return len(self.stack) == 0
+ 13:         return len(self.stack) != 0
  14:     
  15:     def push(self, v):
  16:         '''Push v onto the stack. O(1) performance.'''
  17:         self.stack.append(v)
--------------------------------------------------------------------------------
[0.06874 s] killed by MIO-WHOLE_SUITE/test_stack2_MIO.py::test_case_1

def test_case_1():
        stack_0 = module_0.Stack()
        var_0 = stack_0.push(stack_0)
        var_1 = stack_0.push(var_0)
>       var_2 = stack_0.pop()

MIO-WHOLE_SUITE/test_stack2_MIO.py:17: 
_ _ _ _ _ _ _ _ _ _ _ _ _ _ _ _ _ _ _ _ _ _ _ _ _ _ _ _ _ _ _ _ _ _ _ _ _ _ _ _ 

self = stack:[stack:[...], None]

>   ???
E   Exception: Stack is empty.

stack2:22: Exception
   - [#  14] SDI stack2: 
--------------------------------------------------------------------------------
   3: 
   4:     Author: George Heineman
   5: '''
   6: class Stack:
-  7:     def __init__(self):
-  8:         '''Demonstrate using list as storage for a Stack.'''
-  9:         self.stack = []
- 10:     
+  7:     @staticmethod
+  8:     def __init__(self):
+  9:         '''Demonstrate using list as storage for a Stack.'''
+ 10:         self.stack = []
  11:     def isEmpty(self):
  12:         '''Determines whether stack is empty. O(1) performance'''
  13:         return len(self.stack) == 0
  14:     
--------------------------------------------------------------------------------
[0.06793 s] incompetent

TypeError: /home/auri/temp/lucca/python_experiments/stack2/MIO-WHOLE_SUITE/test_stack2_MIO.py:7: TypeError: Stack.__init__() missing 1 required positional argument: 'self'

   - [#  15] SDI stack2: 
--------------------------------------------------------------------------------
   7:     def __init__(self):
   8:         '''Demonstrate using list as storage for a Stack.'''
   9:         self.stack = []
  10:     
- 11:     def isEmpty(self):
- 12:         '''Determines whether stack is empty. O(1) performance'''
- 13:         return len(self.stack) == 0
- 14:     
+ 11:     @staticmethod
+ 12:     def isEmpty(self):
+ 13:         '''Determines whether stack is empty. O(1) performance'''
+ 14:         return len(self.stack) == 0
  15:     def push(self, v):
  16:         '''Push v onto the stack. O(1) performance.'''
  17:         self.stack.append(v)
  18:     
--------------------------------------------------------------------------------
[0.06820 s] incompetent

TypeError: stack2:21: TypeError: Stack.isEmpty() missing 1 required positional argument: 'self'

   - [#  16] SDI stack2: 
--------------------------------------------------------------------------------
  11:     def isEmpty(self):
  12:         '''Determines whether stack is empty. O(1) performance'''
  13:         return len(self.stack) == 0
  14:     
- 15:     def push(self, v):
- 16:         '''Push v onto the stack. O(1) performance.'''
- 17:         self.stack.append(v)
- 18:     
+ 15:     @staticmethod
+ 16:     def push(self, v):
+ 17:         '''Push v onto the stack. O(1) performance.'''
+ 18:         self.stack.append(v)
  19:     def pop(self):
  20:         '''Remove topmost element and return it. O(1) performance.'''
  21:         if self.isEmpty():
  22:             raise Exception('Stack is empty.')
--------------------------------------------------------------------------------
[0.06806 s] incompetent

TypeError: /home/auri/temp/lucca/python_experiments/stack2/MIO-WHOLE_SUITE/test_stack2_MIO.py:8: TypeError: Stack.push() missing 1 required positional argument: 'v'

   - [#  17] SDI stack2: 
--------------------------------------------------------------------------------
  15:     def push(self, v):
  16:         '''Push v onto the stack. O(1) performance.'''
  17:         self.stack.append(v)
  18:     
- 19:     def pop(self):
- 20:         '''Remove topmost element and return it. O(1) performance.'''
- 21:         if self.isEmpty():
- 22:             raise Exception('Stack is empty.')
- 23:         return self.stack.pop()
- 24:     
+ 19:     @staticmethod
+ 20:     def pop(self):
+ 21:         '''Remove topmost element and return it. O(1) performance.'''
+ 22:         if self.isEmpty():
+ 23:             raise Exception('Stack is empty.')
+ 24:         return self.stack.pop()
  25:     def __repr__(self):
  26:         '''show representation.'''
  27:         return 'stack:' + str(self.stack)
--------------------------------------------------------------------------------
[0.06662 s] incompetent

TypeError: /home/auri/temp/lucca/python_experiments/stack2/MIO-WHOLE_SUITE/test_stack2_MIO.py:17: TypeError: Stack.pop() missing 1 required positional argument: 'self'

   - [#  18] SDI stack2: 
--------------------------------------------------------------------------------
  21:         if self.isEmpty():
  22:             raise Exception('Stack is empty.')
  23:         return self.stack.pop()
  24:     
- 25:     def __repr__(self):
- 26:         '''show representation.'''
- 27:         return 'stack:' + str(self.stack)
+ 25:     @staticmethod
+ 26:     def __repr__(self):
+ 27:         '''show representation.'''
+ 28:         return 'stack:' + str(self.stack)
--------------------------------------------------------------------------------
[0.06931 s] incompetent

TypeError: /home/auri/temp/lucca/python_experiments/stack2/MIO-WHOLE_SUITE/test_stack2_MIO.py:28: TypeError: Stack.__repr__() missing 1 required positional argument: 'self'

   - [#  19] SDL stack2: 
--------------------------------------------------------------------------------
   5: '''
   6: class Stack:
   7:     def __init__(self):
   8:         '''Demonstrate using list as storage for a Stack.'''
-  9:         self.stack = []
+  9:         pass
  10:     
  11:     def isEmpty(self):
  12:         '''Determines whether stack is empty. O(1) performance'''
  13:         return len(self.stack) == 0
--------------------------------------------------------------------------------
[0.06933 s] killed by MIO-WHOLE_SUITE/test_stack2_MIO.py::test_case_0

def test_case_0():
        bool_0 = True
        stack_0 = module_0.Stack()
>       var_0 = stack_0.push(bool_0)

MIO-WHOLE_SUITE/test_stack2_MIO.py:8: 
_ _ _ _ _ _ _ _ _ _ _ _ _ _ _ _ _ _ _ _ _ _ _ _ _ _ _ _ _ _ _ _ _ _ _ _ _ _ _ _ 

self = <[AttributeError("'Stack' object has no attribute 'stack'") raised in repr()] Stack object at 0x7f70d70c4460>
v = True

>   ???
E   AttributeError: 'Stack' object has no attribute 'stack'

stack2:17: AttributeError
   - [#  20] SDL stack2: 
--------------------------------------------------------------------------------
   9:         self.stack = []
  10:     
  11:     def isEmpty(self):
  12:         '''Determines whether stack is empty. O(1) performance'''
- 13:         return len(self.stack) == 0
+ 13:         pass
  14:     
  15:     def push(self, v):
  16:         '''Push v onto the stack. O(1) performance.'''
  17:         self.stack.append(v)
--------------------------------------------------------------------------------
[0.06802 s] killed by MIO-WHOLE_SUITE/test_stack2_MIO.py::test_case_2

def test_case_2():
        stack_0 = module_0.Stack()
        var_0 = stack_0.push(stack_0)
        var_1 = stack_0.isEmpty()
>       assert var_1 is False
E       AssertionError

MIO-WHOLE_SUITE/test_stack2_MIO.py:24: AssertionError
   - [#  21] SDL stack2: 
--------------------------------------------------------------------------------
  13:         return len(self.stack) == 0
  14:     
  15:     def push(self, v):
  16:         '''Push v onto the stack. O(1) performance.'''
- 17:         self.stack.append(v)
+ 17:         pass
  18:     
  19:     def pop(self):
  20:         '''Remove topmost element and return it. O(1) performance.'''
  21:         if self.isEmpty():
--------------------------------------------------------------------------------
[0.06727 s] killed by MIO-WHOLE_SUITE/test_stack2_MIO.py::test_case_1

def test_case_1():
        stack_0 = module_0.Stack()
        var_0 = stack_0.push(stack_0)
        var_1 = stack_0.push(var_0)
>       var_2 = stack_0.pop()

MIO-WHOLE_SUITE/test_stack2_MIO.py:17: 
_ _ _ _ _ _ _ _ _ _ _ _ _ _ _ _ _ _ _ _ _ _ _ _ _ _ _ _ _ _ _ _ _ _ _ _ _ _ _ _ 

self = stack:[]

>   ???
E   Exception: Stack is empty.

stack2:22: Exception
   - [#  22] SDL stack2: 
--------------------------------------------------------------------------------
  19:     def pop(self):
  20:         '''Remove topmost element and return it. O(1) performance.'''
  21:         if self.isEmpty():
  22:             raise Exception('Stack is empty.')
- 23:         return self.stack.pop()
+ 23:         pass
  24:     
  25:     def __repr__(self):
  26:         '''show representation.'''
  27:         return 'stack:' + str(self.stack)
--------------------------------------------------------------------------------
[0.07141 s] killed by MIO-WHOLE_SUITE/test_stack2_MIO.py::test_case_1

def test_case_1():
        stack_0 = module_0.Stack()
        var_0 = stack_0.push(stack_0)
        var_1 = stack_0.push(var_0)
        var_2 = stack_0.pop()
>       assert len(stack_0.stack) == 1
E       AssertionError

MIO-WHOLE_SUITE/test_stack2_MIO.py:18: AssertionError
   - [#  23] SDL stack2: 
--------------------------------------------------------------------------------
  23:         return self.stack.pop()
  24:     
  25:     def __repr__(self):
  26:         '''show representation.'''
- 27:         return 'stack:' + str(self.stack)
+ 27:         pass
--------------------------------------------------------------------------------
[0.07053 s] killed by MIO-WHOLE_SUITE/test_stack2_MIO.py::test_case_3

def test_case_3():
        stack_0 = module_0.Stack()
        var_0 = stack_0.__repr__()
>       assert var_0 == 'stack:[]'
E       AssertionError

MIO-WHOLE_SUITE/test_stack2_MIO.py:29: AssertionError
   - [#  24] SVD stack2: 
--------------------------------------------------------------------------------
   5: '''
   6: class Stack:
   7:     def __init__(self):
   8:         '''Demonstrate using list as storage for a Stack.'''
-  9:         self.stack = []
+  9:         stack = []
  10:     
  11:     def isEmpty(self):
  12:         '''Determines whether stack is empty. O(1) performance'''
  13:         return len(self.stack) == 0
--------------------------------------------------------------------------------
[0.00000 s] incompetent

ValueError: expression must have Store context but has Load instead

   - [#  25] SVD stack2: 
--------------------------------------------------------------------------------
   9:         self.stack = []
  10:     
  11:     def isEmpty(self):
  12:         '''Determines whether stack is empty. O(1) performance'''
- 13:         return len(self.stack) == 0
+ 13:         return len(stack) == 0
  14:     
  15:     def push(self, v):
  16:         '''Push v onto the stack. O(1) performance.'''
  17:         self.stack.append(v)
--------------------------------------------------------------------------------
[0.06724 s] killed by MIO-WHOLE_SUITE/test_stack2_MIO.py::test_case_1

def test_case_1():
        stack_0 = module_0.Stack()
        var_0 = stack_0.push(stack_0)
        var_1 = stack_0.push(var_0)
>       var_2 = stack_0.pop()

MIO-WHOLE_SUITE/test_stack2_MIO.py:17: 
_ _ _ _ _ _ _ _ _ _ _ _ _ _ _ _ _ _ _ _ _ _ _ _ _ _ _ _ _ _ _ _ _ _ _ _ _ _ _ _ 
stack2:21: in pop
    ???
_ _ _ _ _ _ _ _ _ _ _ _ _ _ _ _ _ _ _ _ _ _ _ _ _ _ _ _ _ _ _ _ _ _ _ _ _ _ _ _ 

self = stack:[stack:[...], None]

>   ???
E   NameError: name 'stack' is not defined

stack2:13: NameError
   - [#  26] SVD stack2: 
--------------------------------------------------------------------------------
  13:         return len(self.stack) == 0
  14:     
  15:     def push(self, v):
  16:         '''Push v onto the stack. O(1) performance.'''
- 17:         self.stack.append(v)
+ 17:         stack.append(v)
  18:     
  19:     def pop(self):
  20:         '''Remove topmost element and return it. O(1) performance.'''
  21:         if self.isEmpty():
--------------------------------------------------------------------------------
[0.06687 s] killed by MIO-WHOLE_SUITE/test_stack2_MIO.py::test_case_0

def test_case_0():
        bool_0 = True
        stack_0 = module_0.Stack()
>       var_0 = stack_0.push(bool_0)

MIO-WHOLE_SUITE/test_stack2_MIO.py:8: 
_ _ _ _ _ _ _ _ _ _ _ _ _ _ _ _ _ _ _ _ _ _ _ _ _ _ _ _ _ _ _ _ _ _ _ _ _ _ _ _ 

self = stack:[], v = True

>   ???
E   NameError: name 'stack' is not defined

stack2:17: NameError
   - [#  27] SVD stack2: 
--------------------------------------------------------------------------------
  17:         self.stack.append(v)
  18:     
  19:     def pop(self):
  20:         '''Remove topmost element and return it. O(1) performance.'''
- 21:         if self.isEmpty():
+ 21:         if isEmpty():
  22:             raise Exception('Stack is empty.')
  23:         return self.stack.pop()
  24:     
  25:     def __repr__(self):
--------------------------------------------------------------------------------
[0.06526 s] killed by MIO-WHOLE_SUITE/test_stack2_MIO.py::test_case_1

def test_case_1():
        stack_0 = module_0.Stack()
        var_0 = stack_0.push(stack_0)
        var_1 = stack_0.push(var_0)
>       var_2 = stack_0.pop()

MIO-WHOLE_SUITE/test_stack2_MIO.py:17: 
_ _ _ _ _ _ _ _ _ _ _ _ _ _ _ _ _ _ _ _ _ _ _ _ _ _ _ _ _ _ _ _ _ _ _ _ _ _ _ _ 

self = stack:[stack:[...], None]

>   ???
E   NameError: name 'isEmpty' is not defined

stack2:21: NameError
   - [#  28] SVD stack2: 
--------------------------------------------------------------------------------
  19:     def pop(self):
  20:         '''Remove topmost element and return it. O(1) performance.'''
  21:         if self.isEmpty():
  22:             raise Exception('Stack is empty.')
- 23:         return self.stack.pop()
+ 23:         return stack.pop()
  24:     
  25:     def __repr__(self):
  26:         '''show representation.'''
  27:         return 'stack:' + str(self.stack)
--------------------------------------------------------------------------------
[0.06536 s] killed by MIO-WHOLE_SUITE/test_stack2_MIO.py::test_case_1

def test_case_1():
        stack_0 = module_0.Stack()
        var_0 = stack_0.push(stack_0)
        var_1 = stack_0.push(var_0)
>       var_2 = stack_0.pop()

MIO-WHOLE_SUITE/test_stack2_MIO.py:17: 
_ _ _ _ _ _ _ _ _ _ _ _ _ _ _ _ _ _ _ _ _ _ _ _ _ _ _ _ _ _ _ _ _ _ _ _ _ _ _ _ 

self = stack:[stack:[...], None]

>   ???
E   NameError: name 'stack' is not defined

stack2:23: NameError
   - [#  29] SVD stack2: 
--------------------------------------------------------------------------------
  23:         return self.stack.pop()
  24:     
  25:     def __repr__(self):
  26:         '''show representation.'''
- 27:         return 'stack:' + str(self.stack)
+ 27:         return 'stack:' + str(stack)
--------------------------------------------------------------------------------
[0.06908 s] killed by MIO-WHOLE_SUITE/test_stack2_MIO.py::test_case_3

def test_case_3():
        stack_0 = module_0.Stack()
>       var_0 = stack_0.__repr__()

MIO-WHOLE_SUITE/test_stack2_MIO.py:28: 
_ _ _ _ _ _ _ _ _ _ _ _ _ _ _ _ _ _ _ _ _ _ _ _ _ _ _ _ _ _ _ _ _ _ _ _ _ _ _ _ 

self = <[NameError("name 'stack' is not defined") raised in repr()] Stack object at 0x7f70d70c76a0>

>   ???
E   NameError: name 'stack' is not defined

stack2:27: NameError
[*] Mutation score [2.30057 s]: 85.7%
   - all: 29
   - killed: 18 (62.1%)
   - survived: 3 (10.3%)
   - incompetent: 8 (27.6%)
   - timeout: 0 (0.0%)
