[34m[*][0m Start mutation process:
[36m   -[0m targets: queue5.py
[36m   -[0m tests: ./MIO
[34m[*][0m 6 tests passed:
[36m   -[0m test_queue5_MIO [0.26614 s]
[34m[*][0m Start mutants generation and execution:
[36m   -[0m [#   1] CDI queue5: 
--------------------------------------------------------------------------------
   1: class Node(object):
   2:     
[34m-  3:     def __init__(self, data):[0m
[34m-  4:         self.data = data[0m
[34m-  5:         self.next = None[0m
[34m-  6: [0m
[32m+  3:     @classmethod[0m
[32m+  4:     def __init__(self, data):[0m
[32m+  5:         self.data = data[0m
[32m+  6:         self.next = None[0m
   7: 
   8: class Queue(object):
   9:     
  10:     def __init__(self):
--------------------------------------------------------------------------------
[0.14407 s] [31msurvived[0m
[36m   -[0m [#   2] CDI queue5: 
--------------------------------------------------------------------------------
   6: 
   7: 
   8: class Queue(object):
   9:     
[34m- 10:     def __init__(self):[0m
[34m- 11:         self.head = None[0m
[34m- 12:         self.tail = None[0m
[34m- 13:     [0m
[32m+ 10:     @classmethod[0m
[32m+ 11:     def __init__(self):[0m
[32m+ 12:         self.head = None[0m
[32m+ 13:         self.tail = None[0m
  14:     def enqueue(self, data):
  15:         node = Node(data)
  16:         
  17:         if (self.head is None and self.tail is None):
--------------------------------------------------------------------------------
[0.14064 s] [31msurvived[0m
[36m   -[0m [#   3] CDI queue5: 
--------------------------------------------------------------------------------
  10:     def __init__(self):
  11:         self.head = None
  12:         self.tail = None
  13:     
[34m- 14:     def enqueue(self, data):[0m
[34m- 15:         node = Node(data)[0m
[34m- 16:         [0m
[34m- 17:         if (self.head is None and self.tail is None):[0m
[34m- 18:             self.head = node[0m
[34m- 19:             self.tail = node[0m
[34m- 20:         else:[0m
[34m- 21:             self.tail.next = node[0m
[34m- 22:             self.tail = node[0m
[34m- 23:     [0m
[32m+ 14:     @classmethod[0m
[32m+ 15:     def enqueue(self, data):[0m
[32m+ 16:         node = Node(data)[0m
[32m+ 17:         [0m
[32m+ 18:         if (self.head is None and self.tail is None):[0m
[32m+ 19:             self.head = node[0m
[32m+ 20:             self.tail = node[0m
[32m+ 21:         else:[0m
[32m+ 22:             self.tail.next = node[0m
[32m+ 23:             self.tail = node[0m
  24:     def dequeue(self):
  25:         
  26:         if (self.head is None and self.tail is None):
  27:             return None
--------------------------------------------------------------------------------
[0.16698 s] [32mkilled[0m by MIO/test_queue5_MIO.py::test_case_0

def test_case_0():
        queue_0 = module_0.Queue()
>       var_0 = queue_0.enqueue(queue_0)

MIO/test_queue5_MIO.py:6: 
_ _ _ _ _ _ _ _ _ _ _ _ _ _ _ _ _ _ _ _ _ _ _ _ _ _ _ _ _ _ _ _ _ _ _ _ _ _ _ _ 

self = <class 'queue5.Queue'>, data = <queue5.Queue object at 0x7f1276ccf670>

>   ???
E   AttributeError: type object 'Queue' has no attribute 'head'

queue5:18: AttributeError
[36m   -[0m [#   4] CDI queue5: 
--------------------------------------------------------------------------------
  20:         else:
  21:             self.tail.next = node
  22:             self.tail = node
  23:     
[34m- 24:     def dequeue(self):[0m
[34m- 25:         [0m
[34m- 26:         if (self.head is None and self.tail is None):[0m
[34m- 27:             return None[0m
[34m- 28:         data = self.head.data[0m
[34m- 29:         [0m
[34m- 30:         if self.head == self.tail:[0m
[34m- 31:             self.head = None[0m
[34m- 32:             self.tail = None[0m
[34m- 33:         else:[0m
[34m- 34:             self.head = self.head.next[0m
[34m- 35:         return data[0m
[32m+ 24:     @classmethod[0m
[32m+ 25:     def dequeue(self):[0m
[32m+ 26:         [0m
[32m+ 27:         if (self.head is None and self.tail is None):[0m
[32m+ 28:             return None[0m
[32m+ 29:         data = self.head.data[0m
[32m+ 30:         [0m
[32m+ 31:         if self.head == self.tail:[0m
[32m+ 32:             self.head = None[0m
[32m+ 33:             self.tail = None[0m
[32m+ 34:         else:[0m
[32m+ 35:             self.head = self.head.next[0m
[32m+ 36:         return data[0m
--------------------------------------------------------------------------------
[0.16942 s] [32mkilled[0m by MIO/test_queue5_MIO.py::test_case_2

def test_case_2():
        queue_0 = module_0.Queue()
>       var_0 = queue_0.dequeue()

MIO/test_queue5_MIO.py:19: 
_ _ _ _ _ _ _ _ _ _ _ _ _ _ _ _ _ _ _ _ _ _ _ _ _ _ _ _ _ _ _ _ _ _ _ _ _ _ _ _ 

self = <class 'queue5.Queue'>

>   ???
E   AttributeError: type object 'Queue' has no attribute 'head'

queue5:27: AttributeError
[36m   -[0m [#   5] COI queue5: 
--------------------------------------------------------------------------------
  13:     
  14:     def enqueue(self, data):
  15:         node = Node(data)
  16:         
[34m- 17:         if (self.head is None and self.tail is None):[0m
[32m+ 17:         if not ((self.head is None and self.tail is None)):[0m
  18:             self.head = node
  19:             self.tail = node
  20:         else:
  21:             self.tail.next = node
--------------------------------------------------------------------------------
[0.16328 s] [32mkilled[0m by MIO/test_queue5_MIO.py::test_case_0

def test_case_0():
        queue_0 = module_0.Queue()
>       var_0 = queue_0.enqueue(queue_0)

MIO/test_queue5_MIO.py:6: 
_ _ _ _ _ _ _ _ _ _ _ _ _ _ _ _ _ _ _ _ _ _ _ _ _ _ _ _ _ _ _ _ _ _ _ _ _ _ _ _ 

self = <queue5.Queue object at 0x7f1276b8d2a0>
data = <queue5.Queue object at 0x7f1276b8d2a0>

>   ???
E   AttributeError: 'NoneType' object has no attribute 'next'

queue5:21: AttributeError
[36m   -[0m [#   6] COI queue5: 
--------------------------------------------------------------------------------
  22:             self.tail = node
  23:     
  24:     def dequeue(self):
  25:         
[34m- 26:         if (self.head is None and self.tail is None):[0m
[32m+ 26:         if not ((self.head is None and self.tail is None)):[0m
  27:             return None
  28:         data = self.head.data
  29:         
  30:         if self.head == self.tail:
--------------------------------------------------------------------------------
[0.16956 s] [32mkilled[0m by MIO/test_queue5_MIO.py::test_case_2

def test_case_2():
        queue_0 = module_0.Queue()
>       var_0 = queue_0.dequeue()

MIO/test_queue5_MIO.py:19: 
_ _ _ _ _ _ _ _ _ _ _ _ _ _ _ _ _ _ _ _ _ _ _ _ _ _ _ _ _ _ _ _ _ _ _ _ _ _ _ _ 

self = <queue5.Queue object at 0x7f1276ca70a0>

>   ???
E   AttributeError: 'NoneType' object has no attribute 'data'

queue5:28: AttributeError
[36m   -[0m [#   7] COI queue5: 
--------------------------------------------------------------------------------
  26:         if (self.head is None and self.tail is None):
  27:             return None
  28:         data = self.head.data
  29:         
[34m- 30:         if self.head == self.tail:[0m
[32m+ 30:         if not (self.head == self.tail):[0m
  31:             self.head = None
  32:             self.tail = None
  33:         else:
  34:             self.head = self.head.next
--------------------------------------------------------------------------------
[0.15710 s] [32mkilled[0m by MIO/test_queue5_MIO.py::test_case_3

def test_case_3():
        queue_0 = module_0.Queue()
        var_0 = queue_0.enqueue(queue_0)
        assert f'{type(queue_0.head).__module__}.{type(queue_0.head).__qualname__}' == 'queue5.Node'
        assert f'{type(queue_0.tail).__module__}.{type(queue_0.tail).__qualname__}' == 'queue5.Node'
        var_1 = queue_0.dequeue()
        assert queue_0.head is None
>       assert queue_0.tail is None
E       AssertionError

MIO/test_queue5_MIO.py:28: AssertionError
[36m   -[0m [#   8] LCR queue5: 
--------------------------------------------------------------------------------
  13:     
  14:     def enqueue(self, data):
  15:         node = Node(data)
  16:         
[34m- 17:         if (self.head is None and self.tail is None):[0m
[32m+ 17:         if (self.head is None or self.tail is None):[0m
  18:             self.head = node
  19:             self.tail = node
  20:         else:
  21:             self.tail.next = node
--------------------------------------------------------------------------------
[0.12481 s] [31msurvived[0m
[36m   -[0m [#   9] LCR queue5: 
--------------------------------------------------------------------------------
  22:             self.tail = node
  23:     
  24:     def dequeue(self):
  25:         
[34m- 26:         if (self.head is None and self.tail is None):[0m
[32m+ 26:         if (self.head is None or self.tail is None):[0m
  27:             return None
  28:         data = self.head.data
  29:         
  30:         if self.head == self.tail:
--------------------------------------------------------------------------------
[0.12510 s] [31msurvived[0m
[36m   -[0m [#  10] ROR queue5: 
--------------------------------------------------------------------------------
  26:         if (self.head is None and self.tail is None):
  27:             return None
  28:         data = self.head.data
  29:         
[34m- 30:         if self.head == self.tail:[0m
[32m+ 30:         if self.head != self.tail:[0m
  31:             self.head = None
  32:             self.tail = None
  33:         else:
  34:             self.head = self.head.next
--------------------------------------------------------------------------------
[0.17512 s] [32mkilled[0m by MIO/test_queue5_MIO.py::test_case_3

def test_case_3():
        queue_0 = module_0.Queue()
        var_0 = queue_0.enqueue(queue_0)
        assert f'{type(queue_0.head).__module__}.{type(queue_0.head).__qualname__}' == 'queue5.Node'
        assert f'{type(queue_0.tail).__module__}.{type(queue_0.tail).__qualname__}' == 'queue5.Node'
        var_1 = queue_0.dequeue()
        assert queue_0.head is None
>       assert queue_0.tail is None
E       AssertionError

MIO/test_queue5_MIO.py:28: AssertionError
[36m   -[0m [#  11] SDI queue5: 
--------------------------------------------------------------------------------
   1: class Node(object):
   2:     
[34m-  3:     def __init__(self, data):[0m
[34m-  4:         self.data = data[0m
[34m-  5:         self.next = None[0m
[34m-  6: [0m
[32m+  3:     @staticmethod[0m
[32m+  4:     def __init__(self, data):[0m
[32m+  5:         self.data = data[0m
[32m+  6:         self.next = None[0m
   7: 
   8: class Queue(object):
   9:     
  10:     def __init__(self):
--------------------------------------------------------------------------------
[0.17023 s] [36mincompetent[0m

TypeError: queue5:15: TypeError: Node.__init__() missing 1 required positional argument: 'data'

[36m   -[0m [#  12] SDI queue5: 
--------------------------------------------------------------------------------
   6: 
   7: 
   8: class Queue(object):
   9:     
[34m- 10:     def __init__(self):[0m
[34m- 11:         self.head = None[0m
[34m- 12:         self.tail = None[0m
[34m- 13:     [0m
[32m+ 10:     @staticmethod[0m
[32m+ 11:     def __init__(self):[0m
[32m+ 12:         self.head = None[0m
[32m+ 13:         self.tail = None[0m
  14:     def enqueue(self, data):
  15:         node = Node(data)
  16:         
  17:         if (self.head is None and self.tail is None):
--------------------------------------------------------------------------------
[0.15131 s] [36mincompetent[0m

TypeError: /home/lucca/desktop/ic/experimento/testes/python_experiments/queue5/MIO/test_queue5_MIO.py:5: TypeError: Queue.__init__() missing 1 required positional argument: 'self'

[36m   -[0m [#  13] SDI queue5: 
--------------------------------------------------------------------------------
  10:     def __init__(self):
  11:         self.head = None
  12:         self.tail = None
  13:     
[34m- 14:     def enqueue(self, data):[0m
[34m- 15:         node = Node(data)[0m
[34m- 16:         [0m
[34m- 17:         if (self.head is None and self.tail is None):[0m
[34m- 18:             self.head = node[0m
[34m- 19:             self.tail = node[0m
[34m- 20:         else:[0m
[34m- 21:             self.tail.next = node[0m
[34m- 22:             self.tail = node[0m
[34m- 23:     [0m
[32m+ 14:     @staticmethod[0m
[32m+ 15:     def enqueue(self, data):[0m
[32m+ 16:         node = Node(data)[0m
[32m+ 17:         [0m
[32m+ 18:         if (self.head is None and self.tail is None):[0m
[32m+ 19:             self.head = node[0m
[32m+ 20:             self.tail = node[0m
[32m+ 21:         else:[0m
[32m+ 22:             self.tail.next = node[0m
[32m+ 23:             self.tail = node[0m
  24:     def dequeue(self):
  25:         
  26:         if (self.head is None and self.tail is None):
  27:             return None
--------------------------------------------------------------------------------
[0.17095 s] [36mincompetent[0m

TypeError: /home/lucca/desktop/ic/experimento/testes/python_experiments/queue5/MIO/test_queue5_MIO.py:6: TypeError: Queue.enqueue() missing 1 required positional argument: 'data'

[36m   -[0m [#  14] SDI queue5: 
--------------------------------------------------------------------------------
  20:         else:
  21:             self.tail.next = node
  22:             self.tail = node
  23:     
[34m- 24:     def dequeue(self):[0m
[34m- 25:         [0m
[34m- 26:         if (self.head is None and self.tail is None):[0m
[34m- 27:             return None[0m
[34m- 28:         data = self.head.data[0m
[34m- 29:         [0m
[34m- 30:         if self.head == self.tail:[0m
[34m- 31:             self.head = None[0m
[34m- 32:             self.tail = None[0m
[34m- 33:         else:[0m
[34m- 34:             self.head = self.head.next[0m
[34m- 35:         return data[0m
[32m+ 24:     @staticmethod[0m
[32m+ 25:     def dequeue(self):[0m
[32m+ 26:         [0m
[32m+ 27:         if (self.head is None and self.tail is None):[0m
[32m+ 28:             return None[0m
[32m+ 29:         data = self.head.data[0m
[32m+ 30:         [0m
[32m+ 31:         if self.head == self.tail:[0m
[32m+ 32:             self.head = None[0m
[32m+ 33:             self.tail = None[0m
[32m+ 34:         else:[0m
[32m+ 35:             self.head = self.head.next[0m
[32m+ 36:         return data[0m
--------------------------------------------------------------------------------
[0.17649 s] [36mincompetent[0m

TypeError: /home/lucca/desktop/ic/experimento/testes/python_experiments/queue5/MIO/test_queue5_MIO.py:19: TypeError: Queue.dequeue() missing 1 required positional argument: 'self'

[36m   -[0m [#  15] SDL queue5: 
--------------------------------------------------------------------------------
   1: class Node(object):
   2:     
   3:     def __init__(self, data):
[34m-  4:         self.data = data[0m
[32m+  4:         pass[0m
   5:         self.next = None
   6: 
   7: 
   8: class Queue(object):
--------------------------------------------------------------------------------
[0.16833 s] [32mkilled[0m by MIO/test_queue5_MIO.py::test_case_3

def test_case_3():
        queue_0 = module_0.Queue()
        var_0 = queue_0.enqueue(queue_0)
        assert f'{type(queue_0.head).__module__}.{type(queue_0.head).__qualname__}' == 'queue5.Node'
        assert f'{type(queue_0.tail).__module__}.{type(queue_0.tail).__qualname__}' == 'queue5.Node'
>       var_1 = queue_0.dequeue()

MIO/test_queue5_MIO.py:26: 
_ _ _ _ _ _ _ _ _ _ _ _ _ _ _ _ _ _ _ _ _ _ _ _ _ _ _ _ _ _ _ _ _ _ _ _ _ _ _ _ 

self = <queue5.Queue object at 0x7f1276cd3310>

>   ???
E   AttributeError: 'Node' object has no attribute 'data'

queue5:28: AttributeError
[36m   -[0m [#  16] SDL queue5: 
--------------------------------------------------------------------------------
   1: class Node(object):
   2:     
   3:     def __init__(self, data):
   4:         self.data = data
[34m-  5:         self.next = None[0m
[32m+  5:         pass[0m
   6: 
   7: 
   8: class Queue(object):
   9:     
--------------------------------------------------------------------------------
[0.14520 s] [31msurvived[0m
[36m   -[0m [#  17] SDL queue5: 
--------------------------------------------------------------------------------
   7: 
   8: class Queue(object):
   9:     
  10:     def __init__(self):
[34m- 11:         self.head = None[0m
[32m+ 11:         pass[0m
  12:         self.tail = None
  13:     
  14:     def enqueue(self, data):
  15:         node = Node(data)
--------------------------------------------------------------------------------
[0.15349 s] [32mkilled[0m by MIO/test_queue5_MIO.py::test_case_0

def test_case_0():
        queue_0 = module_0.Queue()
>       var_0 = queue_0.enqueue(queue_0)

MIO/test_queue5_MIO.py:6: 
_ _ _ _ _ _ _ _ _ _ _ _ _ _ _ _ _ _ _ _ _ _ _ _ _ _ _ _ _ _ _ _ _ _ _ _ _ _ _ _ 

self = <queue5.Queue object at 0x7f1276bd0460>
data = <queue5.Queue object at 0x7f1276bd0460>

>   ???
E   AttributeError: 'Queue' object has no attribute 'head'

queue5:17: AttributeError
[36m   -[0m [#  18] SDL queue5: 
--------------------------------------------------------------------------------
   8: class Queue(object):
   9:     
  10:     def __init__(self):
  11:         self.head = None
[34m- 12:         self.tail = None[0m
[32m+ 12:         pass[0m
  13:     
  14:     def enqueue(self, data):
  15:         node = Node(data)
  16:         
--------------------------------------------------------------------------------
[0.16502 s] [32mkilled[0m by MIO/test_queue5_MIO.py::test_case_0

def test_case_0():
        queue_0 = module_0.Queue()
>       var_0 = queue_0.enqueue(queue_0)

MIO/test_queue5_MIO.py:6: 
_ _ _ _ _ _ _ _ _ _ _ _ _ _ _ _ _ _ _ _ _ _ _ _ _ _ _ _ _ _ _ _ _ _ _ _ _ _ _ _ 

self = <queue5.Queue object at 0x7f1276cd13c0>
data = <queue5.Queue object at 0x7f1276cd13c0>

>   ???
E   AttributeError: 'Queue' object has no attribute 'tail'

queue5:17: AttributeError
[36m   -[0m [#  19] SDL queue5: 
--------------------------------------------------------------------------------
  11:         self.head = None
  12:         self.tail = None
  13:     
  14:     def enqueue(self, data):
[34m- 15:         node = Node(data)[0m
[32m+ 15:         pass[0m
  16:         
  17:         if (self.head is None and self.tail is None):
  18:             self.head = node
  19:             self.tail = node
--------------------------------------------------------------------------------
[0.16746 s] [32mkilled[0m by MIO/test_queue5_MIO.py::test_case_0

def test_case_0():
        queue_0 = module_0.Queue()
>       var_0 = queue_0.enqueue(queue_0)

MIO/test_queue5_MIO.py:6: 
_ _ _ _ _ _ _ _ _ _ _ _ _ _ _ _ _ _ _ _ _ _ _ _ _ _ _ _ _ _ _ _ _ _ _ _ _ _ _ _ 

self = <queue5.Queue object at 0x7f1276bd0c10>
data = <queue5.Queue object at 0x7f1276bd0c10>

>   ???
E   NameError: name 'node' is not defined

queue5:18: NameError
[36m   -[0m [#  20] SDL queue5: 
--------------------------------------------------------------------------------
  14:     def enqueue(self, data):
  15:         node = Node(data)
  16:         
  17:         if (self.head is None and self.tail is None):
[34m- 18:             self.head = node[0m
[32m+ 18:             pass[0m
  19:             self.tail = node
  20:         else:
  21:             self.tail.next = node
  22:             self.tail = node
--------------------------------------------------------------------------------
[0.16269 s] [32mkilled[0m by MIO/test_queue5_MIO.py::test_case_0

def test_case_0():
        queue_0 = module_0.Queue()
        var_0 = queue_0.enqueue(queue_0)
>       assert f'{type(queue_0.head).__module__}.{type(queue_0.head).__qualname__}' == 'queue5.Node'
E       AssertionError

MIO/test_queue5_MIO.py:7: AssertionError
[36m   -[0m [#  21] SDL queue5: 
--------------------------------------------------------------------------------
  15:         node = Node(data)
  16:         
  17:         if (self.head is None and self.tail is None):
  18:             self.head = node
[34m- 19:             self.tail = node[0m
[32m+ 19:             pass[0m
  20:         else:
  21:             self.tail.next = node
  22:             self.tail = node
  23:     
--------------------------------------------------------------------------------
[0.16875 s] [32mkilled[0m by MIO/test_queue5_MIO.py::test_case_0

def test_case_0():
        queue_0 = module_0.Queue()
        var_0 = queue_0.enqueue(queue_0)
        assert f'{type(queue_0.head).__module__}.{type(queue_0.head).__qualname__}' == 'queue5.Node'
>       assert f'{type(queue_0.tail).__module__}.{type(queue_0.tail).__qualname__}' == 'queue5.Node'
E       AssertionError

MIO/test_queue5_MIO.py:8: AssertionError
[36m   -[0m [#  22] SDL queue5: 
--------------------------------------------------------------------------------
  17:         if (self.head is None and self.tail is None):
  18:             self.head = node
  19:             self.tail = node
  20:         else:
[34m- 21:             self.tail.next = node[0m
[32m+ 21:             pass[0m
  22:             self.tail = node
  23:     
  24:     def dequeue(self):
  25:         
--------------------------------------------------------------------------------
[0.17033 s] [32mkilled[0m by MIO/test_queue5_MIO.py::test_case_4

def test_case_4():
        queue_0 = module_0.Queue()
        var_0 = queue_0.enqueue(queue_0)
        assert f'{type(queue_0.head).__module__}.{type(queue_0.head).__qualname__}' == 'queue5.Node'
        assert f'{type(queue_0.tail).__module__}.{type(queue_0.tail).__qualname__}' == 'queue5.Node'
        var_1 = queue_0.enqueue(queue_0)
        var_2 = queue_0.dequeue()
        assert f'{type(var_2).__module__}.{type(var_2).__qualname__}' == 'queue5.Queue'
>       assert f'{type(var_2.head).__module__}.{type(var_2.head).__qualname__}' == 'queue5.Node'
E       AssertionError

MIO/test_queue5_MIO.py:41: AssertionError
[36m   -[0m [#  23] SDL queue5: 
--------------------------------------------------------------------------------
  18:             self.head = node
  19:             self.tail = node
  20:         else:
  21:             self.tail.next = node
[34m- 22:             self.tail = node[0m
[32m+ 22:             pass[0m
  23:     
  24:     def dequeue(self):
  25:         
  26:         if (self.head is None and self.tail is None):
--------------------------------------------------------------------------------
[0.17514 s] [32mkilled[0m by MIO/test_queue5_MIO.py::test_case_4

def test_case_4():
        queue_0 = module_0.Queue()
        var_0 = queue_0.enqueue(queue_0)
        assert f'{type(queue_0.head).__module__}.{type(queue_0.head).__qualname__}' == 'queue5.Node'
        assert f'{type(queue_0.tail).__module__}.{type(queue_0.tail).__qualname__}' == 'queue5.Node'
        var_1 = queue_0.enqueue(queue_0)
        var_2 = queue_0.dequeue()
        assert f'{type(var_2).__module__}.{type(var_2).__qualname__}' == 'queue5.Queue'
>       assert f'{type(var_2.head).__module__}.{type(var_2.head).__qualname__}' == 'queue5.Node'
E       AssertionError

MIO/test_queue5_MIO.py:41: AssertionError
[36m   -[0m [#  24] SDL queue5: 
--------------------------------------------------------------------------------
  23:     
  24:     def dequeue(self):
  25:         
  26:         if (self.head is None and self.tail is None):
[34m- 27:             return None[0m
[32m+ 27:             pass[0m
  28:         data = self.head.data
  29:         
  30:         if self.head == self.tail:
  31:             self.head = None
--------------------------------------------------------------------------------
[0.16426 s] [32mkilled[0m by MIO/test_queue5_MIO.py::test_case_2

def test_case_2():
        queue_0 = module_0.Queue()
>       var_0 = queue_0.dequeue()

MIO/test_queue5_MIO.py:19: 
_ _ _ _ _ _ _ _ _ _ _ _ _ _ _ _ _ _ _ _ _ _ _ _ _ _ _ _ _ _ _ _ _ _ _ _ _ _ _ _ 

self = <queue5.Queue object at 0x7f1276a38a30>

>   ???
E   AttributeError: 'NoneType' object has no attribute 'data'

queue5:28: AttributeError
[36m   -[0m [#  25] SDL queue5: 
--------------------------------------------------------------------------------
  24:     def dequeue(self):
  25:         
  26:         if (self.head is None and self.tail is None):
  27:             return None
[34m- 28:         data = self.head.data[0m
[32m+ 28:         pass[0m
  29:         
  30:         if self.head == self.tail:
  31:             self.head = None
  32:             self.tail = None
--------------------------------------------------------------------------------
[0.16355 s] [32mkilled[0m by MIO/test_queue5_MIO.py::test_case_3

def test_case_3():
        queue_0 = module_0.Queue()
        var_0 = queue_0.enqueue(queue_0)
        assert f'{type(queue_0.head).__module__}.{type(queue_0.head).__qualname__}' == 'queue5.Node'
        assert f'{type(queue_0.tail).__module__}.{type(queue_0.tail).__qualname__}' == 'queue5.Node'
>       var_1 = queue_0.dequeue()

MIO/test_queue5_MIO.py:26: 
_ _ _ _ _ _ _ _ _ _ _ _ _ _ _ _ _ _ _ _ _ _ _ _ _ _ _ _ _ _ _ _ _ _ _ _ _ _ _ _ 

self = <queue5.Queue object at 0x7f1276a39e70>

>   ???
E   NameError: name 'data' is not defined

queue5:35: NameError
[36m   -[0m [#  26] SDL queue5: 
--------------------------------------------------------------------------------
  27:             return None
  28:         data = self.head.data
  29:         
  30:         if self.head == self.tail:
[34m- 31:             self.head = None[0m
[32m+ 31:             pass[0m
  32:             self.tail = None
  33:         else:
  34:             self.head = self.head.next
  35:         return data
--------------------------------------------------------------------------------
[0.15824 s] [32mkilled[0m by MIO/test_queue5_MIO.py::test_case_3

def test_case_3():
        queue_0 = module_0.Queue()
        var_0 = queue_0.enqueue(queue_0)
        assert f'{type(queue_0.head).__module__}.{type(queue_0.head).__qualname__}' == 'queue5.Node'
        assert f'{type(queue_0.tail).__module__}.{type(queue_0.tail).__qualname__}' == 'queue5.Node'
        var_1 = queue_0.dequeue()
>       assert queue_0.head is None
E       AssertionError

MIO/test_queue5_MIO.py:27: AssertionError
[36m   -[0m [#  27] SDL queue5: 
--------------------------------------------------------------------------------
  28:         data = self.head.data
  29:         
  30:         if self.head == self.tail:
  31:             self.head = None
[34m- 32:             self.tail = None[0m
[32m+ 32:             pass[0m
  33:         else:
  34:             self.head = self.head.next
  35:         return data
--------------------------------------------------------------------------------
[0.16607 s] [32mkilled[0m by MIO/test_queue5_MIO.py::test_case_3

def test_case_3():
        queue_0 = module_0.Queue()
        var_0 = queue_0.enqueue(queue_0)
        assert f'{type(queue_0.head).__module__}.{type(queue_0.head).__qualname__}' == 'queue5.Node'
        assert f'{type(queue_0.tail).__module__}.{type(queue_0.tail).__qualname__}' == 'queue5.Node'
        var_1 = queue_0.dequeue()
        assert queue_0.head is None
>       assert queue_0.tail is None
E       AssertionError

MIO/test_queue5_MIO.py:28: AssertionError
[36m   -[0m [#  28] SDL queue5: 
--------------------------------------------------------------------------------
  30:         if self.head == self.tail:
  31:             self.head = None
  32:             self.tail = None
  33:         else:
[34m- 34:             self.head = self.head.next[0m
[32m+ 34:             pass[0m
  35:         return data
--------------------------------------------------------------------------------
[0.13892 s] [31msurvived[0m
[36m   -[0m [#  29] SDL queue5: 
--------------------------------------------------------------------------------
  31:             self.head = None
  32:             self.tail = None
  33:         else:
  34:             self.head = self.head.next
[34m- 35:         return data[0m
[32m+ 35:         pass[0m
--------------------------------------------------------------------------------
[0.20491 s] [32mkilled[0m by MIO/test_queue5_MIO.py::test_case_3

def test_case_3():
        queue_0 = module_0.Queue()
        var_0 = queue_0.enqueue(queue_0)
        assert f'{type(queue_0.head).__module__}.{type(queue_0.head).__qualname__}' == 'queue5.Node'
        assert f'{type(queue_0.tail).__module__}.{type(queue_0.tail).__qualname__}' == 'queue5.Node'
        var_1 = queue_0.dequeue()
        assert queue_0.head is None
        assert queue_0.tail is None
>       assert f'{type(var_1).__module__}.{type(var_1).__qualname__}' == 'queue5.Queue'
E       AssertionError

MIO/test_queue5_MIO.py:29: AssertionError
[36m   -[0m [#  30] SVD queue5: 
--------------------------------------------------------------------------------
   1: class Node(object):
   2:     
   3:     def __init__(self, data):
[34m-  4:         self.data = data[0m
[32m+  4:         data = data[0m
   5:         self.next = None
   6: 
   7: 
   8: class Queue(object):
--------------------------------------------------------------------------------
[0.00000 s] [36mincompetent[0m

ValueError: expression must have Store context but has Load instead

[36m   -[0m [#  31] SVD queue5: 
--------------------------------------------------------------------------------
   1: class Node(object):
   2:     
   3:     def __init__(self, data):
   4:         self.data = data
[34m-  5:         self.next = None[0m
[32m+  5:         next = None[0m
   6: 
   7: 
   8: class Queue(object):
   9:     
--------------------------------------------------------------------------------
[0.00000 s] [36mincompetent[0m

ValueError: expression must have Store context but has Load instead

[36m   -[0m [#  32] SVD queue5: 
--------------------------------------------------------------------------------
   7: 
   8: class Queue(object):
   9:     
  10:     def __init__(self):
[34m- 11:         self.head = None[0m
[32m+ 11:         head = None[0m
  12:         self.tail = None
  13:     
  14:     def enqueue(self, data):
  15:         node = Node(data)
--------------------------------------------------------------------------------
[0.00000 s] [36mincompetent[0m

ValueError: expression must have Store context but has Load instead

[36m   -[0m [#  33] SVD queue5: 
--------------------------------------------------------------------------------
   8: class Queue(object):
   9:     
  10:     def __init__(self):
  11:         self.head = None
[34m- 12:         self.tail = None[0m
[32m+ 12:         tail = None[0m
  13:     
  14:     def enqueue(self, data):
  15:         node = Node(data)
  16:         
--------------------------------------------------------------------------------
[0.00000 s] [36mincompetent[0m

ValueError: expression must have Store context but has Load instead

[36m   -[0m [#  34] SVD queue5: 
--------------------------------------------------------------------------------
  13:     
  14:     def enqueue(self, data):
  15:         node = Node(data)
  16:         
[34m- 17:         if (self.head is None and self.tail is None):[0m
[32m+ 17:         if (head is None and self.tail is None):[0m
  18:             self.head = node
  19:             self.tail = node
  20:         else:
  21:             self.tail.next = node
--------------------------------------------------------------------------------
[0.16496 s] [32mkilled[0m by MIO/test_queue5_MIO.py::test_case_0

def test_case_0():
        queue_0 = module_0.Queue()
>       var_0 = queue_0.enqueue(queue_0)

MIO/test_queue5_MIO.py:6: 
_ _ _ _ _ _ _ _ _ _ _ _ _ _ _ _ _ _ _ _ _ _ _ _ _ _ _ _ _ _ _ _ _ _ _ _ _ _ _ _ 

self = <queue5.Queue object at 0x7f1276c73640>
data = <queue5.Queue object at 0x7f1276c73640>

>   ???
E   NameError: name 'head' is not defined

queue5:17: NameError
[36m   -[0m [#  35] SVD queue5: 
--------------------------------------------------------------------------------
  13:     
  14:     def enqueue(self, data):
  15:         node = Node(data)
  16:         
[34m- 17:         if (self.head is None and self.tail is None):[0m
[32m+ 17:         if (self.head is None and tail is None):[0m
  18:             self.head = node
  19:             self.tail = node
  20:         else:
  21:             self.tail.next = node
--------------------------------------------------------------------------------
[0.15191 s] [32mkilled[0m by MIO/test_queue5_MIO.py::test_case_0

def test_case_0():
        queue_0 = module_0.Queue()
>       var_0 = queue_0.enqueue(queue_0)

MIO/test_queue5_MIO.py:6: 
_ _ _ _ _ _ _ _ _ _ _ _ _ _ _ _ _ _ _ _ _ _ _ _ _ _ _ _ _ _ _ _ _ _ _ _ _ _ _ _ 

self = <queue5.Queue object at 0x7f1276c53730>
data = <queue5.Queue object at 0x7f1276c53730>

>   ???
E   NameError: name 'tail' is not defined

queue5:17: NameError
[36m   -[0m [#  36] SVD queue5: 
--------------------------------------------------------------------------------
  14:     def enqueue(self, data):
  15:         node = Node(data)
  16:         
  17:         if (self.head is None and self.tail is None):
[34m- 18:             self.head = node[0m
[32m+ 18:             head = node[0m
  19:             self.tail = node
  20:         else:
  21:             self.tail.next = node
  22:             self.tail = node
--------------------------------------------------------------------------------
[0.00000 s] [36mincompetent[0m

ValueError: expression must have Store context but has Load instead

[36m   -[0m [#  37] SVD queue5: 
--------------------------------------------------------------------------------
  15:         node = Node(data)
  16:         
  17:         if (self.head is None and self.tail is None):
  18:             self.head = node
[34m- 19:             self.tail = node[0m
[32m+ 19:             tail = node[0m
  20:         else:
  21:             self.tail.next = node
  22:             self.tail = node
  23:     
--------------------------------------------------------------------------------
[0.00000 s] [36mincompetent[0m

ValueError: expression must have Store context but has Load instead

[36m   -[0m [#  38] SVD queue5: 
--------------------------------------------------------------------------------
  17:         if (self.head is None and self.tail is None):
  18:             self.head = node
  19:             self.tail = node
  20:         else:
[34m- 21:             self.tail.next = node[0m
[32m+ 21:             tail.next = node[0m
  22:             self.tail = node
  23:     
  24:     def dequeue(self):
  25:         
--------------------------------------------------------------------------------
[0.17039 s] [32mkilled[0m by MIO/test_queue5_MIO.py::test_case_1

def test_case_1():
        queue_0 = module_0.Queue()
        var_0 = queue_0.enqueue(queue_0)
        assert f'{type(queue_0.head).__module__}.{type(queue_0.head).__qualname__}' == 'queue5.Node'
        assert f'{type(queue_0.tail).__module__}.{type(queue_0.tail).__qualname__}' == 'queue5.Node'
>       var_1 = queue_0.enqueue(queue_0)

MIO/test_queue5_MIO.py:15: 
_ _ _ _ _ _ _ _ _ _ _ _ _ _ _ _ _ _ _ _ _ _ _ _ _ _ _ _ _ _ _ _ _ _ _ _ _ _ _ _ 

self = <queue5.Queue object at 0x7f1276c70220>
data = <queue5.Queue object at 0x7f1276c70220>

>   ???
E   NameError: name 'tail' is not defined

queue5:21: NameError
[36m   -[0m [#  39] SVD queue5: 
--------------------------------------------------------------------------------
  18:             self.head = node
  19:             self.tail = node
  20:         else:
  21:             self.tail.next = node
[34m- 22:             self.tail = node[0m
[32m+ 22:             tail = node[0m
  23:     
  24:     def dequeue(self):
  25:         
  26:         if (self.head is None and self.tail is None):
--------------------------------------------------------------------------------
[0.00000 s] [36mincompetent[0m

ValueError: expression must have Store context but has Load instead

[36m   -[0m [#  40] SVD queue5: 
--------------------------------------------------------------------------------
  22:             self.tail = node
  23:     
  24:     def dequeue(self):
  25:         
[34m- 26:         if (self.head is None and self.tail is None):[0m
[32m+ 26:         if (head is None and self.tail is None):[0m
  27:             return None
  28:         data = self.head.data
  29:         
  30:         if self.head == self.tail:
--------------------------------------------------------------------------------
[0.17682 s] [32mkilled[0m by MIO/test_queue5_MIO.py::test_case_2

def test_case_2():
        queue_0 = module_0.Queue()
>       var_0 = queue_0.dequeue()

MIO/test_queue5_MIO.py:19: 
_ _ _ _ _ _ _ _ _ _ _ _ _ _ _ _ _ _ _ _ _ _ _ _ _ _ _ _ _ _ _ _ _ _ _ _ _ _ _ _ 

self = <queue5.Queue object at 0x7f1276ccc130>

>   ???
E   NameError: name 'head' is not defined

queue5:26: NameError
[36m   -[0m [#  41] SVD queue5: 
--------------------------------------------------------------------------------
  22:             self.tail = node
  23:     
  24:     def dequeue(self):
  25:         
[34m- 26:         if (self.head is None and self.tail is None):[0m
[32m+ 26:         if (self.head is None and tail is None):[0m
  27:             return None
  28:         data = self.head.data
  29:         
  30:         if self.head == self.tail:
--------------------------------------------------------------------------------
[0.17724 s] [32mkilled[0m by MIO/test_queue5_MIO.py::test_case_2

def test_case_2():
        queue_0 = module_0.Queue()
>       var_0 = queue_0.dequeue()

MIO/test_queue5_MIO.py:19: 
_ _ _ _ _ _ _ _ _ _ _ _ _ _ _ _ _ _ _ _ _ _ _ _ _ _ _ _ _ _ _ _ _ _ _ _ _ _ _ _ 

self = <queue5.Queue object at 0x7f1276c71060>

>   ???
E   NameError: name 'tail' is not defined

queue5:26: NameError
[36m   -[0m [#  42] SVD queue5: 
--------------------------------------------------------------------------------
  24:     def dequeue(self):
  25:         
  26:         if (self.head is None and self.tail is None):
  27:             return None
[34m- 28:         data = self.head.data[0m
[32m+ 28:         data = head.data[0m
  29:         
  30:         if self.head == self.tail:
  31:             self.head = None
  32:             self.tail = None
--------------------------------------------------------------------------------
[0.15437 s] [32mkilled[0m by MIO/test_queue5_MIO.py::test_case_3

def test_case_3():
        queue_0 = module_0.Queue()
        var_0 = queue_0.enqueue(queue_0)
        assert f'{type(queue_0.head).__module__}.{type(queue_0.head).__qualname__}' == 'queue5.Node'
        assert f'{type(queue_0.tail).__module__}.{type(queue_0.tail).__qualname__}' == 'queue5.Node'
>       var_1 = queue_0.dequeue()

MIO/test_queue5_MIO.py:26: 
_ _ _ _ _ _ _ _ _ _ _ _ _ _ _ _ _ _ _ _ _ _ _ _ _ _ _ _ _ _ _ _ _ _ _ _ _ _ _ _ 

self = <queue5.Queue object at 0x7f1276bb76a0>

>   ???
E   NameError: name 'head' is not defined

queue5:28: NameError
[36m   -[0m [#  43] SVD queue5: 
--------------------------------------------------------------------------------
  26:         if (self.head is None and self.tail is None):
  27:             return None
  28:         data = self.head.data
  29:         
[34m- 30:         if self.head == self.tail:[0m
[32m+ 30:         if head == self.tail:[0m
  31:             self.head = None
  32:             self.tail = None
  33:         else:
  34:             self.head = self.head.next
--------------------------------------------------------------------------------
[0.17286 s] [32mkilled[0m by MIO/test_queue5_MIO.py::test_case_3

def test_case_3():
        queue_0 = module_0.Queue()
        var_0 = queue_0.enqueue(queue_0)
        assert f'{type(queue_0.head).__module__}.{type(queue_0.head).__qualname__}' == 'queue5.Node'
        assert f'{type(queue_0.tail).__module__}.{type(queue_0.tail).__qualname__}' == 'queue5.Node'
>       var_1 = queue_0.dequeue()

MIO/test_queue5_MIO.py:26: 
_ _ _ _ _ _ _ _ _ _ _ _ _ _ _ _ _ _ _ _ _ _ _ _ _ _ _ _ _ _ _ _ _ _ _ _ _ _ _ _ 

self = <queue5.Queue object at 0x7f1276ca7b50>

>   ???
E   NameError: name 'head' is not defined

queue5:30: NameError
[36m   -[0m [#  44] SVD queue5: 
--------------------------------------------------------------------------------
  26:         if (self.head is None and self.tail is None):
  27:             return None
  28:         data = self.head.data
  29:         
[34m- 30:         if self.head == self.tail:[0m
[32m+ 30:         if self.head == tail:[0m
  31:             self.head = None
  32:             self.tail = None
  33:         else:
  34:             self.head = self.head.next
--------------------------------------------------------------------------------
[0.17371 s] [32mkilled[0m by MIO/test_queue5_MIO.py::test_case_3

def test_case_3():
        queue_0 = module_0.Queue()
        var_0 = queue_0.enqueue(queue_0)
        assert f'{type(queue_0.head).__module__}.{type(queue_0.head).__qualname__}' == 'queue5.Node'
        assert f'{type(queue_0.tail).__module__}.{type(queue_0.tail).__qualname__}' == 'queue5.Node'
>       var_1 = queue_0.dequeue()

MIO/test_queue5_MIO.py:26: 
_ _ _ _ _ _ _ _ _ _ _ _ _ _ _ _ _ _ _ _ _ _ _ _ _ _ _ _ _ _ _ _ _ _ _ _ _ _ _ _ 

self = <queue5.Queue object at 0x7f1276ccc520>

>   ???
E   NameError: name 'tail' is not defined

queue5:30: NameError
[36m   -[0m [#  45] SVD queue5: 
--------------------------------------------------------------------------------
  27:             return None
  28:         data = self.head.data
  29:         
  30:         if self.head == self.tail:
[34m- 31:             self.head = None[0m
[32m+ 31:             head = None[0m
  32:             self.tail = None
  33:         else:
  34:             self.head = self.head.next
  35:         return data
--------------------------------------------------------------------------------
[0.00000 s] [36mincompetent[0m

ValueError: expression must have Store context but has Load instead

[36m   -[0m [#  46] SVD queue5: 
--------------------------------------------------------------------------------
  28:         data = self.head.data
  29:         
  30:         if self.head == self.tail:
  31:             self.head = None
[34m- 32:             self.tail = None[0m
[32m+ 32:             tail = None[0m
  33:         else:
  34:             self.head = self.head.next
  35:         return data
--------------------------------------------------------------------------------
[0.00000 s] [36mincompetent[0m

ValueError: expression must have Store context but has Load instead

[36m   -[0m [#  47] SVD queue5: 
--------------------------------------------------------------------------------
  30:         if self.head == self.tail:
  31:             self.head = None
  32:             self.tail = None
  33:         else:
[34m- 34:             self.head = self.head.next[0m
[32m+ 34:             head = self.head.next[0m
  35:         return data
--------------------------------------------------------------------------------
[0.00000 s] [36mincompetent[0m

ValueError: expression must have Store context but has Load instead

[36m   -[0m [#  48] SVD queue5: 
--------------------------------------------------------------------------------
  30:         if self.head == self.tail:
  31:             self.head = None
  32:             self.tail = None
  33:         else:
[34m- 34:             self.head = self.head.next[0m
[32m+ 34:             self.head = head.next[0m
  35:         return data
--------------------------------------------------------------------------------
[0.16818 s] [32mkilled[0m by MIO/test_queue5_MIO.py::test_case_4

def test_case_4():
        queue_0 = module_0.Queue()
        var_0 = queue_0.enqueue(queue_0)
        assert f'{type(queue_0.head).__module__}.{type(queue_0.head).__qualname__}' == 'queue5.Node'
        assert f'{type(queue_0.tail).__module__}.{type(queue_0.tail).__qualname__}' == 'queue5.Node'
        var_1 = queue_0.enqueue(queue_0)
>       var_2 = queue_0.dequeue()

MIO/test_queue5_MIO.py:39: 
_ _ _ _ _ _ _ _ _ _ _ _ _ _ _ _ _ _ _ _ _ _ _ _ _ _ _ _ _ _ _ _ _ _ _ _ _ _ _ _ 

self = <queue5.Queue object at 0x7f1276b5c8b0>

>   ???
E   NameError: name 'head' is not defined

queue5:34: NameError
[34m[*][0m Mutation score [8.16155 s]: [1m[34m82.4%[0m
[36m   -[0m all: 48
[36m   -[0m killed: 28 (58.3%)
[36m   -[0m survived: 6 (12.5%)
[36m   -[0m incompetent: 14 (29.2%)
[36m   -[0m timeout: 0 (0.0%)
