[34m[*][0m Start mutation process:
[36m   -[0m targets: queue1.py
[36m   -[0m tests: ./DYNAMOSA
[34m[*][0m 8 tests passed:
[36m   -[0m test_queue1_DYNAMOSA [0.26959 s]
[34m[*][0m Start mutants generation and execution:
[36m   -[0m [#   1] ASR queue1: 
--------------------------------------------------------------------------------
  28:             new_back = QueueNode(item)
  29:             self.back.next = new_back
  30:             self.back = new_back
  31:         
[34m- 32:         self.size += 1[0m
[32m+ 32:         self.size -= 1[0m
  33:     
  34:     def dequeue(self):
  35:         if self.front is None:
  36:             raise ValueError()
--------------------------------------------------------------------------------
[0.17164 s] [32mkilled[0m by DYNAMOSA/test_queue1_DYNAMOSA.py::test_case_0

def test_case_0():
        queue_0 = module_0.Queue()
        assert len(queue_0) == 0
        var_0 = queue_0.__len__()
        assert var_0 == 0
        var_1 = queue_0.enqueue(queue_0)
>       assert len(queue_0) == 1
E       ValueError: __len__() should return >= 0

DYNAMOSA/test_queue1_DYNAMOSA.py:11: ValueError
[36m   -[0m [#   2] ASR queue1: 
--------------------------------------------------------------------------------
  36:             raise ValueError()
  37:         else:
  38:             front_node = self.front
  39:             self.front = self.front.next
[34m- 40:             self.size -= 1[0m
[32m+ 40:             self.size += 1[0m
  41:             return front_node.data
  42:     
  43:     def peek(self):
  44:         if self.front is None:
--------------------------------------------------------------------------------
[0.15832 s] [32mkilled[0m by DYNAMOSA/test_queue1_DYNAMOSA.py::test_case_3

def test_case_3():
        str_0 = 'I*So4'
        queue_node_0 = module_0.QueueNode(str_0)
        dict_0 = {}
        queue_0 = module_0.Queue()
        assert len(queue_0) == 0
        var_0 = queue_0.enqueue(dict_0)
        assert len(queue_0) == 1
        var_1 = queue_0.peek()
        var_2 = queue_0.dequeue()
>       assert len(queue_0) == 0
E       AssertionError

DYNAMOSA/test_queue1_DYNAMOSA.py:36: AssertionError
[36m   -[0m [#   3] CDI queue1: 
--------------------------------------------------------------------------------
   5: '''
   6: 
   7: class Queue(object):
   8:     
[34m-  9:     def __init__(self):[0m
[34m- 10:         self.front = None[0m
[34m- 11:         self.back = None[0m
[34m- 12:         self.size = 0[0m
[34m- 13:     [0m
[32m+  9:     @classmethod[0m
[32m+ 10:     def __init__(self):[0m
[32m+ 11:         self.front = None[0m
[32m+ 12:         self.back = None[0m
[32m+ 13:         self.size = 0[0m
  14:     def __str__(self):
  15:         
  16:         pass
  17:     
--------------------------------------------------------------------------------
[0.13926 s] [31msurvived[0m
[36m   -[0m [#   4] CDI queue1: 
--------------------------------------------------------------------------------
  10:         self.front = None
  11:         self.back = None
  12:         self.size = 0
  13:     
[34m- 14:     def __str__(self):[0m
[34m- 15:         [0m
[34m- 16:         pass[0m
[34m- 17:     [0m
[32m+ 14:     @classmethod[0m
[32m+ 15:     def __str__(self):[0m
[32m+ 16:         [0m
[32m+ 17:         pass[0m
  18:     def __len__(self):
  19:         return self.size
  20:     
  21:     def enqueue(self, item):
--------------------------------------------------------------------------------
[0.12888 s] [31msurvived[0m
[36m   -[0m [#   5] CDI queue1: 
--------------------------------------------------------------------------------
  14:     def __str__(self):
  15:         
  16:         pass
  17:     
[34m- 18:     def __len__(self):[0m
[34m- 19:         return self.size[0m
[34m- 20:     [0m
[32m+ 18:     @classmethod[0m
[32m+ 19:     def __len__(self):[0m
[32m+ 20:         return self.size[0m
  21:     def enqueue(self, item):
  22:         
  23:         if self.front is None:
  24:             new_node = QueueNode(item)
--------------------------------------------------------------------------------
[0.14975 s] [32mkilled[0m by DYNAMOSA/test_queue1_DYNAMOSA.py::test_case_0

def test_case_0():
        queue_0 = module_0.Queue()
>       assert len(queue_0) == 0

DYNAMOSA/test_queue1_DYNAMOSA.py:7: 
_ _ _ _ _ _ _ _ _ _ _ _ _ _ _ _ _ _ _ _ _ _ _ _ _ _ _ _ _ _ _ _ _ _ _ _ _ _ _ _ 

self = <class 'queue1.Queue'>

>   ???
E   AttributeError: type object 'Queue' has no attribute 'size'

queue1:20: AttributeError
[36m   -[0m [#   6] CDI queue1: 
--------------------------------------------------------------------------------
  17:     
  18:     def __len__(self):
  19:         return self.size
  20:     
[34m- 21:     def enqueue(self, item):[0m
[34m- 22:         [0m
[34m- 23:         if self.front is None:[0m
[34m- 24:             new_node = QueueNode(item)[0m
[34m- 25:             self.front = new_node[0m
[34m- 26:             self.back = new_node[0m
[34m- 27:         else:[0m
[34m- 28:             new_back = QueueNode(item)[0m
[34m- 29:             self.back.next = new_back[0m
[34m- 30:             self.back = new_back[0m
[34m- 31:         [0m
[34m- 32:         self.size += 1[0m
[34m- 33:     [0m
[32m+ 21:     @classmethod[0m
[32m+ 22:     def enqueue(self, item):[0m
[32m+ 23:         [0m
[32m+ 24:         if self.front is None:[0m
[32m+ 25:             new_node = QueueNode(item)[0m
[32m+ 26:             self.front = new_node[0m
[32m+ 27:             self.back = new_node[0m
[32m+ 28:         else:[0m
[32m+ 29:             new_back = QueueNode(item)[0m
[32m+ 30:             self.back.next = new_back[0m
[32m+ 31:             self.back = new_back[0m
[32m+ 32:         [0m
[32m+ 33:         self.size += 1[0m
  34:     def dequeue(self):
  35:         if self.front is None:
  36:             raise ValueError()
  37:         else:
--------------------------------------------------------------------------------
[0.16371 s] [32mkilled[0m by DYNAMOSA/test_queue1_DYNAMOSA.py::test_case_0

def test_case_0():
        queue_0 = module_0.Queue()
        assert len(queue_0) == 0
        var_0 = queue_0.__len__()
        assert var_0 == 0
>       var_1 = queue_0.enqueue(queue_0)

DYNAMOSA/test_queue1_DYNAMOSA.py:10: 
_ _ _ _ _ _ _ _ _ _ _ _ _ _ _ _ _ _ _ _ _ _ _ _ _ _ _ _ _ _ _ _ _ _ _ _ _ _ _ _ 

self = <class 'queue1.Queue'>, item = <queue1.Queue object at 0x7f6be8113580>

>   ???
E   AttributeError: type object 'Queue' has no attribute 'front'

queue1:24: AttributeError
[36m   -[0m [#   7] CDI queue1: 
--------------------------------------------------------------------------------
  30:             self.back = new_back
  31:         
  32:         self.size += 1
  33:     
[34m- 34:     def dequeue(self):[0m
[34m- 35:         if self.front is None:[0m
[34m- 36:             raise ValueError()[0m
[34m- 37:         else:[0m
[34m- 38:             front_node = self.front[0m
[34m- 39:             self.front = self.front.next[0m
[34m- 40:             self.size -= 1[0m
[34m- 41:             return front_node.data[0m
[34m- 42:     [0m
[32m+ 34:     @classmethod[0m
[32m+ 35:     def dequeue(self):[0m
[32m+ 36:         if self.front is None:[0m
[32m+ 37:             raise ValueError()[0m
[32m+ 38:         else:[0m
[32m+ 39:             front_node = self.front[0m
[32m+ 40:             self.front = self.front.next[0m
[32m+ 41:             self.size -= 1[0m
[32m+ 42:             return front_node.data[0m
  43:     def peek(self):
  44:         if self.front is None:
  45:             return None
  46:         return self.front.data
--------------------------------------------------------------------------------
[0.17452 s] [32mkilled[0m by DYNAMOSA/test_queue1_DYNAMOSA.py::test_case_1

def test_case_1():
        queue_0 = module_0.Queue()
        assert len(queue_0) == 0
        with pytest.raises(ValueError):
>           queue_0.dequeue()

DYNAMOSA/test_queue1_DYNAMOSA.py:17: 
_ _ _ _ _ _ _ _ _ _ _ _ _ _ _ _ _ _ _ _ _ _ _ _ _ _ _ _ _ _ _ _ _ _ _ _ _ _ _ _ 

self = <class 'queue1.Queue'>

>   ???
E   AttributeError: type object 'Queue' has no attribute 'front'

queue1:36: AttributeError
[36m   -[0m [#   8] CDI queue1: 
--------------------------------------------------------------------------------
  39:             self.front = self.front.next
  40:             self.size -= 1
  41:             return front_node.data
  42:     
[34m- 43:     def peek(self):[0m
[34m- 44:         if self.front is None:[0m
[34m- 45:             return None[0m
[34m- 46:         return self.front.data[0m
[34m- 47:     [0m
[32m+ 43:     @classmethod[0m
[32m+ 44:     def peek(self):[0m
[32m+ 45:         if self.front is None:[0m
[32m+ 46:             return None[0m
[32m+ 47:         return self.front.data[0m
  48:     def clear(self):
  49:         self.size = 0
  50:         self.front = None
  51:         self.back = None
--------------------------------------------------------------------------------
[0.15655 s] [32mkilled[0m by DYNAMOSA/test_queue1_DYNAMOSA.py::test_case_2

def test_case_2():
        queue_0 = module_0.Queue()
        assert len(queue_0) == 0
>       var_0 = queue_0.peek()

DYNAMOSA/test_queue1_DYNAMOSA.py:22: 
_ _ _ _ _ _ _ _ _ _ _ _ _ _ _ _ _ _ _ _ _ _ _ _ _ _ _ _ _ _ _ _ _ _ _ _ _ _ _ _ 

self = <class 'queue1.Queue'>

>   ???
E   AttributeError: type object 'Queue' has no attribute 'front'

queue1:45: AttributeError
[36m   -[0m [#   9] CDI queue1: 
--------------------------------------------------------------------------------
  44:         if self.front is None:
  45:             return None
  46:         return self.front.data
  47:     
[34m- 48:     def clear(self):[0m
[34m- 49:         self.size = 0[0m
[34m- 50:         self.front = None[0m
[34m- 51:         self.back = None[0m
[34m- 52: [0m
[32m+ 48:     @classmethod[0m
[32m+ 49:     def clear(self):[0m
[32m+ 50:         self.size = 0[0m
[32m+ 51:         self.front = None[0m
[32m+ 52:         self.back = None[0m
  53: class QueueNode(object):
  54:     def __init__(self, item):
  55:         self.data = item
  56:         self.next = None
--------------------------------------------------------------------------------
[0.14784 s] [31msurvived[0m
[36m   -[0m [#  10] CDI queue1: 
--------------------------------------------------------------------------------
  50:         self.front = None
  51:         self.back = None
  52: 
  53: class QueueNode(object):
[34m- 54:     def __init__(self, item):[0m
[34m- 55:         self.data = item[0m
[34m- 56:         self.next = None[0m
[32m+ 54:     @classmethod[0m
[32m+ 55:     def __init__(self, item):[0m
[32m+ 56:         self.data = item[0m
[32m+ 57:         self.next = None[0m
--------------------------------------------------------------------------------
[0.15087 s] [31msurvived[0m
[36m   -[0m [#  11] COI queue1: 
--------------------------------------------------------------------------------
  19:         return self.size
  20:     
  21:     def enqueue(self, item):
  22:         
[34m- 23:         if self.front is None:[0m
[32m+ 23:         if not (self.front is None):[0m
  24:             new_node = QueueNode(item)
  25:             self.front = new_node
  26:             self.back = new_node
  27:         else:
--------------------------------------------------------------------------------
[0.15793 s] [32mkilled[0m by DYNAMOSA/test_queue1_DYNAMOSA.py::test_case_0

def test_case_0():
        queue_0 = module_0.Queue()
        assert len(queue_0) == 0
        var_0 = queue_0.__len__()
        assert var_0 == 0
>       var_1 = queue_0.enqueue(queue_0)

DYNAMOSA/test_queue1_DYNAMOSA.py:10: 
_ _ _ _ _ _ _ _ _ _ _ _ _ _ _ _ _ _ _ _ _ _ _ _ _ _ _ _ _ _ _ _ _ _ _ _ _ _ _ _ 

self = <queue1.Queue object at 0x7f6be824ba90>
item = <queue1.Queue object at 0x7f6be824ba90>

>   ???
E   AttributeError: 'NoneType' object has no attribute 'next'

queue1:29: AttributeError
[36m   -[0m [#  12] COI queue1: 
--------------------------------------------------------------------------------
  31:         
  32:         self.size += 1
  33:     
  34:     def dequeue(self):
[34m- 35:         if self.front is None:[0m
[32m+ 35:         if not (self.front is None):[0m
  36:             raise ValueError()
  37:         else:
  38:             front_node = self.front
  39:             self.front = self.front.next
--------------------------------------------------------------------------------
[0.16167 s] [32mkilled[0m by DYNAMOSA/test_queue1_DYNAMOSA.py::test_case_1

def test_case_1():
        queue_0 = module_0.Queue()
        assert len(queue_0) == 0
        with pytest.raises(ValueError):
>           queue_0.dequeue()

DYNAMOSA/test_queue1_DYNAMOSA.py:17: 
_ _ _ _ _ _ _ _ _ _ _ _ _ _ _ _ _ _ _ _ _ _ _ _ _ _ _ _ _ _ _ _ _ _ _ _ _ _ _ _ 

self = <queue1.Queue object at 0x7f6be8151240>

>   ???
E   AttributeError: 'NoneType' object has no attribute 'next'

queue1:39: AttributeError
[36m   -[0m [#  13] COI queue1: 
--------------------------------------------------------------------------------
  40:             self.size -= 1
  41:             return front_node.data
  42:     
  43:     def peek(self):
[34m- 44:         if self.front is None:[0m
[32m+ 44:         if not (self.front is None):[0m
  45:             return None
  46:         return self.front.data
  47:     
  48:     def clear(self):
--------------------------------------------------------------------------------
[0.16023 s] [32mkilled[0m by DYNAMOSA/test_queue1_DYNAMOSA.py::test_case_2

def test_case_2():
        queue_0 = module_0.Queue()
        assert len(queue_0) == 0
>       var_0 = queue_0.peek()

DYNAMOSA/test_queue1_DYNAMOSA.py:22: 
_ _ _ _ _ _ _ _ _ _ _ _ _ _ _ _ _ _ _ _ _ _ _ _ _ _ _ _ _ _ _ _ _ _ _ _ _ _ _ _ 

self = <queue1.Queue object at 0x7f6be82e5480>

>   ???
E   AttributeError: 'NoneType' object has no attribute 'data'

queue1:46: AttributeError
[36m   -[0m [#  14] CRP queue1: 
--------------------------------------------------------------------------------
   8:     
   9:     def __init__(self):
  10:         self.front = None
  11:         self.back = None
[34m- 12:         self.size = 0[0m
[32m+ 12:         self.size = 1[0m
  13:     
  14:     def __str__(self):
  15:         
  16:         pass
--------------------------------------------------------------------------------
[0.15340 s] [32mkilled[0m by DYNAMOSA/test_queue1_DYNAMOSA.py::test_case_0

def test_case_0():
        queue_0 = module_0.Queue()
>       assert len(queue_0) == 0
E       AssertionError

DYNAMOSA/test_queue1_DYNAMOSA.py:7: AssertionError
[36m   -[0m [#  15] CRP queue1: 
--------------------------------------------------------------------------------
  28:             new_back = QueueNode(item)
  29:             self.back.next = new_back
  30:             self.back = new_back
  31:         
[34m- 32:         self.size += 1[0m
[32m+ 32:         self.size += 2[0m
  33:     
  34:     def dequeue(self):
  35:         if self.front is None:
  36:             raise ValueError()
--------------------------------------------------------------------------------
[0.16990 s] [32mkilled[0m by DYNAMOSA/test_queue1_DYNAMOSA.py::test_case_0

def test_case_0():
        queue_0 = module_0.Queue()
        assert len(queue_0) == 0
        var_0 = queue_0.__len__()
        assert var_0 == 0
        var_1 = queue_0.enqueue(queue_0)
>       assert len(queue_0) == 1
E       AssertionError

DYNAMOSA/test_queue1_DYNAMOSA.py:11: AssertionError
[36m   -[0m [#  16] CRP queue1: 
--------------------------------------------------------------------------------
  36:             raise ValueError()
  37:         else:
  38:             front_node = self.front
  39:             self.front = self.front.next
[34m- 40:             self.size -= 1[0m
[32m+ 40:             self.size -= 2[0m
  41:             return front_node.data
  42:     
  43:     def peek(self):
  44:         if self.front is None:
--------------------------------------------------------------------------------
[0.16247 s] [32mkilled[0m by DYNAMOSA/test_queue1_DYNAMOSA.py::test_case_3

def test_case_3():
        str_0 = 'I*So4'
        queue_node_0 = module_0.QueueNode(str_0)
        dict_0 = {}
        queue_0 = module_0.Queue()
        assert len(queue_0) == 0
        var_0 = queue_0.enqueue(dict_0)
        assert len(queue_0) == 1
        var_1 = queue_0.peek()
        var_2 = queue_0.dequeue()
>       assert len(queue_0) == 0
E       ValueError: __len__() should return >= 0

DYNAMOSA/test_queue1_DYNAMOSA.py:36: ValueError
[36m   -[0m [#  17] CRP queue1: 
--------------------------------------------------------------------------------
  45:             return None
  46:         return self.front.data
  47:     
  48:     def clear(self):
[34m- 49:         self.size = 0[0m
[32m+ 49:         self.size = 1[0m
  50:         self.front = None
  51:         self.back = None
  52: 
  53: class QueueNode(object):
--------------------------------------------------------------------------------
[0.13331 s] [31msurvived[0m
[36m   -[0m [#  18] SDI queue1: 
--------------------------------------------------------------------------------
   5: '''
   6: 
   7: class Queue(object):
   8:     
[34m-  9:     def __init__(self):[0m
[34m- 10:         self.front = None[0m
[34m- 11:         self.back = None[0m
[34m- 12:         self.size = 0[0m
[34m- 13:     [0m
[32m+  9:     @staticmethod[0m
[32m+ 10:     def __init__(self):[0m
[32m+ 11:         self.front = None[0m
[32m+ 12:         self.back = None[0m
[32m+ 13:         self.size = 0[0m
  14:     def __str__(self):
  15:         
  16:         pass
  17:     
--------------------------------------------------------------------------------
[0.15302 s] [36mincompetent[0m

TypeError: /home/lucca/desktop/ic/experimento/testes/python_experiments/queue1/DYNAMOSA/test_queue1_DYNAMOSA.py:6: TypeError: Queue.__init__() missing 1 required positional argument: 'self'

[36m   -[0m [#  19] SDI queue1: 
--------------------------------------------------------------------------------
  10:         self.front = None
  11:         self.back = None
  12:         self.size = 0
  13:     
[34m- 14:     def __str__(self):[0m
[34m- 15:         [0m
[34m- 16:         pass[0m
[34m- 17:     [0m
[32m+ 14:     @staticmethod[0m
[32m+ 15:     def __str__(self):[0m
[32m+ 16:         [0m
[32m+ 17:         pass[0m
  18:     def __len__(self):
  19:         return self.size
  20:     
  21:     def enqueue(self, item):
--------------------------------------------------------------------------------
[0.17910 s] [36mincompetent[0m

TypeError: /home/lucca/desktop/ic/experimento/testes/python_experiments/queue1/DYNAMOSA/test_queue1_DYNAMOSA.py:42: TypeError: Queue.__str__() missing 1 required positional argument: 'self'

[36m   -[0m [#  20] SDI queue1: 
--------------------------------------------------------------------------------
  14:     def __str__(self):
  15:         
  16:         pass
  17:     
[34m- 18:     def __len__(self):[0m
[34m- 19:         return self.size[0m
[34m- 20:     [0m
[32m+ 18:     @staticmethod[0m
[32m+ 19:     def __len__(self):[0m
[32m+ 20:         return self.size[0m
  21:     def enqueue(self, item):
  22:         
  23:         if self.front is None:
  24:             new_node = QueueNode(item)
--------------------------------------------------------------------------------
[0.16987 s] [36mincompetent[0m

TypeError: /home/lucca/desktop/ic/experimento/testes/python_experiments/queue1/DYNAMOSA/test_queue1_DYNAMOSA.py:7: TypeError: Queue.__len__() missing 1 required positional argument: 'self'

[36m   -[0m [#  21] SDI queue1: 
--------------------------------------------------------------------------------
  17:     
  18:     def __len__(self):
  19:         return self.size
  20:     
[34m- 21:     def enqueue(self, item):[0m
[34m- 22:         [0m
[34m- 23:         if self.front is None:[0m
[34m- 24:             new_node = QueueNode(item)[0m
[34m- 25:             self.front = new_node[0m
[34m- 26:             self.back = new_node[0m
[34m- 27:         else:[0m
[34m- 28:             new_back = QueueNode(item)[0m
[34m- 29:             self.back.next = new_back[0m
[34m- 30:             self.back = new_back[0m
[34m- 31:         [0m
[34m- 32:         self.size += 1[0m
[34m- 33:     [0m
[32m+ 21:     @staticmethod[0m
[32m+ 22:     def enqueue(self, item):[0m
[32m+ 23:         [0m
[32m+ 24:         if self.front is None:[0m
[32m+ 25:             new_node = QueueNode(item)[0m
[32m+ 26:             self.front = new_node[0m
[32m+ 27:             self.back = new_node[0m
[32m+ 28:         else:[0m
[32m+ 29:             new_back = QueueNode(item)[0m
[32m+ 30:             self.back.next = new_back[0m
[32m+ 31:             self.back = new_back[0m
[32m+ 32:         [0m
[32m+ 33:         self.size += 1[0m
  34:     def dequeue(self):
  35:         if self.front is None:
  36:             raise ValueError()
  37:         else:
--------------------------------------------------------------------------------
[0.16966 s] [36mincompetent[0m

TypeError: /home/lucca/desktop/ic/experimento/testes/python_experiments/queue1/DYNAMOSA/test_queue1_DYNAMOSA.py:10: TypeError: Queue.enqueue() missing 1 required positional argument: 'item'

[36m   -[0m [#  22] SDI queue1: 
--------------------------------------------------------------------------------
  30:             self.back = new_back
  31:         
  32:         self.size += 1
  33:     
[34m- 34:     def dequeue(self):[0m
[34m- 35:         if self.front is None:[0m
[34m- 36:             raise ValueError()[0m
[34m- 37:         else:[0m
[34m- 38:             front_node = self.front[0m
[34m- 39:             self.front = self.front.next[0m
[34m- 40:             self.size -= 1[0m
[34m- 41:             return front_node.data[0m
[34m- 42:     [0m
[32m+ 34:     @staticmethod[0m
[32m+ 35:     def dequeue(self):[0m
[32m+ 36:         if self.front is None:[0m
[32m+ 37:             raise ValueError()[0m
[32m+ 38:         else:[0m
[32m+ 39:             front_node = self.front[0m
[32m+ 40:             self.front = self.front.next[0m
[32m+ 41:             self.size -= 1[0m
[32m+ 42:             return front_node.data[0m
  43:     def peek(self):
  44:         if self.front is None:
  45:             return None
  46:         return self.front.data
--------------------------------------------------------------------------------
[0.20082 s] [36mincompetent[0m

TypeError: /home/lucca/desktop/ic/experimento/testes/python_experiments/queue1/DYNAMOSA/test_queue1_DYNAMOSA.py:17: TypeError: Queue.dequeue() missing 1 required positional argument: 'self'

[36m   -[0m [#  23] SDI queue1: 
--------------------------------------------------------------------------------
  39:             self.front = self.front.next
  40:             self.size -= 1
  41:             return front_node.data
  42:     
[34m- 43:     def peek(self):[0m
[34m- 44:         if self.front is None:[0m
[34m- 45:             return None[0m
[34m- 46:         return self.front.data[0m
[34m- 47:     [0m
[32m+ 43:     @staticmethod[0m
[32m+ 44:     def peek(self):[0m
[32m+ 45:         if self.front is None:[0m
[32m+ 46:             return None[0m
[32m+ 47:         return self.front.data[0m
  48:     def clear(self):
  49:         self.size = 0
  50:         self.front = None
  51:         self.back = None
--------------------------------------------------------------------------------
[0.21254 s] [36mincompetent[0m

TypeError: /home/lucca/desktop/ic/experimento/testes/python_experiments/queue1/DYNAMOSA/test_queue1_DYNAMOSA.py:22: TypeError: Queue.peek() missing 1 required positional argument: 'self'

[36m   -[0m [#  24] SDI queue1: 
--------------------------------------------------------------------------------
  44:         if self.front is None:
  45:             return None
  46:         return self.front.data
  47:     
[34m- 48:     def clear(self):[0m
[34m- 49:         self.size = 0[0m
[34m- 50:         self.front = None[0m
[34m- 51:         self.back = None[0m
[34m- 52: [0m
[32m+ 48:     @staticmethod[0m
[32m+ 49:     def clear(self):[0m
[32m+ 50:         self.size = 0[0m
[32m+ 51:         self.front = None[0m
[32m+ 52:         self.back = None[0m
  53: class QueueNode(object):
  54:     def __init__(self, item):
  55:         self.data = item
  56:         self.next = None
--------------------------------------------------------------------------------
[0.20817 s] [36mincompetent[0m

TypeError: /home/lucca/desktop/ic/experimento/testes/python_experiments/queue1/DYNAMOSA/test_queue1_DYNAMOSA.py:48: TypeError: Queue.clear() missing 1 required positional argument: 'self'

[36m   -[0m [#  25] SDI queue1: 
--------------------------------------------------------------------------------
  50:         self.front = None
  51:         self.back = None
  52: 
  53: class QueueNode(object):
[34m- 54:     def __init__(self, item):[0m
[34m- 55:         self.data = item[0m
[34m- 56:         self.next = None[0m
[32m+ 54:     @staticmethod[0m
[32m+ 55:     def __init__(self, item):[0m
[32m+ 56:         self.data = item[0m
[32m+ 57:         self.next = None[0m
--------------------------------------------------------------------------------
[0.17155 s] [36mincompetent[0m

TypeError: queue1:24: TypeError: QueueNode.__init__() missing 1 required positional argument: 'item'

[36m   -[0m [#  26] SDL queue1: 
--------------------------------------------------------------------------------
   6: 
   7: class Queue(object):
   8:     
   9:     def __init__(self):
[34m- 10:         self.front = None[0m
[32m+ 10:         pass[0m
  11:         self.back = None
  12:         self.size = 0
  13:     
  14:     def __str__(self):
--------------------------------------------------------------------------------
[0.17241 s] [32mkilled[0m by DYNAMOSA/test_queue1_DYNAMOSA.py::test_case_0

def test_case_0():
        queue_0 = module_0.Queue()
        assert len(queue_0) == 0
        var_0 = queue_0.__len__()
        assert var_0 == 0
>       var_1 = queue_0.enqueue(queue_0)

DYNAMOSA/test_queue1_DYNAMOSA.py:10: 
_ _ _ _ _ _ _ _ _ _ _ _ _ _ _ _ _ _ _ _ _ _ _ _ _ _ _ _ _ _ _ _ _ _ _ _ _ _ _ _ 

self = <queue1.Queue object at 0x7f6be80b5870>
item = <queue1.Queue object at 0x7f6be80b5870>

>   ???
E   AttributeError: 'Queue' object has no attribute 'front'

queue1:23: AttributeError
[36m   -[0m [#  27] SDL queue1: 
--------------------------------------------------------------------------------
   7: class Queue(object):
   8:     
   9:     def __init__(self):
  10:         self.front = None
[34m- 11:         self.back = None[0m
[32m+ 11:         pass[0m
  12:         self.size = 0
  13:     
  14:     def __str__(self):
  15:         
--------------------------------------------------------------------------------
[0.14809 s] [31msurvived[0m
[36m   -[0m [#  28] SDL queue1: 
--------------------------------------------------------------------------------
   8:     
   9:     def __init__(self):
  10:         self.front = None
  11:         self.back = None
[34m- 12:         self.size = 0[0m
[32m+ 12:         pass[0m
  13:     
  14:     def __str__(self):
  15:         
  16:         pass
--------------------------------------------------------------------------------
[0.17152 s] [32mkilled[0m by DYNAMOSA/test_queue1_DYNAMOSA.py::test_case_0

def test_case_0():
        queue_0 = module_0.Queue()
>       assert len(queue_0) == 0

DYNAMOSA/test_queue1_DYNAMOSA.py:7: 
_ _ _ _ _ _ _ _ _ _ _ _ _ _ _ _ _ _ _ _ _ _ _ _ _ _ _ _ _ _ _ _ _ _ _ _ _ _ _ _ 

self = <queue1.Queue object at 0x7f6be81caaa0>

>   ???
E   AttributeError: 'Queue' object has no attribute 'size'

queue1:19: AttributeError
[36m   -[0m [#  29] SDL queue1: 
--------------------------------------------------------------------------------
  15:         
  16:         pass
  17:     
  18:     def __len__(self):
[34m- 19:         return self.size[0m
[32m+ 19:         pass[0m
  20:     
  21:     def enqueue(self, item):
  22:         
  23:         if self.front is None:
--------------------------------------------------------------------------------
[0.17091 s] [36mincompetent[0m

TypeError: /home/lucca/desktop/ic/experimento/testes/python_experiments/queue1/DYNAMOSA/test_queue1_DYNAMOSA.py:7: TypeError: 'NoneType' object cannot be interpreted as an integer

[36m   -[0m [#  30] SDL queue1: 
--------------------------------------------------------------------------------
  20:     
  21:     def enqueue(self, item):
  22:         
  23:         if self.front is None:
[34m- 24:             new_node = QueueNode(item)[0m
[32m+ 24:             pass[0m
  25:             self.front = new_node
  26:             self.back = new_node
  27:         else:
  28:             new_back = QueueNode(item)
--------------------------------------------------------------------------------
[0.16492 s] [32mkilled[0m by DYNAMOSA/test_queue1_DYNAMOSA.py::test_case_0

def test_case_0():
        queue_0 = module_0.Queue()
        assert len(queue_0) == 0
        var_0 = queue_0.__len__()
        assert var_0 == 0
>       var_1 = queue_0.enqueue(queue_0)

DYNAMOSA/test_queue1_DYNAMOSA.py:10: 
_ _ _ _ _ _ _ _ _ _ _ _ _ _ _ _ _ _ _ _ _ _ _ _ _ _ _ _ _ _ _ _ _ _ _ _ _ _ _ _ 

self = <queue1.Queue object at 0x7f6be802d540>
item = <queue1.Queue object at 0x7f6be802d540>

>   ???
E   NameError: name 'new_node' is not defined

queue1:25: NameError
[36m   -[0m [#  31] SDL queue1: 
--------------------------------------------------------------------------------
  21:     def enqueue(self, item):
  22:         
  23:         if self.front is None:
  24:             new_node = QueueNode(item)
[34m- 25:             self.front = new_node[0m
[32m+ 25:             pass[0m
  26:             self.back = new_node
  27:         else:
  28:             new_back = QueueNode(item)
  29:             self.back.next = new_back
--------------------------------------------------------------------------------
[0.17058 s] [32mkilled[0m by DYNAMOSA/test_queue1_DYNAMOSA.py::test_case_3

def test_case_3():
        str_0 = 'I*So4'
        queue_node_0 = module_0.QueueNode(str_0)
        dict_0 = {}
        queue_0 = module_0.Queue()
        assert len(queue_0) == 0
        var_0 = queue_0.enqueue(dict_0)
        assert len(queue_0) == 1
        var_1 = queue_0.peek()
>       var_2 = queue_0.dequeue()

DYNAMOSA/test_queue1_DYNAMOSA.py:35: 
_ _ _ _ _ _ _ _ _ _ _ _ _ _ _ _ _ _ _ _ _ _ _ _ _ _ _ _ _ _ _ _ _ _ _ _ _ _ _ _ 

self = <queue1.Queue object at 0x7f6be8236e30>

>   ???
E   ValueError

queue1:36: ValueError
[36m   -[0m [#  32] SDL queue1: 
--------------------------------------------------------------------------------
  22:         
  23:         if self.front is None:
  24:             new_node = QueueNode(item)
  25:             self.front = new_node
[34m- 26:             self.back = new_node[0m
[32m+ 26:             pass[0m
  27:         else:
  28:             new_back = QueueNode(item)
  29:             self.back.next = new_back
  30:             self.back = new_back
--------------------------------------------------------------------------------
[0.17721 s] [32mkilled[0m by DYNAMOSA/test_queue1_DYNAMOSA.py::test_case_7

def test_case_7():
        str_0 = '\\=BToYP3(\rYl?ol$]='
        queue_node_0 = module_0.QueueNode(str_0)
        dict_0 = {}
        queue_0 = module_0.Queue()
        assert len(queue_0) == 0
        var_0 = queue_0.enqueue(dict_0)
        assert len(queue_0) == 1
>       var_1 = queue_0.enqueue(var_0)

DYNAMOSA/test_queue1_DYNAMOSA.py:67: 
_ _ _ _ _ _ _ _ _ _ _ _ _ _ _ _ _ _ _ _ _ _ _ _ _ _ _ _ _ _ _ _ _ _ _ _ _ _ _ _ 

self = <queue1.Queue object at 0x7f6be80b6e00>, item = None

>   ???
E   AttributeError: 'NoneType' object has no attribute 'next'

queue1:29: AttributeError
[36m   -[0m [#  33] SDL queue1: 
--------------------------------------------------------------------------------
  24:             new_node = QueueNode(item)
  25:             self.front = new_node
  26:             self.back = new_node
  27:         else:
[34m- 28:             new_back = QueueNode(item)[0m
[32m+ 28:             pass[0m
  29:             self.back.next = new_back
  30:             self.back = new_back
  31:         
  32:         self.size += 1
--------------------------------------------------------------------------------
[0.18152 s] [32mkilled[0m by DYNAMOSA/test_queue1_DYNAMOSA.py::test_case_7

def test_case_7():
        str_0 = '\\=BToYP3(\rYl?ol$]='
        queue_node_0 = module_0.QueueNode(str_0)
        dict_0 = {}
        queue_0 = module_0.Queue()
        assert len(queue_0) == 0
        var_0 = queue_0.enqueue(dict_0)
        assert len(queue_0) == 1
>       var_1 = queue_0.enqueue(var_0)

DYNAMOSA/test_queue1_DYNAMOSA.py:67: 
_ _ _ _ _ _ _ _ _ _ _ _ _ _ _ _ _ _ _ _ _ _ _ _ _ _ _ _ _ _ _ _ _ _ _ _ _ _ _ _ 

self = <queue1.Queue object at 0x7f6be8236aa0>, item = None

>   ???
E   NameError: name 'new_back' is not defined

queue1:29: NameError
[36m   -[0m [#  34] SDL queue1: 
--------------------------------------------------------------------------------
  25:             self.front = new_node
  26:             self.back = new_node
  27:         else:
  28:             new_back = QueueNode(item)
[34m- 29:             self.back.next = new_back[0m
[32m+ 29:             pass[0m
  30:             self.back = new_back
  31:         
  32:         self.size += 1
  33:     
--------------------------------------------------------------------------------
[0.14639 s] [31msurvived[0m
[36m   -[0m [#  35] SDL queue1: 
--------------------------------------------------------------------------------
  26:             self.back = new_node
  27:         else:
  28:             new_back = QueueNode(item)
  29:             self.back.next = new_back
[34m- 30:             self.back = new_back[0m
[32m+ 30:             pass[0m
  31:         
  32:         self.size += 1
  33:     
  34:     def dequeue(self):
--------------------------------------------------------------------------------
[0.13205 s] [31msurvived[0m
[36m   -[0m [#  36] SDL queue1: 
--------------------------------------------------------------------------------
  34:     def dequeue(self):
  35:         if self.front is None:
  36:             raise ValueError()
  37:         else:
[34m- 38:             front_node = self.front[0m
[32m+ 38:             pass[0m
  39:             self.front = self.front.next
  40:             self.size -= 1
  41:             return front_node.data
  42:     
--------------------------------------------------------------------------------
[0.17544 s] [32mkilled[0m by DYNAMOSA/test_queue1_DYNAMOSA.py::test_case_3

def test_case_3():
        str_0 = 'I*So4'
        queue_node_0 = module_0.QueueNode(str_0)
        dict_0 = {}
        queue_0 = module_0.Queue()
        assert len(queue_0) == 0
        var_0 = queue_0.enqueue(dict_0)
        assert len(queue_0) == 1
        var_1 = queue_0.peek()
>       var_2 = queue_0.dequeue()

DYNAMOSA/test_queue1_DYNAMOSA.py:35: 
_ _ _ _ _ _ _ _ _ _ _ _ _ _ _ _ _ _ _ _ _ _ _ _ _ _ _ _ _ _ _ _ _ _ _ _ _ _ _ _ 

self = <queue1.Queue object at 0x7f6be7fb5150>

>   ???
E   NameError: name 'front_node' is not defined

queue1:41: NameError
[36m   -[0m [#  37] SDL queue1: 
--------------------------------------------------------------------------------
  35:         if self.front is None:
  36:             raise ValueError()
  37:         else:
  38:             front_node = self.front
[34m- 39:             self.front = self.front.next[0m
[32m+ 39:             pass[0m
  40:             self.size -= 1
  41:             return front_node.data
  42:     
  43:     def peek(self):
--------------------------------------------------------------------------------
[0.13081 s] [31msurvived[0m
[36m   -[0m [#  38] SDL queue1: 
--------------------------------------------------------------------------------
  37:         else:
  38:             front_node = self.front
  39:             self.front = self.front.next
  40:             self.size -= 1
[34m- 41:             return front_node.data[0m
[32m+ 41:             pass[0m
  42:     
  43:     def peek(self):
  44:         if self.front is None:
  45:             return None
--------------------------------------------------------------------------------
[0.15047 s] [31msurvived[0m
[36m   -[0m [#  39] SDL queue1: 
--------------------------------------------------------------------------------
  41:             return front_node.data
  42:     
  43:     def peek(self):
  44:         if self.front is None:
[34m- 45:             return None[0m
[32m+ 45:             pass[0m
  46:         return self.front.data
  47:     
  48:     def clear(self):
  49:         self.size = 0
--------------------------------------------------------------------------------
[0.17271 s] [32mkilled[0m by DYNAMOSA/test_queue1_DYNAMOSA.py::test_case_2

def test_case_2():
        queue_0 = module_0.Queue()
        assert len(queue_0) == 0
>       var_0 = queue_0.peek()

DYNAMOSA/test_queue1_DYNAMOSA.py:22: 
_ _ _ _ _ _ _ _ _ _ _ _ _ _ _ _ _ _ _ _ _ _ _ _ _ _ _ _ _ _ _ _ _ _ _ _ _ _ _ _ 

self = <queue1.Queue object at 0x7f6be8234790>

>   ???
E   AttributeError: 'NoneType' object has no attribute 'data'

queue1:46: AttributeError
[36m   -[0m [#  40] SDL queue1: 
--------------------------------------------------------------------------------
  42:     
  43:     def peek(self):
  44:         if self.front is None:
  45:             return None
[34m- 46:         return self.front.data[0m
[32m+ 46:         pass[0m
  47:     
  48:     def clear(self):
  49:         self.size = 0
  50:         self.front = None
--------------------------------------------------------------------------------
[0.14210 s] [31msurvived[0m
[36m   -[0m [#  41] SDL queue1: 
--------------------------------------------------------------------------------
  45:             return None
  46:         return self.front.data
  47:     
  48:     def clear(self):
[34m- 49:         self.size = 0[0m
[32m+ 49:         pass[0m
  50:         self.front = None
  51:         self.back = None
  52: 
  53: class QueueNode(object):
--------------------------------------------------------------------------------
[0.14914 s] [31msurvived[0m
[36m   -[0m [#  42] SDL queue1: 
--------------------------------------------------------------------------------
  46:         return self.front.data
  47:     
  48:     def clear(self):
  49:         self.size = 0
[34m- 50:         self.front = None[0m
[32m+ 50:         pass[0m
  51:         self.back = None
  52: 
  53: class QueueNode(object):
  54:     def __init__(self, item):
--------------------------------------------------------------------------------
[0.15006 s] [31msurvived[0m
[36m   -[0m [#  43] SDL queue1: 
--------------------------------------------------------------------------------
  47:     
  48:     def clear(self):
  49:         self.size = 0
  50:         self.front = None
[34m- 51:         self.back = None[0m
[32m+ 51:         pass[0m
  52: 
  53: class QueueNode(object):
  54:     def __init__(self, item):
  55:         self.data = item
--------------------------------------------------------------------------------
[0.13676 s] [31msurvived[0m
[36m   -[0m [#  44] SDL queue1: 
--------------------------------------------------------------------------------
  51:         self.back = None
  52: 
  53: class QueueNode(object):
  54:     def __init__(self, item):
[34m- 55:         self.data = item[0m
[32m+ 55:         pass[0m
  56:         self.next = None
--------------------------------------------------------------------------------
[0.17499 s] [32mkilled[0m by DYNAMOSA/test_queue1_DYNAMOSA.py::test_case_3

def test_case_3():
        str_0 = 'I*So4'
        queue_node_0 = module_0.QueueNode(str_0)
        dict_0 = {}
        queue_0 = module_0.Queue()
        assert len(queue_0) == 0
        var_0 = queue_0.enqueue(dict_0)
        assert len(queue_0) == 1
>       var_1 = queue_0.peek()

DYNAMOSA/test_queue1_DYNAMOSA.py:34: 
_ _ _ _ _ _ _ _ _ _ _ _ _ _ _ _ _ _ _ _ _ _ _ _ _ _ _ _ _ _ _ _ _ _ _ _ _ _ _ _ 

self = <queue1.Queue object at 0x7f6be82e7ee0>

>   ???
E   AttributeError: 'QueueNode' object has no attribute 'data'

queue1:46: AttributeError
[36m   -[0m [#  45] SDL queue1: 
--------------------------------------------------------------------------------
  52: 
  53: class QueueNode(object):
  54:     def __init__(self, item):
  55:         self.data = item
[34m- 56:         self.next = None[0m
[32m+ 56:         pass[0m
--------------------------------------------------------------------------------
[0.16501 s] [32mkilled[0m by DYNAMOSA/test_queue1_DYNAMOSA.py::test_case_3

def test_case_3():
        str_0 = 'I*So4'
        queue_node_0 = module_0.QueueNode(str_0)
        dict_0 = {}
        queue_0 = module_0.Queue()
        assert len(queue_0) == 0
        var_0 = queue_0.enqueue(dict_0)
        assert len(queue_0) == 1
        var_1 = queue_0.peek()
>       var_2 = queue_0.dequeue()

DYNAMOSA/test_queue1_DYNAMOSA.py:35: 
_ _ _ _ _ _ _ _ _ _ _ _ _ _ _ _ _ _ _ _ _ _ _ _ _ _ _ _ _ _ _ _ _ _ _ _ _ _ _ _ 

self = <queue1.Queue object at 0x7f6be8237f70>

>   ???
E   AttributeError: 'QueueNode' object has no attribute 'next'

queue1:39: AttributeError
[36m   -[0m [#  46] SVD queue1: 
--------------------------------------------------------------------------------
   6: 
   7: class Queue(object):
   8:     
   9:     def __init__(self):
[34m- 10:         self.front = None[0m
[32m+ 10:         front = None[0m
  11:         self.back = None
  12:         self.size = 0
  13:     
  14:     def __str__(self):
--------------------------------------------------------------------------------
[0.00000 s] [36mincompetent[0m

ValueError: expression must have Store context but has Load instead

[36m   -[0m [#  47] SVD queue1: 
--------------------------------------------------------------------------------
   7: class Queue(object):
   8:     
   9:     def __init__(self):
  10:         self.front = None
[34m- 11:         self.back = None[0m
[32m+ 11:         back = None[0m
  12:         self.size = 0
  13:     
  14:     def __str__(self):
  15:         
--------------------------------------------------------------------------------
[0.00000 s] [36mincompetent[0m

ValueError: expression must have Store context but has Load instead

[36m   -[0m [#  48] SVD queue1: 
--------------------------------------------------------------------------------
   8:     
   9:     def __init__(self):
  10:         self.front = None
  11:         self.back = None
[34m- 12:         self.size = 0[0m
[32m+ 12:         size = 0[0m
  13:     
  14:     def __str__(self):
  15:         
  16:         pass
--------------------------------------------------------------------------------
[0.00000 s] [36mincompetent[0m

ValueError: expression must have Store context but has Load instead

[36m   -[0m [#  49] SVD queue1: 
--------------------------------------------------------------------------------
  15:         
  16:         pass
  17:     
  18:     def __len__(self):
[34m- 19:         return self.size[0m
[32m+ 19:         return size[0m
  20:     
  21:     def enqueue(self, item):
  22:         
  23:         if self.front is None:
--------------------------------------------------------------------------------
[0.21116 s] [32mkilled[0m by DYNAMOSA/test_queue1_DYNAMOSA.py::test_case_0

def test_case_0():
        queue_0 = module_0.Queue()
>       assert len(queue_0) == 0

DYNAMOSA/test_queue1_DYNAMOSA.py:7: 
_ _ _ _ _ _ _ _ _ _ _ _ _ _ _ _ _ _ _ _ _ _ _ _ _ _ _ _ _ _ _ _ _ _ _ _ _ _ _ _ 

self = <queue1.Queue object at 0x7f6be7ffdb70>

>   ???
E   NameError: name 'size' is not defined

queue1:19: NameError
[36m   -[0m [#  50] SVD queue1: 
--------------------------------------------------------------------------------
  19:         return self.size
  20:     
  21:     def enqueue(self, item):
  22:         
[34m- 23:         if self.front is None:[0m
[32m+ 23:         if front is None:[0m
  24:             new_node = QueueNode(item)
  25:             self.front = new_node
  26:             self.back = new_node
  27:         else:
--------------------------------------------------------------------------------
[0.21472 s] [32mkilled[0m by DYNAMOSA/test_queue1_DYNAMOSA.py::test_case_0

def test_case_0():
        queue_0 = module_0.Queue()
        assert len(queue_0) == 0
        var_0 = queue_0.__len__()
        assert var_0 == 0
>       var_1 = queue_0.enqueue(queue_0)

DYNAMOSA/test_queue1_DYNAMOSA.py:10: 
_ _ _ _ _ _ _ _ _ _ _ _ _ _ _ _ _ _ _ _ _ _ _ _ _ _ _ _ _ _ _ _ _ _ _ _ _ _ _ _ 

self = <queue1.Queue object at 0x7f6be804a380>
item = <queue1.Queue object at 0x7f6be804a380>

>   ???
E   NameError: name 'front' is not defined

queue1:23: NameError
[36m   -[0m [#  51] SVD queue1: 
--------------------------------------------------------------------------------
  21:     def enqueue(self, item):
  22:         
  23:         if self.front is None:
  24:             new_node = QueueNode(item)
[34m- 25:             self.front = new_node[0m
[32m+ 25:             front = new_node[0m
  26:             self.back = new_node
  27:         else:
  28:             new_back = QueueNode(item)
  29:             self.back.next = new_back
--------------------------------------------------------------------------------
[0.00000 s] [36mincompetent[0m

ValueError: expression must have Store context but has Load instead

[36m   -[0m [#  52] SVD queue1: 
--------------------------------------------------------------------------------
  22:         
  23:         if self.front is None:
  24:             new_node = QueueNode(item)
  25:             self.front = new_node
[34m- 26:             self.back = new_node[0m
[32m+ 26:             back = new_node[0m
  27:         else:
  28:             new_back = QueueNode(item)
  29:             self.back.next = new_back
  30:             self.back = new_back
--------------------------------------------------------------------------------
[0.00000 s] [36mincompetent[0m

ValueError: expression must have Store context but has Load instead

[36m   -[0m [#  53] SVD queue1: 
--------------------------------------------------------------------------------
  25:             self.front = new_node
  26:             self.back = new_node
  27:         else:
  28:             new_back = QueueNode(item)
[34m- 29:             self.back.next = new_back[0m
[32m+ 29:             back.next = new_back[0m
  30:             self.back = new_back
  31:         
  32:         self.size += 1
  33:     
--------------------------------------------------------------------------------
[0.16258 s] [32mkilled[0m by DYNAMOSA/test_queue1_DYNAMOSA.py::test_case_7

def test_case_7():
        str_0 = '\\=BToYP3(\rYl?ol$]='
        queue_node_0 = module_0.QueueNode(str_0)
        dict_0 = {}
        queue_0 = module_0.Queue()
        assert len(queue_0) == 0
        var_0 = queue_0.enqueue(dict_0)
        assert len(queue_0) == 1
>       var_1 = queue_0.enqueue(var_0)

DYNAMOSA/test_queue1_DYNAMOSA.py:67: 
_ _ _ _ _ _ _ _ _ _ _ _ _ _ _ _ _ _ _ _ _ _ _ _ _ _ _ _ _ _ _ _ _ _ _ _ _ _ _ _ 

self = <queue1.Queue object at 0x7f6be8237a90>, item = None

>   ???
E   NameError: name 'back' is not defined

queue1:29: NameError
[36m   -[0m [#  54] SVD queue1: 
--------------------------------------------------------------------------------
  26:             self.back = new_node
  27:         else:
  28:             new_back = QueueNode(item)
  29:             self.back.next = new_back
[34m- 30:             self.back = new_back[0m
[32m+ 30:             back = new_back[0m
  31:         
  32:         self.size += 1
  33:     
  34:     def dequeue(self):
--------------------------------------------------------------------------------
[0.00000 s] [36mincompetent[0m

ValueError: expression must have Store context but has Load instead

[36m   -[0m [#  55] SVD queue1: 
--------------------------------------------------------------------------------
  28:             new_back = QueueNode(item)
  29:             self.back.next = new_back
  30:             self.back = new_back
  31:         
[34m- 32:         self.size += 1[0m
[32m+ 32:         size += 1[0m
  33:     
  34:     def dequeue(self):
  35:         if self.front is None:
  36:             raise ValueError()
--------------------------------------------------------------------------------
[0.00000 s] [36mincompetent[0m

ValueError: expression must have Store context but has Load instead

[36m   -[0m [#  56] SVD queue1: 
--------------------------------------------------------------------------------
  31:         
  32:         self.size += 1
  33:     
  34:     def dequeue(self):
[34m- 35:         if self.front is None:[0m
[32m+ 35:         if front is None:[0m
  36:             raise ValueError()
  37:         else:
  38:             front_node = self.front
  39:             self.front = self.front.next
--------------------------------------------------------------------------------
[0.17196 s] [32mkilled[0m by DYNAMOSA/test_queue1_DYNAMOSA.py::test_case_1

def test_case_1():
        queue_0 = module_0.Queue()
        assert len(queue_0) == 0
        with pytest.raises(ValueError):
>           queue_0.dequeue()

DYNAMOSA/test_queue1_DYNAMOSA.py:17: 
_ _ _ _ _ _ _ _ _ _ _ _ _ _ _ _ _ _ _ _ _ _ _ _ _ _ _ _ _ _ _ _ _ _ _ _ _ _ _ _ 

self = <queue1.Queue object at 0x7f6be8249d80>

>   ???
E   NameError: name 'front' is not defined

queue1:35: NameError
[36m   -[0m [#  57] SVD queue1: 
--------------------------------------------------------------------------------
  34:     def dequeue(self):
  35:         if self.front is None:
  36:             raise ValueError()
  37:         else:
[34m- 38:             front_node = self.front[0m
[32m+ 38:             front_node = front[0m
  39:             self.front = self.front.next
  40:             self.size -= 1
  41:             return front_node.data
  42:     
--------------------------------------------------------------------------------
[0.17855 s] [32mkilled[0m by DYNAMOSA/test_queue1_DYNAMOSA.py::test_case_3

def test_case_3():
        str_0 = 'I*So4'
        queue_node_0 = module_0.QueueNode(str_0)
        dict_0 = {}
        queue_0 = module_0.Queue()
        assert len(queue_0) == 0
        var_0 = queue_0.enqueue(dict_0)
        assert len(queue_0) == 1
        var_1 = queue_0.peek()
>       var_2 = queue_0.dequeue()

DYNAMOSA/test_queue1_DYNAMOSA.py:35: 
_ _ _ _ _ _ _ _ _ _ _ _ _ _ _ _ _ _ _ _ _ _ _ _ _ _ _ _ _ _ _ _ _ _ _ _ _ _ _ _ 

self = <queue1.Queue object at 0x7f6be8234be0>

>   ???
E   NameError: name 'front' is not defined

queue1:38: NameError
[36m   -[0m [#  58] SVD queue1: 
--------------------------------------------------------------------------------
  35:         if self.front is None:
  36:             raise ValueError()
  37:         else:
  38:             front_node = self.front
[34m- 39:             self.front = self.front.next[0m
[32m+ 39:             front = self.front.next[0m
  40:             self.size -= 1
  41:             return front_node.data
  42:     
  43:     def peek(self):
--------------------------------------------------------------------------------
[0.00000 s] [36mincompetent[0m

ValueError: expression must have Store context but has Load instead

[36m   -[0m [#  59] SVD queue1: 
--------------------------------------------------------------------------------
  35:         if self.front is None:
  36:             raise ValueError()
  37:         else:
  38:             front_node = self.front
[34m- 39:             self.front = self.front.next[0m
[32m+ 39:             self.front = front.next[0m
  40:             self.size -= 1
  41:             return front_node.data
  42:     
  43:     def peek(self):
--------------------------------------------------------------------------------
[0.17493 s] [32mkilled[0m by DYNAMOSA/test_queue1_DYNAMOSA.py::test_case_3

def test_case_3():
        str_0 = 'I*So4'
        queue_node_0 = module_0.QueueNode(str_0)
        dict_0 = {}
        queue_0 = module_0.Queue()
        assert len(queue_0) == 0
        var_0 = queue_0.enqueue(dict_0)
        assert len(queue_0) == 1
        var_1 = queue_0.peek()
>       var_2 = queue_0.dequeue()

DYNAMOSA/test_queue1_DYNAMOSA.py:35: 
_ _ _ _ _ _ _ _ _ _ _ _ _ _ _ _ _ _ _ _ _ _ _ _ _ _ _ _ _ _ _ _ _ _ _ _ _ _ _ _ 

self = <queue1.Queue object at 0x7f6be80dff70>

>   ???
E   NameError: name 'front' is not defined

queue1:39: NameError
[36m   -[0m [#  60] SVD queue1: 
--------------------------------------------------------------------------------
  36:             raise ValueError()
  37:         else:
  38:             front_node = self.front
  39:             self.front = self.front.next
[34m- 40:             self.size -= 1[0m
[32m+ 40:             size -= 1[0m
  41:             return front_node.data
  42:     
  43:     def peek(self):
  44:         if self.front is None:
--------------------------------------------------------------------------------
[0.00000 s] [36mincompetent[0m

ValueError: expression must have Store context but has Load instead

[36m   -[0m [#  61] SVD queue1: 
--------------------------------------------------------------------------------
  40:             self.size -= 1
  41:             return front_node.data
  42:     
  43:     def peek(self):
[34m- 44:         if self.front is None:[0m
[32m+ 44:         if front is None:[0m
  45:             return None
  46:         return self.front.data
  47:     
  48:     def clear(self):
--------------------------------------------------------------------------------
[0.17481 s] [32mkilled[0m by DYNAMOSA/test_queue1_DYNAMOSA.py::test_case_2

def test_case_2():
        queue_0 = module_0.Queue()
        assert len(queue_0) == 0
>       var_0 = queue_0.peek()

DYNAMOSA/test_queue1_DYNAMOSA.py:22: 
_ _ _ _ _ _ _ _ _ _ _ _ _ _ _ _ _ _ _ _ _ _ _ _ _ _ _ _ _ _ _ _ _ _ _ _ _ _ _ _ 

self = <queue1.Queue object at 0x7f6be7f89900>

>   ???
E   NameError: name 'front' is not defined

queue1:44: NameError
[36m   -[0m [#  62] SVD queue1: 
--------------------------------------------------------------------------------
  42:     
  43:     def peek(self):
  44:         if self.front is None:
  45:             return None
[34m- 46:         return self.front.data[0m
[32m+ 46:         return front.data[0m
  47:     
  48:     def clear(self):
  49:         self.size = 0
  50:         self.front = None
--------------------------------------------------------------------------------
[0.15659 s] [32mkilled[0m by DYNAMOSA/test_queue1_DYNAMOSA.py::test_case_3

def test_case_3():
        str_0 = 'I*So4'
        queue_node_0 = module_0.QueueNode(str_0)
        dict_0 = {}
        queue_0 = module_0.Queue()
        assert len(queue_0) == 0
        var_0 = queue_0.enqueue(dict_0)
        assert len(queue_0) == 1
>       var_1 = queue_0.peek()

DYNAMOSA/test_queue1_DYNAMOSA.py:34: 
_ _ _ _ _ _ _ _ _ _ _ _ _ _ _ _ _ _ _ _ _ _ _ _ _ _ _ _ _ _ _ _ _ _ _ _ _ _ _ _ 

self = <queue1.Queue object at 0x7f6be8153760>

>   ???
E   NameError: name 'front' is not defined

queue1:46: NameError
[36m   -[0m [#  63] SVD queue1: 
--------------------------------------------------------------------------------
  45:             return None
  46:         return self.front.data
  47:     
  48:     def clear(self):
[34m- 49:         self.size = 0[0m
[32m+ 49:         size = 0[0m
  50:         self.front = None
  51:         self.back = None
  52: 
  53: class QueueNode(object):
--------------------------------------------------------------------------------
[0.00000 s] [36mincompetent[0m

ValueError: expression must have Store context but has Load instead

[36m   -[0m [#  64] SVD queue1: 
--------------------------------------------------------------------------------
  46:         return self.front.data
  47:     
  48:     def clear(self):
  49:         self.size = 0
[34m- 50:         self.front = None[0m
[32m+ 50:         front = None[0m
  51:         self.back = None
  52: 
  53: class QueueNode(object):
  54:     def __init__(self, item):
--------------------------------------------------------------------------------
[0.00000 s] [36mincompetent[0m

ValueError: expression must have Store context but has Load instead

[36m   -[0m [#  65] SVD queue1: 
--------------------------------------------------------------------------------
  47:     
  48:     def clear(self):
  49:         self.size = 0
  50:         self.front = None
[34m- 51:         self.back = None[0m
[32m+ 51:         back = None[0m
  52: 
  53: class QueueNode(object):
  54:     def __init__(self, item):
  55:         self.data = item
--------------------------------------------------------------------------------
[0.00000 s] [36mincompetent[0m

ValueError: expression must have Store context but has Load instead

[36m   -[0m [#  66] SVD queue1: 
--------------------------------------------------------------------------------
  51:         self.back = None
  52: 
  53: class QueueNode(object):
  54:     def __init__(self, item):
[34m- 55:         self.data = item[0m
[32m+ 55:         data = item[0m
  56:         self.next = None
--------------------------------------------------------------------------------
[0.00000 s] [36mincompetent[0m

ValueError: expression must have Store context but has Load instead

[36m   -[0m [#  67] SVD queue1: 
--------------------------------------------------------------------------------
  52: 
  53: class QueueNode(object):
  54:     def __init__(self, item):
  55:         self.data = item
[34m- 56:         self.next = None[0m
[32m+ 56:         next = None[0m
--------------------------------------------------------------------------------
[0.00000 s] [36mincompetent[0m

ValueError: expression must have Store context but has Load instead

[34m[*][0m Mutation score [12.13929 s]: [1m[34m68.2%[0m
[36m   -[0m all: 67
[36m   -[0m killed: 30 (44.8%)
[36m   -[0m survived: 14 (20.9%)
[36m   -[0m incompetent: 23 (34.3%)
[36m   -[0m timeout: 0 (0.0%)
