[*] Start mutation process:
   - targets: stack2.py
   - tests: ./DYNAMOSA-WHOLE_SUITE
[*] 12 tests passed:
   - test_stack2_WHOLE_SUITE [0.05626 s]
   - test_stack2_DYNAMOSA [0.04170 s]
[*] Start mutants generation and execution:
   - [#   1] AOR stack2: 
--------------------------------------------------------------------------------
  23:         return self.stack.pop()
  24:     
  25:     def __repr__(self):
  26:         '''show representation.'''
- 27:         return 'stack:' + str(self.stack)
+ 27:         return 'stack:' - str(self.stack)
--------------------------------------------------------------------------------
[0.06988 s] incompetent

TypeError: stack2:27: TypeError: unsupported operand type(s) for -: 'str' and 'str'

   - [#   2] CDI stack2: 
--------------------------------------------------------------------------------
   3: 
   4:     Author: George Heineman
   5: '''
   6: class Stack:
-  7:     def __init__(self):
-  8:         '''Demonstrate using list as storage for a Stack.'''
-  9:         self.stack = []
- 10:     
+  7:     @classmethod
+  8:     def __init__(self):
+  9:         '''Demonstrate using list as storage for a Stack.'''
+ 10:         self.stack = []
  11:     def isEmpty(self):
  12:         '''Determines whether stack is empty. O(1) performance'''
  13:         return len(self.stack) == 0
  14:     
--------------------------------------------------------------------------------
[0.06648 s] survived
   - [#   3] CDI stack2: 
--------------------------------------------------------------------------------
   7:     def __init__(self):
   8:         '''Demonstrate using list as storage for a Stack.'''
   9:         self.stack = []
  10:     
- 11:     def isEmpty(self):
- 12:         '''Determines whether stack is empty. O(1) performance'''
- 13:         return len(self.stack) == 0
- 14:     
+ 11:     @classmethod
+ 12:     def isEmpty(self):
+ 13:         '''Determines whether stack is empty. O(1) performance'''
+ 14:         return len(self.stack) == 0
  15:     def push(self, v):
  16:         '''Push v onto the stack. O(1) performance.'''
  17:         self.stack.append(v)
  18:     
--------------------------------------------------------------------------------
[0.08224 s] killed by DYNAMOSA-WHOLE_SUITE/test_stack2_DYNAMOSA.py::test_case_1

def test_case_1():
        stack_0 = module_0.Stack()
        var_0 = stack_0.push(stack_0)
        stack_1 = module_0.Stack()
        var_1 = stack_1.push(stack_1)
>       var_2 = stack_1.pop()

DYNAMOSA-WHOLE_SUITE/test_stack2_DYNAMOSA.py:15: 
_ _ _ _ _ _ _ _ _ _ _ _ _ _ _ _ _ _ _ _ _ _ _ _ _ _ _ _ _ _ _ _ _ _ _ _ _ _ _ _ 
stack2:21: in pop
    ???
_ _ _ _ _ _ _ _ _ _ _ _ _ _ _ _ _ _ _ _ _ _ _ _ _ _ _ _ _ _ _ _ _ _ _ _ _ _ _ _ 

self = <class 'stack2.Stack'>

>   ???
E   AttributeError: type object 'Stack' has no attribute 'stack'

stack2:14: AttributeError
   - [#   4] CDI stack2: 
--------------------------------------------------------------------------------
  11:     def isEmpty(self):
  12:         '''Determines whether stack is empty. O(1) performance'''
  13:         return len(self.stack) == 0
  14:     
- 15:     def push(self, v):
- 16:         '''Push v onto the stack. O(1) performance.'''
- 17:         self.stack.append(v)
- 18:     
+ 15:     @classmethod
+ 16:     def push(self, v):
+ 17:         '''Push v onto the stack. O(1) performance.'''
+ 18:         self.stack.append(v)
  19:     def pop(self):
  20:         '''Remove topmost element and return it. O(1) performance.'''
  21:         if self.isEmpty():
  22:             raise Exception('Stack is empty.')
--------------------------------------------------------------------------------
[0.07183 s] killed by DYNAMOSA-WHOLE_SUITE/test_stack2_DYNAMOSA.py::test_case_1

def test_case_1():
        stack_0 = module_0.Stack()
>       var_0 = stack_0.push(stack_0)

DYNAMOSA-WHOLE_SUITE/test_stack2_DYNAMOSA.py:12: 
_ _ _ _ _ _ _ _ _ _ _ _ _ _ _ _ _ _ _ _ _ _ _ _ _ _ _ _ _ _ _ _ _ _ _ _ _ _ _ _ 

self = <class 'stack2.Stack'>, v = stack:[]

>   ???
E   AttributeError: type object 'Stack' has no attribute 'stack'

stack2:18: AttributeError
   - [#   5] CDI stack2: 
--------------------------------------------------------------------------------
  15:     def push(self, v):
  16:         '''Push v onto the stack. O(1) performance.'''
  17:         self.stack.append(v)
  18:     
- 19:     def pop(self):
- 20:         '''Remove topmost element and return it. O(1) performance.'''
- 21:         if self.isEmpty():
- 22:             raise Exception('Stack is empty.')
- 23:         return self.stack.pop()
- 24:     
+ 19:     @classmethod
+ 20:     def pop(self):
+ 21:         '''Remove topmost element and return it. O(1) performance.'''
+ 22:         if self.isEmpty():
+ 23:             raise Exception('Stack is empty.')
+ 24:         return self.stack.pop()
  25:     def __repr__(self):
  26:         '''show representation.'''
  27:         return 'stack:' + str(self.stack)
--------------------------------------------------------------------------------
[0.07146 s] incompetent

TypeError: stack2:22: TypeError: Stack.isEmpty() missing 1 required positional argument: 'self'

   - [#   6] CDI stack2: 
--------------------------------------------------------------------------------
  21:         if self.isEmpty():
  22:             raise Exception('Stack is empty.')
  23:         return self.stack.pop()
  24:     
- 25:     def __repr__(self):
- 26:         '''show representation.'''
- 27:         return 'stack:' + str(self.stack)
+ 25:     @classmethod
+ 26:     def __repr__(self):
+ 27:         '''show representation.'''
+ 28:         return 'stack:' + str(self.stack)
--------------------------------------------------------------------------------
[0.07567 s] killed by DYNAMOSA-WHOLE_SUITE/test_stack2_DYNAMOSA.py::test_case_4

def test_case_4():
        stack_0 = module_0.Stack()
>       var_0 = stack_0.__repr__()

DYNAMOSA-WHOLE_SUITE/test_stack2_DYNAMOSA.py:39: 
_ _ _ _ _ _ _ _ _ _ _ _ _ _ _ _ _ _ _ _ _ _ _ _ _ _ _ _ _ _ _ _ _ _ _ _ _ _ _ _ 

self = <class 'stack2.Stack'>

>   ???
E   AttributeError: type object 'Stack' has no attribute 'stack'

stack2:28: AttributeError
   - [#   7] COI stack2: 
--------------------------------------------------------------------------------
  17:         self.stack.append(v)
  18:     
  19:     def pop(self):
  20:         '''Remove topmost element and return it. O(1) performance.'''
- 21:         if self.isEmpty():
+ 21:         if not (self.isEmpty()):
  22:             raise Exception('Stack is empty.')
  23:         return self.stack.pop()
  24:     
  25:     def __repr__(self):
--------------------------------------------------------------------------------
[0.07372 s] killed by DYNAMOSA-WHOLE_SUITE/test_stack2_DYNAMOSA.py::test_case_1

def test_case_1():
        stack_0 = module_0.Stack()
        var_0 = stack_0.push(stack_0)
        stack_1 = module_0.Stack()
        var_1 = stack_1.push(stack_1)
>       var_2 = stack_1.pop()

DYNAMOSA-WHOLE_SUITE/test_stack2_DYNAMOSA.py:15: 
_ _ _ _ _ _ _ _ _ _ _ _ _ _ _ _ _ _ _ _ _ _ _ _ _ _ _ _ _ _ _ _ _ _ _ _ _ _ _ _ 

self = stack:[stack:[...]]

>   ???
E   Exception: Stack is empty.

stack2:22: Exception
   - [#   8] CRP stack2: 
--------------------------------------------------------------------------------
   9:         self.stack = []
  10:     
  11:     def isEmpty(self):
  12:         '''Determines whether stack is empty. O(1) performance'''
- 13:         return len(self.stack) == 0
+ 13:         return len(self.stack) == 1
  14:     
  15:     def push(self, v):
  16:         '''Push v onto the stack. O(1) performance.'''
  17:         self.stack.append(v)
--------------------------------------------------------------------------------
[0.06853 s] killed by DYNAMOSA-WHOLE_SUITE/test_stack2_DYNAMOSA.py::test_case_1

def test_case_1():
        stack_0 = module_0.Stack()
        var_0 = stack_0.push(stack_0)
        stack_1 = module_0.Stack()
        var_1 = stack_1.push(stack_1)
>       var_2 = stack_1.pop()

DYNAMOSA-WHOLE_SUITE/test_stack2_DYNAMOSA.py:15: 
_ _ _ _ _ _ _ _ _ _ _ _ _ _ _ _ _ _ _ _ _ _ _ _ _ _ _ _ _ _ _ _ _ _ _ _ _ _ _ _ 

self = stack:[stack:[...]]

>   ???
E   Exception: Stack is empty.

stack2:22: Exception
   - [#   9] CRP stack2: 
--------------------------------------------------------------------------------
  18:     
  19:     def pop(self):
  20:         '''Remove topmost element and return it. O(1) performance.'''
  21:         if self.isEmpty():
- 22:             raise Exception('Stack is empty.')
+ 22:             raise Exception('mutpy')
  23:         return self.stack.pop()
  24:     
  25:     def __repr__(self):
  26:         '''show representation.'''
--------------------------------------------------------------------------------
[0.05264 s] survived
   - [#  10] CRP stack2: 
--------------------------------------------------------------------------------
  18:     
  19:     def pop(self):
  20:         '''Remove topmost element and return it. O(1) performance.'''
  21:         if self.isEmpty():
- 22:             raise Exception('Stack is empty.')
+ 22:             raise Exception('')
  23:         return self.stack.pop()
  24:     
  25:     def __repr__(self):
  26:         '''show representation.'''
--------------------------------------------------------------------------------
[0.05284 s] survived
   - [#  11] CRP stack2: 
--------------------------------------------------------------------------------
  23:         return self.stack.pop()
  24:     
  25:     def __repr__(self):
  26:         '''show representation.'''
- 27:         return 'stack:' + str(self.stack)
+ 27:         return 'mutpy' + str(self.stack)
--------------------------------------------------------------------------------
[0.07426 s] killed by DYNAMOSA-WHOLE_SUITE/test_stack2_DYNAMOSA.py::test_case_4

def test_case_4():
        stack_0 = module_0.Stack()
        var_0 = stack_0.__repr__()
>       assert var_0 == 'stack:[]'
E       AssertionError

DYNAMOSA-WHOLE_SUITE/test_stack2_DYNAMOSA.py:40: AssertionError
   - [#  12] CRP stack2: 
--------------------------------------------------------------------------------
  23:         return self.stack.pop()
  24:     
  25:     def __repr__(self):
  26:         '''show representation.'''
- 27:         return 'stack:' + str(self.stack)
+ 27:         return '' + str(self.stack)
--------------------------------------------------------------------------------
[0.07441 s] killed by DYNAMOSA-WHOLE_SUITE/test_stack2_DYNAMOSA.py::test_case_4

def test_case_4():
        stack_0 = module_0.Stack()
        var_0 = stack_0.__repr__()
>       assert var_0 == 'stack:[]'
E       AssertionError

DYNAMOSA-WHOLE_SUITE/test_stack2_DYNAMOSA.py:40: AssertionError
   - [#  13] ROR stack2: 
--------------------------------------------------------------------------------
   9:         self.stack = []
  10:     
  11:     def isEmpty(self):
  12:         '''Determines whether stack is empty. O(1) performance'''
- 13:         return len(self.stack) == 0
+ 13:         return len(self.stack) != 0
  14:     
  15:     def push(self, v):
  16:         '''Push v onto the stack. O(1) performance.'''
  17:         self.stack.append(v)
--------------------------------------------------------------------------------
[0.07254 s] killed by DYNAMOSA-WHOLE_SUITE/test_stack2_DYNAMOSA.py::test_case_1

def test_case_1():
        stack_0 = module_0.Stack()
        var_0 = stack_0.push(stack_0)
        stack_1 = module_0.Stack()
        var_1 = stack_1.push(stack_1)
>       var_2 = stack_1.pop()

DYNAMOSA-WHOLE_SUITE/test_stack2_DYNAMOSA.py:15: 
_ _ _ _ _ _ _ _ _ _ _ _ _ _ _ _ _ _ _ _ _ _ _ _ _ _ _ _ _ _ _ _ _ _ _ _ _ _ _ _ 

self = stack:[stack:[...]]

>   ???
E   Exception: Stack is empty.

stack2:22: Exception
   - [#  14] SDI stack2: 
--------------------------------------------------------------------------------
   3: 
   4:     Author: George Heineman
   5: '''
   6: class Stack:
-  7:     def __init__(self):
-  8:         '''Demonstrate using list as storage for a Stack.'''
-  9:         self.stack = []
- 10:     
+  7:     @staticmethod
+  8:     def __init__(self):
+  9:         '''Demonstrate using list as storage for a Stack.'''
+ 10:         self.stack = []
  11:     def isEmpty(self):
  12:         '''Determines whether stack is empty. O(1) performance'''
  13:         return len(self.stack) == 0
  14:     
--------------------------------------------------------------------------------
[0.07220 s] incompetent

TypeError: /home/auri/temp/lucca/python_experiments/stack2/DYNAMOSA-WHOLE_SUITE/test_stack2_DYNAMOSA.py:6: TypeError: Stack.__init__() missing 1 required positional argument: 'self'

   - [#  15] SDI stack2: 
--------------------------------------------------------------------------------
   7:     def __init__(self):
   8:         '''Demonstrate using list as storage for a Stack.'''
   9:         self.stack = []
  10:     
- 11:     def isEmpty(self):
- 12:         '''Determines whether stack is empty. O(1) performance'''
- 13:         return len(self.stack) == 0
- 14:     
+ 11:     @staticmethod
+ 12:     def isEmpty(self):
+ 13:         '''Determines whether stack is empty. O(1) performance'''
+ 14:         return len(self.stack) == 0
  15:     def push(self, v):
  16:         '''Push v onto the stack. O(1) performance.'''
  17:         self.stack.append(v)
  18:     
--------------------------------------------------------------------------------
[0.07189 s] incompetent

TypeError: stack2:21: TypeError: Stack.isEmpty() missing 1 required positional argument: 'self'

   - [#  16] SDI stack2: 
--------------------------------------------------------------------------------
  11:     def isEmpty(self):
  12:         '''Determines whether stack is empty. O(1) performance'''
  13:         return len(self.stack) == 0
  14:     
- 15:     def push(self, v):
- 16:         '''Push v onto the stack. O(1) performance.'''
- 17:         self.stack.append(v)
- 18:     
+ 15:     @staticmethod
+ 16:     def push(self, v):
+ 17:         '''Push v onto the stack. O(1) performance.'''
+ 18:         self.stack.append(v)
  19:     def pop(self):
  20:         '''Remove topmost element and return it. O(1) performance.'''
  21:         if self.isEmpty():
  22:             raise Exception('Stack is empty.')
--------------------------------------------------------------------------------
[0.07157 s] incompetent

TypeError: /home/auri/temp/lucca/python_experiments/stack2/DYNAMOSA-WHOLE_SUITE/test_stack2_DYNAMOSA.py:12: TypeError: Stack.push() missing 1 required positional argument: 'v'

   - [#  17] SDI stack2: 
--------------------------------------------------------------------------------
  15:     def push(self, v):
  16:         '''Push v onto the stack. O(1) performance.'''
  17:         self.stack.append(v)
  18:     
- 19:     def pop(self):
- 20:         '''Remove topmost element and return it. O(1) performance.'''
- 21:         if self.isEmpty():
- 22:             raise Exception('Stack is empty.')
- 23:         return self.stack.pop()
- 24:     
+ 19:     @staticmethod
+ 20:     def pop(self):
+ 21:         '''Remove topmost element and return it. O(1) performance.'''
+ 22:         if self.isEmpty():
+ 23:             raise Exception('Stack is empty.')
+ 24:         return self.stack.pop()
  25:     def __repr__(self):
  26:         '''show representation.'''
  27:         return 'stack:' + str(self.stack)
--------------------------------------------------------------------------------
[0.07259 s] incompetent

TypeError: /home/auri/temp/lucca/python_experiments/stack2/DYNAMOSA-WHOLE_SUITE/test_stack2_DYNAMOSA.py:15: TypeError: Stack.pop() missing 1 required positional argument: 'self'

   - [#  18] SDI stack2: 
--------------------------------------------------------------------------------
  21:         if self.isEmpty():
  22:             raise Exception('Stack is empty.')
  23:         return self.stack.pop()
  24:     
- 25:     def __repr__(self):
- 26:         '''show representation.'''
- 27:         return 'stack:' + str(self.stack)
+ 25:     @staticmethod
+ 26:     def __repr__(self):
+ 27:         '''show representation.'''
+ 28:         return 'stack:' + str(self.stack)
--------------------------------------------------------------------------------
[0.07478 s] incompetent

TypeError: /home/auri/temp/lucca/python_experiments/stack2/DYNAMOSA-WHOLE_SUITE/test_stack2_DYNAMOSA.py:39: TypeError: Stack.__repr__() missing 1 required positional argument: 'self'

   - [#  19] SDL stack2: 
--------------------------------------------------------------------------------
   5: '''
   6: class Stack:
   7:     def __init__(self):
   8:         '''Demonstrate using list as storage for a Stack.'''
-  9:         self.stack = []
+  9:         pass
  10:     
  11:     def isEmpty(self):
  12:         '''Determines whether stack is empty. O(1) performance'''
  13:         return len(self.stack) == 0
--------------------------------------------------------------------------------
[0.07415 s] killed by DYNAMOSA-WHOLE_SUITE/test_stack2_DYNAMOSA.py::test_case_1

def test_case_1():
        stack_0 = module_0.Stack()
>       var_0 = stack_0.push(stack_0)

DYNAMOSA-WHOLE_SUITE/test_stack2_DYNAMOSA.py:12: 
_ _ _ _ _ _ _ _ _ _ _ _ _ _ _ _ _ _ _ _ _ _ _ _ _ _ _ _ _ _ _ _ _ _ _ _ _ _ _ _ 

self = <[AttributeError("'Stack' object has no attribute 'stack'") raised in repr()] Stack object at 0x7fd03e455b40>
v = <[AttributeError("'Stack' object has no attribute 'stack'") raised in repr()] Stack object at 0x7fd03e455b40>

>   ???
E   AttributeError: 'Stack' object has no attribute 'stack'

stack2:17: AttributeError
   - [#  20] SDL stack2: 
--------------------------------------------------------------------------------
   9:         self.stack = []
  10:     
  11:     def isEmpty(self):
  12:         '''Determines whether stack is empty. O(1) performance'''
- 13:         return len(self.stack) == 0
+ 13:         pass
  14:     
  15:     def push(self, v):
  16:         '''Push v onto the stack. O(1) performance.'''
  17:         self.stack.append(v)
--------------------------------------------------------------------------------
[0.07613 s] killed by DYNAMOSA-WHOLE_SUITE/test_stack2_DYNAMOSA.py::test_case_3

def test_case_3():
        bool_0 = True
        stack_0 = module_0.Stack()
        var_0 = stack_0.isEmpty()
>       assert var_0 is True
E       AssertionError

DYNAMOSA-WHOLE_SUITE/test_stack2_DYNAMOSA.py:35: AssertionError
   - [#  21] SDL stack2: 
--------------------------------------------------------------------------------
  13:         return len(self.stack) == 0
  14:     
  15:     def push(self, v):
  16:         '''Push v onto the stack. O(1) performance.'''
- 17:         self.stack.append(v)
+ 17:         pass
  18:     
  19:     def pop(self):
  20:         '''Remove topmost element and return it. O(1) performance.'''
  21:         if self.isEmpty():
--------------------------------------------------------------------------------
[0.07233 s] killed by DYNAMOSA-WHOLE_SUITE/test_stack2_DYNAMOSA.py::test_case_1

def test_case_1():
        stack_0 = module_0.Stack()
        var_0 = stack_0.push(stack_0)
        stack_1 = module_0.Stack()
        var_1 = stack_1.push(stack_1)
>       var_2 = stack_1.pop()

DYNAMOSA-WHOLE_SUITE/test_stack2_DYNAMOSA.py:15: 
_ _ _ _ _ _ _ _ _ _ _ _ _ _ _ _ _ _ _ _ _ _ _ _ _ _ _ _ _ _ _ _ _ _ _ _ _ _ _ _ 

self = stack:[]

>   ???
E   Exception: Stack is empty.

stack2:22: Exception
   - [#  22] SDL stack2: 
--------------------------------------------------------------------------------
  19:     def pop(self):
  20:         '''Remove topmost element and return it. O(1) performance.'''
  21:         if self.isEmpty():
  22:             raise Exception('Stack is empty.')
- 23:         return self.stack.pop()
+ 23:         pass
  24:     
  25:     def __repr__(self):
  26:         '''show representation.'''
  27:         return 'stack:' + str(self.stack)
--------------------------------------------------------------------------------
[0.07197 s] killed by DYNAMOSA-WHOLE_SUITE/test_stack2_DYNAMOSA.py::test_case_1

def test_case_1():
        stack_0 = module_0.Stack()
        var_0 = stack_0.push(stack_0)
        stack_1 = module_0.Stack()
        var_1 = stack_1.push(stack_1)
        var_2 = stack_1.pop()
>       assert stack_1.stack == []
E       AssertionError

DYNAMOSA-WHOLE_SUITE/test_stack2_DYNAMOSA.py:16: AssertionError
   - [#  23] SDL stack2: 
--------------------------------------------------------------------------------
  23:         return self.stack.pop()
  24:     
  25:     def __repr__(self):
  26:         '''show representation.'''
- 27:         return 'stack:' + str(self.stack)
+ 27:         pass
--------------------------------------------------------------------------------
[0.07504 s] killed by DYNAMOSA-WHOLE_SUITE/test_stack2_DYNAMOSA.py::test_case_4

def test_case_4():
        stack_0 = module_0.Stack()
        var_0 = stack_0.__repr__()
>       assert var_0 == 'stack:[]'
E       AssertionError

DYNAMOSA-WHOLE_SUITE/test_stack2_DYNAMOSA.py:40: AssertionError
   - [#  24] SVD stack2: 
--------------------------------------------------------------------------------
   5: '''
   6: class Stack:
   7:     def __init__(self):
   8:         '''Demonstrate using list as storage for a Stack.'''
-  9:         self.stack = []
+  9:         stack = []
  10:     
  11:     def isEmpty(self):
  12:         '''Determines whether stack is empty. O(1) performance'''
  13:         return len(self.stack) == 0
--------------------------------------------------------------------------------
[0.00000 s] incompetent

ValueError: expression must have Store context but has Load instead

   - [#  25] SVD stack2: 
--------------------------------------------------------------------------------
   9:         self.stack = []
  10:     
  11:     def isEmpty(self):
  12:         '''Determines whether stack is empty. O(1) performance'''
- 13:         return len(self.stack) == 0
+ 13:         return len(stack) == 0
  14:     
  15:     def push(self, v):
  16:         '''Push v onto the stack. O(1) performance.'''
  17:         self.stack.append(v)
--------------------------------------------------------------------------------
[0.07373 s] killed by DYNAMOSA-WHOLE_SUITE/test_stack2_DYNAMOSA.py::test_case_1

def test_case_1():
        stack_0 = module_0.Stack()
        var_0 = stack_0.push(stack_0)
        stack_1 = module_0.Stack()
        var_1 = stack_1.push(stack_1)
>       var_2 = stack_1.pop()

DYNAMOSA-WHOLE_SUITE/test_stack2_DYNAMOSA.py:15: 
_ _ _ _ _ _ _ _ _ _ _ _ _ _ _ _ _ _ _ _ _ _ _ _ _ _ _ _ _ _ _ _ _ _ _ _ _ _ _ _ 
stack2:21: in pop
    ???
_ _ _ _ _ _ _ _ _ _ _ _ _ _ _ _ _ _ _ _ _ _ _ _ _ _ _ _ _ _ _ _ _ _ _ _ _ _ _ _ 

self = stack:[stack:[...]]

>   ???
E   NameError: name 'stack' is not defined

stack2:13: NameError
   - [#  26] SVD stack2: 
--------------------------------------------------------------------------------
  13:         return len(self.stack) == 0
  14:     
  15:     def push(self, v):
  16:         '''Push v onto the stack. O(1) performance.'''
- 17:         self.stack.append(v)
+ 17:         stack.append(v)
  18:     
  19:     def pop(self):
  20:         '''Remove topmost element and return it. O(1) performance.'''
  21:         if self.isEmpty():
--------------------------------------------------------------------------------
[0.07203 s] killed by DYNAMOSA-WHOLE_SUITE/test_stack2_DYNAMOSA.py::test_case_1

def test_case_1():
        stack_0 = module_0.Stack()
>       var_0 = stack_0.push(stack_0)

DYNAMOSA-WHOLE_SUITE/test_stack2_DYNAMOSA.py:12: 
_ _ _ _ _ _ _ _ _ _ _ _ _ _ _ _ _ _ _ _ _ _ _ _ _ _ _ _ _ _ _ _ _ _ _ _ _ _ _ _ 

self = stack:[], v = stack:[]

>   ???
E   NameError: name 'stack' is not defined

stack2:17: NameError
   - [#  27] SVD stack2: 
--------------------------------------------------------------------------------
  17:         self.stack.append(v)
  18:     
  19:     def pop(self):
  20:         '''Remove topmost element and return it. O(1) performance.'''
- 21:         if self.isEmpty():
+ 21:         if isEmpty():
  22:             raise Exception('Stack is empty.')
  23:         return self.stack.pop()
  24:     
  25:     def __repr__(self):
--------------------------------------------------------------------------------
[0.07219 s] killed by DYNAMOSA-WHOLE_SUITE/test_stack2_DYNAMOSA.py::test_case_1

def test_case_1():
        stack_0 = module_0.Stack()
        var_0 = stack_0.push(stack_0)
        stack_1 = module_0.Stack()
        var_1 = stack_1.push(stack_1)
>       var_2 = stack_1.pop()

DYNAMOSA-WHOLE_SUITE/test_stack2_DYNAMOSA.py:15: 
_ _ _ _ _ _ _ _ _ _ _ _ _ _ _ _ _ _ _ _ _ _ _ _ _ _ _ _ _ _ _ _ _ _ _ _ _ _ _ _ 

self = stack:[stack:[...]]

>   ???
E   NameError: name 'isEmpty' is not defined

stack2:21: NameError
   - [#  28] SVD stack2: 
--------------------------------------------------------------------------------
  19:     def pop(self):
  20:         '''Remove topmost element and return it. O(1) performance.'''
  21:         if self.isEmpty():
  22:             raise Exception('Stack is empty.')
- 23:         return self.stack.pop()
+ 23:         return stack.pop()
  24:     
  25:     def __repr__(self):
  26:         '''show representation.'''
  27:         return 'stack:' + str(self.stack)
--------------------------------------------------------------------------------
[0.07334 s] killed by DYNAMOSA-WHOLE_SUITE/test_stack2_DYNAMOSA.py::test_case_1

def test_case_1():
        stack_0 = module_0.Stack()
        var_0 = stack_0.push(stack_0)
        stack_1 = module_0.Stack()
        var_1 = stack_1.push(stack_1)
>       var_2 = stack_1.pop()

DYNAMOSA-WHOLE_SUITE/test_stack2_DYNAMOSA.py:15: 
_ _ _ _ _ _ _ _ _ _ _ _ _ _ _ _ _ _ _ _ _ _ _ _ _ _ _ _ _ _ _ _ _ _ _ _ _ _ _ _ 

self = stack:[stack:[...]]

>   ???
E   NameError: name 'stack' is not defined

stack2:23: NameError
   - [#  29] SVD stack2: 
--------------------------------------------------------------------------------
  23:         return self.stack.pop()
  24:     
  25:     def __repr__(self):
  26:         '''show representation.'''
- 27:         return 'stack:' + str(self.stack)
+ 27:         return 'stack:' + str(stack)
--------------------------------------------------------------------------------
[0.07483 s] killed by DYNAMOSA-WHOLE_SUITE/test_stack2_DYNAMOSA.py::test_case_4

def test_case_4():
        stack_0 = module_0.Stack()
>       var_0 = stack_0.__repr__()

DYNAMOSA-WHOLE_SUITE/test_stack2_DYNAMOSA.py:39: 
_ _ _ _ _ _ _ _ _ _ _ _ _ _ _ _ _ _ _ _ _ _ _ _ _ _ _ _ _ _ _ _ _ _ _ _ _ _ _ _ 

self = <[NameError("name 'stack' is not defined") raised in repr()] Stack object at 0x7fd03e4578e0>

>   ???
E   NameError: name 'stack' is not defined

stack2:27: NameError
[*] Mutation score [2.45863 s]: 85.7%
   - all: 29
   - killed: 18 (62.1%)
   - survived: 3 (10.3%)
   - incompetent: 8 (27.6%)
   - timeout: 0 (0.0%)
