[*] Start mutation process:
   - targets: sort1.py
   - tests: ./RANDOM
[*] 2022 tests passed:
   - test_sort1_RANDOM [2.35230 s]
[*] Start mutants generation and execution:
   - [#   1] AOR sort1: 
--------------------------------------------------------------------------------
  11:             Complexity: O(n^2)
  12:         '''
  13:         for i in range(len(arr)):
  14:             minimum = i
- 15:             for j in range(i + 1, len(arr)):
+ 15:             for j in range(i - 1, len(arr)):
  16:                 
  17:                 if arr[j] < arr[minimum]:
  18:                     minimum = j
  19:             
--------------------------------------------------------------------------------
[2.43724 s] survived
   - [#   2] AOR sort1: 
--------------------------------------------------------------------------------
  27:         '''
  28:         for i in range(len(arr)):
  29:             cursor = arr[i]
  30:             pos = i
- 31:             while (pos > 0 and arr[pos - 1] > cursor):
+ 31:             while (pos > 0 and arr[pos + 1] > cursor):
  32:                 
  33:                 arr[pos] = arr[pos - 1]
  34:                 pos = pos - 1
  35:             
--------------------------------------------------------------------------------
[3.82241 s] killed by RANDOM/test_sort1_RANDOM.py::test_case_1356

def test_case_1356():
        bytes_0 = b'e\x19\x9ft\x92g\x0f6-\x14\xf5'
        bool_0 = True
        list_0 = [bool_0, bool_0, bool_0]
        sort_0 = module_0.Sort()
>       var_0 = sort_0.insertion_sort(list_0)

RANDOM/test_sort1_RANDOM.py:33278: 
_ _ _ _ _ _ _ _ _ _ _ _ _ _ _ _ _ _ _ _ _ _ _ _ _ _ _ _ _ _ _ _ _ _ _ _ _ _ _ _ 

arr = [True, True, True]

>   ???
E   IndexError: list index out of range

sort1:31: IndexError
   - [#   3] AOR sort1: 
--------------------------------------------------------------------------------
  29:             cursor = arr[i]
  30:             pos = i
  31:             while (pos > 0 and arr[pos - 1] > cursor):
  32:                 
- 33:                 arr[pos] = arr[pos - 1]
+ 33:                 arr[pos] = arr[pos + 1]
  34:                 pos = pos - 1
  35:             
  36:             arr[pos] = cursor
  37:         return arr
--------------------------------------------------------------------------------
[2.43088 s] survived
   - [#   4] AOR sort1: 
--------------------------------------------------------------------------------
  30:             pos = i
  31:             while (pos > 0 and arr[pos - 1] > cursor):
  32:                 
  33:                 arr[pos] = arr[pos - 1]
- 34:                 pos = pos - 1
+ 34:                 pos = pos + 1
  35:             
  36:             arr[pos] = cursor
  37:         return arr
  38:     
--------------------------------------------------------------------------------
[2.42525 s] survived
   - [#   5] AOR sort1: 
--------------------------------------------------------------------------------
  41:     def merge_sort(arr):''' Merge Sort
  42:             Complexity: O(n log(n))
  43:         '''
  44:         size = len(arr)
- 45:         half = size // 2
+ 45:         half = size / 2
  46:         
  47:         if size <= 1:
  48:             return arr
  49:         
--------------------------------------------------------------------------------
[2.75675 s] incompetent

TypeError: sort1:50: TypeError: slice indices must be integers or None or have an __index__ method

   - [#   6] AOR sort1: 
--------------------------------------------------------------------------------
  41:     def merge_sort(arr):''' Merge Sort
  42:             Complexity: O(n log(n))
  43:         '''
  44:         size = len(arr)
- 45:         half = size // 2
+ 45:         half = size * 2
  46:         
  47:         if size <= 1:
  48:             return arr
  49:         
--------------------------------------------------------------------------------
[2.75577 s] killed by RANDOM/test_sort1_RANDOM.py::test_case_171

def test_case_171():
        sort_0 = module_0.Sort()
        sort_1 = module_0.Sort()
        sort_2 = module_0.Sort()
        sort_3 = module_0.Sort()
        sort_4 = module_0.Sort()
        sort_5 = module_0.Sort()
        sort_6 = module_0.Sort()
        sort_7 = module_0.Sort()
        sort_8 = module_0.Sort()
        sort_9 = module_0.Sort()
        sort_10 = module_0.Sort()
        bool_0 = True
        tuple_0 = (bool_0,)
        var_0 = sort_10.merge_sort(tuple_0)
        var_1 = sort_9.merge_sort(tuple_0)
        var_2 = sort_10.merge_sort(var_1)
        sort_11 = module_0.Sort()
        sort_12 = module_0.Sort()
        dict_0 = {sort_11: sort_12}
        var_3 = sort_12.merge_sort(dict_0)
        bytes_0 = b'F@\xce\x90?\xe8\xff\x03\x9f\xab\x83\xec\xb2'
>       var_4 = sort_0.merge_sort(bytes_0)

RANDOM/test_sort1_RANDOM.py:4819: 
_ _ _ _ _ _ _ _ _ _ _ _ _ _ _ _ _ _ _ _ _ _ _ _ _ _ _ _ _ _ _ _ _ _ _ _ _ _ _ _ 
sort1:50: in merge_sort
    ???
sort1:50: in merge_sort
    ???
E   RecursionError: maximum recursion depth exceeded while calling a Python object
!!! Recursion detected (same locals & position)
   - [#   7] AOR sort1: 
--------------------------------------------------------------------------------
  81:         '''
  82:         if first < last:
  83:             pos = Sort.partition(arr, first, last)
  84:             
- 85:             Sort.quick_sort(arr, first, pos - 1)
+ 85:             Sort.quick_sort(arr, first, pos + 1)
  86:             Sort.quick_sort(arr, pos + 1, last)
  87:     
  88:     
  89:     @staticmethod
--------------------------------------------------------------------------------
[2.46711 s] survived
   - [#   8] AOR sort1: 
--------------------------------------------------------------------------------
  82:         if first < last:
  83:             pos = Sort.partition(arr, first, last)
  84:             
  85:             Sort.quick_sort(arr, first, pos - 1)
- 86:             Sort.quick_sort(arr, pos + 1, last)
+ 86:             Sort.quick_sort(arr, pos - 1, last)
  87:     
  88:     
  89:     @staticmethod
  90:     def partition(arr, first, last):pivot = first
--------------------------------------------------------------------------------
[2.45466 s] survived
   - [#   9] ASR sort1: 
--------------------------------------------------------------------------------
  62:         while (left_cursor < len(left) and right_cursor < len(right)):
  63:             
  64:             if left[left_cursor] <= right[right_cursor]:
  65:                 arr.append(left[left_cursor])
- 66:                 left_cursor += 1
+ 66:                 left_cursor -= 1
  67:             else:
  68:                 arr.append(right[right_cursor])
  69:                 right_cursor += 1
  70:         
--------------------------------------------------------------------------------
[2.60636 s] killed by RANDOM/test_sort1_RANDOM.py::test_case_31

def test_case_31():
        sort_0 = module_0.Sort()
        sort_1 = module_0.Sort()
        sort_2 = module_0.Sort()
        sort_3 = module_0.Sort()
        sort_4 = module_0.Sort()
        sort_5 = module_0.Sort()
        bool_0 = True
        tuple_0 = (bool_0,)
        var_0 = sort_5.merge_sort(tuple_0)
        sort_6 = module_0.Sort()
        sort_7 = module_0.Sort()
        sort_8 = module_0.Sort()
        sort_9 = module_0.Sort()
        sort_10 = module_0.Sort()
>       var_1 = sort_3.merge(var_0, var_0)

RANDOM/test_sort1_RANDOM.py:521: 
_ _ _ _ _ _ _ _ _ _ _ _ _ _ _ _ _ _ _ _ _ _ _ _ _ _ _ _ _ _ _ _ _ _ _ _ _ _ _ _ 

left = (True,), right = (True,)

>   ???
E   IndexError: tuple index out of range

sort1:64: IndexError
   - [#  10] ASR sort1: 
--------------------------------------------------------------------------------
  65:                 arr.append(left[left_cursor])
  66:                 left_cursor += 1
  67:             else:
  68:                 arr.append(right[right_cursor])
- 69:                 right_cursor += 1
+ 69:                 right_cursor -= 1
  70:         
  71:         if left:
  72:             arr.extend(left[left_cursor:])
  73:         if right:
--------------------------------------------------------------------------------
[2.75731 s] killed by RANDOM/test_sort1_RANDOM.py::test_case_171

def test_case_171():
        sort_0 = module_0.Sort()
        sort_1 = module_0.Sort()
        sort_2 = module_0.Sort()
        sort_3 = module_0.Sort()
        sort_4 = module_0.Sort()
        sort_5 = module_0.Sort()
        sort_6 = module_0.Sort()
        sort_7 = module_0.Sort()
        sort_8 = module_0.Sort()
        sort_9 = module_0.Sort()
        sort_10 = module_0.Sort()
        bool_0 = True
        tuple_0 = (bool_0,)
        var_0 = sort_10.merge_sort(tuple_0)
        var_1 = sort_9.merge_sort(tuple_0)
        var_2 = sort_10.merge_sort(var_1)
        sort_11 = module_0.Sort()
        sort_12 = module_0.Sort()
        dict_0 = {sort_11: sort_12}
        var_3 = sort_12.merge_sort(dict_0)
        bytes_0 = b'F@\xce\x90?\xe8\xff\x03\x9f\xab\x83\xec\xb2'
>       var_4 = sort_0.merge_sort(bytes_0)

RANDOM/test_sort1_RANDOM.py:4819: 
_ _ _ _ _ _ _ _ _ _ _ _ _ _ _ _ _ _ _ _ _ _ _ _ _ _ _ _ _ _ _ _ _ _ _ _ _ _ _ _ 
sort1:50: in merge_sort
    ???
sort1:50: in merge_sort
    ???
sort1:53: in merge_sort
    ???
_ _ _ _ _ _ _ _ _ _ _ _ _ _ _ _ _ _ _ _ _ _ _ _ _ _ _ _ _ _ _ _ _ _ _ _ _ _ _ _ 

left = [178, 236], right = [131, 171]

>   ???
E   IndexError: list index out of range

sort1:64: IndexError
   - [#  11] ASR sort1: 
--------------------------------------------------------------------------------
  90:     def partition(arr, first, last):pivot = first
  91:         for pos in range(first, last):
  92:             if arr[pos] < arr[last]:
  93:                 (arr[pos], arr[pivot]) = (arr[pivot], arr[pos])
- 94:                 pivot += 1
+ 94:                 pivot -= 1
  95:         (arr[pivot], arr[last]) = (arr[last], arr[pivot])
  96:         return pivot
--------------------------------------------------------------------------------
[2.45553 s] survived
   - [#  12] CDI sort1: 
--------------------------------------------------------------------------------
   5: 
   6: 
   7: class Sort:
   8:     
-  9:     @staticmethod
- 10:     def selection_sort(arr):''' Selection Sort
- 11:             Complexity: O(n^2)
- 12:         '''
- 13:         for i in range(len(arr)):
- 14:             minimum = i
- 15:             for j in range(i + 1, len(arr)):
- 16:                 
- 17:                 if arr[j] < arr[minimum]:
- 18:                     minimum = j
- 19:             
- 20:             (arr[minimum], arr[i]) = (arr[i], arr[minimum])
- 21:         return arr
- 22:     
+  9:     @staticmethod@classmethod
+ 10:     def selection_sort(arr):
+ 11:         ''' Selection Sort
+ 12:             Complexity: O(n^2)
+ 13:         '''
+ 14:         for i in range(len(arr)):
+ 15:             minimum = i
+ 16:             for j in range(i + 1, len(arr)):
+ 17:                 
+ 18:                 if arr[j] < arr[minimum]:
+ 19:                     minimum = j
+ 20:             
+ 21:             (arr[minimum], arr[i]) = (arr[i], arr[minimum])
+ 22:         return arr
  23:     
  24:     @staticmethod
  25:     def insertion_sort(arr):''' Insertion Sort
  26:             Complexity: O(n^2)
--------------------------------------------------------------------------------
[2.64988 s] incompetent

TypeError: /home/auri/temp/lucca/python_experiments/sort1/RANDOM/test_sort1_RANDOM.py:2415: TypeError: 'classmethod' object is not callable

   - [#  13] CDI sort1: 
--------------------------------------------------------------------------------
  20:             (arr[minimum], arr[i]) = (arr[i], arr[minimum])
  21:         return arr
  22:     
  23:     
- 24:     @staticmethod
- 25:     def insertion_sort(arr):''' Insertion Sort
- 26:             Complexity: O(n^2)
- 27:         '''
- 28:         for i in range(len(arr)):
- 29:             cursor = arr[i]
- 30:             pos = i
- 31:             while (pos > 0 and arr[pos - 1] > cursor):
- 32:                 
- 33:                 arr[pos] = arr[pos - 1]
- 34:                 pos = pos - 1
- 35:             
- 36:             arr[pos] = cursor
- 37:         return arr
- 38:     
+ 24:     @staticmethod@classmethod
+ 25:     def insertion_sort(arr):
+ 26:         ''' Insertion Sort
+ 27:             Complexity: O(n^2)
+ 28:         '''
+ 29:         for i in range(len(arr)):
+ 30:             cursor = arr[i]
+ 31:             pos = i
+ 32:             while (pos > 0 and arr[pos - 1] > cursor):
+ 33:                 
+ 34:                 arr[pos] = arr[pos - 1]
+ 35:                 pos = pos - 1
+ 36:             
+ 37:             arr[pos] = cursor
+ 38:         return arr
  39:     
  40:     @staticmethod
  41:     def merge_sort(arr):''' Merge Sort
  42:             Complexity: O(n log(n))
--------------------------------------------------------------------------------
[2.73795 s] incompetent

TypeError: /home/auri/temp/lucca/python_experiments/sort1/RANDOM/test_sort1_RANDOM.py:2352: TypeError: 'classmethod' object is not callable

   - [#  14] CDI sort1: 
--------------------------------------------------------------------------------
  36:             arr[pos] = cursor
  37:         return arr
  38:     
  39:     
- 40:     @staticmethod
- 41:     def merge_sort(arr):''' Merge Sort
- 42:             Complexity: O(n log(n))
- 43:         '''
- 44:         size = len(arr)
- 45:         half = size // 2
- 46:         
- 47:         if size <= 1:
- 48:             return arr
- 49:         
- 50:         (left, right) = (Sort.merge_sort(arr[half:]), Sort.merge_sort(arr[:half]))
- 51:         
+ 40:     @staticmethod@classmethod
+ 41:     def merge_sort(arr):
+ 42:         ''' Merge Sort
+ 43:             Complexity: O(n log(n))
+ 44:         '''
+ 45:         size = len(arr)
+ 46:         half = size // 2
+ 47:         
+ 48:         if size <= 1:
+ 49:             return arr
+ 50:         
+ 51:         (left, right) = (Sort.merge_sort(arr[half:]), Sort.merge_sort(arr[:half]))
  52:         
- 53:         return Sort.merge(left, right)
- 54:     
+ 53:         
+ 54:         return Sort.merge(left, right)
  55:     
  56:     @staticmethod
  57:     def merge(left, right):''' Merge helper
  58:             Complexity: O(n)
--------------------------------------------------------------------------------
[2.65645 s] incompetent

TypeError: /home/auri/temp/lucca/python_experiments/sort1/RANDOM/test_sort1_RANDOM.py:94: TypeError: 'classmethod' object is not callable

   - [#  15] CDI sort1: 
--------------------------------------------------------------------------------
  52:         
  53:         return Sort.merge(left, right)
  54:     
  55:     
- 56:     @staticmethod
- 57:     def merge(left, right):''' Merge helper
- 58:             Complexity: O(n)
- 59:         '''
- 60:         arr = []
- 61:         (left_cursor, right_cursor) = (0, 0)
- 62:         while (left_cursor < len(left) and right_cursor < len(right)):
- 63:             
- 64:             if left[left_cursor] <= right[right_cursor]:
- 65:                 arr.append(left[left_cursor])
- 66:                 left_cursor += 1
- 67:             else:
- 68:                 arr.append(right[right_cursor])
- 69:                 right_cursor += 1
- 70:         
- 71:         if left:
- 72:             arr.extend(left[left_cursor:])
- 73:         if right:
- 74:             arr.extend(right[right_cursor:])
- 75:         return arr
- 76:     
+ 56:     @staticmethod@classmethod
+ 57:     def merge(left, right):
+ 58:         ''' Merge helper
+ 59:             Complexity: O(n)
+ 60:         '''
+ 61:         arr = []
+ 62:         (left_cursor, right_cursor) = (0, 0)
+ 63:         while (left_cursor < len(left) and right_cursor < len(right)):
+ 64:             
+ 65:             if left[left_cursor] <= right[right_cursor]:
+ 66:                 arr.append(left[left_cursor])
+ 67:                 left_cursor += 1
+ 68:             else:
+ 69:                 arr.append(right[right_cursor])
+ 70:                 right_cursor += 1
+ 71:         
+ 72:         if left:
+ 73:             arr.extend(left[left_cursor:])
+ 74:         if right:
+ 75:             arr.extend(right[right_cursor:])
+ 76:         return arr
  77:     
  78:     @staticmethod
  79:     def quick_sort(arr, first, last):''' Quicksort
  80:             Complexity: O(n log(n))
--------------------------------------------------------------------------------
[2.67116 s] incompetent

TypeError: /home/auri/temp/lucca/python_experiments/sort1/RANDOM/test_sort1_RANDOM.py:521: TypeError: 'classmethod' object is not callable

   - [#  16] CDI sort1: 
--------------------------------------------------------------------------------
  74:             arr.extend(right[right_cursor:])
  75:         return arr
  76:     
  77:     
- 78:     @staticmethod
- 79:     def quick_sort(arr, first, last):''' Quicksort
- 80:             Complexity: O(n log(n))
- 81:         '''
- 82:         if first < last:
- 83:             pos = Sort.partition(arr, first, last)
- 84:             
- 85:             Sort.quick_sort(arr, first, pos - 1)
- 86:             Sort.quick_sort(arr, pos + 1, last)
- 87:     
+ 78:     @staticmethod@classmethod
+ 79:     def quick_sort(arr, first, last):
+ 80:         ''' Quicksort
+ 81:             Complexity: O(n log(n))
+ 82:         '''
+ 83:         if first < last:
+ 84:             pos = Sort.partition(arr, first, last)
+ 85:             
+ 86:             Sort.quick_sort(arr, first, pos - 1)
+ 87:             Sort.quick_sort(arr, pos + 1, last)
  88:     
  89:     @staticmethod
  90:     def partition(arr, first, last):pivot = first
  91:         for pos in range(first, last):
--------------------------------------------------------------------------------
[2.65635 s] incompetent

TypeError: /home/auri/temp/lucca/python_experiments/sort1/RANDOM/test_sort1_RANDOM.py:348: TypeError: 'classmethod' object is not callable

   - [#  17] CDI sort1: 
--------------------------------------------------------------------------------
  85:             Sort.quick_sort(arr, first, pos - 1)
  86:             Sort.quick_sort(arr, pos + 1, last)
  87:     
  88:     
- 89:     @staticmethod
- 90:     def partition(arr, first, last):pivot = first
- 91:         for pos in range(first, last):
- 92:             if arr[pos] < arr[last]:
- 93:                 (arr[pos], arr[pivot]) = (arr[pivot], arr[pos])
- 94:                 pivot += 1
- 95:         (arr[pivot], arr[last]) = (arr[last], arr[pivot])
- 96:         return pivot
+ 89:     @staticmethod@classmethod
+ 90:     def partition(arr, first, last):
+ 91:         pivot = first
+ 92:         for pos in range(first, last):
+ 93:             if arr[pos] < arr[last]:
+ 94:                 (arr[pos], arr[pivot]) = (arr[pivot], arr[pos])
+ 95:                 pivot += 1
+ 96:         (arr[pivot], arr[last]) = (arr[last], arr[pivot])
+ 97:         return pivot
--------------------------------------------------------------------------------
[2.44985 s] survived
   - [#  18] COI sort1: 
--------------------------------------------------------------------------------
  13:         for i in range(len(arr)):
  14:             minimum = i
  15:             for j in range(i + 1, len(arr)):
  16:                 
- 17:                 if arr[j] < arr[minimum]:
+ 17:                 if not (arr[j] < arr[minimum]):
  18:                     minimum = j
  19:             
  20:             (arr[minimum], arr[i]) = (arr[i], arr[minimum])
  21:         return arr
--------------------------------------------------------------------------------
[2.38112 s] survived
   - [#  19] COI sort1: 
--------------------------------------------------------------------------------
  27:         '''
  28:         for i in range(len(arr)):
  29:             cursor = arr[i]
  30:             pos = i
- 31:             while (pos > 0 and arr[pos - 1] > cursor):
+ 31:             while not ((pos > 0 and arr[pos - 1] > cursor)):
  32:                 
  33:                 arr[pos] = arr[pos - 1]
  34:                 pos = pos - 1
  35:             
--------------------------------------------------------------------------------
[2.72824 s] killed by RANDOM/test_sort1_RANDOM.py::test_case_138

def test_case_138():
        set_0 = set()
        list_0 = [set_0]
        list_1 = []
        sort_0 = module_0.Sort(*list_1)
        var_0 = sort_0.selection_sort(list_0)
        set_1 = set()
        sort_1 = module_0.Sort()
        var_1 = sort_1.quick_sort(set_1, set_1, set_1)
        sort_2 = module_0.Sort()
        sort_3 = module_0.Sort()
        sort_4 = module_0.Sort()
        bool_0 = True
        tuple_0 = (bool_0,)
        var_2 = sort_4.merge_sort(tuple_0)
        var_3 = sort_3.merge_sort(tuple_0)
        sort_5 = module_0.Sort()
        var_4 = sort_3.merge_sort(var_3)
        int_0 = 16
        sort_6 = module_0.Sort()
        var_5 = sort_6.quick_sort(int_0, int_0, int_0)
        sort_7 = module_0.Sort()
        sort_8 = module_0.Sort()
        sort_9 = module_0.Sort()
        bool_1 = True
        tuple_1 = (bool_1,)
        var_6 = sort_9.merge_sort(tuple_1)
        var_7 = sort_8.merge_sort(tuple_1)
        sort_10 = module_0.Sort()
        sort_11 = module_0.Sort()
        sort_12 = module_0.Sort()
        sort_13 = module_0.Sort()
        sort_14 = module_0.Sort()
        sort_15 = module_0.Sort()
        sort_16 = module_0.Sort()
        sort_17 = module_0.Sort()
>       var_8 = sort_9.insertion_sort(var_0)

RANDOM/test_sort1_RANDOM.py:3808: 
_ _ _ _ _ _ _ _ _ _ _ _ _ _ _ _ _ _ _ _ _ _ _ _ _ _ _ _ _ _ _ _ _ _ _ _ _ _ _ _ 

arr = [set()]

>   ???
E   IndexError: list index out of range

sort1:33: IndexError
   - [#  20] COI sort1: 
--------------------------------------------------------------------------------
  43:         '''
  44:         size = len(arr)
  45:         half = size // 2
  46:         
- 47:         if size <= 1:
+ 47:         if not (size <= 1):
  48:             return arr
  49:         
  50:         (left, right) = (Sort.merge_sort(arr[half:]), Sort.merge_sort(arr[:half]))
  51:         
--------------------------------------------------------------------------------
[2.59682 s] killed by RANDOM/test_sort1_RANDOM.py::test_case_8

def test_case_8():
        sort_0 = module_0.Sort()
        sort_1 = module_0.Sort()
        sort_2 = module_0.Sort()
        bool_0 = True
        tuple_0 = (bool_0,)
>       var_0 = sort_2.merge_sort(tuple_0)

RANDOM/test_sort1_RANDOM.py:94: 
_ _ _ _ _ _ _ _ _ _ _ _ _ _ _ _ _ _ _ _ _ _ _ _ _ _ _ _ _ _ _ _ _ _ _ _ _ _ _ _ 
sort1:50: in merge_sort
    ???
sort1:50: in merge_sort
    ???
E   RecursionError: maximum recursion depth exceeded while calling a Python object
!!! Recursion detected (same locals & position)
   - [#  21] COI sort1: 
--------------------------------------------------------------------------------
  58:             Complexity: O(n)
  59:         '''
  60:         arr = []
  61:         (left_cursor, right_cursor) = (0, 0)
- 62:         while (left_cursor < len(left) and right_cursor < len(right)):
+ 62:         while not ((left_cursor < len(left) and right_cursor < len(right))):
  63:             
  64:             if left[left_cursor] <= right[right_cursor]:
  65:                 arr.append(left[left_cursor])
  66:                 left_cursor += 1
--------------------------------------------------------------------------------
[2.76945 s] killed by RANDOM/test_sort1_RANDOM.py::test_case_214

def test_case_214():
        sort_0 = module_0.Sort()
        sort_1 = module_0.Sort()
        sort_2 = module_0.Sort()
        bool_0 = True
        tuple_0 = (bool_0,)
        var_0 = sort_2.merge_sort(tuple_0)
        var_1 = sort_1.merge_sort(tuple_0)
        sort_3 = module_0.Sort()
        dict_0 = {}
        sort_4 = module_0.Sort(**dict_0)
        sort_5 = module_0.Sort()
        sort_6 = module_0.Sort()
        sort_7 = module_0.Sort()
>       var_2 = sort_6.merge(dict_0, var_1)

RANDOM/test_sort1_RANDOM.py:6178: 
_ _ _ _ _ _ _ _ _ _ _ _ _ _ _ _ _ _ _ _ _ _ _ _ _ _ _ _ _ _ _ _ _ _ _ _ _ _ _ _ 

left = {}, right = (True,)

>   ???
E   KeyError: 0

sort1:64: KeyError
   - [#  22] COI sort1: 
--------------------------------------------------------------------------------
  60:         arr = []
  61:         (left_cursor, right_cursor) = (0, 0)
  62:         while (left_cursor < len(left) and right_cursor < len(right)):
  63:             
- 64:             if left[left_cursor] <= right[right_cursor]:
+ 64:             if not (left[left_cursor] <= right[right_cursor]):
  65:                 arr.append(left[left_cursor])
  66:                 left_cursor += 1
  67:             else:
  68:                 arr.append(right[right_cursor])
--------------------------------------------------------------------------------
[2.43854 s] survived
   - [#  23] COI sort1: 
--------------------------------------------------------------------------------
  67:             else:
  68:                 arr.append(right[right_cursor])
  69:                 right_cursor += 1
  70:         
- 71:         if left:
+ 71:         if not left:
  72:             arr.extend(left[left_cursor:])
  73:         if right:
  74:             arr.extend(right[right_cursor:])
  75:         return arr
--------------------------------------------------------------------------------
[2.87315 s] incompetent

TypeError: sort1:72: TypeError: unhashable type: 'slice'

   - [#  24] COI sort1: 
--------------------------------------------------------------------------------
  69:                 right_cursor += 1
  70:         
  71:         if left:
  72:             arr.extend(left[left_cursor:])
- 73:         if right:
+ 73:         if not right:
  74:             arr.extend(right[right_cursor:])
  75:         return arr
  76:     
  77:     
--------------------------------------------------------------------------------
[2.88051 s] incompetent

TypeError: sort1:74: TypeError: 'set' object is not subscriptable

   - [#  25] COI sort1: 
--------------------------------------------------------------------------------
  78:     @staticmethod
  79:     def quick_sort(arr, first, last):''' Quicksort
  80:             Complexity: O(n log(n))
  81:         '''
- 82:         if first < last:
+ 82:         if not (first < last):
  83:             pos = Sort.partition(arr, first, last)
  84:             
  85:             Sort.quick_sort(arr, first, pos - 1)
  86:             Sort.quick_sort(arr, pos + 1, last)
--------------------------------------------------------------------------------
[2.66530 s] incompetent

TypeError: sort1:95: TypeError: 'Sort' object is not subscriptable

   - [#  26] COI sort1: 
--------------------------------------------------------------------------------
  88:     
  89:     @staticmethod
  90:     def partition(arr, first, last):pivot = first
  91:         for pos in range(first, last):
- 92:             if arr[pos] < arr[last]:
+ 92:             if not (arr[pos] < arr[last]):
  93:                 (arr[pos], arr[pivot]) = (arr[pivot], arr[pos])
  94:                 pivot += 1
  95:         (arr[pivot], arr[last]) = (arr[last], arr[pivot])
  96:         return pivot
--------------------------------------------------------------------------------
[2.46748 s] survived
   - [#  27] CRP sort1: 
--------------------------------------------------------------------------------
  11:             Complexity: O(n^2)
  12:         '''
  13:         for i in range(len(arr)):
  14:             minimum = i
- 15:             for j in range(i + 1, len(arr)):
+ 15:             for j in range(i + 2, len(arr)):
  16:                 
  17:                 if arr[j] < arr[minimum]:
  18:                     minimum = j
  19:             
--------------------------------------------------------------------------------
[2.47640 s] survived
   - [#  28] CRP sort1: 
--------------------------------------------------------------------------------
  27:         '''
  28:         for i in range(len(arr)):
  29:             cursor = arr[i]
  30:             pos = i
- 31:             while (pos > 0 and arr[pos - 1] > cursor):
+ 31:             while (pos > 1 and arr[pos - 1] > cursor):
  32:                 
  33:                 arr[pos] = arr[pos - 1]
  34:                 pos = pos - 1
  35:             
--------------------------------------------------------------------------------
[2.48029 s] survived
   - [#  29] CRP sort1: 
--------------------------------------------------------------------------------
  27:         '''
  28:         for i in range(len(arr)):
  29:             cursor = arr[i]
  30:             pos = i
- 31:             while (pos > 0 and arr[pos - 1] > cursor):
+ 31:             while (pos > 0 and arr[pos - 2] > cursor):
  32:                 
  33:                 arr[pos] = arr[pos - 1]
  34:                 pos = pos - 1
  35:             
--------------------------------------------------------------------------------
[2.46223 s] survived
   - [#  30] CRP sort1: 
--------------------------------------------------------------------------------
  29:             cursor = arr[i]
  30:             pos = i
  31:             while (pos > 0 and arr[pos - 1] > cursor):
  32:                 
- 33:                 arr[pos] = arr[pos - 1]
+ 33:                 arr[pos] = arr[pos - 2]
  34:                 pos = pos - 1
  35:             
  36:             arr[pos] = cursor
  37:         return arr
--------------------------------------------------------------------------------
[2.45178 s] survived
   - [#  31] CRP sort1: 
--------------------------------------------------------------------------------
  30:             pos = i
  31:             while (pos > 0 and arr[pos - 1] > cursor):
  32:                 
  33:                 arr[pos] = arr[pos - 1]
- 34:                 pos = pos - 1
+ 34:                 pos = pos - 2
  35:             
  36:             arr[pos] = cursor
  37:         return arr
  38:     
--------------------------------------------------------------------------------
[2.43961 s] survived
   - [#  32] CRP sort1: 
--------------------------------------------------------------------------------
  41:     def merge_sort(arr):''' Merge Sort
  42:             Complexity: O(n log(n))
  43:         '''
  44:         size = len(arr)
- 45:         half = size // 2
+ 45:         half = size // 3
  46:         
  47:         if size <= 1:
  48:             return arr
  49:         
--------------------------------------------------------------------------------
[2.85145 s] killed by RANDOM/test_sort1_RANDOM.py::test_case_171

def test_case_171():
        sort_0 = module_0.Sort()
        sort_1 = module_0.Sort()
        sort_2 = module_0.Sort()
        sort_3 = module_0.Sort()
        sort_4 = module_0.Sort()
        sort_5 = module_0.Sort()
        sort_6 = module_0.Sort()
        sort_7 = module_0.Sort()
        sort_8 = module_0.Sort()
        sort_9 = module_0.Sort()
        sort_10 = module_0.Sort()
        bool_0 = True
        tuple_0 = (bool_0,)
        var_0 = sort_10.merge_sort(tuple_0)
        var_1 = sort_9.merge_sort(tuple_0)
        var_2 = sort_10.merge_sort(var_1)
        sort_11 = module_0.Sort()
        sort_12 = module_0.Sort()
        dict_0 = {sort_11: sort_12}
        var_3 = sort_12.merge_sort(dict_0)
        bytes_0 = b'F@\xce\x90?\xe8\xff\x03\x9f\xab\x83\xec\xb2'
>       var_4 = sort_0.merge_sort(bytes_0)

RANDOM/test_sort1_RANDOM.py:4819: 
_ _ _ _ _ _ _ _ _ _ _ _ _ _ _ _ _ _ _ _ _ _ _ _ _ _ _ _ _ _ _ _ _ _ _ _ _ _ _ _ 
sort1:50: in merge_sort
    ???
sort1:50: in merge_sort
    ???
sort1:50: in merge_sort
    ???
sort1:50: in merge_sort
    ???
sort1:50: in merge_sort
    ???
sort1:50: in merge_sort
    ???
sort1:50: in merge_sort
    ???
E   RecursionError: maximum recursion depth exceeded while calling a Python object
!!! Recursion detected (same locals & position)
   - [#  33] CRP sort1: 
--------------------------------------------------------------------------------
  43:         '''
  44:         size = len(arr)
  45:         half = size // 2
  46:         
- 47:         if size <= 1:
+ 47:         if size <= 2:
  48:             return arr
  49:         
  50:         (left, right) = (Sort.merge_sort(arr[half:]), Sort.merge_sort(arr[:half]))
  51:         
--------------------------------------------------------------------------------
[2.44145 s] survived
   - [#  34] CRP sort1: 
--------------------------------------------------------------------------------
  57:     def merge(left, right):''' Merge helper
  58:             Complexity: O(n)
  59:         '''
  60:         arr = []
- 61:         (left_cursor, right_cursor) = (0, 0)
+ 61:         (left_cursor, right_cursor) = (1, 0)
  62:         while (left_cursor < len(left) and right_cursor < len(right)):
  63:             
  64:             if left[left_cursor] <= right[right_cursor]:
  65:                 arr.append(left[left_cursor])
--------------------------------------------------------------------------------
[2.45322 s] survived
   - [#  35] CRP sort1: 
--------------------------------------------------------------------------------
  57:     def merge(left, right):''' Merge helper
  58:             Complexity: O(n)
  59:         '''
  60:         arr = []
- 61:         (left_cursor, right_cursor) = (0, 0)
+ 61:         (left_cursor, right_cursor) = (0, 1)
  62:         while (left_cursor < len(left) and right_cursor < len(right)):
  63:             
  64:             if left[left_cursor] <= right[right_cursor]:
  65:                 arr.append(left[left_cursor])
--------------------------------------------------------------------------------
[2.46108 s] survived
   - [#  36] CRP sort1: 
--------------------------------------------------------------------------------
  62:         while (left_cursor < len(left) and right_cursor < len(right)):
  63:             
  64:             if left[left_cursor] <= right[right_cursor]:
  65:                 arr.append(left[left_cursor])
- 66:                 left_cursor += 1
+ 66:                 left_cursor += 2
  67:             else:
  68:                 arr.append(right[right_cursor])
  69:                 right_cursor += 1
  70:         
--------------------------------------------------------------------------------
[2.44745 s] survived
   - [#  37] CRP sort1: 
--------------------------------------------------------------------------------
  65:                 arr.append(left[left_cursor])
  66:                 left_cursor += 1
  67:             else:
  68:                 arr.append(right[right_cursor])
- 69:                 right_cursor += 1
+ 69:                 right_cursor += 2
  70:         
  71:         if left:
  72:             arr.extend(left[left_cursor:])
  73:         if right:
--------------------------------------------------------------------------------
[2.52859 s] survived
   - [#  38] CRP sort1: 
--------------------------------------------------------------------------------
  81:         '''
  82:         if first < last:
  83:             pos = Sort.partition(arr, first, last)
  84:             
- 85:             Sort.quick_sort(arr, first, pos - 1)
+ 85:             Sort.quick_sort(arr, first, pos - 2)
  86:             Sort.quick_sort(arr, pos + 1, last)
  87:     
  88:     
  89:     @staticmethod
--------------------------------------------------------------------------------
[2.46762 s] survived
   - [#  39] CRP sort1: 
--------------------------------------------------------------------------------
  82:         if first < last:
  83:             pos = Sort.partition(arr, first, last)
  84:             
  85:             Sort.quick_sort(arr, first, pos - 1)
- 86:             Sort.quick_sort(arr, pos + 1, last)
+ 86:             Sort.quick_sort(arr, pos + 2, last)
  87:     
  88:     
  89:     @staticmethod
  90:     def partition(arr, first, last):pivot = first
--------------------------------------------------------------------------------
[2.43259 s] survived
   - [#  40] CRP sort1: 
--------------------------------------------------------------------------------
  90:     def partition(arr, first, last):pivot = first
  91:         for pos in range(first, last):
  92:             if arr[pos] < arr[last]:
  93:                 (arr[pos], arr[pivot]) = (arr[pivot], arr[pos])
- 94:                 pivot += 1
+ 94:                 pivot += 2
  95:         (arr[pivot], arr[last]) = (arr[last], arr[pivot])
  96:         return pivot
--------------------------------------------------------------------------------
[2.49130 s] survived
   - [#  41] DDL sort1: 
--------------------------------------------------------------------------------
   5: 
   6: 
   7: class Sort:
   8:     
-  9:     @staticmethod
- 10:     def selection_sort(arr):''' Selection Sort
+  9:     def selection_sort(arr):
+ 10:         ''' Selection Sort
  11:             Complexity: O(n^2)
  12:         '''
  13:         for i in range(len(arr)):
  14:             minimum = i
--------------------------------------------------------------------------------
[2.89367 s] incompetent

TypeError: /home/auri/temp/lucca/python_experiments/sort1/RANDOM/test_sort1_RANDOM.py:2415: TypeError: Sort.selection_sort() takes 1 positional argument but 2 were given

   - [#  42] DDL sort1: 
--------------------------------------------------------------------------------
  20:             (arr[minimum], arr[i]) = (arr[i], arr[minimum])
  21:         return arr
  22:     
  23:     
- 24:     @staticmethod
- 25:     def insertion_sort(arr):''' Insertion Sort
+ 24:     def insertion_sort(arr):
+ 25:         ''' Insertion Sort
  26:             Complexity: O(n^2)
  27:         '''
  28:         for i in range(len(arr)):
  29:             cursor = arr[i]
--------------------------------------------------------------------------------
[2.83723 s] incompetent

TypeError: /home/auri/temp/lucca/python_experiments/sort1/RANDOM/test_sort1_RANDOM.py:2352: TypeError: Sort.insertion_sort() takes 1 positional argument but 2 were given

   - [#  43] DDL sort1: 
--------------------------------------------------------------------------------
  36:             arr[pos] = cursor
  37:         return arr
  38:     
  39:     
- 40:     @staticmethod
- 41:     def merge_sort(arr):''' Merge Sort
+ 40:     def merge_sort(arr):
+ 41:         ''' Merge Sort
  42:             Complexity: O(n log(n))
  43:         '''
  44:         size = len(arr)
  45:         half = size // 2
--------------------------------------------------------------------------------
[2.71188 s] incompetent

TypeError: /home/auri/temp/lucca/python_experiments/sort1/RANDOM/test_sort1_RANDOM.py:94: TypeError: Sort.merge_sort() takes 1 positional argument but 2 were given

   - [#  44] DDL sort1: 
--------------------------------------------------------------------------------
  52:         
  53:         return Sort.merge(left, right)
  54:     
  55:     
- 56:     @staticmethod
- 57:     def merge(left, right):''' Merge helper
+ 56:     def merge(left, right):
+ 57:         ''' Merge helper
  58:             Complexity: O(n)
  59:         '''
  60:         arr = []
  61:         (left_cursor, right_cursor) = (0, 0)
--------------------------------------------------------------------------------
[2.67608 s] incompetent

TypeError: /home/auri/temp/lucca/python_experiments/sort1/RANDOM/test_sort1_RANDOM.py:521: TypeError: Sort.merge() takes 2 positional arguments but 3 were given

   - [#  45] DDL sort1: 
--------------------------------------------------------------------------------
  74:             arr.extend(right[right_cursor:])
  75:         return arr
  76:     
  77:     
- 78:     @staticmethod
- 79:     def quick_sort(arr, first, last):''' Quicksort
+ 78:     def quick_sort(arr, first, last):
+ 79:         ''' Quicksort
  80:             Complexity: O(n log(n))
  81:         '''
  82:         if first < last:
  83:             pos = Sort.partition(arr, first, last)
--------------------------------------------------------------------------------
[2.67238 s] incompetent

TypeError: /home/auri/temp/lucca/python_experiments/sort1/RANDOM/test_sort1_RANDOM.py:348: TypeError: Sort.quick_sort() takes 3 positional arguments but 4 were given

   - [#  46] DDL sort1: 
--------------------------------------------------------------------------------
  85:             Sort.quick_sort(arr, first, pos - 1)
  86:             Sort.quick_sort(arr, pos + 1, last)
  87:     
  88:     
- 89:     @staticmethod
- 90:     def partition(arr, first, last):pivot = first
+ 89:     def partition(arr, first, last):
+ 90:         pivot = first
  91:         for pos in range(first, last):
  92:             if arr[pos] < arr[last]:
  93:                 (arr[pos], arr[pivot]) = (arr[pivot], arr[pos])
  94:                 pivot += 1
--------------------------------------------------------------------------------
[2.46680 s] survived
   - [#  47] LCR sort1: 
--------------------------------------------------------------------------------
  27:         '''
  28:         for i in range(len(arr)):
  29:             cursor = arr[i]
  30:             pos = i
- 31:             while (pos > 0 and arr[pos - 1] > cursor):
+ 31:             while (pos > 0 or arr[pos - 1] > cursor):
  32:                 
  33:                 arr[pos] = arr[pos - 1]
  34:                 pos = pos - 1
  35:             
--------------------------------------------------------------------------------
[2.45913 s] survived
   - [#  48] LCR sort1: 
--------------------------------------------------------------------------------
  58:             Complexity: O(n)
  59:         '''
  60:         arr = []
  61:         (left_cursor, right_cursor) = (0, 0)
- 62:         while (left_cursor < len(left) and right_cursor < len(right)):
+ 62:         while (left_cursor < len(left) or right_cursor < len(right)):
  63:             
  64:             if left[left_cursor] <= right[right_cursor]:
  65:                 arr.append(left[left_cursor])
  66:                 left_cursor += 1
--------------------------------------------------------------------------------
[2.59622 s] killed by RANDOM/test_sort1_RANDOM.py::test_case_31

def test_case_31():
        sort_0 = module_0.Sort()
        sort_1 = module_0.Sort()
        sort_2 = module_0.Sort()
        sort_3 = module_0.Sort()
        sort_4 = module_0.Sort()
        sort_5 = module_0.Sort()
        bool_0 = True
        tuple_0 = (bool_0,)
        var_0 = sort_5.merge_sort(tuple_0)
        sort_6 = module_0.Sort()
        sort_7 = module_0.Sort()
        sort_8 = module_0.Sort()
        sort_9 = module_0.Sort()
        sort_10 = module_0.Sort()
>       var_1 = sort_3.merge(var_0, var_0)

RANDOM/test_sort1_RANDOM.py:521: 
_ _ _ _ _ _ _ _ _ _ _ _ _ _ _ _ _ _ _ _ _ _ _ _ _ _ _ _ _ _ _ _ _ _ _ _ _ _ _ _ 

left = (True,), right = (True,)

>   ???
E   IndexError: tuple index out of range

sort1:64: IndexError
   - [#  49] OIL sort1: 
--------------------------------------------------------------------------------
  17:                 if arr[j] < arr[minimum]:
  18:                     minimum = j
  19:             
  20:             (arr[minimum], arr[i]) = (arr[i], arr[minimum])
- 21:         return arr
- 22:     
+ 21:             break
+ 22:         return arr
  23:     
  24:     @staticmethod
  25:     def insertion_sort(arr):''' Insertion Sort
  26:             Complexity: O(n^2)
--------------------------------------------------------------------------------
[2.46722 s] survived
   - [#  50] OIL sort1: 
--------------------------------------------------------------------------------
  15:             for j in range(i + 1, len(arr)):
  16:                 
  17:                 if arr[j] < arr[minimum]:
  18:                     minimum = j
- 19:             
+ 19:                 break
  20:             (arr[minimum], arr[i]) = (arr[i], arr[minimum])
  21:         return arr
  22:     
  23:     
--------------------------------------------------------------------------------
[2.46886 s] survived
   - [#  51] OIL sort1: 
--------------------------------------------------------------------------------
  33:                 arr[pos] = arr[pos - 1]
  34:                 pos = pos - 1
  35:             
  36:             arr[pos] = cursor
- 37:         return arr
- 38:     
+ 37:             break
+ 38:         return arr
  39:     
  40:     @staticmethod
  41:     def merge_sort(arr):''' Merge Sort
  42:             Complexity: O(n log(n))
--------------------------------------------------------------------------------
[2.45640 s] survived
   - [#  52] OIL sort1: 
--------------------------------------------------------------------------------
  31:             while (pos > 0 and arr[pos - 1] > cursor):
  32:                 
  33:                 arr[pos] = arr[pos - 1]
  34:                 pos = pos - 1
- 35:             
+ 35:                 break
  36:             arr[pos] = cursor
  37:         return arr
  38:     
  39:     
--------------------------------------------------------------------------------
[2.46126 s] survived
   - [#  53] OIL sort1: 
--------------------------------------------------------------------------------
  65:                 arr.append(left[left_cursor])
  66:                 left_cursor += 1
  67:             else:
  68:                 arr.append(right[right_cursor])
- 69:                 right_cursor += 1
+ 69:                 right_cursor += 1break
  70:         
  71:         if left:
  72:             arr.extend(left[left_cursor:])
  73:         if right:
--------------------------------------------------------------------------------
[2.44569 s] survived
   - [#  54] OIL sort1: 
--------------------------------------------------------------------------------
  91:         for pos in range(first, last):
  92:             if arr[pos] < arr[last]:
  93:                 (arr[pos], arr[pivot]) = (arr[pivot], arr[pos])
  94:                 pivot += 1
- 95:         (arr[pivot], arr[last]) = (arr[last], arr[pivot])
- 96:         return pivot
+ 95:             break
+ 96:         (arr[pivot], arr[last]) = (arr[last], arr[pivot])
+ 97:         return pivot
--------------------------------------------------------------------------------
[2.46749 s] survived
   - [#  55] RIL sort1: 
--------------------------------------------------------------------------------
   9:     @staticmethod
  10:     def selection_sort(arr):''' Selection Sort
  11:             Complexity: O(n^2)
  12:         '''
- 13:         for i in range(len(arr)):
+ 13:         for i in reversed(range(len(arr))):
  14:             minimum = i
  15:             for j in range(i + 1, len(arr)):
  16:                 
  17:                 if arr[j] < arr[minimum]:
--------------------------------------------------------------------------------
[2.45567 s] survived
   - [#  56] RIL sort1: 
--------------------------------------------------------------------------------
  11:             Complexity: O(n^2)
  12:         '''
  13:         for i in range(len(arr)):
  14:             minimum = i
- 15:             for j in range(i + 1, len(arr)):
+ 15:             for j in reversed(range(i + 1, len(arr))):
  16:                 
  17:                 if arr[j] < arr[minimum]:
  18:                     minimum = j
  19:             
--------------------------------------------------------------------------------
[2.37641 s] survived
   - [#  57] RIL sort1: 
--------------------------------------------------------------------------------
  24:     @staticmethod
  25:     def insertion_sort(arr):''' Insertion Sort
  26:             Complexity: O(n^2)
  27:         '''
- 28:         for i in range(len(arr)):
+ 28:         for i in reversed(range(len(arr))):
  29:             cursor = arr[i]
  30:             pos = i
  31:             while (pos > 0 and arr[pos - 1] > cursor):
  32:                 
--------------------------------------------------------------------------------
[2.39422 s] survived
   - [#  58] RIL sort1: 
--------------------------------------------------------------------------------
  87:     
  88:     
  89:     @staticmethod
  90:     def partition(arr, first, last):pivot = first
- 91:         for pos in range(first, last):
+ 91:         for pos in reversed(range(first, last)):
  92:             if arr[pos] < arr[last]:
  93:                 (arr[pos], arr[pivot]) = (arr[pivot], arr[pos])
  94:                 pivot += 1
  95:         (arr[pivot], arr[last]) = (arr[last], arr[pivot])
--------------------------------------------------------------------------------
[2.63442 s] survived
   - [#  59] ROR sort1: 
--------------------------------------------------------------------------------
  13:         for i in range(len(arr)):
  14:             minimum = i
  15:             for j in range(i + 1, len(arr)):
  16:                 
- 17:                 if arr[j] < arr[minimum]:
+ 17:                 if arr[j] > arr[minimum]:
  18:                     minimum = j
  19:             
  20:             (arr[minimum], arr[i]) = (arr[i], arr[minimum])
  21:         return arr
--------------------------------------------------------------------------------
[2.47847 s] survived
   - [#  60] ROR sort1: 
--------------------------------------------------------------------------------
  13:         for i in range(len(arr)):
  14:             minimum = i
  15:             for j in range(i + 1, len(arr)):
  16:                 
- 17:                 if arr[j] < arr[minimum]:
+ 17:                 if arr[j] <= arr[minimum]:
  18:                     minimum = j
  19:             
  20:             (arr[minimum], arr[i]) = (arr[i], arr[minimum])
  21:         return arr
--------------------------------------------------------------------------------
[2.45810 s] survived
   - [#  61] ROR sort1: 
--------------------------------------------------------------------------------
  27:         '''
  28:         for i in range(len(arr)):
  29:             cursor = arr[i]
  30:             pos = i
- 31:             while (pos > 0 and arr[pos - 1] > cursor):
+ 31:             while (pos < 0 and arr[pos - 1] > cursor):
  32:                 
  33:                 arr[pos] = arr[pos - 1]
  34:                 pos = pos - 1
  35:             
--------------------------------------------------------------------------------
[2.44070 s] survived
   - [#  62] ROR sort1: 
--------------------------------------------------------------------------------
  27:         '''
  28:         for i in range(len(arr)):
  29:             cursor = arr[i]
  30:             pos = i
- 31:             while (pos > 0 and arr[pos - 1] > cursor):
+ 31:             while (pos >= 0 and arr[pos - 1] > cursor):
  32:                 
  33:                 arr[pos] = arr[pos - 1]
  34:                 pos = pos - 1
  35:             
--------------------------------------------------------------------------------
[2.41509 s] survived
   - [#  63] ROR sort1: 
--------------------------------------------------------------------------------
  27:         '''
  28:         for i in range(len(arr)):
  29:             cursor = arr[i]
  30:             pos = i
- 31:             while (pos > 0 and arr[pos - 1] > cursor):
+ 31:             while (pos > 0 and arr[pos - 1] < cursor):
  32:                 
  33:                 arr[pos] = arr[pos - 1]
  34:                 pos = pos - 1
  35:             
--------------------------------------------------------------------------------
[2.46305 s] survived
   - [#  64] ROR sort1: 
--------------------------------------------------------------------------------
  27:         '''
  28:         for i in range(len(arr)):
  29:             cursor = arr[i]
  30:             pos = i
- 31:             while (pos > 0 and arr[pos - 1] > cursor):
+ 31:             while (pos > 0 and arr[pos - 1] >= cursor):
  32:                 
  33:                 arr[pos] = arr[pos - 1]
  34:                 pos = pos - 1
  35:             
--------------------------------------------------------------------------------
[2.45887 s] survived
   - [#  65] ROR sort1: 
--------------------------------------------------------------------------------
  43:         '''
  44:         size = len(arr)
  45:         half = size // 2
  46:         
- 47:         if size <= 1:
+ 47:         if size >= 1:
  48:             return arr
  49:         
  50:         (left, right) = (Sort.merge_sort(arr[half:]), Sort.merge_sort(arr[:half]))
  51:         
--------------------------------------------------------------------------------
[2.63364 s] killed by RANDOM/test_sort1_RANDOM.py::test_case_17

def test_case_17():
        sort_0 = module_0.Sort()
        sort_1 = module_0.Sort()
        sort_2 = module_0.Sort()
        sort_3 = module_0.Sort()
        sort_4 = module_0.Sort()
        sort_5 = module_0.Sort()
        sort_6 = module_0.Sort()
        sort_7 = module_0.Sort()
        sort_8 = module_0.Sort()
        sort_9 = module_0.Sort()
        sort_10 = module_0.Sort()
        sort_11 = module_0.Sort()
        sort_12 = module_0.Sort()
        sort_13 = module_0.Sort()
        bool_0 = True
        tuple_0 = (bool_0,)
        var_0 = sort_13.merge_sort(tuple_0)
        sort_14 = module_0.Sort()
        sort_15 = module_0.Sort()
        list_0 = []
>       var_1 = sort_4.merge_sort(list_0)

RANDOM/test_sort1_RANDOM.py:277: 
_ _ _ _ _ _ _ _ _ _ _ _ _ _ _ _ _ _ _ _ _ _ _ _ _ _ _ _ _ _ _ _ _ _ _ _ _ _ _ _ 
sort1:50: in merge_sort
    ???
sort1:50: in merge_sort
    ???
E   RecursionError: maximum recursion depth exceeded while calling a Python object
!!! Recursion detected (same locals & position)
   - [#  66] ROR sort1: 
--------------------------------------------------------------------------------
  43:         '''
  44:         size = len(arr)
  45:         half = size // 2
  46:         
- 47:         if size <= 1:
+ 47:         if size < 1:
  48:             return arr
  49:         
  50:         (left, right) = (Sort.merge_sort(arr[half:]), Sort.merge_sort(arr[:half]))
  51:         
--------------------------------------------------------------------------------
[2.59937 s] killed by RANDOM/test_sort1_RANDOM.py::test_case_8

def test_case_8():
        sort_0 = module_0.Sort()
        sort_1 = module_0.Sort()
        sort_2 = module_0.Sort()
        bool_0 = True
        tuple_0 = (bool_0,)
>       var_0 = sort_2.merge_sort(tuple_0)

RANDOM/test_sort1_RANDOM.py:94: 
_ _ _ _ _ _ _ _ _ _ _ _ _ _ _ _ _ _ _ _ _ _ _ _ _ _ _ _ _ _ _ _ _ _ _ _ _ _ _ _ 
sort1:50: in merge_sort
    ???
sort1:50: in merge_sort
    ???
E   RecursionError: maximum recursion depth exceeded while calling a Python object
!!! Recursion detected (same locals & position)
   - [#  67] ROR sort1: 
--------------------------------------------------------------------------------
  58:             Complexity: O(n)
  59:         '''
  60:         arr = []
  61:         (left_cursor, right_cursor) = (0, 0)
- 62:         while (left_cursor < len(left) and right_cursor < len(right)):
+ 62:         while (left_cursor > len(left) and right_cursor < len(right)):
  63:             
  64:             if left[left_cursor] <= right[right_cursor]:
  65:                 arr.append(left[left_cursor])
  66:                 left_cursor += 1
--------------------------------------------------------------------------------
[2.42370 s] survived
   - [#  68] ROR sort1: 
--------------------------------------------------------------------------------
  58:             Complexity: O(n)
  59:         '''
  60:         arr = []
  61:         (left_cursor, right_cursor) = (0, 0)
- 62:         while (left_cursor < len(left) and right_cursor < len(right)):
+ 62:         while (left_cursor <= len(left) and right_cursor < len(right)):
  63:             
  64:             if left[left_cursor] <= right[right_cursor]:
  65:                 arr.append(left[left_cursor])
  66:                 left_cursor += 1
--------------------------------------------------------------------------------
[2.68256 s] killed by RANDOM/test_sort1_RANDOM.py::test_case_31

def test_case_31():
        sort_0 = module_0.Sort()
        sort_1 = module_0.Sort()
        sort_2 = module_0.Sort()
        sort_3 = module_0.Sort()
        sort_4 = module_0.Sort()
        sort_5 = module_0.Sort()
        bool_0 = True
        tuple_0 = (bool_0,)
        var_0 = sort_5.merge_sort(tuple_0)
        sort_6 = module_0.Sort()
        sort_7 = module_0.Sort()
        sort_8 = module_0.Sort()
        sort_9 = module_0.Sort()
        sort_10 = module_0.Sort()
>       var_1 = sort_3.merge(var_0, var_0)

RANDOM/test_sort1_RANDOM.py:521: 
_ _ _ _ _ _ _ _ _ _ _ _ _ _ _ _ _ _ _ _ _ _ _ _ _ _ _ _ _ _ _ _ _ _ _ _ _ _ _ _ 

left = (True,), right = (True,)

>   ???
E   IndexError: tuple index out of range

sort1:64: IndexError
   - [#  69] ROR sort1: 
--------------------------------------------------------------------------------
  58:             Complexity: O(n)
  59:         '''
  60:         arr = []
  61:         (left_cursor, right_cursor) = (0, 0)
- 62:         while (left_cursor < len(left) and right_cursor < len(right)):
+ 62:         while (left_cursor < len(left) and right_cursor > len(right)):
  63:             
  64:             if left[left_cursor] <= right[right_cursor]:
  65:                 arr.append(left[left_cursor])
  66:                 left_cursor += 1
--------------------------------------------------------------------------------
[2.44872 s] survived
   - [#  70] ROR sort1: 
--------------------------------------------------------------------------------
  58:             Complexity: O(n)
  59:         '''
  60:         arr = []
  61:         (left_cursor, right_cursor) = (0, 0)
- 62:         while (left_cursor < len(left) and right_cursor < len(right)):
+ 62:         while (left_cursor < len(left) and right_cursor <= len(right)):
  63:             
  64:             if left[left_cursor] <= right[right_cursor]:
  65:                 arr.append(left[left_cursor])
  66:                 left_cursor += 1
--------------------------------------------------------------------------------
[2.80464 s] killed by RANDOM/test_sort1_RANDOM.py::test_case_171

def test_case_171():
        sort_0 = module_0.Sort()
        sort_1 = module_0.Sort()
        sort_2 = module_0.Sort()
        sort_3 = module_0.Sort()
        sort_4 = module_0.Sort()
        sort_5 = module_0.Sort()
        sort_6 = module_0.Sort()
        sort_7 = module_0.Sort()
        sort_8 = module_0.Sort()
        sort_9 = module_0.Sort()
        sort_10 = module_0.Sort()
        bool_0 = True
        tuple_0 = (bool_0,)
        var_0 = sort_10.merge_sort(tuple_0)
        var_1 = sort_9.merge_sort(tuple_0)
        var_2 = sort_10.merge_sort(var_1)
        sort_11 = module_0.Sort()
        sort_12 = module_0.Sort()
        dict_0 = {sort_11: sort_12}
        var_3 = sort_12.merge_sort(dict_0)
        bytes_0 = b'F@\xce\x90?\xe8\xff\x03\x9f\xab\x83\xec\xb2'
>       var_4 = sort_0.merge_sort(bytes_0)

RANDOM/test_sort1_RANDOM.py:4819: 
_ _ _ _ _ _ _ _ _ _ _ _ _ _ _ _ _ _ _ _ _ _ _ _ _ _ _ _ _ _ _ _ _ _ _ _ _ _ _ _ 
sort1:50: in merge_sort
    ???
sort1:50: in merge_sort
    ???
sort1:53: in merge_sort
    ???
_ _ _ _ _ _ _ _ _ _ _ _ _ _ _ _ _ _ _ _ _ _ _ _ _ _ _ _ _ _ _ _ _ _ _ _ _ _ _ _ 

left = [178, 236], right = [131, 171]

>   ???
E   IndexError: list index out of range

sort1:64: IndexError
   - [#  71] ROR sort1: 
--------------------------------------------------------------------------------
  60:         arr = []
  61:         (left_cursor, right_cursor) = (0, 0)
  62:         while (left_cursor < len(left) and right_cursor < len(right)):
  63:             
- 64:             if left[left_cursor] <= right[right_cursor]:
+ 64:             if left[left_cursor] >= right[right_cursor]:
  65:                 arr.append(left[left_cursor])
  66:                 left_cursor += 1
  67:             else:
  68:                 arr.append(right[right_cursor])
--------------------------------------------------------------------------------
[2.57274 s] survived
   - [#  72] ROR sort1: 
--------------------------------------------------------------------------------
  60:         arr = []
  61:         (left_cursor, right_cursor) = (0, 0)
  62:         while (left_cursor < len(left) and right_cursor < len(right)):
  63:             
- 64:             if left[left_cursor] <= right[right_cursor]:
+ 64:             if left[left_cursor] < right[right_cursor]:
  65:                 arr.append(left[left_cursor])
  66:                 left_cursor += 1
  67:             else:
  68:                 arr.append(right[right_cursor])
--------------------------------------------------------------------------------
[2.48235 s] survived
   - [#  73] ROR sort1: 
--------------------------------------------------------------------------------
  78:     @staticmethod
  79:     def quick_sort(arr, first, last):''' Quicksort
  80:             Complexity: O(n log(n))
  81:         '''
- 82:         if first < last:
+ 82:         if first > last:
  83:             pos = Sort.partition(arr, first, last)
  84:             
  85:             Sort.quick_sort(arr, first, pos - 1)
  86:             Sort.quick_sort(arr, pos + 1, last)
--------------------------------------------------------------------------------
[2.64354 s] incompetent

TypeError: sort1:95: TypeError: 'Sort' object is not subscriptable

   - [#  74] ROR sort1: 
--------------------------------------------------------------------------------
  78:     @staticmethod
  79:     def quick_sort(arr, first, last):''' Quicksort
  80:             Complexity: O(n log(n))
  81:         '''
- 82:         if first < last:
+ 82:         if first <= last:
  83:             pos = Sort.partition(arr, first, last)
  84:             
  85:             Sort.quick_sort(arr, first, pos - 1)
  86:             Sort.quick_sort(arr, pos + 1, last)
--------------------------------------------------------------------------------
[2.62467 s] incompetent

TypeError: sort1:91: TypeError: 'float' object cannot be interpreted as an integer

   - [#  75] ROR sort1: 
--------------------------------------------------------------------------------
  88:     
  89:     @staticmethod
  90:     def partition(arr, first, last):pivot = first
  91:         for pos in range(first, last):
- 92:             if arr[pos] < arr[last]:
+ 92:             if arr[pos] > arr[last]:
  93:                 (arr[pos], arr[pivot]) = (arr[pivot], arr[pos])
  94:                 pivot += 1
  95:         (arr[pivot], arr[last]) = (arr[last], arr[pivot])
  96:         return pivot
--------------------------------------------------------------------------------
[2.42414 s] survived
   - [#  76] ROR sort1: 
--------------------------------------------------------------------------------
  88:     
  89:     @staticmethod
  90:     def partition(arr, first, last):pivot = first
  91:         for pos in range(first, last):
- 92:             if arr[pos] < arr[last]:
+ 92:             if arr[pos] <= arr[last]:
  93:                 (arr[pos], arr[pivot]) = (arr[pivot], arr[pos])
  94:                 pivot += 1
  95:         (arr[pivot], arr[last]) = (arr[last], arr[pivot])
  96:         return pivot
--------------------------------------------------------------------------------
[2.37725 s] survived
   - [#  77] SDL sort1: 
--------------------------------------------------------------------------------
  10:     def selection_sort(arr):''' Selection Sort
  11:             Complexity: O(n^2)
  12:         '''
  13:         for i in range(len(arr)):
- 14:             minimum = i
+ 14:             pass
  15:             for j in range(i + 1, len(arr)):
  16:                 
  17:                 if arr[j] < arr[minimum]:
  18:                     minimum = j
--------------------------------------------------------------------------------
[2.71461 s] killed by RANDOM/test_sort1_RANDOM.py::test_case_94

def test_case_94():
        set_0 = set()
        list_0 = [set_0]
        list_1 = []
        sort_0 = module_0.Sort(*list_1)
>       var_0 = sort_0.selection_sort(list_0)

RANDOM/test_sort1_RANDOM.py:2415: 
_ _ _ _ _ _ _ _ _ _ _ _ _ _ _ _ _ _ _ _ _ _ _ _ _ _ _ _ _ _ _ _ _ _ _ _ _ _ _ _ 

arr = [set()]

>   ???
E   UnboundLocalError: local variable 'minimum' referenced before assignment

sort1:20: UnboundLocalError
   - [#  78] SDL sort1: 
--------------------------------------------------------------------------------
  14:             minimum = i
  15:             for j in range(i + 1, len(arr)):
  16:                 
  17:                 if arr[j] < arr[minimum]:
- 18:                     minimum = j
+ 18:                     pass
  19:             
  20:             (arr[minimum], arr[i]) = (arr[i], arr[minimum])
  21:         return arr
  22:     
--------------------------------------------------------------------------------
[2.51994 s] survived
   - [#  79] SDL sort1: 
--------------------------------------------------------------------------------
  16:                 
  17:                 if arr[j] < arr[minimum]:
  18:                     minimum = j
  19:             
- 20:             (arr[minimum], arr[i]) = (arr[i], arr[minimum])
+ 20:             pass
  21:         return arr
  22:     
  23:     
  24:     @staticmethod
--------------------------------------------------------------------------------
[2.48181 s] survived
   - [#  80] SDL sort1: 
--------------------------------------------------------------------------------
  17:                 if arr[j] < arr[minimum]:
  18:                     minimum = j
  19:             
  20:             (arr[minimum], arr[i]) = (arr[i], arr[minimum])
- 21:         return arr
+ 21:         pass
  22:     
  23:     
  24:     @staticmethod
  25:     def insertion_sort(arr):''' Insertion Sort
--------------------------------------------------------------------------------
[2.76032 s] incompetent

TypeError: sort1:28: TypeError: object of type 'NoneType' has no len()

   - [#  81] SDL sort1: 
--------------------------------------------------------------------------------
  25:     def insertion_sort(arr):''' Insertion Sort
  26:             Complexity: O(n^2)
  27:         '''
  28:         for i in range(len(arr)):
- 29:             cursor = arr[i]
+ 29:             pass
  30:             pos = i
  31:             while (pos > 0 and arr[pos - 1] > cursor):
  32:                 
  33:                 arr[pos] = arr[pos - 1]
--------------------------------------------------------------------------------
[2.75144 s] killed by RANDOM/test_sort1_RANDOM.py::test_case_138

def test_case_138():
        set_0 = set()
        list_0 = [set_0]
        list_1 = []
        sort_0 = module_0.Sort(*list_1)
        var_0 = sort_0.selection_sort(list_0)
        set_1 = set()
        sort_1 = module_0.Sort()
        var_1 = sort_1.quick_sort(set_1, set_1, set_1)
        sort_2 = module_0.Sort()
        sort_3 = module_0.Sort()
        sort_4 = module_0.Sort()
        bool_0 = True
        tuple_0 = (bool_0,)
        var_2 = sort_4.merge_sort(tuple_0)
        var_3 = sort_3.merge_sort(tuple_0)
        sort_5 = module_0.Sort()
        var_4 = sort_3.merge_sort(var_3)
        int_0 = 16
        sort_6 = module_0.Sort()
        var_5 = sort_6.quick_sort(int_0, int_0, int_0)
        sort_7 = module_0.Sort()
        sort_8 = module_0.Sort()
        sort_9 = module_0.Sort()
        bool_1 = True
        tuple_1 = (bool_1,)
        var_6 = sort_9.merge_sort(tuple_1)
        var_7 = sort_8.merge_sort(tuple_1)
        sort_10 = module_0.Sort()
        sort_11 = module_0.Sort()
        sort_12 = module_0.Sort()
        sort_13 = module_0.Sort()
        sort_14 = module_0.Sort()
        sort_15 = module_0.Sort()
        sort_16 = module_0.Sort()
        sort_17 = module_0.Sort()
>       var_8 = sort_9.insertion_sort(var_0)

RANDOM/test_sort1_RANDOM.py:3808: 
_ _ _ _ _ _ _ _ _ _ _ _ _ _ _ _ _ _ _ _ _ _ _ _ _ _ _ _ _ _ _ _ _ _ _ _ _ _ _ _ 

arr = [set()]

>   ???
E   NameError: name 'cursor' is not defined

sort1:36: NameError
   - [#  82] SDL sort1: 
--------------------------------------------------------------------------------
  26:             Complexity: O(n^2)
  27:         '''
  28:         for i in range(len(arr)):
  29:             cursor = arr[i]
- 30:             pos = i
+ 30:             pass
  31:             while (pos > 0 and arr[pos - 1] > cursor):
  32:                 
  33:                 arr[pos] = arr[pos - 1]
  34:                 pos = pos - 1
--------------------------------------------------------------------------------
[2.79336 s] killed by RANDOM/test_sort1_RANDOM.py::test_case_138

def test_case_138():
        set_0 = set()
        list_0 = [set_0]
        list_1 = []
        sort_0 = module_0.Sort(*list_1)
        var_0 = sort_0.selection_sort(list_0)
        set_1 = set()
        sort_1 = module_0.Sort()
        var_1 = sort_1.quick_sort(set_1, set_1, set_1)
        sort_2 = module_0.Sort()
        sort_3 = module_0.Sort()
        sort_4 = module_0.Sort()
        bool_0 = True
        tuple_0 = (bool_0,)
        var_2 = sort_4.merge_sort(tuple_0)
        var_3 = sort_3.merge_sort(tuple_0)
        sort_5 = module_0.Sort()
        var_4 = sort_3.merge_sort(var_3)
        int_0 = 16
        sort_6 = module_0.Sort()
        var_5 = sort_6.quick_sort(int_0, int_0, int_0)
        sort_7 = module_0.Sort()
        sort_8 = module_0.Sort()
        sort_9 = module_0.Sort()
        bool_1 = True
        tuple_1 = (bool_1,)
        var_6 = sort_9.merge_sort(tuple_1)
        var_7 = sort_8.merge_sort(tuple_1)
        sort_10 = module_0.Sort()
        sort_11 = module_0.Sort()
        sort_12 = module_0.Sort()
        sort_13 = module_0.Sort()
        sort_14 = module_0.Sort()
        sort_15 = module_0.Sort()
        sort_16 = module_0.Sort()
        sort_17 = module_0.Sort()
>       var_8 = sort_9.insertion_sort(var_0)

RANDOM/test_sort1_RANDOM.py:3808: 
_ _ _ _ _ _ _ _ _ _ _ _ _ _ _ _ _ _ _ _ _ _ _ _ _ _ _ _ _ _ _ _ _ _ _ _ _ _ _ _ 

arr = [set()]

>   ???
E   UnboundLocalError: local variable 'pos' referenced before assignment

sort1:31: UnboundLocalError
   - [#  83] SDL sort1: 
--------------------------------------------------------------------------------
  29:             cursor = arr[i]
  30:             pos = i
  31:             while (pos > 0 and arr[pos - 1] > cursor):
  32:                 
- 33:                 arr[pos] = arr[pos - 1]
+ 33:                 pass
  34:                 pos = pos - 1
  35:             
  36:             arr[pos] = cursor
  37:         return arr
--------------------------------------------------------------------------------
[2.49003 s] survived
   - [#  84] SDL sort1: 
--------------------------------------------------------------------------------
  30:             pos = i
  31:             while (pos > 0 and arr[pos - 1] > cursor):
  32:                 
  33:                 arr[pos] = arr[pos - 1]
- 34:                 pos = pos - 1
+ 34:                 pass
  35:             
  36:             arr[pos] = cursor
  37:         return arr
  38:     
--------------------------------------------------------------------------------
[2.45221 s] survived
   - [#  85] SDL sort1: 
--------------------------------------------------------------------------------
  32:                 
  33:                 arr[pos] = arr[pos - 1]
  34:                 pos = pos - 1
  35:             
- 36:             arr[pos] = cursor
+ 36:             pass
  37:         return arr
  38:     
  39:     
  40:     @staticmethod
--------------------------------------------------------------------------------
[2.43540 s] survived
   - [#  86] SDL sort1: 
--------------------------------------------------------------------------------
  33:                 arr[pos] = arr[pos - 1]
  34:                 pos = pos - 1
  35:             
  36:             arr[pos] = cursor
- 37:         return arr
+ 37:         pass
  38:     
  39:     
  40:     @staticmethod
  41:     def merge_sort(arr):''' Merge Sort
--------------------------------------------------------------------------------
[2.47866 s] survived
   - [#  87] SDL sort1: 
--------------------------------------------------------------------------------
  40:     @staticmethod
  41:     def merge_sort(arr):''' Merge Sort
  42:             Complexity: O(n log(n))
  43:         '''
- 44:         size = len(arr)
+ 44:         pass
  45:         half = size // 2
  46:         
  47:         if size <= 1:
  48:             return arr
--------------------------------------------------------------------------------
[2.65611 s] killed by RANDOM/test_sort1_RANDOM.py::test_case_8

def test_case_8():
        sort_0 = module_0.Sort()
        sort_1 = module_0.Sort()
        sort_2 = module_0.Sort()
        bool_0 = True
        tuple_0 = (bool_0,)
>       var_0 = sort_2.merge_sort(tuple_0)

RANDOM/test_sort1_RANDOM.py:94: 
_ _ _ _ _ _ _ _ _ _ _ _ _ _ _ _ _ _ _ _ _ _ _ _ _ _ _ _ _ _ _ _ _ _ _ _ _ _ _ _ 

arr = (True,)

>   ???
E   NameError: name 'size' is not defined

sort1:45: NameError
   - [#  88] SDL sort1: 
--------------------------------------------------------------------------------
  41:     def merge_sort(arr):''' Merge Sort
  42:             Complexity: O(n log(n))
  43:         '''
  44:         size = len(arr)
- 45:         half = size // 2
+ 45:         pass
  46:         
  47:         if size <= 1:
  48:             return arr
  49:         
--------------------------------------------------------------------------------
[2.84350 s] killed by RANDOM/test_sort1_RANDOM.py::test_case_171

def test_case_171():
        sort_0 = module_0.Sort()
        sort_1 = module_0.Sort()
        sort_2 = module_0.Sort()
        sort_3 = module_0.Sort()
        sort_4 = module_0.Sort()
        sort_5 = module_0.Sort()
        sort_6 = module_0.Sort()
        sort_7 = module_0.Sort()
        sort_8 = module_0.Sort()
        sort_9 = module_0.Sort()
        sort_10 = module_0.Sort()
        bool_0 = True
        tuple_0 = (bool_0,)
        var_0 = sort_10.merge_sort(tuple_0)
        var_1 = sort_9.merge_sort(tuple_0)
        var_2 = sort_10.merge_sort(var_1)
        sort_11 = module_0.Sort()
        sort_12 = module_0.Sort()
        dict_0 = {sort_11: sort_12}
        var_3 = sort_12.merge_sort(dict_0)
        bytes_0 = b'F@\xce\x90?\xe8\xff\x03\x9f\xab\x83\xec\xb2'
>       var_4 = sort_0.merge_sort(bytes_0)

RANDOM/test_sort1_RANDOM.py:4819: 
_ _ _ _ _ _ _ _ _ _ _ _ _ _ _ _ _ _ _ _ _ _ _ _ _ _ _ _ _ _ _ _ _ _ _ _ _ _ _ _ 

arr = b'F@\xce\x90?\xe8\xff\x03\x9f\xab\x83\xec\xb2'

>   ???
E   NameError: name 'half' is not defined

sort1:50: NameError
   - [#  89] SDL sort1: 
--------------------------------------------------------------------------------
  44:         size = len(arr)
  45:         half = size // 2
  46:         
  47:         if size <= 1:
- 48:             return arr
+ 48:             pass
  49:         
  50:         (left, right) = (Sort.merge_sort(arr[half:]), Sort.merge_sort(arr[:half]))
  51:         
  52:         
--------------------------------------------------------------------------------
[2.77961 s] killed by RANDOM/test_sort1_RANDOM.py::test_case_8

def test_case_8():
        sort_0 = module_0.Sort()
        sort_1 = module_0.Sort()
        sort_2 = module_0.Sort()
        bool_0 = True
        tuple_0 = (bool_0,)
>       var_0 = sort_2.merge_sort(tuple_0)

RANDOM/test_sort1_RANDOM.py:94: 
_ _ _ _ _ _ _ _ _ _ _ _ _ _ _ _ _ _ _ _ _ _ _ _ _ _ _ _ _ _ _ _ _ _ _ _ _ _ _ _ 
sort1:50: in merge_sort
    ???
sort1:50: in merge_sort
    ???
E   RecursionError: maximum recursion depth exceeded while calling a Python object
!!! Recursion detected (same locals & position)
   - [#  90] SDL sort1: 
--------------------------------------------------------------------------------
  46:         
  47:         if size <= 1:
  48:             return arr
  49:         
- 50:         (left, right) = (Sort.merge_sort(arr[half:]), Sort.merge_sort(arr[:half]))
+ 50:         pass
  51:         
  52:         
  53:         return Sort.merge(left, right)
  54:     
--------------------------------------------------------------------------------
[2.82831 s] killed by RANDOM/test_sort1_RANDOM.py::test_case_171

def test_case_171():
        sort_0 = module_0.Sort()
        sort_1 = module_0.Sort()
        sort_2 = module_0.Sort()
        sort_3 = module_0.Sort()
        sort_4 = module_0.Sort()
        sort_5 = module_0.Sort()
        sort_6 = module_0.Sort()
        sort_7 = module_0.Sort()
        sort_8 = module_0.Sort()
        sort_9 = module_0.Sort()
        sort_10 = module_0.Sort()
        bool_0 = True
        tuple_0 = (bool_0,)
        var_0 = sort_10.merge_sort(tuple_0)
        var_1 = sort_9.merge_sort(tuple_0)
        var_2 = sort_10.merge_sort(var_1)
        sort_11 = module_0.Sort()
        sort_12 = module_0.Sort()
        dict_0 = {sort_11: sort_12}
        var_3 = sort_12.merge_sort(dict_0)
        bytes_0 = b'F@\xce\x90?\xe8\xff\x03\x9f\xab\x83\xec\xb2'
>       var_4 = sort_0.merge_sort(bytes_0)

RANDOM/test_sort1_RANDOM.py:4819: 
_ _ _ _ _ _ _ _ _ _ _ _ _ _ _ _ _ _ _ _ _ _ _ _ _ _ _ _ _ _ _ _ _ _ _ _ _ _ _ _ 

arr = b'F@\xce\x90?\xe8\xff\x03\x9f\xab\x83\xec\xb2'

>   ???
E   NameError: name 'left' is not defined

sort1:53: NameError
   - [#  91] SDL sort1: 
--------------------------------------------------------------------------------
  49:         
  50:         (left, right) = (Sort.merge_sort(arr[half:]), Sort.merge_sort(arr[:half]))
  51:         
  52:         
- 53:         return Sort.merge(left, right)
+ 53:         pass
  54:     
  55:     
  56:     @staticmethod
  57:     def merge(left, right):''' Merge helper
--------------------------------------------------------------------------------
[2.46197 s] survived
   - [#  92] SDL sort1: 
--------------------------------------------------------------------------------
  56:     @staticmethod
  57:     def merge(left, right):''' Merge helper
  58:             Complexity: O(n)
  59:         '''
- 60:         arr = []
+ 60:         pass
  61:         (left_cursor, right_cursor) = (0, 0)
  62:         while (left_cursor < len(left) and right_cursor < len(right)):
  63:             
  64:             if left[left_cursor] <= right[right_cursor]:
--------------------------------------------------------------------------------
[2.64022 s] killed by RANDOM/test_sort1_RANDOM.py::test_case_31

def test_case_31():
        sort_0 = module_0.Sort()
        sort_1 = module_0.Sort()
        sort_2 = module_0.Sort()
        sort_3 = module_0.Sort()
        sort_4 = module_0.Sort()
        sort_5 = module_0.Sort()
        bool_0 = True
        tuple_0 = (bool_0,)
        var_0 = sort_5.merge_sort(tuple_0)
        sort_6 = module_0.Sort()
        sort_7 = module_0.Sort()
        sort_8 = module_0.Sort()
        sort_9 = module_0.Sort()
        sort_10 = module_0.Sort()
>       var_1 = sort_3.merge(var_0, var_0)

RANDOM/test_sort1_RANDOM.py:521: 
_ _ _ _ _ _ _ _ _ _ _ _ _ _ _ _ _ _ _ _ _ _ _ _ _ _ _ _ _ _ _ _ _ _ _ _ _ _ _ _ 

left = (True,), right = (True,)

>   ???
E   NameError: name 'arr' is not defined

sort1:65: NameError
   - [#  93] SDL sort1: 
--------------------------------------------------------------------------------
  57:     def merge(left, right):''' Merge helper
  58:             Complexity: O(n)
  59:         '''
  60:         arr = []
- 61:         (left_cursor, right_cursor) = (0, 0)
+ 61:         pass
  62:         while (left_cursor < len(left) and right_cursor < len(right)):
  63:             
  64:             if left[left_cursor] <= right[right_cursor]:
  65:                 arr.append(left[left_cursor])
--------------------------------------------------------------------------------
[2.64954 s] killed by RANDOM/test_sort1_RANDOM.py::test_case_31

def test_case_31():
        sort_0 = module_0.Sort()
        sort_1 = module_0.Sort()
        sort_2 = module_0.Sort()
        sort_3 = module_0.Sort()
        sort_4 = module_0.Sort()
        sort_5 = module_0.Sort()
        bool_0 = True
        tuple_0 = (bool_0,)
        var_0 = sort_5.merge_sort(tuple_0)
        sort_6 = module_0.Sort()
        sort_7 = module_0.Sort()
        sort_8 = module_0.Sort()
        sort_9 = module_0.Sort()
        sort_10 = module_0.Sort()
>       var_1 = sort_3.merge(var_0, var_0)

RANDOM/test_sort1_RANDOM.py:521: 
_ _ _ _ _ _ _ _ _ _ _ _ _ _ _ _ _ _ _ _ _ _ _ _ _ _ _ _ _ _ _ _ _ _ _ _ _ _ _ _ 

left = (True,), right = (True,)

>   ???
E   UnboundLocalError: local variable 'left_cursor' referenced before assignment

sort1:62: UnboundLocalError
   - [#  94] SDL sort1: 
--------------------------------------------------------------------------------
  61:         (left_cursor, right_cursor) = (0, 0)
  62:         while (left_cursor < len(left) and right_cursor < len(right)):
  63:             
  64:             if left[left_cursor] <= right[right_cursor]:
- 65:                 arr.append(left[left_cursor])
+ 65:                 pass
  66:                 left_cursor += 1
  67:             else:
  68:                 arr.append(right[right_cursor])
  69:                 right_cursor += 1
--------------------------------------------------------------------------------
[2.41664 s] survived
   - [#  95] SDL sort1: 
--------------------------------------------------------------------------------
  64:             if left[left_cursor] <= right[right_cursor]:
  65:                 arr.append(left[left_cursor])
  66:                 left_cursor += 1
  67:             else:
- 68:                 arr.append(right[right_cursor])
+ 68:                 pass
  69:                 right_cursor += 1
  70:         
  71:         if left:
  72:             arr.extend(left[left_cursor:])
--------------------------------------------------------------------------------
[2.44193 s] survived
   - [#  96] SDL sort1: 
--------------------------------------------------------------------------------
  68:                 arr.append(right[right_cursor])
  69:                 right_cursor += 1
  70:         
  71:         if left:
- 72:             arr.extend(left[left_cursor:])
+ 72:             pass
  73:         if right:
  74:             arr.extend(right[right_cursor:])
  75:         return arr
  76:     
--------------------------------------------------------------------------------
[2.45265 s] survived
   - [#  97] SDL sort1: 
--------------------------------------------------------------------------------
  70:         
  71:         if left:
  72:             arr.extend(left[left_cursor:])
  73:         if right:
- 74:             arr.extend(right[right_cursor:])
+ 74:             pass
  75:         return arr
  76:     
  77:     
  78:     @staticmethod
--------------------------------------------------------------------------------
[2.47599 s] survived
   - [#  98] SDL sort1: 
--------------------------------------------------------------------------------
  71:         if left:
  72:             arr.extend(left[left_cursor:])
  73:         if right:
  74:             arr.extend(right[right_cursor:])
- 75:         return arr
+ 75:         pass
  76:     
  77:     
  78:     @staticmethod
  79:     def quick_sort(arr, first, last):''' Quicksort
--------------------------------------------------------------------------------
[2.81632 s] incompetent

TypeError: sort1:62: TypeError: object of type 'NoneType' has no len()

   - [#  99] SDL sort1: 
--------------------------------------------------------------------------------
  79:     def quick_sort(arr, first, last):''' Quicksort
  80:             Complexity: O(n log(n))
  81:         '''
  82:         if first < last:
- 83:             pos = Sort.partition(arr, first, last)
+ 83:             pass
  84:             
  85:             Sort.quick_sort(arr, first, pos - 1)
  86:             Sort.quick_sort(arr, pos + 1, last)
  87:     
--------------------------------------------------------------------------------
[2.48620 s] survived
   - [# 100] SDL sort1: 
--------------------------------------------------------------------------------
  81:         '''
  82:         if first < last:
  83:             pos = Sort.partition(arr, first, last)
  84:             
- 85:             Sort.quick_sort(arr, first, pos - 1)
+ 85:             pass
  86:             Sort.quick_sort(arr, pos + 1, last)
  87:     
  88:     
  89:     @staticmethod
--------------------------------------------------------------------------------
[2.37071 s] survived
   - [# 101] SDL sort1: 
--------------------------------------------------------------------------------
  82:         if first < last:
  83:             pos = Sort.partition(arr, first, last)
  84:             
  85:             Sort.quick_sort(arr, first, pos - 1)
- 86:             Sort.quick_sort(arr, pos + 1, last)
+ 86:             pass
  87:     
  88:     
  89:     @staticmethod
  90:     def partition(arr, first, last):pivot = first
--------------------------------------------------------------------------------
[2.38667 s] survived
   - [# 102] SDL sort1: 
--------------------------------------------------------------------------------
  86:             Sort.quick_sort(arr, pos + 1, last)
  87:     
  88:     
  89:     @staticmethod
- 90:     def partition(arr, first, last):pivot = first
+ 90:     def partition(arr, first, last):pass
  91:         for pos in range(first, last):
  92:             if arr[pos] < arr[last]:
  93:                 (arr[pos], arr[pivot]) = (arr[pivot], arr[pos])
  94:                 pivot += 1
--------------------------------------------------------------------------------
[2.48824 s] survived
   - [# 103] SDL sort1: 
--------------------------------------------------------------------------------
  89:     @staticmethod
  90:     def partition(arr, first, last):pivot = first
  91:         for pos in range(first, last):
  92:             if arr[pos] < arr[last]:
- 93:                 (arr[pos], arr[pivot]) = (arr[pivot], arr[pos])
+ 93:                 pass
  94:                 pivot += 1
  95:         (arr[pivot], arr[last]) = (arr[last], arr[pivot])
  96:         return pivot
--------------------------------------------------------------------------------
[2.47769 s] survived
   - [# 104] SDL sort1: 
--------------------------------------------------------------------------------
  91:         for pos in range(first, last):
  92:             if arr[pos] < arr[last]:
  93:                 (arr[pos], arr[pivot]) = (arr[pivot], arr[pos])
  94:                 pivot += 1
- 95:         (arr[pivot], arr[last]) = (arr[last], arr[pivot])
+ 95:         pass
  96:         return pivot
--------------------------------------------------------------------------------
[2.44710 s] survived
   - [# 105] SDL sort1: 
--------------------------------------------------------------------------------
  92:             if arr[pos] < arr[last]:
  93:                 (arr[pos], arr[pivot]) = (arr[pivot], arr[pos])
  94:                 pivot += 1
  95:         (arr[pivot], arr[last]) = (arr[last], arr[pivot])
- 96:         return pivot
+ 96:         pass
--------------------------------------------------------------------------------
[2.43955 s] survived
   - [# 106] SIR sort1: 
--------------------------------------------------------------------------------
  46:         
  47:         if size <= 1:
  48:             return arr
  49:         
- 50:         (left, right) = (Sort.merge_sort(arr[half:]), Sort.merge_sort(arr[:half]))
+ 50:         (left, right) = (Sort.merge_sort(arr[:]), Sort.merge_sort(arr[:half]))
  51:         
  52:         
  53:         return Sort.merge(left, right)
  54:     
--------------------------------------------------------------------------------
[2.83489 s] killed by RANDOM/test_sort1_RANDOM.py::test_case_171

def test_case_171():
        sort_0 = module_0.Sort()
        sort_1 = module_0.Sort()
        sort_2 = module_0.Sort()
        sort_3 = module_0.Sort()
        sort_4 = module_0.Sort()
        sort_5 = module_0.Sort()
        sort_6 = module_0.Sort()
        sort_7 = module_0.Sort()
        sort_8 = module_0.Sort()
        sort_9 = module_0.Sort()
        sort_10 = module_0.Sort()
        bool_0 = True
        tuple_0 = (bool_0,)
        var_0 = sort_10.merge_sort(tuple_0)
        var_1 = sort_9.merge_sort(tuple_0)
        var_2 = sort_10.merge_sort(var_1)
        sort_11 = module_0.Sort()
        sort_12 = module_0.Sort()
        dict_0 = {sort_11: sort_12}
        var_3 = sort_12.merge_sort(dict_0)
        bytes_0 = b'F@\xce\x90?\xe8\xff\x03\x9f\xab\x83\xec\xb2'
>       var_4 = sort_0.merge_sort(bytes_0)

RANDOM/test_sort1_RANDOM.py:4819: 
_ _ _ _ _ _ _ _ _ _ _ _ _ _ _ _ _ _ _ _ _ _ _ _ _ _ _ _ _ _ _ _ _ _ _ _ _ _ _ _ 
sort1:50: in merge_sort
    ???
sort1:50: in merge_sort
    ???
E   RecursionError: maximum recursion depth exceeded while calling a Python object
!!! Recursion detected (same locals & position)
   - [# 107] SIR sort1: 
--------------------------------------------------------------------------------
  46:         
  47:         if size <= 1:
  48:             return arr
  49:         
- 50:         (left, right) = (Sort.merge_sort(arr[half:]), Sort.merge_sort(arr[:half]))
+ 50:         (left, right) = (Sort.merge_sort(arr[half:]), Sort.merge_sort(arr[:]))
  51:         
  52:         
  53:         return Sort.merge(left, right)
  54:     
--------------------------------------------------------------------------------
[2.84764 s] killed by RANDOM/test_sort1_RANDOM.py::test_case_171

def test_case_171():
        sort_0 = module_0.Sort()
        sort_1 = module_0.Sort()
        sort_2 = module_0.Sort()
        sort_3 = module_0.Sort()
        sort_4 = module_0.Sort()
        sort_5 = module_0.Sort()
        sort_6 = module_0.Sort()
        sort_7 = module_0.Sort()
        sort_8 = module_0.Sort()
        sort_9 = module_0.Sort()
        sort_10 = module_0.Sort()
        bool_0 = True
        tuple_0 = (bool_0,)
        var_0 = sort_10.merge_sort(tuple_0)
        var_1 = sort_9.merge_sort(tuple_0)
        var_2 = sort_10.merge_sort(var_1)
        sort_11 = module_0.Sort()
        sort_12 = module_0.Sort()
        dict_0 = {sort_11: sort_12}
        var_3 = sort_12.merge_sort(dict_0)
        bytes_0 = b'F@\xce\x90?\xe8\xff\x03\x9f\xab\x83\xec\xb2'
>       var_4 = sort_0.merge_sort(bytes_0)

RANDOM/test_sort1_RANDOM.py:4819: 
_ _ _ _ _ _ _ _ _ _ _ _ _ _ _ _ _ _ _ _ _ _ _ _ _ _ _ _ _ _ _ _ _ _ _ _ _ _ _ _ 
sort1:50: in merge_sort
    ???
sort1:50: in merge_sort
    ???
sort1:50: in merge_sort
    ???
sort1:50: in merge_sort
    ???
sort1:50: in merge_sort
    ???
E   RecursionError: maximum recursion depth exceeded while calling a Python object
!!! Recursion detected (same locals & position)
   - [# 108] SIR sort1: 
--------------------------------------------------------------------------------
  68:                 arr.append(right[right_cursor])
  69:                 right_cursor += 1
  70:         
  71:         if left:
- 72:             arr.extend(left[left_cursor:])
+ 72:             arr.extend(left[:])
  73:         if right:
  74:             arr.extend(right[right_cursor:])
  75:         return arr
  76:     
--------------------------------------------------------------------------------
[2.48984 s] survived
   - [# 109] SIR sort1: 
--------------------------------------------------------------------------------
  70:         
  71:         if left:
  72:             arr.extend(left[left_cursor:])
  73:         if right:
- 74:             arr.extend(right[right_cursor:])
+ 74:             arr.extend(right[:])
  75:         return arr
  76:     
  77:     
  78:     @staticmethod
--------------------------------------------------------------------------------
[2.44658 s] survived
   - [# 110] ZIL sort1: 
--------------------------------------------------------------------------------
  10:     def selection_sort(arr):''' Selection Sort
  11:             Complexity: O(n^2)
  12:         '''
  13:         for i in range(len(arr)):
- 14:             minimum = i
- 15:             for j in range(i + 1, len(arr)):
- 16:                 
- 17:                 if arr[j] < arr[minimum]:
- 18:                     minimum = j
- 19:             
- 20:             (arr[minimum], arr[i]) = (arr[i], arr[minimum])
+ 14:             break
+ 15:         
+ 16:         
+ 17:         
+ 18:         
+ 19:         
+ 20:         
  21:         return arr
  22:     
  23:     
  24:     @staticmethod
--------------------------------------------------------------------------------
[2.46697 s] survived
   - [# 111] ZIL sort1: 
--------------------------------------------------------------------------------
  13:         for i in range(len(arr)):
  14:             minimum = i
  15:             for j in range(i + 1, len(arr)):
  16:                 
- 17:                 if arr[j] < arr[minimum]:
- 18:                     minimum = j
+ 17:                 break
+ 18:             
  19:             
  20:             (arr[minimum], arr[i]) = (arr[i], arr[minimum])
  21:         return arr
  22:     
--------------------------------------------------------------------------------
[2.46747 s] survived
   - [# 112] ZIL sort1: 
--------------------------------------------------------------------------------
  25:     def insertion_sort(arr):''' Insertion Sort
  26:             Complexity: O(n^2)
  27:         '''
  28:         for i in range(len(arr)):
- 29:             cursor = arr[i]
- 30:             pos = i
- 31:             while (pos > 0 and arr[pos - 1] > cursor):
- 32:                 
- 33:                 arr[pos] = arr[pos - 1]
- 34:                 pos = pos - 1
- 35:             
- 36:             arr[pos] = cursor
+ 29:             break
+ 30:         
+ 31:         
+ 32:         
+ 33:         
+ 34:         
+ 35:         
+ 36:         
  37:         return arr
  38:     
  39:     
  40:     @staticmethod
--------------------------------------------------------------------------------
[2.43762 s] survived
   - [# 113] ZIL sort1: 
--------------------------------------------------------------------------------
  29:             cursor = arr[i]
  30:             pos = i
  31:             while (pos > 0 and arr[pos - 1] > cursor):
  32:                 
- 33:                 arr[pos] = arr[pos - 1]
- 34:                 pos = pos - 1
+ 33:                 break
+ 34:             
  35:             
  36:             arr[pos] = cursor
  37:         return arr
  38:     
--------------------------------------------------------------------------------
[2.37258 s] survived
   - [# 114] ZIL sort1: 
--------------------------------------------------------------------------------
  60:         arr = []
  61:         (left_cursor, right_cursor) = (0, 0)
  62:         while (left_cursor < len(left) and right_cursor < len(right)):
  63:             
- 64:             if left[left_cursor] <= right[right_cursor]:
- 65:                 arr.append(left[left_cursor])
- 66:                 left_cursor += 1
- 67:             else:
- 68:                 arr.append(right[right_cursor])
- 69:                 right_cursor += 1
+ 64:             break
+ 65:         
+ 66:         
+ 67:         
+ 68:         
+ 69:         
  70:         
  71:         if left:
  72:             arr.extend(left[left_cursor:])
  73:         if right:
--------------------------------------------------------------------------------
[2.44560 s] survived
   - [# 115] ZIL sort1: 
--------------------------------------------------------------------------------
  88:     
  89:     @staticmethod
  90:     def partition(arr, first, last):pivot = first
  91:         for pos in range(first, last):
- 92:             if arr[pos] < arr[last]:
- 93:                 (arr[pos], arr[pivot]) = (arr[pivot], arr[pos])
- 94:                 pivot += 1
+ 92:             break
+ 93:         
+ 94:         
  95:         (arr[pivot], arr[last]) = (arr[last], arr[pivot])
  96:         return pivot
--------------------------------------------------------------------------------
[2.47382 s] survived
[*] Mutation score [309.67677 s]: 24.7%
   - all: 115
   - killed: 24 (20.9%)
   - survived: 73 (63.5%)
   - incompetent: 18 (15.7%)
   - timeout: 0 (0.0%)
