[*] Start mutation process:
   - targets: sort1.py
   - tests: ./MOSA-WHOLE_SUITE
[*] 21 tests passed:
   - test_sort1_WHOLE_SUITE [0.05387 s]
   - test_sort1_MOSA [0.03976 s]
[*] Start mutants generation and execution:
   - [#   1] AOR sort1: 
--------------------------------------------------------------------------------
  11:             Complexity: O(n^2)
  12:         '''
  13:         for i in range(len(arr)):
  14:             minimum = i
- 15:             for j in range(i + 1, len(arr)):
+ 15:             for j in range(i - 1, len(arr)):
  16:                 
  17:                 if arr[j] < arr[minimum]:
  18:                     minimum = j
  19:             
--------------------------------------------------------------------------------
[0.05628 s] survived
   - [#   2] AOR sort1: 
--------------------------------------------------------------------------------
  27:         '''
  28:         for i in range(len(arr)):
  29:             cursor = arr[i]
  30:             pos = i
- 31:             while (pos > 0 and arr[pos - 1] > cursor):
+ 31:             while (pos > 0 and arr[pos + 1] > cursor):
  32:                 
  33:                 arr[pos] = arr[pos - 1]
  34:                 pos = pos - 1
  35:             
--------------------------------------------------------------------------------
[0.06834 s] killed by MOSA-WHOLE_SUITE/test_sort1_MOSA.py::test_case_1

def test_case_1():
        bool_0 = False
        list_0 = [bool_0, bool_0, bool_0, bool_0]
        sort_0 = module_0.Sort()
>       var_0 = sort_0.insertion_sort(list_0)

MOSA-WHOLE_SUITE/test_sort1_MOSA.py:13: 
_ _ _ _ _ _ _ _ _ _ _ _ _ _ _ _ _ _ _ _ _ _ _ _ _ _ _ _ _ _ _ _ _ _ _ _ _ _ _ _ 

arr = [False, False, False, False]

>   ???
E   IndexError: list index out of range

sort1:31: IndexError
   - [#   3] AOR sort1: 
--------------------------------------------------------------------------------
  29:             cursor = arr[i]
  30:             pos = i
  31:             while (pos > 0 and arr[pos - 1] > cursor):
  32:                 
- 33:                 arr[pos] = arr[pos - 1]
+ 33:                 arr[pos] = arr[pos + 1]
  34:                 pos = pos - 1
  35:             
  36:             arr[pos] = cursor
  37:         return arr
--------------------------------------------------------------------------------
[0.05788 s] survived
   - [#   4] AOR sort1: 
--------------------------------------------------------------------------------
  30:             pos = i
  31:             while (pos > 0 and arr[pos - 1] > cursor):
  32:                 
  33:                 arr[pos] = arr[pos - 1]
- 34:                 pos = pos - 1
+ 34:                 pos = pos + 1
  35:             
  36:             arr[pos] = cursor
  37:         return arr
  38:     
--------------------------------------------------------------------------------
[0.08100 s] killed by MOSA-WHOLE_SUITE/test_sort1_WHOLE_SUITE.py::test_case_11

def test_case_11():
        str_0 = 'qW)*R'
        list_0 = []
        sort_0 = module_0.Sort()
        var_0 = sort_0.merge(str_0, list_0)
>       var_1 = sort_0.insertion_sort(var_0)

MOSA-WHOLE_SUITE/test_sort1_WHOLE_SUITE.py:77: 
_ _ _ _ _ _ _ _ _ _ _ _ _ _ _ _ _ _ _ _ _ _ _ _ _ _ _ _ _ _ _ _ _ _ _ _ _ _ _ _ 

arr = ['q', 'q', 'q', 'q', 'q']

>   ???
E   IndexError: list assignment index out of range

sort1:33: IndexError
   - [#   5] AOR sort1: 
--------------------------------------------------------------------------------
  41:     def merge_sort(arr):''' Merge Sort
  42:             Complexity: O(n log(n))
  43:         '''
  44:         size = len(arr)
- 45:         half = size // 2
+ 45:         half = size / 2
  46:         
  47:         if size <= 1:
  48:             return arr
  49:         
--------------------------------------------------------------------------------
[0.07282 s] incompetent

TypeError: sort1:50: TypeError: slice indices must be integers or None or have an __index__ method

   - [#   6] AOR sort1: 
--------------------------------------------------------------------------------
  41:     def merge_sort(arr):''' Merge Sort
  42:             Complexity: O(n log(n))
  43:         '''
  44:         size = len(arr)
- 45:         half = size // 2
+ 45:         half = size * 2
  46:         
  47:         if size <= 1:
  48:             return arr
  49:         
--------------------------------------------------------------------------------
[0.07805 s] killed by MOSA-WHOLE_SUITE/test_sort1_MOSA.py::test_case_3

def test_case_3():
        sort_0 = module_0.Sort()
        str_0 = 'Z^[`[*-KJ8P&'
        sort_1 = module_0.Sort()
>       var_0 = sort_1.merge_sort(str_0)

MOSA-WHOLE_SUITE/test_sort1_MOSA.py:27: 
_ _ _ _ _ _ _ _ _ _ _ _ _ _ _ _ _ _ _ _ _ _ _ _ _ _ _ _ _ _ _ _ _ _ _ _ _ _ _ _ 
sort1:50: in merge_sort
    ???
sort1:50: in merge_sort
    ???
E   RecursionError: maximum recursion depth exceeded while calling a Python object
!!! Recursion detected (same locals & position)
   - [#   7] AOR sort1: 
--------------------------------------------------------------------------------
  81:         '''
  82:         if first < last:
  83:             pos = Sort.partition(arr, first, last)
  84:             
- 85:             Sort.quick_sort(arr, first, pos - 1)
+ 85:             Sort.quick_sort(arr, first, pos + 1)
  86:             Sort.quick_sort(arr, pos + 1, last)
  87:     
  88:     
  89:     @staticmethod
--------------------------------------------------------------------------------
[0.07947 s] killed by MOSA-WHOLE_SUITE/test_sort1_MOSA.py::test_case_6

def test_case_6():
        bool_0 = True
        list_0 = [bool_0, bool_0, bool_0, bool_0, bool_0, bool_0]
        sort_0 = module_0.Sort()
        bool_1 = False
>       var_0 = sort_0.quick_sort(list_0, bool_1, bool_0)

MOSA-WHOLE_SUITE/test_sort1_MOSA.py:42: 
_ _ _ _ _ _ _ _ _ _ _ _ _ _ _ _ _ _ _ _ _ _ _ _ _ _ _ _ _ _ _ _ _ _ _ _ _ _ _ _ 
sort1:85: in quick_sort
    ???
sort1:85: in quick_sort
    ???
E   RecursionError: maximum recursion depth exceeded in comparison
!!! Recursion detected (same locals & position)
   - [#   8] AOR sort1: 
--------------------------------------------------------------------------------
  82:         if first < last:
  83:             pos = Sort.partition(arr, first, last)
  84:             
  85:             Sort.quick_sort(arr, first, pos - 1)
- 86:             Sort.quick_sort(arr, pos + 1, last)
+ 86:             Sort.quick_sort(arr, pos - 1, last)
  87:     
  88:     
  89:     @staticmethod
  90:     def partition(arr, first, last):pivot = first
--------------------------------------------------------------------------------
[0.07779 s] killed by MOSA-WHOLE_SUITE/test_sort1_MOSA.py::test_case_6

def test_case_6():
        bool_0 = True
        list_0 = [bool_0, bool_0, bool_0, bool_0, bool_0, bool_0]
        sort_0 = module_0.Sort()
        bool_1 = False
>       var_0 = sort_0.quick_sort(list_0, bool_1, bool_0)

MOSA-WHOLE_SUITE/test_sort1_MOSA.py:42: 
_ _ _ _ _ _ _ _ _ _ _ _ _ _ _ _ _ _ _ _ _ _ _ _ _ _ _ _ _ _ _ _ _ _ _ _ _ _ _ _ 
sort1:86: in quick_sort
    ???
sort1:86: in quick_sort
    ???
sort1:86: in quick_sort
    ???
sort1:86: in quick_sort
    ???
sort1:86: in quick_sort
    ???
sort1:86: in quick_sort
    ???
sort1:86: in quick_sort
    ???
sort1:83: in quick_sort
    ???
_ _ _ _ _ _ _ _ _ _ _ _ _ _ _ _ _ _ _ _ _ _ _ _ _ _ _ _ _ _ _ _ _ _ _ _ _ _ _ _ 

arr = [True, True, True, True, True, True], first = -7, last = True

>   ???
E   IndexError: list index out of range

sort1:92: IndexError
   - [#   9] ASR sort1: 
--------------------------------------------------------------------------------
  62:         while (left_cursor < len(left) and right_cursor < len(right)):
  63:             
  64:             if left[left_cursor] <= right[right_cursor]:
  65:                 arr.append(left[left_cursor])
- 66:                 left_cursor += 1
+ 66:                 left_cursor -= 1
  67:             else:
  68:                 arr.append(right[right_cursor])
  69:                 right_cursor += 1
  70:         
--------------------------------------------------------------------------------
[0.07336 s] killed by MOSA-WHOLE_SUITE/test_sort1_MOSA.py::test_case_3

def test_case_3():
        sort_0 = module_0.Sort()
        str_0 = 'Z^[`[*-KJ8P&'
        sort_1 = module_0.Sort()
>       var_0 = sort_1.merge_sort(str_0)

MOSA-WHOLE_SUITE/test_sort1_MOSA.py:27: 
_ _ _ _ _ _ _ _ _ _ _ _ _ _ _ _ _ _ _ _ _ _ _ _ _ _ _ _ _ _ _ _ _ _ _ _ _ _ _ _ 
sort1:50: in merge_sort
    ???
sort1:50: in merge_sort
    ???
sort1:50: in merge_sort
    ???
sort1:53: in merge_sort
    ???
_ _ _ _ _ _ _ _ _ _ _ _ _ _ _ _ _ _ _ _ _ _ _ _ _ _ _ _ _ _ _ _ _ _ _ _ _ _ _ _ 

left = '&', right = 'P'

>   ???
E   IndexError: string index out of range

sort1:64: IndexError
   - [#  10] ASR sort1: 
--------------------------------------------------------------------------------
  65:                 arr.append(left[left_cursor])
  66:                 left_cursor += 1
  67:             else:
  68:                 arr.append(right[right_cursor])
- 69:                 right_cursor += 1
+ 69:                 right_cursor -= 1
  70:         
  71:         if left:
  72:             arr.extend(left[left_cursor:])
  73:         if right:
--------------------------------------------------------------------------------
[0.09085 s] killed by MOSA-WHOLE_SUITE/test_sort1_MOSA.py::test_case_3

def test_case_3():
        sort_0 = module_0.Sort()
        str_0 = 'Z^[`[*-KJ8P&'
        sort_1 = module_0.Sort()
>       var_0 = sort_1.merge_sort(str_0)

MOSA-WHOLE_SUITE/test_sort1_MOSA.py:27: 
_ _ _ _ _ _ _ _ _ _ _ _ _ _ _ _ _ _ _ _ _ _ _ _ _ _ _ _ _ _ _ _ _ _ _ _ _ _ _ _ 
sort1:50: in merge_sort
    ???
sort1:50: in merge_sort
    ???
sort1:53: in merge_sort
    ???
_ _ _ _ _ _ _ _ _ _ _ _ _ _ _ _ _ _ _ _ _ _ _ _ _ _ _ _ _ _ _ _ _ _ _ _ _ _ _ _ 

left = ['&', 'P'], right = '8'

>   ???
E   IndexError: string index out of range

sort1:64: IndexError
   - [#  11] ASR sort1: 
--------------------------------------------------------------------------------
  90:     def partition(arr, first, last):pivot = first
  91:         for pos in range(first, last):
  92:             if arr[pos] < arr[last]:
  93:                 (arr[pos], arr[pivot]) = (arr[pivot], arr[pos])
- 94:                 pivot += 1
+ 94:                 pivot -= 1
  95:         (arr[pivot], arr[last]) = (arr[last], arr[pivot])
  96:         return pivot
--------------------------------------------------------------------------------
[0.05901 s] survived
   - [#  12] CDI sort1: 
--------------------------------------------------------------------------------
   5: 
   6: 
   7: class Sort:
   8:     
-  9:     @staticmethod
- 10:     def selection_sort(arr):''' Selection Sort
- 11:             Complexity: O(n^2)
- 12:         '''
- 13:         for i in range(len(arr)):
- 14:             minimum = i
- 15:             for j in range(i + 1, len(arr)):
- 16:                 
- 17:                 if arr[j] < arr[minimum]:
- 18:                     minimum = j
- 19:             
- 20:             (arr[minimum], arr[i]) = (arr[i], arr[minimum])
- 21:         return arr
- 22:     
+  9:     @staticmethod@classmethod
+ 10:     def selection_sort(arr):
+ 11:         ''' Selection Sort
+ 12:             Complexity: O(n^2)
+ 13:         '''
+ 14:         for i in range(len(arr)):
+ 15:             minimum = i
+ 16:             for j in range(i + 1, len(arr)):
+ 17:                 
+ 18:                 if arr[j] < arr[minimum]:
+ 19:                     minimum = j
+ 20:             
+ 21:             (arr[minimum], arr[i]) = (arr[i], arr[minimum])
+ 22:         return arr
  23:     
  24:     @staticmethod
  25:     def insertion_sort(arr):''' Insertion Sort
  26:             Complexity: O(n^2)
--------------------------------------------------------------------------------
[0.07008 s] incompetent

TypeError: /home/auri/temp/lucca/python_experiments/sort1/MOSA-WHOLE_SUITE/test_sort1_MOSA.py:14: TypeError: 'classmethod' object is not callable

   - [#  13] CDI sort1: 
--------------------------------------------------------------------------------
  20:             (arr[minimum], arr[i]) = (arr[i], arr[minimum])
  21:         return arr
  22:     
  23:     
- 24:     @staticmethod
- 25:     def insertion_sort(arr):''' Insertion Sort
- 26:             Complexity: O(n^2)
- 27:         '''
- 28:         for i in range(len(arr)):
- 29:             cursor = arr[i]
- 30:             pos = i
- 31:             while (pos > 0 and arr[pos - 1] > cursor):
- 32:                 
- 33:                 arr[pos] = arr[pos - 1]
- 34:                 pos = pos - 1
- 35:             
- 36:             arr[pos] = cursor
- 37:         return arr
- 38:     
+ 24:     @staticmethod@classmethod
+ 25:     def insertion_sort(arr):
+ 26:         ''' Insertion Sort
+ 27:             Complexity: O(n^2)
+ 28:         '''
+ 29:         for i in range(len(arr)):
+ 30:             cursor = arr[i]
+ 31:             pos = i
+ 32:             while (pos > 0 and arr[pos - 1] > cursor):
+ 33:                 
+ 34:                 arr[pos] = arr[pos - 1]
+ 35:                 pos = pos - 1
+ 36:             
+ 37:             arr[pos] = cursor
+ 38:         return arr
  39:     
  40:     @staticmethod
  41:     def merge_sort(arr):''' Merge Sort
  42:             Complexity: O(n log(n))
--------------------------------------------------------------------------------
[0.07091 s] incompetent

TypeError: /home/auri/temp/lucca/python_experiments/sort1/MOSA-WHOLE_SUITE/test_sort1_MOSA.py:13: TypeError: 'classmethod' object is not callable

   - [#  14] CDI sort1: 
--------------------------------------------------------------------------------
  36:             arr[pos] = cursor
  37:         return arr
  38:     
  39:     
- 40:     @staticmethod
- 41:     def merge_sort(arr):''' Merge Sort
- 42:             Complexity: O(n log(n))
- 43:         '''
- 44:         size = len(arr)
- 45:         half = size // 2
- 46:         
- 47:         if size <= 1:
- 48:             return arr
- 49:         
- 50:         (left, right) = (Sort.merge_sort(arr[half:]), Sort.merge_sort(arr[:half]))
- 51:         
+ 40:     @staticmethod@classmethod
+ 41:     def merge_sort(arr):
+ 42:         ''' Merge Sort
+ 43:             Complexity: O(n log(n))
+ 44:         '''
+ 45:         size = len(arr)
+ 46:         half = size // 2
+ 47:         
+ 48:         if size <= 1:
+ 49:             return arr
+ 50:         
+ 51:         (left, right) = (Sort.merge_sort(arr[half:]), Sort.merge_sort(arr[:half]))
  52:         
- 53:         return Sort.merge(left, right)
- 54:     
+ 53:         
+ 54:         return Sort.merge(left, right)
  55:     
  56:     @staticmethod
  57:     def merge(left, right):''' Merge helper
  58:             Complexity: O(n)
--------------------------------------------------------------------------------
[0.07552 s] incompetent

TypeError: /home/auri/temp/lucca/python_experiments/sort1/MOSA-WHOLE_SUITE/test_sort1_MOSA.py:27: TypeError: 'classmethod' object is not callable

   - [#  15] CDI sort1: 
--------------------------------------------------------------------------------
  52:         
  53:         return Sort.merge(left, right)
  54:     
  55:     
- 56:     @staticmethod
- 57:     def merge(left, right):''' Merge helper
- 58:             Complexity: O(n)
- 59:         '''
- 60:         arr = []
- 61:         (left_cursor, right_cursor) = (0, 0)
- 62:         while (left_cursor < len(left) and right_cursor < len(right)):
- 63:             
- 64:             if left[left_cursor] <= right[right_cursor]:
- 65:                 arr.append(left[left_cursor])
- 66:                 left_cursor += 1
- 67:             else:
- 68:                 arr.append(right[right_cursor])
- 69:                 right_cursor += 1
- 70:         
- 71:         if left:
- 72:             arr.extend(left[left_cursor:])
- 73:         if right:
- 74:             arr.extend(right[right_cursor:])
- 75:         return arr
- 76:     
+ 56:     @staticmethod@classmethod
+ 57:     def merge(left, right):
+ 58:         ''' Merge helper
+ 59:             Complexity: O(n)
+ 60:         '''
+ 61:         arr = []
+ 62:         (left_cursor, right_cursor) = (0, 0)
+ 63:         while (left_cursor < len(left) and right_cursor < len(right)):
+ 64:             
+ 65:             if left[left_cursor] <= right[right_cursor]:
+ 66:                 arr.append(left[left_cursor])
+ 67:                 left_cursor += 1
+ 68:             else:
+ 69:                 arr.append(right[right_cursor])
+ 70:                 right_cursor += 1
+ 71:         
+ 72:         if left:
+ 73:             arr.extend(left[left_cursor:])
+ 74:         if right:
+ 75:             arr.extend(right[right_cursor:])
+ 76:         return arr
  77:     
  78:     @staticmethod
  79:     def quick_sort(arr, first, last):''' Quicksort
  80:             Complexity: O(n log(n))
--------------------------------------------------------------------------------
[0.07464 s] incompetent

TypeError: sort1:53: TypeError: 'classmethod' object is not callable

   - [#  16] CDI sort1: 
--------------------------------------------------------------------------------
  74:             arr.extend(right[right_cursor:])
  75:         return arr
  76:     
  77:     
- 78:     @staticmethod
- 79:     def quick_sort(arr, first, last):''' Quicksort
- 80:             Complexity: O(n log(n))
- 81:         '''
- 82:         if first < last:
- 83:             pos = Sort.partition(arr, first, last)
- 84:             
- 85:             Sort.quick_sort(arr, first, pos - 1)
- 86:             Sort.quick_sort(arr, pos + 1, last)
- 87:     
+ 78:     @staticmethod@classmethod
+ 79:     def quick_sort(arr, first, last):
+ 80:         ''' Quicksort
+ 81:             Complexity: O(n log(n))
+ 82:         '''
+ 83:         if first < last:
+ 84:             pos = Sort.partition(arr, first, last)
+ 85:             
+ 86:             Sort.quick_sort(arr, first, pos - 1)
+ 87:             Sort.quick_sort(arr, pos + 1, last)
  88:     
  89:     @staticmethod
  90:     def partition(arr, first, last):pivot = first
  91:         for pos in range(first, last):
--------------------------------------------------------------------------------
[0.07671 s] incompetent

TypeError: /home/auri/temp/lucca/python_experiments/sort1/MOSA-WHOLE_SUITE/test_sort1_MOSA.py:42: TypeError: 'classmethod' object is not callable

   - [#  17] CDI sort1: 
--------------------------------------------------------------------------------
  85:             Sort.quick_sort(arr, first, pos - 1)
  86:             Sort.quick_sort(arr, pos + 1, last)
  87:     
  88:     
- 89:     @staticmethod
- 90:     def partition(arr, first, last):pivot = first
- 91:         for pos in range(first, last):
- 92:             if arr[pos] < arr[last]:
- 93:                 (arr[pos], arr[pivot]) = (arr[pivot], arr[pos])
- 94:                 pivot += 1
- 95:         (arr[pivot], arr[last]) = (arr[last], arr[pivot])
- 96:         return pivot
+ 89:     @staticmethod@classmethod
+ 90:     def partition(arr, first, last):
+ 91:         pivot = first
+ 92:         for pos in range(first, last):
+ 93:             if arr[pos] < arr[last]:
+ 94:                 (arr[pos], arr[pivot]) = (arr[pivot], arr[pos])
+ 95:                 pivot += 1
+ 96:         (arr[pivot], arr[last]) = (arr[last], arr[pivot])
+ 97:         return pivot
--------------------------------------------------------------------------------
[0.07532 s] incompetent

TypeError: sort1:83: TypeError: 'classmethod' object is not callable

   - [#  18] COI sort1: 
--------------------------------------------------------------------------------
  13:         for i in range(len(arr)):
  14:             minimum = i
  15:             for j in range(i + 1, len(arr)):
  16:                 
- 17:                 if arr[j] < arr[minimum]:
+ 17:                 if not (arr[j] < arr[minimum]):
  18:                     minimum = j
  19:             
  20:             (arr[minimum], arr[i]) = (arr[i], arr[minimum])
  21:         return arr
--------------------------------------------------------------------------------
[0.06353 s] survived
   - [#  19] COI sort1: 
--------------------------------------------------------------------------------
  27:         '''
  28:         for i in range(len(arr)):
  29:             cursor = arr[i]
  30:             pos = i
- 31:             while (pos > 0 and arr[pos - 1] > cursor):
+ 31:             while not ((pos > 0 and arr[pos - 1] > cursor)):
  32:                 
  33:                 arr[pos] = arr[pos - 1]
  34:                 pos = pos - 1
  35:             
--------------------------------------------------------------------------------
[0.07040 s] killed by MOSA-WHOLE_SUITE/test_sort1_MOSA.py::test_case_1

def test_case_1():
        bool_0 = False
        list_0 = [bool_0, bool_0, bool_0, bool_0]
        sort_0 = module_0.Sort()
>       var_0 = sort_0.insertion_sort(list_0)

MOSA-WHOLE_SUITE/test_sort1_MOSA.py:13: 
_ _ _ _ _ _ _ _ _ _ _ _ _ _ _ _ _ _ _ _ _ _ _ _ _ _ _ _ _ _ _ _ _ _ _ _ _ _ _ _ 

arr = [False, False, False, False]

>   ???
E   IndexError: list index out of range

sort1:33: IndexError
   - [#  20] COI sort1: 
--------------------------------------------------------------------------------
  43:         '''
  44:         size = len(arr)
  45:         half = size // 2
  46:         
- 47:         if size <= 1:
+ 47:         if not (size <= 1):
  48:             return arr
  49:         
  50:         (left, right) = (Sort.merge_sort(arr[half:]), Sort.merge_sort(arr[:half]))
  51:         
--------------------------------------------------------------------------------
[0.11984 s] killed by MOSA-WHOLE_SUITE/test_sort1_MOSA.py::test_case_7

def test_case_7():
        dict_0 = {}
        list_0 = []
        sort_0 = module_0.Sort(*list_0)
>       var_0 = sort_0.merge_sort(list_0)

MOSA-WHOLE_SUITE/test_sort1_MOSA.py:48: 
_ _ _ _ _ _ _ _ _ _ _ _ _ _ _ _ _ _ _ _ _ _ _ _ _ _ _ _ _ _ _ _ _ _ _ _ _ _ _ _ 
sort1:50: in merge_sort
    ???
sort1:50: in merge_sort
    ???
E   RecursionError: maximum recursion depth exceeded while calling a Python object
!!! Recursion detected (same locals & position)
   - [#  21] COI sort1: 
--------------------------------------------------------------------------------
  58:             Complexity: O(n)
  59:         '''
  60:         arr = []
  61:         (left_cursor, right_cursor) = (0, 0)
- 62:         while (left_cursor < len(left) and right_cursor < len(right)):
+ 62:         while not ((left_cursor < len(left) and right_cursor < len(right))):
  63:             
  64:             if left[left_cursor] <= right[right_cursor]:
  65:                 arr.append(left[left_cursor])
  66:                 left_cursor += 1
--------------------------------------------------------------------------------
[0.07803 s] killed by MOSA-WHOLE_SUITE/test_sort1_MOSA.py::test_case_7

def test_case_7():
        dict_0 = {}
        list_0 = []
        sort_0 = module_0.Sort(*list_0)
        var_0 = sort_0.merge_sort(list_0)
        none_type_0 = None
        sort_1 = module_0.Sort()
>       var_1 = sort_1.merge(dict_0, none_type_0)

MOSA-WHOLE_SUITE/test_sort1_MOSA.py:51: 
_ _ _ _ _ _ _ _ _ _ _ _ _ _ _ _ _ _ _ _ _ _ _ _ _ _ _ _ _ _ _ _ _ _ _ _ _ _ _ _ 

left = {}, right = None

>   ???
E   KeyError: 0

sort1:64: KeyError
   - [#  22] COI sort1: 
--------------------------------------------------------------------------------
  60:         arr = []
  61:         (left_cursor, right_cursor) = (0, 0)
  62:         while (left_cursor < len(left) and right_cursor < len(right)):
  63:             
- 64:             if left[left_cursor] <= right[right_cursor]:
+ 64:             if not (left[left_cursor] <= right[right_cursor]):
  65:                 arr.append(left[left_cursor])
  66:                 left_cursor += 1
  67:             else:
  68:                 arr.append(right[right_cursor])
--------------------------------------------------------------------------------
[0.06249 s] survived
   - [#  23] COI sort1: 
--------------------------------------------------------------------------------
  67:             else:
  68:                 arr.append(right[right_cursor])
  69:                 right_cursor += 1
  70:         
- 71:         if left:
+ 71:         if not left:
  72:             arr.extend(left[left_cursor:])
  73:         if right:
  74:             arr.extend(right[right_cursor:])
  75:         return arr
--------------------------------------------------------------------------------
[0.07479 s] incompetent

TypeError: sort1:72: TypeError: unhashable type: 'slice'

   - [#  24] COI sort1: 
--------------------------------------------------------------------------------
  69:                 right_cursor += 1
  70:         
  71:         if left:
  72:             arr.extend(left[left_cursor:])
- 73:         if right:
+ 73:         if not right:
  74:             arr.extend(right[right_cursor:])
  75:         return arr
  76:     
  77:     
--------------------------------------------------------------------------------
[0.07426 s] incompetent

TypeError: sort1:74: TypeError: 'NoneType' object is not subscriptable

   - [#  25] COI sort1: 
--------------------------------------------------------------------------------
  78:     @staticmethod
  79:     def quick_sort(arr, first, last):''' Quicksort
  80:             Complexity: O(n log(n))
  81:         '''
- 82:         if first < last:
+ 82:         if not (first < last):
  83:             pos = Sort.partition(arr, first, last)
  84:             
  85:             Sort.quick_sort(arr, first, pos - 1)
  86:             Sort.quick_sort(arr, pos + 1, last)
--------------------------------------------------------------------------------
[0.07652 s] incompetent

TypeError: sort1:95: TypeError: 'bool' object is not subscriptable

   - [#  26] COI sort1: 
--------------------------------------------------------------------------------
  88:     
  89:     @staticmethod
  90:     def partition(arr, first, last):pivot = first
  91:         for pos in range(first, last):
- 92:             if arr[pos] < arr[last]:
+ 92:             if not (arr[pos] < arr[last]):
  93:                 (arr[pos], arr[pivot]) = (arr[pivot], arr[pos])
  94:                 pivot += 1
  95:         (arr[pivot], arr[last]) = (arr[last], arr[pivot])
  96:         return pivot
--------------------------------------------------------------------------------
[0.05859 s] survived
   - [#  27] CRP sort1: 
--------------------------------------------------------------------------------
  11:             Complexity: O(n^2)
  12:         '''
  13:         for i in range(len(arr)):
  14:             minimum = i
- 15:             for j in range(i + 1, len(arr)):
+ 15:             for j in range(i + 2, len(arr)):
  16:                 
  17:                 if arr[j] < arr[minimum]:
  18:                     minimum = j
  19:             
--------------------------------------------------------------------------------
[0.05821 s] survived
   - [#  28] CRP sort1: 
--------------------------------------------------------------------------------
  27:         '''
  28:         for i in range(len(arr)):
  29:             cursor = arr[i]
  30:             pos = i
- 31:             while (pos > 0 and arr[pos - 1] > cursor):
+ 31:             while (pos > 1 and arr[pos - 1] > cursor):
  32:                 
  33:                 arr[pos] = arr[pos - 1]
  34:                 pos = pos - 1
  35:             
--------------------------------------------------------------------------------
[0.07562 s] survived
   - [#  29] CRP sort1: 
--------------------------------------------------------------------------------
  27:         '''
  28:         for i in range(len(arr)):
  29:             cursor = arr[i]
  30:             pos = i
- 31:             while (pos > 0 and arr[pos - 1] > cursor):
+ 31:             while (pos > 0 and arr[pos - 2] > cursor):
  32:                 
  33:                 arr[pos] = arr[pos - 1]
  34:                 pos = pos - 1
  35:             
--------------------------------------------------------------------------------
[0.05818 s] survived
   - [#  30] CRP sort1: 
--------------------------------------------------------------------------------
  29:             cursor = arr[i]
  30:             pos = i
  31:             while (pos > 0 and arr[pos - 1] > cursor):
  32:                 
- 33:                 arr[pos] = arr[pos - 1]
+ 33:                 arr[pos] = arr[pos - 2]
  34:                 pos = pos - 1
  35:             
  36:             arr[pos] = cursor
  37:         return arr
--------------------------------------------------------------------------------
[0.05679 s] survived
   - [#  31] CRP sort1: 
--------------------------------------------------------------------------------
  30:             pos = i
  31:             while (pos > 0 and arr[pos - 1] > cursor):
  32:                 
  33:                 arr[pos] = arr[pos - 1]
- 34:                 pos = pos - 1
+ 34:                 pos = pos - 2
  35:             
  36:             arr[pos] = cursor
  37:         return arr
  38:     
--------------------------------------------------------------------------------
[0.05905 s] survived
   - [#  32] CRP sort1: 
--------------------------------------------------------------------------------
  41:     def merge_sort(arr):''' Merge Sort
  42:             Complexity: O(n log(n))
  43:         '''
  44:         size = len(arr)
- 45:         half = size // 2
+ 45:         half = size // 3
  46:         
  47:         if size <= 1:
  48:             return arr
  49:         
--------------------------------------------------------------------------------
[0.07839 s] killed by MOSA-WHOLE_SUITE/test_sort1_MOSA.py::test_case_3

def test_case_3():
        sort_0 = module_0.Sort()
        str_0 = 'Z^[`[*-KJ8P&'
        sort_1 = module_0.Sort()
>       var_0 = sort_1.merge_sort(str_0)

MOSA-WHOLE_SUITE/test_sort1_MOSA.py:27: 
_ _ _ _ _ _ _ _ _ _ _ _ _ _ _ _ _ _ _ _ _ _ _ _ _ _ _ _ _ _ _ _ _ _ _ _ _ _ _ _ 
sort1:50: in merge_sort
    ???
sort1:50: in merge_sort
    ???
sort1:50: in merge_sort
    ???
sort1:50: in merge_sort
    ???
sort1:50: in merge_sort
    ???
sort1:50: in merge_sort
    ???
sort1:50: in merge_sort
    ???
E   RecursionError: maximum recursion depth exceeded while calling a Python object
!!! Recursion detected (same locals & position)
   - [#  33] CRP sort1: 
--------------------------------------------------------------------------------
  43:         '''
  44:         size = len(arr)
  45:         half = size // 2
  46:         
- 47:         if size <= 1:
+ 47:         if size <= 2:
  48:             return arr
  49:         
  50:         (left, right) = (Sort.merge_sort(arr[half:]), Sort.merge_sort(arr[:half]))
  51:         
--------------------------------------------------------------------------------
[0.05833 s] survived
   - [#  34] CRP sort1: 
--------------------------------------------------------------------------------
  57:     def merge(left, right):''' Merge helper
  58:             Complexity: O(n)
  59:         '''
  60:         arr = []
- 61:         (left_cursor, right_cursor) = (0, 0)
+ 61:         (left_cursor, right_cursor) = (1, 0)
  62:         while (left_cursor < len(left) and right_cursor < len(right)):
  63:             
  64:             if left[left_cursor] <= right[right_cursor]:
  65:                 arr.append(left[left_cursor])
--------------------------------------------------------------------------------
[0.05927 s] survived
   - [#  35] CRP sort1: 
--------------------------------------------------------------------------------
  57:     def merge(left, right):''' Merge helper
  58:             Complexity: O(n)
  59:         '''
  60:         arr = []
- 61:         (left_cursor, right_cursor) = (0, 0)
+ 61:         (left_cursor, right_cursor) = (0, 1)
  62:         while (left_cursor < len(left) and right_cursor < len(right)):
  63:             
  64:             if left[left_cursor] <= right[right_cursor]:
  65:                 arr.append(left[left_cursor])
--------------------------------------------------------------------------------
[0.05732 s] survived
   - [#  36] CRP sort1: 
--------------------------------------------------------------------------------
  62:         while (left_cursor < len(left) and right_cursor < len(right)):
  63:             
  64:             if left[left_cursor] <= right[right_cursor]:
  65:                 arr.append(left[left_cursor])
- 66:                 left_cursor += 1
+ 66:                 left_cursor += 2
  67:             else:
  68:                 arr.append(right[right_cursor])
  69:                 right_cursor += 1
  70:         
--------------------------------------------------------------------------------
[0.05645 s] survived
   - [#  37] CRP sort1: 
--------------------------------------------------------------------------------
  65:                 arr.append(left[left_cursor])
  66:                 left_cursor += 1
  67:             else:
  68:                 arr.append(right[right_cursor])
- 69:                 right_cursor += 1
+ 69:                 right_cursor += 2
  70:         
  71:         if left:
  72:             arr.extend(left[left_cursor:])
  73:         if right:
--------------------------------------------------------------------------------
[0.05663 s] survived
   - [#  38] CRP sort1: 
--------------------------------------------------------------------------------
  81:         '''
  82:         if first < last:
  83:             pos = Sort.partition(arr, first, last)
  84:             
- 85:             Sort.quick_sort(arr, first, pos - 1)
+ 85:             Sort.quick_sort(arr, first, pos - 2)
  86:             Sort.quick_sort(arr, pos + 1, last)
  87:     
  88:     
  89:     @staticmethod
--------------------------------------------------------------------------------
[0.05693 s] survived
   - [#  39] CRP sort1: 
--------------------------------------------------------------------------------
  82:         if first < last:
  83:             pos = Sort.partition(arr, first, last)
  84:             
  85:             Sort.quick_sort(arr, first, pos - 1)
- 86:             Sort.quick_sort(arr, pos + 1, last)
+ 86:             Sort.quick_sort(arr, pos + 2, last)
  87:     
  88:     
  89:     @staticmethod
  90:     def partition(arr, first, last):pivot = first
--------------------------------------------------------------------------------
[0.05849 s] survived
   - [#  40] CRP sort1: 
--------------------------------------------------------------------------------
  90:     def partition(arr, first, last):pivot = first
  91:         for pos in range(first, last):
  92:             if arr[pos] < arr[last]:
  93:                 (arr[pos], arr[pivot]) = (arr[pivot], arr[pos])
- 94:                 pivot += 1
+ 94:                 pivot += 2
  95:         (arr[pivot], arr[last]) = (arr[last], arr[pivot])
  96:         return pivot
--------------------------------------------------------------------------------
[0.05887 s] survived
   - [#  41] DDL sort1: 
--------------------------------------------------------------------------------
   5: 
   6: 
   7: class Sort:
   8:     
-  9:     @staticmethod
- 10:     def selection_sort(arr):''' Selection Sort
+  9:     def selection_sort(arr):
+ 10:         ''' Selection Sort
  11:             Complexity: O(n^2)
  12:         '''
  13:         for i in range(len(arr)):
  14:             minimum = i
--------------------------------------------------------------------------------
[0.06805 s] incompetent

TypeError: /home/auri/temp/lucca/python_experiments/sort1/MOSA-WHOLE_SUITE/test_sort1_MOSA.py:14: TypeError: Sort.selection_sort() takes 1 positional argument but 2 were given

   - [#  42] DDL sort1: 
--------------------------------------------------------------------------------
  20:             (arr[minimum], arr[i]) = (arr[i], arr[minimum])
  21:         return arr
  22:     
  23:     
- 24:     @staticmethod
- 25:     def insertion_sort(arr):''' Insertion Sort
+ 24:     def insertion_sort(arr):
+ 25:         ''' Insertion Sort
  26:             Complexity: O(n^2)
  27:         '''
  28:         for i in range(len(arr)):
  29:             cursor = arr[i]
--------------------------------------------------------------------------------
[0.06903 s] incompetent

TypeError: /home/auri/temp/lucca/python_experiments/sort1/MOSA-WHOLE_SUITE/test_sort1_MOSA.py:13: TypeError: Sort.insertion_sort() takes 1 positional argument but 2 were given

   - [#  43] DDL sort1: 
--------------------------------------------------------------------------------
  36:             arr[pos] = cursor
  37:         return arr
  38:     
  39:     
- 40:     @staticmethod
- 41:     def merge_sort(arr):''' Merge Sort
+ 40:     def merge_sort(arr):
+ 41:         ''' Merge Sort
  42:             Complexity: O(n log(n))
  43:         '''
  44:         size = len(arr)
  45:         half = size // 2
--------------------------------------------------------------------------------
[0.07237 s] incompetent

TypeError: /home/auri/temp/lucca/python_experiments/sort1/MOSA-WHOLE_SUITE/test_sort1_MOSA.py:27: TypeError: Sort.merge_sort() takes 1 positional argument but 2 were given

   - [#  44] DDL sort1: 
--------------------------------------------------------------------------------
  52:         
  53:         return Sort.merge(left, right)
  54:     
  55:     
- 56:     @staticmethod
- 57:     def merge(left, right):''' Merge helper
+ 56:     def merge(left, right):
+ 57:         ''' Merge helper
  58:             Complexity: O(n)
  59:         '''
  60:         arr = []
  61:         (left_cursor, right_cursor) = (0, 0)
--------------------------------------------------------------------------------
[0.07387 s] incompetent

TypeError: /home/auri/temp/lucca/python_experiments/sort1/MOSA-WHOLE_SUITE/test_sort1_MOSA.py:51: TypeError: Sort.merge() takes 2 positional arguments but 3 were given

   - [#  45] DDL sort1: 
--------------------------------------------------------------------------------
  74:             arr.extend(right[right_cursor:])
  75:         return arr
  76:     
  77:     
- 78:     @staticmethod
- 79:     def quick_sort(arr, first, last):''' Quicksort
+ 78:     def quick_sort(arr, first, last):
+ 79:         ''' Quicksort
  80:             Complexity: O(n log(n))
  81:         '''
  82:         if first < last:
  83:             pos = Sort.partition(arr, first, last)
--------------------------------------------------------------------------------
[0.07711 s] incompetent

TypeError: /home/auri/temp/lucca/python_experiments/sort1/MOSA-WHOLE_SUITE/test_sort1_MOSA.py:42: TypeError: Sort.quick_sort() takes 3 positional arguments but 4 were given

   - [#  46] DDL sort1: 
--------------------------------------------------------------------------------
  85:             Sort.quick_sort(arr, first, pos - 1)
  86:             Sort.quick_sort(arr, pos + 1, last)
  87:     
  88:     
- 89:     @staticmethod
- 90:     def partition(arr, first, last):pivot = first
+ 89:     def partition(arr, first, last):
+ 90:         pivot = first
  91:         for pos in range(first, last):
  92:             if arr[pos] < arr[last]:
  93:                 (arr[pos], arr[pivot]) = (arr[pivot], arr[pos])
  94:                 pivot += 1
--------------------------------------------------------------------------------
[0.07660 s] survived
   - [#  47] LCR sort1: 
--------------------------------------------------------------------------------
  27:         '''
  28:         for i in range(len(arr)):
  29:             cursor = arr[i]
  30:             pos = i
- 31:             while (pos > 0 and arr[pos - 1] > cursor):
+ 31:             while (pos > 0 or arr[pos - 1] > cursor):
  32:                 
  33:                 arr[pos] = arr[pos - 1]
  34:                 pos = pos - 1
  35:             
--------------------------------------------------------------------------------
[0.08109 s] killed by MOSA-WHOLE_SUITE/test_sort1_WHOLE_SUITE.py::test_case_11

def test_case_11():
        str_0 = 'qW)*R'
        list_0 = []
        sort_0 = module_0.Sort()
        var_0 = sort_0.merge(str_0, list_0)
>       var_1 = sort_0.insertion_sort(var_0)

MOSA-WHOLE_SUITE/test_sort1_WHOLE_SUITE.py:77: 
_ _ _ _ _ _ _ _ _ _ _ _ _ _ _ _ _ _ _ _ _ _ _ _ _ _ _ _ _ _ _ _ _ _ _ _ _ _ _ _ 

arr = ['R', 'R', 'W', 'q', '*']

>   ???
E   IndexError: list index out of range

sort1:31: IndexError
   - [#  48] LCR sort1: 
--------------------------------------------------------------------------------
  58:             Complexity: O(n)
  59:         '''
  60:         arr = []
  61:         (left_cursor, right_cursor) = (0, 0)
- 62:         while (left_cursor < len(left) and right_cursor < len(right)):
+ 62:         while (left_cursor < len(left) or right_cursor < len(right)):
  63:             
  64:             if left[left_cursor] <= right[right_cursor]:
  65:                 arr.append(left[left_cursor])
  66:                 left_cursor += 1
--------------------------------------------------------------------------------
[0.07470 s] killed by MOSA-WHOLE_SUITE/test_sort1_MOSA.py::test_case_3

def test_case_3():
        sort_0 = module_0.Sort()
        str_0 = 'Z^[`[*-KJ8P&'
        sort_1 = module_0.Sort()
>       var_0 = sort_1.merge_sort(str_0)

MOSA-WHOLE_SUITE/test_sort1_MOSA.py:27: 
_ _ _ _ _ _ _ _ _ _ _ _ _ _ _ _ _ _ _ _ _ _ _ _ _ _ _ _ _ _ _ _ _ _ _ _ _ _ _ _ 
sort1:50: in merge_sort
    ???
sort1:50: in merge_sort
    ???
sort1:50: in merge_sort
    ???
sort1:53: in merge_sort
    ???
_ _ _ _ _ _ _ _ _ _ _ _ _ _ _ _ _ _ _ _ _ _ _ _ _ _ _ _ _ _ _ _ _ _ _ _ _ _ _ _ 

left = '&', right = 'P'

>   ???
E   IndexError: string index out of range

sort1:64: IndexError
   - [#  49] OIL sort1: 
--------------------------------------------------------------------------------
  17:                 if arr[j] < arr[minimum]:
  18:                     minimum = j
  19:             
  20:             (arr[minimum], arr[i]) = (arr[i], arr[minimum])
- 21:         return arr
- 22:     
+ 21:             break
+ 22:         return arr
  23:     
  24:     @staticmethod
  25:     def insertion_sort(arr):''' Insertion Sort
  26:             Complexity: O(n^2)
--------------------------------------------------------------------------------
[0.05722 s] survived
   - [#  50] OIL sort1: 
--------------------------------------------------------------------------------
  15:             for j in range(i + 1, len(arr)):
  16:                 
  17:                 if arr[j] < arr[minimum]:
  18:                     minimum = j
- 19:             
+ 19:                 break
  20:             (arr[minimum], arr[i]) = (arr[i], arr[minimum])
  21:         return arr
  22:     
  23:     
--------------------------------------------------------------------------------
[0.05897 s] survived
   - [#  51] OIL sort1: 
--------------------------------------------------------------------------------
  33:                 arr[pos] = arr[pos - 1]
  34:                 pos = pos - 1
  35:             
  36:             arr[pos] = cursor
- 37:         return arr
- 38:     
+ 37:             break
+ 38:         return arr
  39:     
  40:     @staticmethod
  41:     def merge_sort(arr):''' Merge Sort
  42:             Complexity: O(n log(n))
--------------------------------------------------------------------------------
[0.05853 s] survived
   - [#  52] OIL sort1: 
--------------------------------------------------------------------------------
  31:             while (pos > 0 and arr[pos - 1] > cursor):
  32:                 
  33:                 arr[pos] = arr[pos - 1]
  34:                 pos = pos - 1
- 35:             
+ 35:                 break
  36:             arr[pos] = cursor
  37:         return arr
  38:     
  39:     
--------------------------------------------------------------------------------
[0.05811 s] survived
   - [#  53] OIL sort1: 
--------------------------------------------------------------------------------
  65:                 arr.append(left[left_cursor])
  66:                 left_cursor += 1
  67:             else:
  68:                 arr.append(right[right_cursor])
- 69:                 right_cursor += 1
+ 69:                 right_cursor += 1break
  70:         
  71:         if left:
  72:             arr.extend(left[left_cursor:])
  73:         if right:
--------------------------------------------------------------------------------
[0.05712 s] survived
   - [#  54] OIL sort1: 
--------------------------------------------------------------------------------
  91:         for pos in range(first, last):
  92:             if arr[pos] < arr[last]:
  93:                 (arr[pos], arr[pivot]) = (arr[pivot], arr[pos])
  94:                 pivot += 1
- 95:         (arr[pivot], arr[last]) = (arr[last], arr[pivot])
- 96:         return pivot
+ 95:             break
+ 96:         (arr[pivot], arr[last]) = (arr[last], arr[pivot])
+ 97:         return pivot
--------------------------------------------------------------------------------
[0.05843 s] survived
   - [#  55] RIL sort1: 
--------------------------------------------------------------------------------
   9:     @staticmethod
  10:     def selection_sort(arr):''' Selection Sort
  11:             Complexity: O(n^2)
  12:         '''
- 13:         for i in range(len(arr)):
+ 13:         for i in reversed(range(len(arr))):
  14:             minimum = i
  15:             for j in range(i + 1, len(arr)):
  16:                 
  17:                 if arr[j] < arr[minimum]:
--------------------------------------------------------------------------------
[0.07494 s] survived
   - [#  56] RIL sort1: 
--------------------------------------------------------------------------------
  11:             Complexity: O(n^2)
  12:         '''
  13:         for i in range(len(arr)):
  14:             minimum = i
- 15:             for j in range(i + 1, len(arr)):
+ 15:             for j in reversed(range(i + 1, len(arr))):
  16:                 
  17:                 if arr[j] < arr[minimum]:
  18:                     minimum = j
  19:             
--------------------------------------------------------------------------------
[0.05729 s] survived
   - [#  57] RIL sort1: 
--------------------------------------------------------------------------------
  24:     @staticmethod
  25:     def insertion_sort(arr):''' Insertion Sort
  26:             Complexity: O(n^2)
  27:         '''
- 28:         for i in range(len(arr)):
+ 28:         for i in reversed(range(len(arr))):
  29:             cursor = arr[i]
  30:             pos = i
  31:             while (pos > 0 and arr[pos - 1] > cursor):
  32:                 
--------------------------------------------------------------------------------
[0.05801 s] survived
   - [#  58] RIL sort1: 
--------------------------------------------------------------------------------
  87:     
  88:     
  89:     @staticmethod
  90:     def partition(arr, first, last):pivot = first
- 91:         for pos in range(first, last):
+ 91:         for pos in reversed(range(first, last)):
  92:             if arr[pos] < arr[last]:
  93:                 (arr[pos], arr[pivot]) = (arr[pivot], arr[pos])
  94:                 pivot += 1
  95:         (arr[pivot], arr[last]) = (arr[last], arr[pivot])
--------------------------------------------------------------------------------
[0.05797 s] survived
   - [#  59] ROR sort1: 
--------------------------------------------------------------------------------
  13:         for i in range(len(arr)):
  14:             minimum = i
  15:             for j in range(i + 1, len(arr)):
  16:                 
- 17:                 if arr[j] < arr[minimum]:
+ 17:                 if arr[j] > arr[minimum]:
  18:                     minimum = j
  19:             
  20:             (arr[minimum], arr[i]) = (arr[i], arr[minimum])
  21:         return arr
--------------------------------------------------------------------------------
[0.05838 s] survived
   - [#  60] ROR sort1: 
--------------------------------------------------------------------------------
  13:         for i in range(len(arr)):
  14:             minimum = i
  15:             for j in range(i + 1, len(arr)):
  16:                 
- 17:                 if arr[j] < arr[minimum]:
+ 17:                 if arr[j] <= arr[minimum]:
  18:                     minimum = j
  19:             
  20:             (arr[minimum], arr[i]) = (arr[i], arr[minimum])
  21:         return arr
--------------------------------------------------------------------------------
[0.05691 s] survived
   - [#  61] ROR sort1: 
--------------------------------------------------------------------------------
  27:         '''
  28:         for i in range(len(arr)):
  29:             cursor = arr[i]
  30:             pos = i
- 31:             while (pos > 0 and arr[pos - 1] > cursor):
+ 31:             while (pos < 0 and arr[pos - 1] > cursor):
  32:                 
  33:                 arr[pos] = arr[pos - 1]
  34:                 pos = pos - 1
  35:             
--------------------------------------------------------------------------------
[0.05692 s] survived
   - [#  62] ROR sort1: 
--------------------------------------------------------------------------------
  27:         '''
  28:         for i in range(len(arr)):
  29:             cursor = arr[i]
  30:             pos = i
- 31:             while (pos > 0 and arr[pos - 1] > cursor):
+ 31:             while (pos >= 0 and arr[pos - 1] > cursor):
  32:                 
  33:                 arr[pos] = arr[pos - 1]
  34:                 pos = pos - 1
  35:             
--------------------------------------------------------------------------------
[0.05695 s] survived
   - [#  63] ROR sort1: 
--------------------------------------------------------------------------------
  27:         '''
  28:         for i in range(len(arr)):
  29:             cursor = arr[i]
  30:             pos = i
- 31:             while (pos > 0 and arr[pos - 1] > cursor):
+ 31:             while (pos > 0 and arr[pos - 1] < cursor):
  32:                 
  33:                 arr[pos] = arr[pos - 1]
  34:                 pos = pos - 1
  35:             
--------------------------------------------------------------------------------
[0.05895 s] survived
   - [#  64] ROR sort1: 
--------------------------------------------------------------------------------
  27:         '''
  28:         for i in range(len(arr)):
  29:             cursor = arr[i]
  30:             pos = i
- 31:             while (pos > 0 and arr[pos - 1] > cursor):
+ 31:             while (pos > 0 and arr[pos - 1] >= cursor):
  32:                 
  33:                 arr[pos] = arr[pos - 1]
  34:                 pos = pos - 1
  35:             
--------------------------------------------------------------------------------
[0.07609 s] survived
   - [#  65] ROR sort1: 
--------------------------------------------------------------------------------
  43:         '''
  44:         size = len(arr)
  45:         half = size // 2
  46:         
- 47:         if size <= 1:
+ 47:         if size >= 1:
  48:             return arr
  49:         
  50:         (left, right) = (Sort.merge_sort(arr[half:]), Sort.merge_sort(arr[:half]))
  51:         
--------------------------------------------------------------------------------
[0.07769 s] killed by MOSA-WHOLE_SUITE/test_sort1_MOSA.py::test_case_7

def test_case_7():
        dict_0 = {}
        list_0 = []
        sort_0 = module_0.Sort(*list_0)
>       var_0 = sort_0.merge_sort(list_0)

MOSA-WHOLE_SUITE/test_sort1_MOSA.py:48: 
_ _ _ _ _ _ _ _ _ _ _ _ _ _ _ _ _ _ _ _ _ _ _ _ _ _ _ _ _ _ _ _ _ _ _ _ _ _ _ _ 
sort1:50: in merge_sort
    ???
sort1:50: in merge_sort
    ???
E   RecursionError: maximum recursion depth exceeded while calling a Python object
!!! Recursion detected (same locals & position)
   - [#  66] ROR sort1: 
--------------------------------------------------------------------------------
  43:         '''
  44:         size = len(arr)
  45:         half = size // 2
  46:         
- 47:         if size <= 1:
+ 47:         if size < 1:
  48:             return arr
  49:         
  50:         (left, right) = (Sort.merge_sort(arr[half:]), Sort.merge_sort(arr[:half]))
  51:         
--------------------------------------------------------------------------------
[0.07938 s] killed by MOSA-WHOLE_SUITE/test_sort1_MOSA.py::test_case_3

def test_case_3():
        sort_0 = module_0.Sort()
        str_0 = 'Z^[`[*-KJ8P&'
        sort_1 = module_0.Sort()
>       var_0 = sort_1.merge_sort(str_0)

MOSA-WHOLE_SUITE/test_sort1_MOSA.py:27: 
_ _ _ _ _ _ _ _ _ _ _ _ _ _ _ _ _ _ _ _ _ _ _ _ _ _ _ _ _ _ _ _ _ _ _ _ _ _ _ _ 
sort1:50: in merge_sort
    ???
sort1:50: in merge_sort
    ???
sort1:50: in merge_sort
    ???
sort1:50: in merge_sort
    ???
sort1:50: in merge_sort
    ???
sort1:50: in merge_sort
    ???
E   RecursionError: maximum recursion depth exceeded while calling a Python object
!!! Recursion detected (same locals & position)
   - [#  67] ROR sort1: 
--------------------------------------------------------------------------------
  58:             Complexity: O(n)
  59:         '''
  60:         arr = []
  61:         (left_cursor, right_cursor) = (0, 0)
- 62:         while (left_cursor < len(left) and right_cursor < len(right)):
+ 62:         while (left_cursor > len(left) and right_cursor < len(right)):
  63:             
  64:             if left[left_cursor] <= right[right_cursor]:
  65:                 arr.append(left[left_cursor])
  66:                 left_cursor += 1
--------------------------------------------------------------------------------
[0.05656 s] survived
   - [#  68] ROR sort1: 
--------------------------------------------------------------------------------
  58:             Complexity: O(n)
  59:         '''
  60:         arr = []
  61:         (left_cursor, right_cursor) = (0, 0)
- 62:         while (left_cursor < len(left) and right_cursor < len(right)):
+ 62:         while (left_cursor <= len(left) and right_cursor < len(right)):
  63:             
  64:             if left[left_cursor] <= right[right_cursor]:
  65:                 arr.append(left[left_cursor])
  66:                 left_cursor += 1
--------------------------------------------------------------------------------
[0.07408 s] killed by MOSA-WHOLE_SUITE/test_sort1_MOSA.py::test_case_3

def test_case_3():
        sort_0 = module_0.Sort()
        str_0 = 'Z^[`[*-KJ8P&'
        sort_1 = module_0.Sort()
>       var_0 = sort_1.merge_sort(str_0)

MOSA-WHOLE_SUITE/test_sort1_MOSA.py:27: 
_ _ _ _ _ _ _ _ _ _ _ _ _ _ _ _ _ _ _ _ _ _ _ _ _ _ _ _ _ _ _ _ _ _ _ _ _ _ _ _ 
sort1:50: in merge_sort
    ???
sort1:50: in merge_sort
    ???
sort1:50: in merge_sort
    ???
sort1:53: in merge_sort
    ???
_ _ _ _ _ _ _ _ _ _ _ _ _ _ _ _ _ _ _ _ _ _ _ _ _ _ _ _ _ _ _ _ _ _ _ _ _ _ _ _ 

left = '&', right = 'P'

>   ???
E   IndexError: string index out of range

sort1:64: IndexError
   - [#  69] ROR sort1: 
--------------------------------------------------------------------------------
  58:             Complexity: O(n)
  59:         '''
  60:         arr = []
  61:         (left_cursor, right_cursor) = (0, 0)
- 62:         while (left_cursor < len(left) and right_cursor < len(right)):
+ 62:         while (left_cursor < len(left) and right_cursor > len(right)):
  63:             
  64:             if left[left_cursor] <= right[right_cursor]:
  65:                 arr.append(left[left_cursor])
  66:                 left_cursor += 1
--------------------------------------------------------------------------------
[0.05651 s] survived
   - [#  70] ROR sort1: 
--------------------------------------------------------------------------------
  58:             Complexity: O(n)
  59:         '''
  60:         arr = []
  61:         (left_cursor, right_cursor) = (0, 0)
- 62:         while (left_cursor < len(left) and right_cursor < len(right)):
+ 62:         while (left_cursor < len(left) and right_cursor <= len(right)):
  63:             
  64:             if left[left_cursor] <= right[right_cursor]:
  65:                 arr.append(left[left_cursor])
  66:                 left_cursor += 1
--------------------------------------------------------------------------------
[0.07373 s] killed by MOSA-WHOLE_SUITE/test_sort1_MOSA.py::test_case_3

def test_case_3():
        sort_0 = module_0.Sort()
        str_0 = 'Z^[`[*-KJ8P&'
        sort_1 = module_0.Sort()
>       var_0 = sort_1.merge_sort(str_0)

MOSA-WHOLE_SUITE/test_sort1_MOSA.py:27: 
_ _ _ _ _ _ _ _ _ _ _ _ _ _ _ _ _ _ _ _ _ _ _ _ _ _ _ _ _ _ _ _ _ _ _ _ _ _ _ _ 
sort1:50: in merge_sort
    ???
sort1:50: in merge_sort
    ???
sort1:53: in merge_sort
    ???
_ _ _ _ _ _ _ _ _ _ _ _ _ _ _ _ _ _ _ _ _ _ _ _ _ _ _ _ _ _ _ _ _ _ _ _ _ _ _ _ 

left = ['&', 'P'], right = '8'

>   ???
E   IndexError: string index out of range

sort1:64: IndexError
   - [#  71] ROR sort1: 
--------------------------------------------------------------------------------
  60:         arr = []
  61:         (left_cursor, right_cursor) = (0, 0)
  62:         while (left_cursor < len(left) and right_cursor < len(right)):
  63:             
- 64:             if left[left_cursor] <= right[right_cursor]:
+ 64:             if left[left_cursor] >= right[right_cursor]:
  65:                 arr.append(left[left_cursor])
  66:                 left_cursor += 1
  67:             else:
  68:                 arr.append(right[right_cursor])
--------------------------------------------------------------------------------
[0.05841 s] survived
   - [#  72] ROR sort1: 
--------------------------------------------------------------------------------
  60:         arr = []
  61:         (left_cursor, right_cursor) = (0, 0)
  62:         while (left_cursor < len(left) and right_cursor < len(right)):
  63:             
- 64:             if left[left_cursor] <= right[right_cursor]:
+ 64:             if left[left_cursor] < right[right_cursor]:
  65:                 arr.append(left[left_cursor])
  66:                 left_cursor += 1
  67:             else:
  68:                 arr.append(right[right_cursor])
--------------------------------------------------------------------------------
[0.05782 s] survived
   - [#  73] ROR sort1: 
--------------------------------------------------------------------------------
  78:     @staticmethod
  79:     def quick_sort(arr, first, last):''' Quicksort
  80:             Complexity: O(n log(n))
  81:         '''
- 82:         if first < last:
+ 82:         if first > last:
  83:             pos = Sort.partition(arr, first, last)
  84:             
  85:             Sort.quick_sort(arr, first, pos - 1)
  86:             Sort.quick_sort(arr, pos + 1, last)
--------------------------------------------------------------------------------
[0.07691 s] incompetent

TypeError: sort1:95: TypeError: 'bool' object is not subscriptable

   - [#  74] ROR sort1: 
--------------------------------------------------------------------------------
  78:     @staticmethod
  79:     def quick_sort(arr, first, last):''' Quicksort
  80:             Complexity: O(n log(n))
  81:         '''
- 82:         if first < last:
+ 82:         if first <= last:
  83:             pos = Sort.partition(arr, first, last)
  84:             
  85:             Sort.quick_sort(arr, first, pos - 1)
  86:             Sort.quick_sort(arr, pos + 1, last)
--------------------------------------------------------------------------------
[0.05692 s] survived
   - [#  75] ROR sort1: 
--------------------------------------------------------------------------------
  88:     
  89:     @staticmethod
  90:     def partition(arr, first, last):pivot = first
  91:         for pos in range(first, last):
- 92:             if arr[pos] < arr[last]:
+ 92:             if arr[pos] > arr[last]:
  93:                 (arr[pos], arr[pivot]) = (arr[pivot], arr[pos])
  94:                 pivot += 1
  95:         (arr[pivot], arr[last]) = (arr[last], arr[pivot])
  96:         return pivot
--------------------------------------------------------------------------------
[0.05739 s] survived
   - [#  76] ROR sort1: 
--------------------------------------------------------------------------------
  88:     
  89:     @staticmethod
  90:     def partition(arr, first, last):pivot = first
  91:         for pos in range(first, last):
- 92:             if arr[pos] < arr[last]:
+ 92:             if arr[pos] <= arr[last]:
  93:                 (arr[pos], arr[pivot]) = (arr[pivot], arr[pos])
  94:                 pivot += 1
  95:         (arr[pivot], arr[last]) = (arr[last], arr[pivot])
  96:         return pivot
--------------------------------------------------------------------------------
[0.05828 s] survived
   - [#  77] SDL sort1: 
--------------------------------------------------------------------------------
  10:     def selection_sort(arr):''' Selection Sort
  11:             Complexity: O(n^2)
  12:         '''
  13:         for i in range(len(arr)):
- 14:             minimum = i
+ 14:             pass
  15:             for j in range(i + 1, len(arr)):
  16:                 
  17:                 if arr[j] < arr[minimum]:
  18:                     minimum = j
--------------------------------------------------------------------------------
[0.06833 s] killed by MOSA-WHOLE_SUITE/test_sort1_MOSA.py::test_case_1

def test_case_1():
        bool_0 = False
        list_0 = [bool_0, bool_0, bool_0, bool_0]
        sort_0 = module_0.Sort()
        var_0 = sort_0.insertion_sort(list_0)
>       var_1 = sort_0.selection_sort(list_0)

MOSA-WHOLE_SUITE/test_sort1_MOSA.py:14: 
_ _ _ _ _ _ _ _ _ _ _ _ _ _ _ _ _ _ _ _ _ _ _ _ _ _ _ _ _ _ _ _ _ _ _ _ _ _ _ _ 

arr = [False, False, False, False]

>   ???
E   UnboundLocalError: local variable 'minimum' referenced before assignment

sort1:17: UnboundLocalError
   - [#  78] SDL sort1: 
--------------------------------------------------------------------------------
  14:             minimum = i
  15:             for j in range(i + 1, len(arr)):
  16:                 
  17:                 if arr[j] < arr[minimum]:
- 18:                     minimum = j
+ 18:                     pass
  19:             
  20:             (arr[minimum], arr[i]) = (arr[i], arr[minimum])
  21:         return arr
  22:     
--------------------------------------------------------------------------------
[0.05759 s] survived
   - [#  79] SDL sort1: 
--------------------------------------------------------------------------------
  16:                 
  17:                 if arr[j] < arr[minimum]:
  18:                     minimum = j
  19:             
- 20:             (arr[minimum], arr[i]) = (arr[i], arr[minimum])
+ 20:             pass
  21:         return arr
  22:     
  23:     
  24:     @staticmethod
--------------------------------------------------------------------------------
[0.05825 s] survived
   - [#  80] SDL sort1: 
--------------------------------------------------------------------------------
  17:                 if arr[j] < arr[minimum]:
  18:                     minimum = j
  19:             
  20:             (arr[minimum], arr[i]) = (arr[i], arr[minimum])
- 21:         return arr
+ 21:         pass
  22:     
  23:     
  24:     @staticmethod
  25:     def insertion_sort(arr):''' Insertion Sort
--------------------------------------------------------------------------------
[0.07704 s] incompetent

TypeError: sort1:28: TypeError: object of type 'NoneType' has no len()

   - [#  81] SDL sort1: 
--------------------------------------------------------------------------------
  25:     def insertion_sort(arr):''' Insertion Sort
  26:             Complexity: O(n^2)
  27:         '''
  28:         for i in range(len(arr)):
- 29:             cursor = arr[i]
+ 29:             pass
  30:             pos = i
  31:             while (pos > 0 and arr[pos - 1] > cursor):
  32:                 
  33:                 arr[pos] = arr[pos - 1]
--------------------------------------------------------------------------------
[0.06983 s] killed by MOSA-WHOLE_SUITE/test_sort1_MOSA.py::test_case_1

def test_case_1():
        bool_0 = False
        list_0 = [bool_0, bool_0, bool_0, bool_0]
        sort_0 = module_0.Sort()
>       var_0 = sort_0.insertion_sort(list_0)

MOSA-WHOLE_SUITE/test_sort1_MOSA.py:13: 
_ _ _ _ _ _ _ _ _ _ _ _ _ _ _ _ _ _ _ _ _ _ _ _ _ _ _ _ _ _ _ _ _ _ _ _ _ _ _ _ 

arr = [False, False, False, False]

>   ???
E   NameError: name 'cursor' is not defined

sort1:36: NameError
   - [#  82] SDL sort1: 
--------------------------------------------------------------------------------
  26:             Complexity: O(n^2)
  27:         '''
  28:         for i in range(len(arr)):
  29:             cursor = arr[i]
- 30:             pos = i
+ 30:             pass
  31:             while (pos > 0 and arr[pos - 1] > cursor):
  32:                 
  33:                 arr[pos] = arr[pos - 1]
  34:                 pos = pos - 1
--------------------------------------------------------------------------------
[0.06903 s] killed by MOSA-WHOLE_SUITE/test_sort1_MOSA.py::test_case_1

def test_case_1():
        bool_0 = False
        list_0 = [bool_0, bool_0, bool_0, bool_0]
        sort_0 = module_0.Sort()
>       var_0 = sort_0.insertion_sort(list_0)

MOSA-WHOLE_SUITE/test_sort1_MOSA.py:13: 
_ _ _ _ _ _ _ _ _ _ _ _ _ _ _ _ _ _ _ _ _ _ _ _ _ _ _ _ _ _ _ _ _ _ _ _ _ _ _ _ 

arr = [False, False, False, False]

>   ???
E   UnboundLocalError: local variable 'pos' referenced before assignment

sort1:31: UnboundLocalError
   - [#  83] SDL sort1: 
--------------------------------------------------------------------------------
  29:             cursor = arr[i]
  30:             pos = i
  31:             while (pos > 0 and arr[pos - 1] > cursor):
  32:                 
- 33:                 arr[pos] = arr[pos - 1]
+ 33:                 pass
  34:                 pos = pos - 1
  35:             
  36:             arr[pos] = cursor
  37:         return arr
--------------------------------------------------------------------------------
[0.05696 s] survived
   - [#  84] SDL sort1: 
--------------------------------------------------------------------------------
  30:             pos = i
  31:             while (pos > 0 and arr[pos - 1] > cursor):
  32:                 
  33:                 arr[pos] = arr[pos - 1]
- 34:                 pos = pos - 1
+ 34:                 pass
  35:             
  36:             arr[pos] = cursor
  37:         return arr
  38:     
--------------------------------------------------------------------------------
[5.00645 s] timeout
   - [#  85] SDL sort1: 
--------------------------------------------------------------------------------
  32:                 
  33:                 arr[pos] = arr[pos - 1]
  34:                 pos = pos - 1
  35:             
- 36:             arr[pos] = cursor
+ 36:             pass
  37:         return arr
  38:     
  39:     
  40:     @staticmethod
--------------------------------------------------------------------------------
[0.05692 s] survived
   - [#  86] SDL sort1: 
--------------------------------------------------------------------------------
  33:                 arr[pos] = arr[pos - 1]
  34:                 pos = pos - 1
  35:             
  36:             arr[pos] = cursor
- 37:         return arr
+ 37:         pass
  38:     
  39:     
  40:     @staticmethod
  41:     def merge_sort(arr):''' Merge Sort
--------------------------------------------------------------------------------
[0.07329 s] incompetent

TypeError: sort1:62: TypeError: object of type 'NoneType' has no len()

   - [#  87] SDL sort1: 
--------------------------------------------------------------------------------
  40:     @staticmethod
  41:     def merge_sort(arr):''' Merge Sort
  42:             Complexity: O(n log(n))
  43:         '''
- 44:         size = len(arr)
+ 44:         pass
  45:         half = size // 2
  46:         
  47:         if size <= 1:
  48:             return arr
--------------------------------------------------------------------------------
[0.07263 s] killed by MOSA-WHOLE_SUITE/test_sort1_MOSA.py::test_case_3

def test_case_3():
        sort_0 = module_0.Sort()
        str_0 = 'Z^[`[*-KJ8P&'
        sort_1 = module_0.Sort()
>       var_0 = sort_1.merge_sort(str_0)

MOSA-WHOLE_SUITE/test_sort1_MOSA.py:27: 
_ _ _ _ _ _ _ _ _ _ _ _ _ _ _ _ _ _ _ _ _ _ _ _ _ _ _ _ _ _ _ _ _ _ _ _ _ _ _ _ 

arr = 'Z^[`[*-KJ8P&'

>   ???
E   NameError: name 'size' is not defined

sort1:45: NameError
   - [#  88] SDL sort1: 
--------------------------------------------------------------------------------
  41:     def merge_sort(arr):''' Merge Sort
  42:             Complexity: O(n log(n))
  43:         '''
  44:         size = len(arr)
- 45:         half = size // 2
+ 45:         pass
  46:         
  47:         if size <= 1:
  48:             return arr
  49:         
--------------------------------------------------------------------------------
[0.07436 s] killed by MOSA-WHOLE_SUITE/test_sort1_MOSA.py::test_case_3

def test_case_3():
        sort_0 = module_0.Sort()
        str_0 = 'Z^[`[*-KJ8P&'
        sort_1 = module_0.Sort()
>       var_0 = sort_1.merge_sort(str_0)

MOSA-WHOLE_SUITE/test_sort1_MOSA.py:27: 
_ _ _ _ _ _ _ _ _ _ _ _ _ _ _ _ _ _ _ _ _ _ _ _ _ _ _ _ _ _ _ _ _ _ _ _ _ _ _ _ 

arr = 'Z^[`[*-KJ8P&'

>   ???
E   NameError: name 'half' is not defined

sort1:50: NameError
   - [#  89] SDL sort1: 
--------------------------------------------------------------------------------
  44:         size = len(arr)
  45:         half = size // 2
  46:         
  47:         if size <= 1:
- 48:             return arr
+ 48:             pass
  49:         
  50:         (left, right) = (Sort.merge_sort(arr[half:]), Sort.merge_sort(arr[:half]))
  51:         
  52:         
--------------------------------------------------------------------------------
[0.07665 s] killed by MOSA-WHOLE_SUITE/test_sort1_MOSA.py::test_case_3

def test_case_3():
        sort_0 = module_0.Sort()
        str_0 = 'Z^[`[*-KJ8P&'
        sort_1 = module_0.Sort()
>       var_0 = sort_1.merge_sort(str_0)

MOSA-WHOLE_SUITE/test_sort1_MOSA.py:27: 
_ _ _ _ _ _ _ _ _ _ _ _ _ _ _ _ _ _ _ _ _ _ _ _ _ _ _ _ _ _ _ _ _ _ _ _ _ _ _ _ 
sort1:50: in merge_sort
    ???
sort1:50: in merge_sort
    ???
sort1:50: in merge_sort
    ???
sort1:50: in merge_sort
    ???
sort1:50: in merge_sort
    ???
sort1:50: in merge_sort
    ???
E   RecursionError: maximum recursion depth exceeded while calling a Python object
!!! Recursion detected (same locals & position)
   - [#  90] SDL sort1: 
--------------------------------------------------------------------------------
  46:         
  47:         if size <= 1:
  48:             return arr
  49:         
- 50:         (left, right) = (Sort.merge_sort(arr[half:]), Sort.merge_sort(arr[:half]))
+ 50:         pass
  51:         
  52:         
  53:         return Sort.merge(left, right)
  54:     
--------------------------------------------------------------------------------
[0.07249 s] killed by MOSA-WHOLE_SUITE/test_sort1_MOSA.py::test_case_3

def test_case_3():
        sort_0 = module_0.Sort()
        str_0 = 'Z^[`[*-KJ8P&'
        sort_1 = module_0.Sort()
>       var_0 = sort_1.merge_sort(str_0)

MOSA-WHOLE_SUITE/test_sort1_MOSA.py:27: 
_ _ _ _ _ _ _ _ _ _ _ _ _ _ _ _ _ _ _ _ _ _ _ _ _ _ _ _ _ _ _ _ _ _ _ _ _ _ _ _ 

arr = 'Z^[`[*-KJ8P&'

>   ???
E   NameError: name 'left' is not defined

sort1:53: NameError
   - [#  91] SDL sort1: 
--------------------------------------------------------------------------------
  49:         
  50:         (left, right) = (Sort.merge_sort(arr[half:]), Sort.merge_sort(arr[:half]))
  51:         
  52:         
- 53:         return Sort.merge(left, right)
+ 53:         pass
  54:     
  55:     
  56:     @staticmethod
  57:     def merge(left, right):''' Merge helper
--------------------------------------------------------------------------------
[0.05709 s] survived
   - [#  92] SDL sort1: 
--------------------------------------------------------------------------------
  56:     @staticmethod
  57:     def merge(left, right):''' Merge helper
  58:             Complexity: O(n)
  59:         '''
- 60:         arr = []
+ 60:         pass
  61:         (left_cursor, right_cursor) = (0, 0)
  62:         while (left_cursor < len(left) and right_cursor < len(right)):
  63:             
  64:             if left[left_cursor] <= right[right_cursor]:
--------------------------------------------------------------------------------
[0.09150 s] killed by MOSA-WHOLE_SUITE/test_sort1_MOSA.py::test_case_3

def test_case_3():
        sort_0 = module_0.Sort()
        str_0 = 'Z^[`[*-KJ8P&'
        sort_1 = module_0.Sort()
>       var_0 = sort_1.merge_sort(str_0)

MOSA-WHOLE_SUITE/test_sort1_MOSA.py:27: 
_ _ _ _ _ _ _ _ _ _ _ _ _ _ _ _ _ _ _ _ _ _ _ _ _ _ _ _ _ _ _ _ _ _ _ _ _ _ _ _ 
sort1:50: in merge_sort
    ???
sort1:50: in merge_sort
    ???
sort1:50: in merge_sort
    ???
sort1:53: in merge_sort
    ???
_ _ _ _ _ _ _ _ _ _ _ _ _ _ _ _ _ _ _ _ _ _ _ _ _ _ _ _ _ _ _ _ _ _ _ _ _ _ _ _ 

left = '&', right = 'P'

>   ???
E   NameError: name 'arr' is not defined

sort1:65: NameError
   - [#  93] SDL sort1: 
--------------------------------------------------------------------------------
  57:     def merge(left, right):''' Merge helper
  58:             Complexity: O(n)
  59:         '''
  60:         arr = []
- 61:         (left_cursor, right_cursor) = (0, 0)
+ 61:         pass
  62:         while (left_cursor < len(left) and right_cursor < len(right)):
  63:             
  64:             if left[left_cursor] <= right[right_cursor]:
  65:                 arr.append(left[left_cursor])
--------------------------------------------------------------------------------
[0.07511 s] killed by MOSA-WHOLE_SUITE/test_sort1_MOSA.py::test_case_3

def test_case_3():
        sort_0 = module_0.Sort()
        str_0 = 'Z^[`[*-KJ8P&'
        sort_1 = module_0.Sort()
>       var_0 = sort_1.merge_sort(str_0)

MOSA-WHOLE_SUITE/test_sort1_MOSA.py:27: 
_ _ _ _ _ _ _ _ _ _ _ _ _ _ _ _ _ _ _ _ _ _ _ _ _ _ _ _ _ _ _ _ _ _ _ _ _ _ _ _ 
sort1:50: in merge_sort
    ???
sort1:50: in merge_sort
    ???
sort1:50: in merge_sort
    ???
sort1:53: in merge_sort
    ???
_ _ _ _ _ _ _ _ _ _ _ _ _ _ _ _ _ _ _ _ _ _ _ _ _ _ _ _ _ _ _ _ _ _ _ _ _ _ _ _ 

left = '&', right = 'P'

>   ???
E   UnboundLocalError: local variable 'left_cursor' referenced before assignment

sort1:62: UnboundLocalError
   - [#  94] SDL sort1: 
--------------------------------------------------------------------------------
  61:         (left_cursor, right_cursor) = (0, 0)
  62:         while (left_cursor < len(left) and right_cursor < len(right)):
  63:             
  64:             if left[left_cursor] <= right[right_cursor]:
- 65:                 arr.append(left[left_cursor])
+ 65:                 pass
  66:                 left_cursor += 1
  67:             else:
  68:                 arr.append(right[right_cursor])
  69:                 right_cursor += 1
--------------------------------------------------------------------------------
[0.06940 s] survived
   - [#  95] SDL sort1: 
--------------------------------------------------------------------------------
  64:             if left[left_cursor] <= right[right_cursor]:
  65:                 arr.append(left[left_cursor])
  66:                 left_cursor += 1
  67:             else:
- 68:                 arr.append(right[right_cursor])
+ 68:                 pass
  69:                 right_cursor += 1
  70:         
  71:         if left:
  72:             arr.extend(left[left_cursor:])
--------------------------------------------------------------------------------
[0.05733 s] survived
   - [#  96] SDL sort1: 
--------------------------------------------------------------------------------
  68:                 arr.append(right[right_cursor])
  69:                 right_cursor += 1
  70:         
  71:         if left:
- 72:             arr.extend(left[left_cursor:])
+ 72:             pass
  73:         if right:
  74:             arr.extend(right[right_cursor:])
  75:         return arr
  76:     
--------------------------------------------------------------------------------
[0.05669 s] survived
   - [#  97] SDL sort1: 
--------------------------------------------------------------------------------
  70:         
  71:         if left:
  72:             arr.extend(left[left_cursor:])
  73:         if right:
- 74:             arr.extend(right[right_cursor:])
+ 74:             pass
  75:         return arr
  76:     
  77:     
  78:     @staticmethod
--------------------------------------------------------------------------------
[0.05667 s] survived
   - [#  98] SDL sort1: 
--------------------------------------------------------------------------------
  71:         if left:
  72:             arr.extend(left[left_cursor:])
  73:         if right:
  74:             arr.extend(right[right_cursor:])
- 75:         return arr
+ 75:         pass
  76:     
  77:     
  78:     @staticmethod
  79:     def quick_sort(arr, first, last):''' Quicksort
--------------------------------------------------------------------------------
[0.07303 s] incompetent

TypeError: sort1:62: TypeError: object of type 'NoneType' has no len()

   - [#  99] SDL sort1: 
--------------------------------------------------------------------------------
  79:     def quick_sort(arr, first, last):''' Quicksort
  80:             Complexity: O(n log(n))
  81:         '''
  82:         if first < last:
- 83:             pos = Sort.partition(arr, first, last)
+ 83:             pass
  84:             
  85:             Sort.quick_sort(arr, first, pos - 1)
  86:             Sort.quick_sort(arr, pos + 1, last)
  87:     
--------------------------------------------------------------------------------
[0.07306 s] killed by MOSA-WHOLE_SUITE/test_sort1_MOSA.py::test_case_6

def test_case_6():
        bool_0 = True
        list_0 = [bool_0, bool_0, bool_0, bool_0, bool_0, bool_0]
        sort_0 = module_0.Sort()
        bool_1 = False
>       var_0 = sort_0.quick_sort(list_0, bool_1, bool_0)

MOSA-WHOLE_SUITE/test_sort1_MOSA.py:42: 
_ _ _ _ _ _ _ _ _ _ _ _ _ _ _ _ _ _ _ _ _ _ _ _ _ _ _ _ _ _ _ _ _ _ _ _ _ _ _ _ 

arr = [True, True, True, True, True, True], first = False, last = True

>   ???
E   NameError: name 'pos' is not defined

sort1:85: NameError
   - [# 100] SDL sort1: 
--------------------------------------------------------------------------------
  81:         '''
  82:         if first < last:
  83:             pos = Sort.partition(arr, first, last)
  84:             
- 85:             Sort.quick_sort(arr, first, pos - 1)
+ 85:             pass
  86:             Sort.quick_sort(arr, pos + 1, last)
  87:     
  88:     
  89:     @staticmethod
--------------------------------------------------------------------------------
[0.05901 s] survived
   - [# 101] SDL sort1: 
--------------------------------------------------------------------------------
  82:         if first < last:
  83:             pos = Sort.partition(arr, first, last)
  84:             
  85:             Sort.quick_sort(arr, first, pos - 1)
- 86:             Sort.quick_sort(arr, pos + 1, last)
+ 86:             pass
  87:     
  88:     
  89:     @staticmethod
  90:     def partition(arr, first, last):pivot = first
--------------------------------------------------------------------------------
[0.05682 s] survived
   - [# 102] SDL sort1: 
--------------------------------------------------------------------------------
  86:             Sort.quick_sort(arr, pos + 1, last)
  87:     
  88:     
  89:     @staticmethod
- 90:     def partition(arr, first, last):pivot = first
+ 90:     def partition(arr, first, last):pass
  91:         for pos in range(first, last):
  92:             if arr[pos] < arr[last]:
  93:                 (arr[pos], arr[pivot]) = (arr[pivot], arr[pos])
  94:                 pivot += 1
--------------------------------------------------------------------------------
[0.07394 s] killed by MOSA-WHOLE_SUITE/test_sort1_MOSA.py::test_case_6

def test_case_6():
        bool_0 = True
        list_0 = [bool_0, bool_0, bool_0, bool_0, bool_0, bool_0]
        sort_0 = module_0.Sort()
        bool_1 = False
>       var_0 = sort_0.quick_sort(list_0, bool_1, bool_0)

MOSA-WHOLE_SUITE/test_sort1_MOSA.py:42: 
_ _ _ _ _ _ _ _ _ _ _ _ _ _ _ _ _ _ _ _ _ _ _ _ _ _ _ _ _ _ _ _ _ _ _ _ _ _ _ _ 
sort1:83: in quick_sort
    ???
_ _ _ _ _ _ _ _ _ _ _ _ _ _ _ _ _ _ _ _ _ _ _ _ _ _ _ _ _ _ _ _ _ _ _ _ _ _ _ _ 

arr = [True, True, True, True, True, True], first = False, last = True

>   ???
E   UnboundLocalError: local variable 'pivot' referenced before assignment

sort1:95: UnboundLocalError
   - [# 103] SDL sort1: 
--------------------------------------------------------------------------------
  89:     @staticmethod
  90:     def partition(arr, first, last):pivot = first
  91:         for pos in range(first, last):
  92:             if arr[pos] < arr[last]:
- 93:                 (arr[pos], arr[pivot]) = (arr[pivot], arr[pos])
+ 93:                 pass
  94:                 pivot += 1
  95:         (arr[pivot], arr[last]) = (arr[last], arr[pivot])
  96:         return pivot
--------------------------------------------------------------------------------
[0.05610 s] survived
   - [# 104] SDL sort1: 
--------------------------------------------------------------------------------
  91:         for pos in range(first, last):
  92:             if arr[pos] < arr[last]:
  93:                 (arr[pos], arr[pivot]) = (arr[pivot], arr[pos])
  94:                 pivot += 1
- 95:         (arr[pivot], arr[last]) = (arr[last], arr[pivot])
+ 95:         pass
  96:         return pivot
--------------------------------------------------------------------------------
[0.05804 s] survived
   - [# 105] SDL sort1: 
--------------------------------------------------------------------------------
  92:             if arr[pos] < arr[last]:
  93:                 (arr[pos], arr[pivot]) = (arr[pivot], arr[pos])
  94:                 pivot += 1
  95:         (arr[pivot], arr[last]) = (arr[last], arr[pivot])
- 96:         return pivot
+ 96:         pass
--------------------------------------------------------------------------------
[0.07411 s] incompetent

TypeError: sort1:85: TypeError: unsupported operand type(s) for -: 'NoneType' and 'int'

   - [# 106] SIR sort1: 
--------------------------------------------------------------------------------
  46:         
  47:         if size <= 1:
  48:             return arr
  49:         
- 50:         (left, right) = (Sort.merge_sort(arr[half:]), Sort.merge_sort(arr[:half]))
+ 50:         (left, right) = (Sort.merge_sort(arr[:]), Sort.merge_sort(arr[:half]))
  51:         
  52:         
  53:         return Sort.merge(left, right)
  54:     
--------------------------------------------------------------------------------
[0.07753 s] killed by MOSA-WHOLE_SUITE/test_sort1_MOSA.py::test_case_3

def test_case_3():
        sort_0 = module_0.Sort()
        str_0 = 'Z^[`[*-KJ8P&'
        sort_1 = module_0.Sort()
>       var_0 = sort_1.merge_sort(str_0)

MOSA-WHOLE_SUITE/test_sort1_MOSA.py:27: 
_ _ _ _ _ _ _ _ _ _ _ _ _ _ _ _ _ _ _ _ _ _ _ _ _ _ _ _ _ _ _ _ _ _ _ _ _ _ _ _ 
sort1:50: in merge_sort
    ???
sort1:50: in merge_sort
    ???
E   RecursionError: maximum recursion depth exceeded while calling a Python object
!!! Recursion detected (same locals & position)
   - [# 107] SIR sort1: 
--------------------------------------------------------------------------------
  46:         
  47:         if size <= 1:
  48:             return arr
  49:         
- 50:         (left, right) = (Sort.merge_sort(arr[half:]), Sort.merge_sort(arr[:half]))
+ 50:         (left, right) = (Sort.merge_sort(arr[half:]), Sort.merge_sort(arr[:]))
  51:         
  52:         
  53:         return Sort.merge(left, right)
  54:     
--------------------------------------------------------------------------------
[0.07812 s] killed by MOSA-WHOLE_SUITE/test_sort1_MOSA.py::test_case_3

def test_case_3():
        sort_0 = module_0.Sort()
        str_0 = 'Z^[`[*-KJ8P&'
        sort_1 = module_0.Sort()
>       var_0 = sort_1.merge_sort(str_0)

MOSA-WHOLE_SUITE/test_sort1_MOSA.py:27: 
_ _ _ _ _ _ _ _ _ _ _ _ _ _ _ _ _ _ _ _ _ _ _ _ _ _ _ _ _ _ _ _ _ _ _ _ _ _ _ _ 
sort1:50: in merge_sort
    ???
sort1:50: in merge_sort
    ???
sort1:50: in merge_sort
    ???
sort1:50: in merge_sort
    ???
sort1:50: in merge_sort
    ???
E   RecursionError: maximum recursion depth exceeded while calling a Python object
!!! Recursion detected (same locals & position)
   - [# 108] SIR sort1: 
--------------------------------------------------------------------------------
  68:                 arr.append(right[right_cursor])
  69:                 right_cursor += 1
  70:         
  71:         if left:
- 72:             arr.extend(left[left_cursor:])
+ 72:             arr.extend(left[:])
  73:         if right:
  74:             arr.extend(right[right_cursor:])
  75:         return arr
  76:     
--------------------------------------------------------------------------------
[0.05683 s] survived
   - [# 109] SIR sort1: 
--------------------------------------------------------------------------------
  70:         
  71:         if left:
  72:             arr.extend(left[left_cursor:])
  73:         if right:
- 74:             arr.extend(right[right_cursor:])
+ 74:             arr.extend(right[:])
  75:         return arr
  76:     
  77:     
  78:     @staticmethod
--------------------------------------------------------------------------------
[0.05750 s] survived
   - [# 110] ZIL sort1: 
--------------------------------------------------------------------------------
  10:     def selection_sort(arr):''' Selection Sort
  11:             Complexity: O(n^2)
  12:         '''
  13:         for i in range(len(arr)):
- 14:             minimum = i
- 15:             for j in range(i + 1, len(arr)):
- 16:                 
- 17:                 if arr[j] < arr[minimum]:
- 18:                     minimum = j
- 19:             
- 20:             (arr[minimum], arr[i]) = (arr[i], arr[minimum])
+ 14:             break
+ 15:         
+ 16:         
+ 17:         
+ 18:         
+ 19:         
+ 20:         
  21:         return arr
  22:     
  23:     
  24:     @staticmethod
--------------------------------------------------------------------------------
[0.05855 s] survived
   - [# 111] ZIL sort1: 
--------------------------------------------------------------------------------
  13:         for i in range(len(arr)):
  14:             minimum = i
  15:             for j in range(i + 1, len(arr)):
  16:                 
- 17:                 if arr[j] < arr[minimum]:
- 18:                     minimum = j
+ 17:                 break
+ 18:             
  19:             
  20:             (arr[minimum], arr[i]) = (arr[i], arr[minimum])
  21:         return arr
  22:     
--------------------------------------------------------------------------------
[0.07733 s] survived
   - [# 112] ZIL sort1: 
--------------------------------------------------------------------------------
  25:     def insertion_sort(arr):''' Insertion Sort
  26:             Complexity: O(n^2)
  27:         '''
  28:         for i in range(len(arr)):
- 29:             cursor = arr[i]
- 30:             pos = i
- 31:             while (pos > 0 and arr[pos - 1] > cursor):
- 32:                 
- 33:                 arr[pos] = arr[pos - 1]
- 34:                 pos = pos - 1
- 35:             
- 36:             arr[pos] = cursor
+ 29:             break
+ 30:         
+ 31:         
+ 32:         
+ 33:         
+ 34:         
+ 35:         
+ 36:         
  37:         return arr
  38:     
  39:     
  40:     @staticmethod
--------------------------------------------------------------------------------
[0.05636 s] survived
   - [# 113] ZIL sort1: 
--------------------------------------------------------------------------------
  29:             cursor = arr[i]
  30:             pos = i
  31:             while (pos > 0 and arr[pos - 1] > cursor):
  32:                 
- 33:                 arr[pos] = arr[pos - 1]
- 34:                 pos = pos - 1
+ 33:                 break
+ 34:             
  35:             
  36:             arr[pos] = cursor
  37:         return arr
  38:     
--------------------------------------------------------------------------------
[0.05658 s] survived
   - [# 114] ZIL sort1: 
--------------------------------------------------------------------------------
  60:         arr = []
  61:         (left_cursor, right_cursor) = (0, 0)
  62:         while (left_cursor < len(left) and right_cursor < len(right)):
  63:             
- 64:             if left[left_cursor] <= right[right_cursor]:
- 65:                 arr.append(left[left_cursor])
- 66:                 left_cursor += 1
- 67:             else:
- 68:                 arr.append(right[right_cursor])
- 69:                 right_cursor += 1
+ 64:             break
+ 65:         
+ 66:         
+ 67:         
+ 68:         
+ 69:         
  70:         
  71:         if left:
  72:             arr.extend(left[left_cursor:])
  73:         if right:
--------------------------------------------------------------------------------
[0.05676 s] survived
   - [# 115] ZIL sort1: 
--------------------------------------------------------------------------------
  88:     
  89:     @staticmethod
  90:     def partition(arr, first, last):pivot = first
  91:         for pos in range(first, last):
- 92:             if arr[pos] < arr[last]:
- 93:                 (arr[pos], arr[pivot]) = (arr[pivot], arr[pos])
- 94:                 pivot += 1
+ 92:             break
+ 93:         
+ 94:         
  95:         (arr[pivot], arr[last]) = (arr[last], arr[pivot])
  96:         return pivot
--------------------------------------------------------------------------------
[0.05820 s] survived
[*] Mutation score [18.39357 s]: 32.6%
   - all: 115
   - killed: 30 (26.1%)
   - survived: 64 (55.7%)
   - incompetent: 20 (17.4%)
   - timeout: 1 (0.9%)
