[*] Start mutation process:
   - targets: stack5.py
   - tests: ./RANDOM
[*] 63 tests passed:
   - test_stack5_RANDOM [0.16319 s]
[*] Start mutants generation and execution:
   - [#   1] CDI stack5: 
--------------------------------------------------------------------------------
   1: class Stack(object):
   2:     
-  3:     def __init__(self, top=None):
-  4:         self.top = top
-  5:     
+  3:     @classmethod
+  4:     def __init__(self, top=None):
+  5:         self.top = top
   6:     def push(self, data):
   7:         self.top = Node(data, self.top)
   8:     
   9:     def pop(self):
--------------------------------------------------------------------------------
[0.15946 s] survived
   - [#   2] CDI stack5: 
--------------------------------------------------------------------------------
   2:     
   3:     def __init__(self, top=None):
   4:         self.top = top
   5:     
-  6:     def push(self, data):
-  7:         self.top = Node(data, self.top)
-  8:     
+  6:     @classmethod
+  7:     def push(self, data):
+  8:         self.top = Node(data, self.top)
   9:     def pop(self):
  10:         if self.top is None:
  11:             return None
  12:         data = self.top.data
--------------------------------------------------------------------------------
[0.22870 s] killed by RANDOM/test_stack5_RANDOM.py::test_case_26

def test_case_26():
        none_type_0 = None
        stack_0 = module_0.Stack(none_type_0)
        var_0 = stack_0.pop()
        stack_1 = module_0.Stack()
        stack_2 = module_0.Stack()
        stack_3 = module_0.Stack()
        stack_4 = module_0.Stack()
        stack_5 = module_0.Stack()
        stack_6 = module_0.Stack()
        stack_7 = module_0.Stack()
        stack_8 = module_0.Stack()
        var_1 = stack_3.peek()
        stack_9 = module_0.Stack()
        stack_10 = module_0.Stack()
        stack_11 = module_0.Stack()
        none_type_1 = None
        dict_0 = {none_type_1: stack_9, stack_9: stack_9}
        node_0 = module_0.Node(none_type_1, dict_0)
        none_type_2 = None
        stack_12 = module_0.Stack(none_type_2)
        var_2 = stack_12.pop()
        stack_13 = module_0.Stack()
        stack_14 = module_0.Stack()
        stack_15 = module_0.Stack()
        node_1 = module_0.Node(stack_12)
        stack_16 = module_0.Stack()
        stack_17 = module_0.Stack()
        stack_18 = module_0.Stack()
        stack_19 = module_0.Stack()
>       var_3 = stack_1.push(dict_0)

RANDOM/test_stack5_RANDOM.py:399: 
_ _ _ _ _ _ _ _ _ _ _ _ _ _ _ _ _ _ _ _ _ _ _ _ _ _ _ _ _ _ _ _ _ _ _ _ _ _ _ _ 

self = <class 'stack5.Stack'>
data = {None: <stack5.Stack object at 0x7f47da165c30>, <stack5.Stack object at 0x7f47da165c30>: <stack5.Stack object at 0x7f47da165c30>}

>   ???
E   AttributeError: type object 'Stack' has no attribute 'top'. Did you mean: 'pop'?

stack5:8: AttributeError
   - [#   3] CDI stack5: 
--------------------------------------------------------------------------------
   5:     
   6:     def push(self, data):
   7:         self.top = Node(data, self.top)
   8:     
-  9:     def pop(self):
- 10:         if self.top is None:
- 11:             return None
- 12:         data = self.top.data
- 13:         self.top = self.top.next
- 14:         return data
- 15:     
+  9:     @classmethod
+ 10:     def pop(self):
+ 11:         if self.top is None:
+ 12:             return None
+ 13:         data = self.top.data
+ 14:         self.top = self.top.next
+ 15:         return data
  16:     def peek(self):
  17:         return self.top.data if self.top is not None else None
  18:     
  19:     def is_empty(self):
--------------------------------------------------------------------------------
[0.20101 s] killed by RANDOM/test_stack5_RANDOM.py::test_case_0

def test_case_0():
        none_type_0 = None
        stack_0 = module_0.Stack(none_type_0)
>       var_0 = stack_0.pop()

RANDOM/test_stack5_RANDOM.py:8: 
_ _ _ _ _ _ _ _ _ _ _ _ _ _ _ _ _ _ _ _ _ _ _ _ _ _ _ _ _ _ _ _ _ _ _ _ _ _ _ _ 

self = <class 'stack5.Stack'>

>   ???
E   AttributeError: type object 'Stack' has no attribute 'top'. Did you mean: 'pop'?

stack5:11: AttributeError
   - [#   4] CDI stack5: 
--------------------------------------------------------------------------------
  12:         data = self.top.data
  13:         self.top = self.top.next
  14:         return data
  15:     
- 16:     def peek(self):
- 17:         return self.top.data if self.top is not None else None
- 18:     
+ 16:     @classmethod
+ 17:     def peek(self):
+ 18:         return self.top.data if self.top is not None else None
  19:     def is_empty(self):
  20:         return self.peek() is None
  21: 
  22: class Node(object):
--------------------------------------------------------------------------------
[0.19184 s] killed by RANDOM/test_stack5_RANDOM.py::test_case_4

def test_case_4():
        none_type_0 = None
        stack_0 = module_0.Stack(none_type_0)
        var_0 = stack_0.pop()
        stack_1 = module_0.Stack()
        stack_2 = module_0.Stack()
        none_type_1 = None
        stack_3 = module_0.Stack(none_type_1)
        var_1 = stack_3.pop()
        stack_4 = module_0.Stack()
        stack_5 = module_0.Stack()
        stack_6 = module_0.Stack()
        node_0 = module_0.Node(stack_3)
>       var_2 = stack_1.is_empty()

RANDOM/test_stack5_RANDOM.py:39: 
_ _ _ _ _ _ _ _ _ _ _ _ _ _ _ _ _ _ _ _ _ _ _ _ _ _ _ _ _ _ _ _ _ _ _ _ _ _ _ _ 
stack5:20: in is_empty
    ???
_ _ _ _ _ _ _ _ _ _ _ _ _ _ _ _ _ _ _ _ _ _ _ _ _ _ _ _ _ _ _ _ _ _ _ _ _ _ _ _ 

self = <class 'stack5.Stack'>

>   ???
E   AttributeError: type object 'Stack' has no attribute 'top'. Did you mean: 'pop'?

stack5:18: AttributeError
   - [#   5] CDI stack5: 
--------------------------------------------------------------------------------
  15:     
  16:     def peek(self):
  17:         return self.top.data if self.top is not None else None
  18:     
- 19:     def is_empty(self):
- 20:         return self.peek() is None
- 21: 
+ 19:     @classmethod
+ 20:     def is_empty(self):
+ 21:         return self.peek() is None
  22: class Node(object):
  23:     
  24:     def __init__(self, data, next=None):
  25:         self.data = data
--------------------------------------------------------------------------------
[0.19031 s] incompetent

TypeError: stack5:21: TypeError: Stack.peek() missing 1 required positional argument: 'self'

   - [#   6] CDI stack5: 
--------------------------------------------------------------------------------
  20:         return self.peek() is None
  21: 
  22: class Node(object):
  23:     
- 24:     def __init__(self, data, next=None):
- 25:         self.data = data
- 26:         self.next = next
+ 24:     @classmethod
+ 25:     def __init__(self, data, next=None):
+ 26:         self.data = data
+ 27:         self.next = next
--------------------------------------------------------------------------------
[0.24590 s] killed by RANDOM/test_stack5_RANDOM.py::test_case_51

def test_case_51():
        stack_0 = module_0.Stack()
        stack_1 = module_0.Stack()
        stack_2 = module_0.Stack()
        none_type_0 = None
        dict_0 = {none_type_0: stack_0, stack_0: stack_0}
        node_0 = module_0.Node(none_type_0, dict_0)
        var_0 = stack_2.push(stack_0)
        none_type_1 = None
        stack_3 = module_0.Stack(none_type_1)
        var_1 = stack_3.pop()
        stack_4 = module_0.Stack()
        stack_5 = module_0.Stack()
        stack_6 = module_0.Stack()
        node_1 = module_0.Node(stack_3)
        stack_7 = module_0.Stack()
        stack_8 = module_0.Stack()
        stack_9 = module_0.Stack()
        var_2 = stack_9.pop()
        stack_10 = module_0.Stack()
        stack_11 = module_0.Stack()
        stack_12 = module_0.Stack()
        none_type_2 = None
        dict_1 = {none_type_2: stack_10, stack_10: stack_10}
        node_2 = module_0.Node(none_type_2, dict_1)
        var_3 = stack_11.is_empty()
        stack_13 = module_0.Stack()
        var_4 = stack_2.peek()
>       var_5 = var_4.push(var_2)
E       AttributeError: 'NoneType' object has no attribute 'push'

RANDOM/test_stack5_RANDOM.py:1011: AttributeError
   - [#   7] COI stack5: 
--------------------------------------------------------------------------------
   6:     def push(self, data):
   7:         self.top = Node(data, self.top)
   8:     
   9:     def pop(self):
- 10:         if self.top is None:
+ 10:         if not (self.top is None):
  11:             return None
  12:         data = self.top.data
  13:         self.top = self.top.next
  14:         return data
--------------------------------------------------------------------------------
[0.18584 s] killed by RANDOM/test_stack5_RANDOM.py::test_case_0

def test_case_0():
        none_type_0 = None
        stack_0 = module_0.Stack(none_type_0)
>       var_0 = stack_0.pop()

RANDOM/test_stack5_RANDOM.py:8: 
_ _ _ _ _ _ _ _ _ _ _ _ _ _ _ _ _ _ _ _ _ _ _ _ _ _ _ _ _ _ _ _ _ _ _ _ _ _ _ _ 

self = <stack5.Stack object at 0x7f47da045000>

>   ???
E   AttributeError: 'NoneType' object has no attribute 'data'

stack5:12: AttributeError
   - [#   8] SDI stack5: 
--------------------------------------------------------------------------------
   1: class Stack(object):
   2:     
-  3:     def __init__(self, top=None):
-  4:         self.top = top
-  5:     
+  3:     @staticmethod
+  4:     def __init__(self, top=None):
+  5:         self.top = top
   6:     def push(self, data):
   7:         self.top = Node(data, self.top)
   8:     
   9:     def pop(self):
--------------------------------------------------------------------------------
[0.17997 s] killed by RANDOM/test_stack5_RANDOM.py::test_case_0

def test_case_0():
        none_type_0 = None
>       stack_0 = module_0.Stack(none_type_0)

RANDOM/test_stack5_RANDOM.py:7: 
_ _ _ _ _ _ _ _ _ _ _ _ _ _ _ _ _ _ _ _ _ _ _ _ _ _ _ _ _ _ _ _ _ _ _ _ _ _ _ _ 

self = None, top = None

>   ???
E   AttributeError: 'NoneType' object has no attribute 'top'

stack5:5: AttributeError
   - [#   9] SDI stack5: 
--------------------------------------------------------------------------------
   2:     
   3:     def __init__(self, top=None):
   4:         self.top = top
   5:     
-  6:     def push(self, data):
-  7:         self.top = Node(data, self.top)
-  8:     
+  6:     @staticmethod
+  7:     def push(self, data):
+  8:         self.top = Node(data, self.top)
   9:     def pop(self):
  10:         if self.top is None:
  11:             return None
  12:         data = self.top.data
--------------------------------------------------------------------------------
[0.21127 s] incompetent

TypeError: /home/auri/temp/lucca/python_experiments/stack5/RANDOM/test_stack5_RANDOM.py:399: TypeError: Stack.push() missing 1 required positional argument: 'data'

   - [#  10] SDI stack5: 
--------------------------------------------------------------------------------
   5:     
   6:     def push(self, data):
   7:         self.top = Node(data, self.top)
   8:     
-  9:     def pop(self):
- 10:         if self.top is None:
- 11:             return None
- 12:         data = self.top.data
- 13:         self.top = self.top.next
- 14:         return data
- 15:     
+  9:     @staticmethod
+ 10:     def pop(self):
+ 11:         if self.top is None:
+ 12:             return None
+ 13:         data = self.top.data
+ 14:         self.top = self.top.next
+ 15:         return data
  16:     def peek(self):
  17:         return self.top.data if self.top is not None else None
  18:     
  19:     def is_empty(self):
--------------------------------------------------------------------------------
[0.18536 s] incompetent

TypeError: /home/auri/temp/lucca/python_experiments/stack5/RANDOM/test_stack5_RANDOM.py:8: TypeError: Stack.pop() missing 1 required positional argument: 'self'

   - [#  11] SDI stack5: 
--------------------------------------------------------------------------------
  12:         data = self.top.data
  13:         self.top = self.top.next
  14:         return data
  15:     
- 16:     def peek(self):
- 17:         return self.top.data if self.top is not None else None
- 18:     
+ 16:     @staticmethod
+ 17:     def peek(self):
+ 18:         return self.top.data if self.top is not None else None
  19:     def is_empty(self):
  20:         return self.peek() is None
  21: 
  22: class Node(object):
--------------------------------------------------------------------------------
[0.19132 s] incompetent

TypeError: stack5:20: TypeError: Stack.peek() missing 1 required positional argument: 'self'

   - [#  12] SDI stack5: 
--------------------------------------------------------------------------------
  15:     
  16:     def peek(self):
  17:         return self.top.data if self.top is not None else None
  18:     
- 19:     def is_empty(self):
- 20:         return self.peek() is None
- 21: 
+ 19:     @staticmethod
+ 20:     def is_empty(self):
+ 21:         return self.peek() is None
  22: class Node(object):
  23:     
  24:     def __init__(self, data, next=None):
  25:         self.data = data
--------------------------------------------------------------------------------
[0.19075 s] incompetent

TypeError: /home/auri/temp/lucca/python_experiments/stack5/RANDOM/test_stack5_RANDOM.py:39: TypeError: Stack.is_empty() missing 1 required positional argument: 'self'

   - [#  13] SDI stack5: 
--------------------------------------------------------------------------------
  20:         return self.peek() is None
  21: 
  22: class Node(object):
  23:     
- 24:     def __init__(self, data, next=None):
- 25:         self.data = data
- 26:         self.next = next
+ 24:     @staticmethod
+ 25:     def __init__(self, data, next=None):
+ 26:         self.data = data
+ 27:         self.next = next
--------------------------------------------------------------------------------
[0.19100 s] incompetent

TypeError: /home/auri/temp/lucca/python_experiments/stack5/RANDOM/test_stack5_RANDOM.py:24: TypeError: Node.__init__() missing 1 required positional argument: 'data'

   - [#  14] SDL stack5: 
--------------------------------------------------------------------------------
   1: class Stack(object):
   2:     
   3:     def __init__(self, top=None):
-  4:         self.top = top
+  4:         pass
   5:     
   6:     def push(self, data):
   7:         self.top = Node(data, self.top)
   8:     
--------------------------------------------------------------------------------
[0.18718 s] killed by RANDOM/test_stack5_RANDOM.py::test_case_0

def test_case_0():
        none_type_0 = None
        stack_0 = module_0.Stack(none_type_0)
>       var_0 = stack_0.pop()

RANDOM/test_stack5_RANDOM.py:8: 
_ _ _ _ _ _ _ _ _ _ _ _ _ _ _ _ _ _ _ _ _ _ _ _ _ _ _ _ _ _ _ _ _ _ _ _ _ _ _ _ 

self = <stack5.Stack object at 0x7f47da0492a0>

>   ???
E   AttributeError: 'Stack' object has no attribute 'top'. Did you mean: 'pop'?

stack5:10: AttributeError
   - [#  15] SDL stack5: 
--------------------------------------------------------------------------------
   3:     def __init__(self, top=None):
   4:         self.top = top
   5:     
   6:     def push(self, data):
-  7:         self.top = Node(data, self.top)
+  7:         pass
   8:     
   9:     def pop(self):
  10:         if self.top is None:
  11:             return None
--------------------------------------------------------------------------------
[0.23619 s] killed by RANDOM/test_stack5_RANDOM.py::test_case_51

def test_case_51():
        stack_0 = module_0.Stack()
        stack_1 = module_0.Stack()
        stack_2 = module_0.Stack()
        none_type_0 = None
        dict_0 = {none_type_0: stack_0, stack_0: stack_0}
        node_0 = module_0.Node(none_type_0, dict_0)
        var_0 = stack_2.push(stack_0)
        none_type_1 = None
        stack_3 = module_0.Stack(none_type_1)
        var_1 = stack_3.pop()
        stack_4 = module_0.Stack()
        stack_5 = module_0.Stack()
        stack_6 = module_0.Stack()
        node_1 = module_0.Node(stack_3)
        stack_7 = module_0.Stack()
        stack_8 = module_0.Stack()
        stack_9 = module_0.Stack()
        var_2 = stack_9.pop()
        stack_10 = module_0.Stack()
        stack_11 = module_0.Stack()
        stack_12 = module_0.Stack()
        none_type_2 = None
        dict_1 = {none_type_2: stack_10, stack_10: stack_10}
        node_2 = module_0.Node(none_type_2, dict_1)
        var_3 = stack_11.is_empty()
        stack_13 = module_0.Stack()
        var_4 = stack_2.peek()
>       var_5 = var_4.push(var_2)
E       AttributeError: 'NoneType' object has no attribute 'push'

RANDOM/test_stack5_RANDOM.py:1011: AttributeError
   - [#  16] SDL stack5: 
--------------------------------------------------------------------------------
   7:         self.top = Node(data, self.top)
   8:     
   9:     def pop(self):
  10:         if self.top is None:
- 11:             return None
+ 11:             pass
  12:         data = self.top.data
  13:         self.top = self.top.next
  14:         return data
  15:     
--------------------------------------------------------------------------------
[0.18709 s] killed by RANDOM/test_stack5_RANDOM.py::test_case_0

def test_case_0():
        none_type_0 = None
        stack_0 = module_0.Stack(none_type_0)
>       var_0 = stack_0.pop()

RANDOM/test_stack5_RANDOM.py:8: 
_ _ _ _ _ _ _ _ _ _ _ _ _ _ _ _ _ _ _ _ _ _ _ _ _ _ _ _ _ _ _ _ _ _ _ _ _ _ _ _ 

self = <stack5.Stack object at 0x7f47d9fd2110>

>   ???
E   AttributeError: 'NoneType' object has no attribute 'data'

stack5:12: AttributeError
   - [#  17] SDL stack5: 
--------------------------------------------------------------------------------
   8:     
   9:     def pop(self):
  10:         if self.top is None:
  11:             return None
- 12:         data = self.top.data
+ 12:         pass
  13:         self.top = self.top.next
  14:         return data
  15:     
  16:     def peek(self):
--------------------------------------------------------------------------------
[0.23766 s] killed by RANDOM/test_stack5_RANDOM.py::test_case_50

def test_case_50():
        stack_0 = module_0.Stack()
        stack_1 = module_0.Stack()
        stack_2 = module_0.Stack()
        none_type_0 = None
        dict_0 = {none_type_0: stack_0, stack_0: stack_0}
        node_0 = module_0.Node(none_type_0, dict_0)
        var_0 = stack_1.is_empty()
        stack_3 = module_0.Stack()
        stack_4 = module_0.Stack()
        stack_5 = module_0.Stack()
        none_type_1 = None
        dict_1 = {none_type_1: stack_3, stack_3: stack_3}
        node_1 = module_0.Node(none_type_1, dict_1)
        var_1 = stack_4.is_empty()
        stack_6 = module_0.Stack()
        none_type_2 = None
        stack_7 = module_0.Stack(none_type_2)
        var_2 = stack_7.pop()
        stack_8 = module_0.Stack()
        stack_9 = module_0.Stack()
        stack_10 = module_0.Stack()
        none_type_3 = None
        dict_2 = {none_type_3: stack_8, stack_8: stack_8}
        node_2 = module_0.Node(none_type_3, dict_2)
        var_3 = stack_10.push(stack_8)
>       var_4 = stack_10.pop()

RANDOM/test_stack5_RANDOM.py:981: 
_ _ _ _ _ _ _ _ _ _ _ _ _ _ _ _ _ _ _ _ _ _ _ _ _ _ _ _ _ _ _ _ _ _ _ _ _ _ _ _ 

self = <stack5.Stack object at 0x7f47da049f90>

>   ???
E   NameError: name 'data' is not defined

stack5:14: NameError
   - [#  18] SDL stack5: 
--------------------------------------------------------------------------------
   9:     def pop(self):
  10:         if self.top is None:
  11:             return None
  12:         data = self.top.data
- 13:         self.top = self.top.next
+ 13:         pass
  14:         return data
  15:     
  16:     def peek(self):
  17:         return self.top.data if self.top is not None else None
--------------------------------------------------------------------------------
[0.16161 s] survived
   - [#  19] SDL stack5: 
--------------------------------------------------------------------------------
  10:         if self.top is None:
  11:             return None
  12:         data = self.top.data
  13:         self.top = self.top.next
- 14:         return data
+ 14:         pass
  15:     
  16:     def peek(self):
  17:         return self.top.data if self.top is not None else None
  18:     
--------------------------------------------------------------------------------
[0.15754 s] survived
   - [#  20] SDL stack5: 
--------------------------------------------------------------------------------
  13:         self.top = self.top.next
  14:         return data
  15:     
  16:     def peek(self):
- 17:         return self.top.data if self.top is not None else None
+ 17:         pass
  18:     
  19:     def is_empty(self):
  20:         return self.peek() is None
  21: 
--------------------------------------------------------------------------------
[0.23684 s] killed by RANDOM/test_stack5_RANDOM.py::test_case_51

def test_case_51():
        stack_0 = module_0.Stack()
        stack_1 = module_0.Stack()
        stack_2 = module_0.Stack()
        none_type_0 = None
        dict_0 = {none_type_0: stack_0, stack_0: stack_0}
        node_0 = module_0.Node(none_type_0, dict_0)
        var_0 = stack_2.push(stack_0)
        none_type_1 = None
        stack_3 = module_0.Stack(none_type_1)
        var_1 = stack_3.pop()
        stack_4 = module_0.Stack()
        stack_5 = module_0.Stack()
        stack_6 = module_0.Stack()
        node_1 = module_0.Node(stack_3)
        stack_7 = module_0.Stack()
        stack_8 = module_0.Stack()
        stack_9 = module_0.Stack()
        var_2 = stack_9.pop()
        stack_10 = module_0.Stack()
        stack_11 = module_0.Stack()
        stack_12 = module_0.Stack()
        none_type_2 = None
        dict_1 = {none_type_2: stack_10, stack_10: stack_10}
        node_2 = module_0.Node(none_type_2, dict_1)
        var_3 = stack_11.is_empty()
        stack_13 = module_0.Stack()
        var_4 = stack_2.peek()
>       var_5 = var_4.push(var_2)
E       AttributeError: 'NoneType' object has no attribute 'push'

RANDOM/test_stack5_RANDOM.py:1011: AttributeError
   - [#  21] SDL stack5: 
--------------------------------------------------------------------------------
  16:     def peek(self):
  17:         return self.top.data if self.top is not None else None
  18:     
  19:     def is_empty(self):
- 20:         return self.peek() is None
+ 20:         pass
  21: 
  22: class Node(object):
  23:     
  24:     def __init__(self, data, next=None):
--------------------------------------------------------------------------------
[0.16071 s] survived
   - [#  22] SDL stack5: 
--------------------------------------------------------------------------------
  21: 
  22: class Node(object):
  23:     
  24:     def __init__(self, data, next=None):
- 25:         self.data = data
+ 25:         pass
  26:         self.next = next
--------------------------------------------------------------------------------
[0.23513 s] killed by RANDOM/test_stack5_RANDOM.py::test_case_50

def test_case_50():
        stack_0 = module_0.Stack()
        stack_1 = module_0.Stack()
        stack_2 = module_0.Stack()
        none_type_0 = None
        dict_0 = {none_type_0: stack_0, stack_0: stack_0}
        node_0 = module_0.Node(none_type_0, dict_0)
        var_0 = stack_1.is_empty()
        stack_3 = module_0.Stack()
        stack_4 = module_0.Stack()
        stack_5 = module_0.Stack()
        none_type_1 = None
        dict_1 = {none_type_1: stack_3, stack_3: stack_3}
        node_1 = module_0.Node(none_type_1, dict_1)
        var_1 = stack_4.is_empty()
        stack_6 = module_0.Stack()
        none_type_2 = None
        stack_7 = module_0.Stack(none_type_2)
        var_2 = stack_7.pop()
        stack_8 = module_0.Stack()
        stack_9 = module_0.Stack()
        stack_10 = module_0.Stack()
        none_type_3 = None
        dict_2 = {none_type_3: stack_8, stack_8: stack_8}
        node_2 = module_0.Node(none_type_3, dict_2)
        var_3 = stack_10.push(stack_8)
>       var_4 = stack_10.pop()

RANDOM/test_stack5_RANDOM.py:981: 
_ _ _ _ _ _ _ _ _ _ _ _ _ _ _ _ _ _ _ _ _ _ _ _ _ _ _ _ _ _ _ _ _ _ _ _ _ _ _ _ 

self = <stack5.Stack object at 0x7f47da164f10>

>   ???
E   AttributeError: 'Node' object has no attribute 'data'

stack5:12: AttributeError
   - [#  23] SDL stack5: 
--------------------------------------------------------------------------------
  22: class Node(object):
  23:     
  24:     def __init__(self, data, next=None):
  25:         self.data = data
- 26:         self.next = next
+ 26:         pass
--------------------------------------------------------------------------------
[0.23370 s] killed by RANDOM/test_stack5_RANDOM.py::test_case_50

def test_case_50():
        stack_0 = module_0.Stack()
        stack_1 = module_0.Stack()
        stack_2 = module_0.Stack()
        none_type_0 = None
        dict_0 = {none_type_0: stack_0, stack_0: stack_0}
        node_0 = module_0.Node(none_type_0, dict_0)
        var_0 = stack_1.is_empty()
        stack_3 = module_0.Stack()
        stack_4 = module_0.Stack()
        stack_5 = module_0.Stack()
        none_type_1 = None
        dict_1 = {none_type_1: stack_3, stack_3: stack_3}
        node_1 = module_0.Node(none_type_1, dict_1)
        var_1 = stack_4.is_empty()
        stack_6 = module_0.Stack()
        none_type_2 = None
        stack_7 = module_0.Stack(none_type_2)
        var_2 = stack_7.pop()
        stack_8 = module_0.Stack()
        stack_9 = module_0.Stack()
        stack_10 = module_0.Stack()
        none_type_3 = None
        dict_2 = {none_type_3: stack_8, stack_8: stack_8}
        node_2 = module_0.Node(none_type_3, dict_2)
        var_3 = stack_10.push(stack_8)
>       var_4 = stack_10.pop()

RANDOM/test_stack5_RANDOM.py:981: 
_ _ _ _ _ _ _ _ _ _ _ _ _ _ _ _ _ _ _ _ _ _ _ _ _ _ _ _ _ _ _ _ _ _ _ _ _ _ _ _ 

self = <stack5.Stack object at 0x7f47da166590>

>   ???
E   AttributeError: 'Node' object has no attribute 'next'

stack5:13: AttributeError
   - [#  24] SVD stack5: 
--------------------------------------------------------------------------------
   1: class Stack(object):
   2:     
   3:     def __init__(self, top=None):
-  4:         self.top = top
+  4:         top = top
   5:     
   6:     def push(self, data):
   7:         self.top = Node(data, self.top)
   8:     
--------------------------------------------------------------------------------
[0.00000 s] incompetent

ValueError: expression must have Store context but has Load instead

   - [#  25] SVD stack5: 
--------------------------------------------------------------------------------
   3:     def __init__(self, top=None):
   4:         self.top = top
   5:     
   6:     def push(self, data):
-  7:         self.top = Node(data, self.top)
+  7:         top = Node(data, self.top)
   8:     
   9:     def pop(self):
  10:         if self.top is None:
  11:             return None
--------------------------------------------------------------------------------
[0.00000 s] incompetent

ValueError: expression must have Store context but has Load instead

   - [#  26] SVD stack5: 
--------------------------------------------------------------------------------
   3:     def __init__(self, top=None):
   4:         self.top = top
   5:     
   6:     def push(self, data):
-  7:         self.top = Node(data, self.top)
+  7:         self.top = Node(data, top)
   8:     
   9:     def pop(self):
  10:         if self.top is None:
  11:             return None
--------------------------------------------------------------------------------
[0.21063 s] killed by RANDOM/test_stack5_RANDOM.py::test_case_26

def test_case_26():
        none_type_0 = None
        stack_0 = module_0.Stack(none_type_0)
        var_0 = stack_0.pop()
        stack_1 = module_0.Stack()
        stack_2 = module_0.Stack()
        stack_3 = module_0.Stack()
        stack_4 = module_0.Stack()
        stack_5 = module_0.Stack()
        stack_6 = module_0.Stack()
        stack_7 = module_0.Stack()
        stack_8 = module_0.Stack()
        var_1 = stack_3.peek()
        stack_9 = module_0.Stack()
        stack_10 = module_0.Stack()
        stack_11 = module_0.Stack()
        none_type_1 = None
        dict_0 = {none_type_1: stack_9, stack_9: stack_9}
        node_0 = module_0.Node(none_type_1, dict_0)
        none_type_2 = None
        stack_12 = module_0.Stack(none_type_2)
        var_2 = stack_12.pop()
        stack_13 = module_0.Stack()
        stack_14 = module_0.Stack()
        stack_15 = module_0.Stack()
        node_1 = module_0.Node(stack_12)
        stack_16 = module_0.Stack()
        stack_17 = module_0.Stack()
        stack_18 = module_0.Stack()
        stack_19 = module_0.Stack()
>       var_3 = stack_1.push(dict_0)

RANDOM/test_stack5_RANDOM.py:399: 
_ _ _ _ _ _ _ _ _ _ _ _ _ _ _ _ _ _ _ _ _ _ _ _ _ _ _ _ _ _ _ _ _ _ _ _ _ _ _ _ 

self = <stack5.Stack object at 0x7f47da04bb50>
data = {None: <stack5.Stack object at 0x7f47da04a020>, <stack5.Stack object at 0x7f47da04a020>: <stack5.Stack object at 0x7f47da04a020>}

>   ???
E   NameError: name 'top' is not defined

stack5:7: NameError
   - [#  27] SVD stack5: 
--------------------------------------------------------------------------------
   6:     def push(self, data):
   7:         self.top = Node(data, self.top)
   8:     
   9:     def pop(self):
- 10:         if self.top is None:
+ 10:         if top is None:
  11:             return None
  12:         data = self.top.data
  13:         self.top = self.top.next
  14:         return data
--------------------------------------------------------------------------------
[0.18611 s] killed by RANDOM/test_stack5_RANDOM.py::test_case_0

def test_case_0():
        none_type_0 = None
        stack_0 = module_0.Stack(none_type_0)
>       var_0 = stack_0.pop()

RANDOM/test_stack5_RANDOM.py:8: 
_ _ _ _ _ _ _ _ _ _ _ _ _ _ _ _ _ _ _ _ _ _ _ _ _ _ _ _ _ _ _ _ _ _ _ _ _ _ _ _ 

self = <stack5.Stack object at 0x7f47da1774c0>

>   ???
E   NameError: name 'top' is not defined

stack5:10: NameError
   - [#  28] SVD stack5: 
--------------------------------------------------------------------------------
   8:     
   9:     def pop(self):
  10:         if self.top is None:
  11:             return None
- 12:         data = self.top.data
+ 12:         data = top.data
  13:         self.top = self.top.next
  14:         return data
  15:     
  16:     def peek(self):
--------------------------------------------------------------------------------
[0.24343 s] killed by RANDOM/test_stack5_RANDOM.py::test_case_50

def test_case_50():
        stack_0 = module_0.Stack()
        stack_1 = module_0.Stack()
        stack_2 = module_0.Stack()
        none_type_0 = None
        dict_0 = {none_type_0: stack_0, stack_0: stack_0}
        node_0 = module_0.Node(none_type_0, dict_0)
        var_0 = stack_1.is_empty()
        stack_3 = module_0.Stack()
        stack_4 = module_0.Stack()
        stack_5 = module_0.Stack()
        none_type_1 = None
        dict_1 = {none_type_1: stack_3, stack_3: stack_3}
        node_1 = module_0.Node(none_type_1, dict_1)
        var_1 = stack_4.is_empty()
        stack_6 = module_0.Stack()
        none_type_2 = None
        stack_7 = module_0.Stack(none_type_2)
        var_2 = stack_7.pop()
        stack_8 = module_0.Stack()
        stack_9 = module_0.Stack()
        stack_10 = module_0.Stack()
        none_type_3 = None
        dict_2 = {none_type_3: stack_8, stack_8: stack_8}
        node_2 = module_0.Node(none_type_3, dict_2)
        var_3 = stack_10.push(stack_8)
>       var_4 = stack_10.pop()

RANDOM/test_stack5_RANDOM.py:981: 
_ _ _ _ _ _ _ _ _ _ _ _ _ _ _ _ _ _ _ _ _ _ _ _ _ _ _ _ _ _ _ _ _ _ _ _ _ _ _ _ 

self = <stack5.Stack object at 0x7f47da165cc0>

>   ???
E   NameError: name 'top' is not defined

stack5:12: NameError
   - [#  29] SVD stack5: 
--------------------------------------------------------------------------------
   9:     def pop(self):
  10:         if self.top is None:
  11:             return None
  12:         data = self.top.data
- 13:         self.top = self.top.next
+ 13:         top = self.top.next
  14:         return data
  15:     
  16:     def peek(self):
  17:         return self.top.data if self.top is not None else None
--------------------------------------------------------------------------------
[0.00000 s] incompetent

ValueError: expression must have Store context but has Load instead

   - [#  30] SVD stack5: 
--------------------------------------------------------------------------------
   9:     def pop(self):
  10:         if self.top is None:
  11:             return None
  12:         data = self.top.data
- 13:         self.top = self.top.next
+ 13:         self.top = top.next
  14:         return data
  15:     
  16:     def peek(self):
  17:         return self.top.data if self.top is not None else None
--------------------------------------------------------------------------------
[0.24230 s] killed by RANDOM/test_stack5_RANDOM.py::test_case_50

def test_case_50():
        stack_0 = module_0.Stack()
        stack_1 = module_0.Stack()
        stack_2 = module_0.Stack()
        none_type_0 = None
        dict_0 = {none_type_0: stack_0, stack_0: stack_0}
        node_0 = module_0.Node(none_type_0, dict_0)
        var_0 = stack_1.is_empty()
        stack_3 = module_0.Stack()
        stack_4 = module_0.Stack()
        stack_5 = module_0.Stack()
        none_type_1 = None
        dict_1 = {none_type_1: stack_3, stack_3: stack_3}
        node_1 = module_0.Node(none_type_1, dict_1)
        var_1 = stack_4.is_empty()
        stack_6 = module_0.Stack()
        none_type_2 = None
        stack_7 = module_0.Stack(none_type_2)
        var_2 = stack_7.pop()
        stack_8 = module_0.Stack()
        stack_9 = module_0.Stack()
        stack_10 = module_0.Stack()
        none_type_3 = None
        dict_2 = {none_type_3: stack_8, stack_8: stack_8}
        node_2 = module_0.Node(none_type_3, dict_2)
        var_3 = stack_10.push(stack_8)
>       var_4 = stack_10.pop()

RANDOM/test_stack5_RANDOM.py:981: 
_ _ _ _ _ _ _ _ _ _ _ _ _ _ _ _ _ _ _ _ _ _ _ _ _ _ _ _ _ _ _ _ _ _ _ _ _ _ _ _ 

self = <stack5.Stack object at 0x7f47da0456f0>

>   ???
E   NameError: name 'top' is not defined

stack5:13: NameError
   - [#  31] SVD stack5: 
--------------------------------------------------------------------------------
  13:         self.top = self.top.next
  14:         return data
  15:     
  16:     def peek(self):
- 17:         return self.top.data if self.top is not None else None
+ 17:         return self.top.data if top is not None else None
  18:     
  19:     def is_empty(self):
  20:         return self.peek() is None
  21: 
--------------------------------------------------------------------------------
[0.19035 s] killed by RANDOM/test_stack5_RANDOM.py::test_case_4

def test_case_4():
        none_type_0 = None
        stack_0 = module_0.Stack(none_type_0)
        var_0 = stack_0.pop()
        stack_1 = module_0.Stack()
        stack_2 = module_0.Stack()
        none_type_1 = None
        stack_3 = module_0.Stack(none_type_1)
        var_1 = stack_3.pop()
        stack_4 = module_0.Stack()
        stack_5 = module_0.Stack()
        stack_6 = module_0.Stack()
        node_0 = module_0.Node(stack_3)
>       var_2 = stack_1.is_empty()

RANDOM/test_stack5_RANDOM.py:39: 
_ _ _ _ _ _ _ _ _ _ _ _ _ _ _ _ _ _ _ _ _ _ _ _ _ _ _ _ _ _ _ _ _ _ _ _ _ _ _ _ 
stack5:20: in is_empty
    ???
_ _ _ _ _ _ _ _ _ _ _ _ _ _ _ _ _ _ _ _ _ _ _ _ _ _ _ _ _ _ _ _ _ _ _ _ _ _ _ _ 

self = <stack5.Stack object at 0x7f47da020ee0>

>   ???
E   NameError: name 'top' is not defined

stack5:17: NameError
   - [#  32] SVD stack5: 
--------------------------------------------------------------------------------
  13:         self.top = self.top.next
  14:         return data
  15:     
  16:     def peek(self):
- 17:         return self.top.data if self.top is not None else None
+ 17:         return top.data if self.top is not None else None
  18:     
  19:     def is_empty(self):
  20:         return self.peek() is None
  21: 
--------------------------------------------------------------------------------
[0.22751 s] killed by RANDOM/test_stack5_RANDOM.py::test_case_51

def test_case_51():
        stack_0 = module_0.Stack()
        stack_1 = module_0.Stack()
        stack_2 = module_0.Stack()
        none_type_0 = None
        dict_0 = {none_type_0: stack_0, stack_0: stack_0}
        node_0 = module_0.Node(none_type_0, dict_0)
        var_0 = stack_2.push(stack_0)
        none_type_1 = None
        stack_3 = module_0.Stack(none_type_1)
        var_1 = stack_3.pop()
        stack_4 = module_0.Stack()
        stack_5 = module_0.Stack()
        stack_6 = module_0.Stack()
        node_1 = module_0.Node(stack_3)
        stack_7 = module_0.Stack()
        stack_8 = module_0.Stack()
        stack_9 = module_0.Stack()
        var_2 = stack_9.pop()
        stack_10 = module_0.Stack()
        stack_11 = module_0.Stack()
        stack_12 = module_0.Stack()
        none_type_2 = None
        dict_1 = {none_type_2: stack_10, stack_10: stack_10}
        node_2 = module_0.Node(none_type_2, dict_1)
        var_3 = stack_11.is_empty()
        stack_13 = module_0.Stack()
>       var_4 = stack_2.peek()

RANDOM/test_stack5_RANDOM.py:1010: 
_ _ _ _ _ _ _ _ _ _ _ _ _ _ _ _ _ _ _ _ _ _ _ _ _ _ _ _ _ _ _ _ _ _ _ _ _ _ _ _ 

self = <stack5.Stack object at 0x7f47da1d49a0>

>   ???
E   NameError: name 'top' is not defined

stack5:17: NameError
   - [#  33] SVD stack5: 
--------------------------------------------------------------------------------
  16:     def peek(self):
  17:         return self.top.data if self.top is not None else None
  18:     
  19:     def is_empty(self):
- 20:         return self.peek() is None
+ 20:         return peek() is None
  21: 
  22: class Node(object):
  23:     
  24:     def __init__(self, data, next=None):
--------------------------------------------------------------------------------
[0.19173 s] killed by RANDOM/test_stack5_RANDOM.py::test_case_4

def test_case_4():
        none_type_0 = None
        stack_0 = module_0.Stack(none_type_0)
        var_0 = stack_0.pop()
        stack_1 = module_0.Stack()
        stack_2 = module_0.Stack()
        none_type_1 = None
        stack_3 = module_0.Stack(none_type_1)
        var_1 = stack_3.pop()
        stack_4 = module_0.Stack()
        stack_5 = module_0.Stack()
        stack_6 = module_0.Stack()
        node_0 = module_0.Node(stack_3)
>       var_2 = stack_1.is_empty()

RANDOM/test_stack5_RANDOM.py:39: 
_ _ _ _ _ _ _ _ _ _ _ _ _ _ _ _ _ _ _ _ _ _ _ _ _ _ _ _ _ _ _ _ _ _ _ _ _ _ _ _ 

self = <stack5.Stack object at 0x7f47da04bc70>

>   ???
E   NameError: name 'peek' is not defined

stack5:20: NameError
   - [#  34] SVD stack5: 
--------------------------------------------------------------------------------
  21: 
  22: class Node(object):
  23:     
  24:     def __init__(self, data, next=None):
- 25:         self.data = data
+ 25:         data = data
  26:         self.next = next
--------------------------------------------------------------------------------
[0.00000 s] incompetent

ValueError: expression must have Store context but has Load instead

   - [#  35] SVD stack5: 
--------------------------------------------------------------------------------
  22: class Node(object):
  23:     
  24:     def __init__(self, data, next=None):
  25:         self.data = data
- 26:         self.next = next
+ 26:         next = next
--------------------------------------------------------------------------------
[0.00000 s] incompetent

ValueError: expression must have Store context but has Load instead

[*] Mutation score [7.21194 s]: 83.3%
   - all: 35
   - killed: 20 (57.1%)
   - survived: 4 (11.4%)
   - incompetent: 11 (31.4%)
   - timeout: 0 (0.0%)
