[*] Start mutation process:
   - targets: binarySearchTree4.py
   - tests: ./DYNAMOSA-MIO
[*] 20 tests passed:
   - test_binarySearchTree4_DYNAMOSA [0.20045 s]
   - test_binarySearchTree4_MIO [0.14761 s]
[*] Start mutants generation and execution:
   - [#   1] CDI binarySearchTree4: 
--------------------------------------------------------------------------------
   1: class Node(object):
   2:     
-  3:     def __init__(self, data):
-  4:         self.data = data
-  5:         self.left = None
-  6:         self.right = None
-  7:         self.parent = None
-  8:     
+  3:     @classmethod
+  4:     def __init__(self, data):
+  5:         self.data = data
+  6:         self.left = None
+  7:         self.right = None
+  8:         self.parent = None
   9:     def __repr__(self):
  10:         return str(self.data)
  11: 
  12: class Bst(object):
--------------------------------------------------------------------------------
[0.45591 s] killed by DYNAMOSA-MIO/test_binarySearchTree4_MIO.py::test_case_5

def test_case_5():
        bytes_0 = b'\xca\x89@KfH\xd1\xa7\xf9\x08\xd5S!\xb5\xb2\xb4\xe6\n\xd2\xa8'
        none_type_0 = None
        node_0 = module_0.Node(none_type_0)
        bst_0 = module_0.Bst()
        var_0 = bst_0.insert(bytes_0)
        assert f'{type(bst_0.root).__module__}.{type(bst_0.root).__qualname__}' == 'binarySearchTree4.Node'
        assert f'{type(var_0).__module__}.{type(var_0).__qualname__}' == 'binarySearchTree4.Node'
        assert var_0.data == b'\xca\x89@KfH\xd1\xa7\xf9\x08\xd5S!\xb5\xb2\xb4\xe6\n\xd2\xa8'
        assert var_0.left is None
        assert var_0.right is None
        assert var_0.parent is None
        bst_1 = module_0.Bst()
        bst_2 = module_0.Bst()
        bytes_1 = b'+ "\xdf\xa2zG\x85\xd6T'
        bool_0 = True
        var_1 = bst_1.insert(bytes_1)
        assert f'{type(bst_1.root).__module__}.{type(bst_1.root).__qualname__}' == 'binarySearchTree4.Node'
        var_2 = bst_1.insert(bytes_0)
        assert f'{type(var_1.right).__module__}.{type(var_1.right).__qualname__}' == 'binarySearchTree4.Node'
        assert f'{type(var_2.parent).__module__}.{type(var_2.parent).__qualname__}' == 'binarySearchTree4.Node'
        var_3 = bst_1.insert(bytes_0)
>       assert f'{type(var_2.left).__module__}.{type(var_2.left).__qualname__}' == 'binarySearchTree4.Node'
E       AssertionError

DYNAMOSA-MIO/test_binarySearchTree4_MIO.py:84: AssertionError
   - [#   2] CDI binarySearchTree4: 
--------------------------------------------------------------------------------
   5:         self.left = None
   6:         self.right = None
   7:         self.parent = None
   8:     
-  9:     def __repr__(self):
- 10:         return str(self.data)
- 11: 
+  9:     @classmethod
+ 10:     def __repr__(self):
+ 11:         return str(self.data)
  12: class Bst(object):
  13:     
  14:     def __init__(self, root=None):
  15:         self.root = root
--------------------------------------------------------------------------------
[0.39610 s] killed by DYNAMOSA-MIO/test_binarySearchTree4_MIO.py::test_case_9

def test_case_9():
        bst_0 = module_0.Bst()
        node_0 = module_0.Node(bst_0)
>       var_0 = node_0.__repr__()

DYNAMOSA-MIO/test_binarySearchTree4_MIO.py:115: 
_ _ _ _ _ _ _ _ _ _ _ _ _ _ _ _ _ _ _ _ _ _ _ _ _ _ _ _ _ _ _ _ _ _ _ _ _ _ _ _ 

self = <class 'binarySearchTree4.Node'>

>   ???
E   AttributeError: type object 'Node' has no attribute 'data'

binarySearchTree4:11: AttributeError
   - [#   3] CDI binarySearchTree4: 
--------------------------------------------------------------------------------
  10:         return str(self.data)
  11: 
  12: class Bst(object):
  13:     
- 14:     def __init__(self, root=None):
- 15:         self.root = root
- 16:     
+ 14:     @classmethod
+ 15:     def __init__(self, root=None):
+ 16:         self.root = root
  17:     def insert(self, data):
  18:         if data is None:
  19:             raise TypeError('data cannot be None')
  20:         if self.root is None:
--------------------------------------------------------------------------------
[0.40068 s] killed by DYNAMOSA-MIO/test_binarySearchTree4_DYNAMOSA.py::test_case_6

def test_case_6():
        bool_0 = False
        bst_0 = module_0.Bst()
        bst_1 = module_0.Bst(bst_0)
>       var_0 = bst_0.insert(bool_0)

DYNAMOSA-MIO/test_binarySearchTree4_DYNAMOSA.py:61: 
_ _ _ _ _ _ _ _ _ _ _ _ _ _ _ _ _ _ _ _ _ _ _ _ _ _ _ _ _ _ _ _ _ _ _ _ _ _ _ _ 
binarySearchTree4:24: in insert
    ???
_ _ _ _ _ _ _ _ _ _ _ _ _ _ _ _ _ _ _ _ _ _ _ _ _ _ _ _ _ _ _ _ _ _ _ _ _ _ _ _ 

self = <binarySearchTree4.Bst object at 0x7f0629af8dc0>
node = <binarySearchTree4.Bst object at 0x7f0629af8dc0>, data = False

>   ???
E   AttributeError: 'Bst' object has no attribute 'data'

binarySearchTree4:29: AttributeError
   - [#   4] CDI binarySearchTree4: 
--------------------------------------------------------------------------------
  13:     
  14:     def __init__(self, root=None):
  15:         self.root = root
  16:     
- 17:     def insert(self, data):
- 18:         if data is None:
- 19:             raise TypeError('data cannot be None')
- 20:         if self.root is None:
- 21:             self.root = Node(data)
- 22:             return self.root
- 23:         else:
- 24:             return self._insert(self.root, data)
- 25:     
+ 17:     @classmethod
+ 18:     def insert(self, data):
+ 19:         if data is None:
+ 20:             raise TypeError('data cannot be None')
+ 21:         if self.root is None:
+ 22:             self.root = Node(data)
+ 23:             return self.root
+ 24:         else:
+ 25:             return self._insert(self.root, data)
  26:     def _insert(self, node, data):
  27:         if node is None:
  28:             return Node(data)
  29:         if data <= node.data:
--------------------------------------------------------------------------------
[0.60537 s] killed by DYNAMOSA-MIO/test_binarySearchTree4_MIO.py::test_case_0

def test_case_0():
        bst_0 = module_0.Bst()
>       var_0 = bst_0.insert(bst_0)

DYNAMOSA-MIO/test_binarySearchTree4_MIO.py:7: 
_ _ _ _ _ _ _ _ _ _ _ _ _ _ _ _ _ _ _ _ _ _ _ _ _ _ _ _ _ _ _ _ _ _ _ _ _ _ _ _ 

self = <class 'binarySearchTree4.Bst'>
data = <binarySearchTree4.Bst object at 0x7f06299a1fc0>

>   ???
E   AttributeError: type object 'Bst' has no attribute 'root'

binarySearchTree4:21: AttributeError
   - [#   5] CDI binarySearchTree4: 
--------------------------------------------------------------------------------
  22:             return self.root
  23:         else:
  24:             return self._insert(self.root, data)
  25:     
- 26:     def _insert(self, node, data):
- 27:         if node is None:
- 28:             return Node(data)
- 29:         if data <= node.data:
- 30:             if node.left is None:
- 31:                 node.left = self._insert(node.left, data)
- 32:                 node.left.parent = node
- 33:                 return node.left
- 34:             else:
- 35:                 return self._insert(node.left, data)
- 36:         
- 37:         elif node.right is None:
- 38:             node.right = self._insert(node.right, data)
- 39:             node.right.parent = node
- 40:             return node.right
- 41:         else:
- 42:             return self._insert(node.right, data)
+ 26:     @classmethod
+ 27:     def _insert(self, node, data):
+ 28:         if node is None:
+ 29:             return Node(data)
+ 30:         if data <= node.data:
+ 31:             if node.left is None:
+ 32:                 node.left = self._insert(node.left, data)
+ 33:                 node.left.parent = node
+ 34:                 return node.left
+ 35:             else:
+ 36:                 return self._insert(node.left, data)
+ 37:         
+ 38:         elif node.right is None:
+ 39:             node.right = self._insert(node.right, data)
+ 40:             node.right.parent = node
+ 41:             return node.right
+ 42:         else:
+ 43:             return self._insert(node.right, data)
--------------------------------------------------------------------------------
[0.13970 s] survived
   - [#   6] COI binarySearchTree4: 
--------------------------------------------------------------------------------
  14:     def __init__(self, root=None):
  15:         self.root = root
  16:     
  17:     def insert(self, data):
- 18:         if data is None:
+ 18:         if not (data is None):
  19:             raise TypeError('data cannot be None')
  20:         if self.root is None:
  21:             self.root = Node(data)
  22:             return self.root
--------------------------------------------------------------------------------
[0.17327 s] incompetent

TypeError: binarySearchTree4:19: TypeError: data cannot be None

   - [#   7] COI binarySearchTree4: 
--------------------------------------------------------------------------------
  16:     
  17:     def insert(self, data):
  18:         if data is None:
  19:             raise TypeError('data cannot be None')
- 20:         if self.root is None:
+ 20:         if not (self.root is None):
  21:             self.root = Node(data)
  22:             return self.root
  23:         else:
  24:             return self._insert(self.root, data)
--------------------------------------------------------------------------------
[0.37779 s] killed by DYNAMOSA-MIO/test_binarySearchTree4_MIO.py::test_case_0

def test_case_0():
        bst_0 = module_0.Bst()
        var_0 = bst_0.insert(bst_0)
>       assert f'{type(bst_0.root).__module__}.{type(bst_0.root).__qualname__}' == 'binarySearchTree4.Node'
E       AssertionError

DYNAMOSA-MIO/test_binarySearchTree4_MIO.py:8: AssertionError
   - [#   8] COI binarySearchTree4: 
--------------------------------------------------------------------------------
  23:         else:
  24:             return self._insert(self.root, data)
  25:     
  26:     def _insert(self, node, data):
- 27:         if node is None:
+ 27:         if not (node is None):
  28:             return Node(data)
  29:         if data <= node.data:
  30:             if node.left is None:
  31:                 node.left = self._insert(node.left, data)
--------------------------------------------------------------------------------
[0.44351 s] incompetent

TypeError: /home/auri/temp/lucca/python_experiments/binarySearchTree4/DYNAMOSA-MIO/test_binarySearchTree4_MIO.py:24: Failed: DID NOT RAISE <class 'TypeError'>

   - [#   9] COI binarySearchTree4: 
--------------------------------------------------------------------------------
  25:     
  26:     def _insert(self, node, data):
  27:         if node is None:
  28:             return Node(data)
- 29:         if data <= node.data:
+ 29:         if not (data <= node.data):
  30:             if node.left is None:
  31:                 node.left = self._insert(node.left, data)
  32:                 node.left.parent = node
  33:                 return node.left
--------------------------------------------------------------------------------
[0.49100 s] killed by DYNAMOSA-MIO/test_binarySearchTree4_MIO.py::test_case_3

def test_case_3():
        bytes_0 = b'\xca\x89@KfH\xa7\xf9\x08\xd5S!\xb5\xb2\xb4\xee\n\x04\xe8'
        bst_0 = module_0.Bst()
        var_0 = bst_0.insert(bytes_0)
        assert f'{type(bst_0.root).__module__}.{type(bst_0.root).__qualname__}' == 'binarySearchTree4.Node'
        assert f'{type(var_0).__module__}.{type(var_0).__qualname__}' == 'binarySearchTree4.Node'
        assert var_0.data == b'\xca\x89@KfH\xa7\xf9\x08\xd5S!\xb5\xb2\xb4\xee\n\x04\xe8'
        assert var_0.left is None
        assert var_0.right is None
        assert var_0.parent is None
        var_1 = bst_0.insert(bytes_0)
>       assert f'{type(var_0.left).__module__}.{type(var_0.left).__qualname__}' == 'binarySearchTree4.Node'
E       AssertionError

DYNAMOSA-MIO/test_binarySearchTree4_MIO.py:44: AssertionError
   - [#  10] COI binarySearchTree4: 
--------------------------------------------------------------------------------
  26:     def _insert(self, node, data):
  27:         if node is None:
  28:             return Node(data)
  29:         if data <= node.data:
- 30:             if node.left is None:
+ 30:             if not (node.left is None):
  31:                 node.left = self._insert(node.left, data)
  32:                 node.left.parent = node
  33:                 return node.left
  34:             else:
--------------------------------------------------------------------------------
[0.48674 s] killed by DYNAMOSA-MIO/test_binarySearchTree4_MIO.py::test_case_3

def test_case_3():
        bytes_0 = b'\xca\x89@KfH\xa7\xf9\x08\xd5S!\xb5\xb2\xb4\xee\n\x04\xe8'
        bst_0 = module_0.Bst()
        var_0 = bst_0.insert(bytes_0)
        assert f'{type(bst_0.root).__module__}.{type(bst_0.root).__qualname__}' == 'binarySearchTree4.Node'
        assert f'{type(var_0).__module__}.{type(var_0).__qualname__}' == 'binarySearchTree4.Node'
        assert var_0.data == b'\xca\x89@KfH\xa7\xf9\x08\xd5S!\xb5\xb2\xb4\xee\n\x04\xe8'
        assert var_0.left is None
        assert var_0.right is None
        assert var_0.parent is None
        var_1 = bst_0.insert(bytes_0)
>       assert f'{type(var_0.left).__module__}.{type(var_0.left).__qualname__}' == 'binarySearchTree4.Node'
E       AssertionError

DYNAMOSA-MIO/test_binarySearchTree4_MIO.py:44: AssertionError
   - [#  11] COI binarySearchTree4: 
--------------------------------------------------------------------------------
  33:                 return node.left
  34:             else:
  35:                 return self._insert(node.left, data)
  36:         
- 37:         elif node.right is None:
+ 37:         elif not (node.right is None):
  38:             node.right = self._insert(node.right, data)
  39:             node.right.parent = node
  40:             return node.right
  41:         else:
--------------------------------------------------------------------------------
[0.30481 s] killed by DYNAMOSA-MIO/test_binarySearchTree4_MIO.py::test_case_4

def test_case_4():
        bytes_0 = b'\xca\x89@KfH\xa7\xf9\x08\xd5S!\xb5\xb2\xb4\xee\n\x04\xe8'
        bst_0 = module_0.Bst()
        bytes_1 = b'I\x1e\x9a\xbc\xbc\x83\xbbg\x9d\x89\xfe\x02\x9c\n'
        var_0 = bst_0.insert(bytes_1)
        assert f'{type(bst_0.root).__module__}.{type(bst_0.root).__qualname__}' == 'binarySearchTree4.Node'
        assert f'{type(var_0).__module__}.{type(var_0).__qualname__}' == 'binarySearchTree4.Node'
        assert var_0.data == b'I\x1e\x9a\xbc\xbc\x83\xbbg\x9d\x89\xfe\x02\x9c\n'
        assert var_0.left is None
        assert var_0.right is None
        assert var_0.parent is None
        var_1 = bst_0.insert(bytes_0)
>       assert f'{type(var_0.right).__module__}.{type(var_0.right).__qualname__}' == 'binarySearchTree4.Node'
E       AssertionError

DYNAMOSA-MIO/test_binarySearchTree4_MIO.py:59: AssertionError
   - [#  12] CRP binarySearchTree4: 
--------------------------------------------------------------------------------
  15:         self.root = root
  16:     
  17:     def insert(self, data):
  18:         if data is None:
- 19:             raise TypeError('data cannot be None')
+ 19:             raise TypeError('mutpy')
  20:         if self.root is None:
  21:             self.root = Node(data)
  22:             return self.root
  23:         else:
--------------------------------------------------------------------------------
[0.35584 s] survived
   - [#  13] CRP binarySearchTree4: 
--------------------------------------------------------------------------------
  15:         self.root = root
  16:     
  17:     def insert(self, data):
  18:         if data is None:
- 19:             raise TypeError('data cannot be None')
+ 19:             raise TypeError('')
  20:         if self.root is None:
  21:             self.root = Node(data)
  22:             return self.root
  23:         else:
--------------------------------------------------------------------------------
[0.38410 s] survived
   - [#  14] ROR binarySearchTree4: 
--------------------------------------------------------------------------------
  25:     
  26:     def _insert(self, node, data):
  27:         if node is None:
  28:             return Node(data)
- 29:         if data <= node.data:
+ 29:         if data >= node.data:
  30:             if node.left is None:
  31:                 node.left = self._insert(node.left, data)
  32:                 node.left.parent = node
  33:                 return node.left
--------------------------------------------------------------------------------
[0.40088 s] killed by DYNAMOSA-MIO/test_binarySearchTree4_MIO.py::test_case_4

def test_case_4():
        bytes_0 = b'\xca\x89@KfH\xa7\xf9\x08\xd5S!\xb5\xb2\xb4\xee\n\x04\xe8'
        bst_0 = module_0.Bst()
        bytes_1 = b'I\x1e\x9a\xbc\xbc\x83\xbbg\x9d\x89\xfe\x02\x9c\n'
        var_0 = bst_0.insert(bytes_1)
        assert f'{type(bst_0.root).__module__}.{type(bst_0.root).__qualname__}' == 'binarySearchTree4.Node'
        assert f'{type(var_0).__module__}.{type(var_0).__qualname__}' == 'binarySearchTree4.Node'
        assert var_0.data == b'I\x1e\x9a\xbc\xbc\x83\xbbg\x9d\x89\xfe\x02\x9c\n'
        assert var_0.left is None
        assert var_0.right is None
        assert var_0.parent is None
        var_1 = bst_0.insert(bytes_0)
>       assert f'{type(var_0.right).__module__}.{type(var_0.right).__qualname__}' == 'binarySearchTree4.Node'
E       AssertionError

DYNAMOSA-MIO/test_binarySearchTree4_MIO.py:59: AssertionError
   - [#  15] ROR binarySearchTree4: 
--------------------------------------------------------------------------------
  25:     
  26:     def _insert(self, node, data):
  27:         if node is None:
  28:             return Node(data)
- 29:         if data <= node.data:
+ 29:         if data < node.data:
  30:             if node.left is None:
  31:                 node.left = self._insert(node.left, data)
  32:                 node.left.parent = node
  33:                 return node.left
--------------------------------------------------------------------------------
[0.53525 s] killed by DYNAMOSA-MIO/test_binarySearchTree4_MIO.py::test_case_3

def test_case_3():
        bytes_0 = b'\xca\x89@KfH\xa7\xf9\x08\xd5S!\xb5\xb2\xb4\xee\n\x04\xe8'
        bst_0 = module_0.Bst()
        var_0 = bst_0.insert(bytes_0)
        assert f'{type(bst_0.root).__module__}.{type(bst_0.root).__qualname__}' == 'binarySearchTree4.Node'
        assert f'{type(var_0).__module__}.{type(var_0).__qualname__}' == 'binarySearchTree4.Node'
        assert var_0.data == b'\xca\x89@KfH\xa7\xf9\x08\xd5S!\xb5\xb2\xb4\xee\n\x04\xe8'
        assert var_0.left is None
        assert var_0.right is None
        assert var_0.parent is None
        var_1 = bst_0.insert(bytes_0)
>       assert f'{type(var_0.left).__module__}.{type(var_0.left).__qualname__}' == 'binarySearchTree4.Node'
E       AssertionError

DYNAMOSA-MIO/test_binarySearchTree4_MIO.py:44: AssertionError
   - [#  16] SDI binarySearchTree4: 
--------------------------------------------------------------------------------
   1: class Node(object):
   2:     
-  3:     def __init__(self, data):
-  4:         self.data = data
-  5:         self.left = None
-  6:         self.right = None
-  7:         self.parent = None
-  8:     
+  3:     @staticmethod
+  4:     def __init__(self, data):
+  5:         self.data = data
+  6:         self.left = None
+  7:         self.right = None
+  8:         self.parent = None
   9:     def __repr__(self):
  10:         return str(self.data)
  11: 
  12: class Bst(object):
--------------------------------------------------------------------------------
[0.38266 s] incompetent

TypeError: binarySearchTree4:21: TypeError: Node.__init__() missing 1 required positional argument: 'data'

   - [#  17] SDI binarySearchTree4: 
--------------------------------------------------------------------------------
   5:         self.left = None
   6:         self.right = None
   7:         self.parent = None
   8:     
-  9:     def __repr__(self):
- 10:         return str(self.data)
- 11: 
+  9:     @staticmethod
+ 10:     def __repr__(self):
+ 11:         return str(self.data)
  12: class Bst(object):
  13:     
  14:     def __init__(self, root=None):
  15:         self.root = root
--------------------------------------------------------------------------------
[0.55398 s] incompetent

TypeError: /home/auri/temp/lucca/python_experiments/binarySearchTree4/DYNAMOSA-MIO/test_binarySearchTree4_MIO.py:115: TypeError: Node.__repr__() missing 1 required positional argument: 'self'

   - [#  18] SDI binarySearchTree4: 
--------------------------------------------------------------------------------
  10:         return str(self.data)
  11: 
  12: class Bst(object):
  13:     
- 14:     def __init__(self, root=None):
- 15:         self.root = root
- 16:     
+ 14:     @staticmethod
+ 15:     def __init__(self, root=None):
+ 16:         self.root = root
  17:     def insert(self, data):
  18:         if data is None:
  19:             raise TypeError('data cannot be None')
  20:         if self.root is None:
--------------------------------------------------------------------------------
[0.49172 s] incompetent

TypeError: /home/auri/temp/lucca/python_experiments/binarySearchTree4/DYNAMOSA-MIO/test_binarySearchTree4_MIO.py:6: TypeError: Bst.__init__() missing 1 required positional argument: 'self'

   - [#  19] SDI binarySearchTree4: 
--------------------------------------------------------------------------------
  13:     
  14:     def __init__(self, root=None):
  15:         self.root = root
  16:     
- 17:     def insert(self, data):
- 18:         if data is None:
- 19:             raise TypeError('data cannot be None')
- 20:         if self.root is None:
- 21:             self.root = Node(data)
- 22:             return self.root
- 23:         else:
- 24:             return self._insert(self.root, data)
- 25:     
+ 17:     @staticmethod
+ 18:     def insert(self, data):
+ 19:         if data is None:
+ 20:             raise TypeError('data cannot be None')
+ 21:         if self.root is None:
+ 22:             self.root = Node(data)
+ 23:             return self.root
+ 24:         else:
+ 25:             return self._insert(self.root, data)
  26:     def _insert(self, node, data):
  27:         if node is None:
  28:             return Node(data)
  29:         if data <= node.data:
--------------------------------------------------------------------------------
[0.24395 s] incompetent

TypeError: /home/auri/temp/lucca/python_experiments/binarySearchTree4/DYNAMOSA-MIO/test_binarySearchTree4_MIO.py:7: TypeError: Bst.insert() missing 1 required positional argument: 'data'

   - [#  20] SDI binarySearchTree4: 
--------------------------------------------------------------------------------
  22:             return self.root
  23:         else:
  24:             return self._insert(self.root, data)
  25:     
- 26:     def _insert(self, node, data):
- 27:         if node is None:
- 28:             return Node(data)
- 29:         if data <= node.data:
- 30:             if node.left is None:
- 31:                 node.left = self._insert(node.left, data)
- 32:                 node.left.parent = node
- 33:                 return node.left
- 34:             else:
- 35:                 return self._insert(node.left, data)
- 36:         
- 37:         elif node.right is None:
- 38:             node.right = self._insert(node.right, data)
- 39:             node.right.parent = node
- 40:             return node.right
- 41:         else:
- 42:             return self._insert(node.right, data)
+ 26:     @staticmethod
+ 27:     def _insert(self, node, data):
+ 28:         if node is None:
+ 29:             return Node(data)
+ 30:         if data <= node.data:
+ 31:             if node.left is None:
+ 32:                 node.left = self._insert(node.left, data)
+ 33:                 node.left.parent = node
+ 34:                 return node.left
+ 35:             else:
+ 36:                 return self._insert(node.left, data)
+ 37:         
+ 38:         elif node.right is None:
+ 39:             node.right = self._insert(node.right, data)
+ 40:             node.right.parent = node
+ 41:             return node.right
+ 42:         else:
+ 43:             return self._insert(node.right, data)
--------------------------------------------------------------------------------
[0.23607 s] incompetent

TypeError: binarySearchTree4:24: TypeError: Bst._insert() missing 1 required positional argument: 'data'

   - [#  21] SDL binarySearchTree4: 
--------------------------------------------------------------------------------
   1: class Node(object):
   2:     
   3:     def __init__(self, data):
-  4:         self.data = data
+  4:         pass
   5:         self.left = None
   6:         self.right = None
   7:         self.parent = None
   8:     
--------------------------------------------------------------------------------
[0.39818 s] killed by DYNAMOSA-MIO/test_binarySearchTree4_MIO.py::test_case_0

def test_case_0():
        bst_0 = module_0.Bst()
        var_0 = bst_0.insert(bst_0)
        assert f'{type(bst_0.root).__module__}.{type(bst_0.root).__qualname__}' == 'binarySearchTree4.Node'
        assert f'{type(var_0).__module__}.{type(var_0).__qualname__}' == 'binarySearchTree4.Node'
>       assert f'{type(var_0.data).__module__}.{type(var_0.data).__qualname__}' == 'binarySearchTree4.Bst'
E       AttributeError: 'Node' object has no attribute 'data'

DYNAMOSA-MIO/test_binarySearchTree4_MIO.py:10: AttributeError
   - [#  22] SDL binarySearchTree4: 
--------------------------------------------------------------------------------
   1: class Node(object):
   2:     
   3:     def __init__(self, data):
   4:         self.data = data
-  5:         self.left = None
+  5:         pass
   6:         self.right = None
   7:         self.parent = None
   8:     
   9:     def __repr__(self):
--------------------------------------------------------------------------------
[0.44547 s] killed by DYNAMOSA-MIO/test_binarySearchTree4_MIO.py::test_case_0

def test_case_0():
        bst_0 = module_0.Bst()
        var_0 = bst_0.insert(bst_0)
        assert f'{type(bst_0.root).__module__}.{type(bst_0.root).__qualname__}' == 'binarySearchTree4.Node'
        assert f'{type(var_0).__module__}.{type(var_0).__qualname__}' == 'binarySearchTree4.Node'
        assert f'{type(var_0.data).__module__}.{type(var_0.data).__qualname__}' == 'binarySearchTree4.Bst'
>       assert var_0.left is None
E       AttributeError: 'Node' object has no attribute 'left'

DYNAMOSA-MIO/test_binarySearchTree4_MIO.py:11: AttributeError
   - [#  23] SDL binarySearchTree4: 
--------------------------------------------------------------------------------
   2:     
   3:     def __init__(self, data):
   4:         self.data = data
   5:         self.left = None
-  6:         self.right = None
+  6:         pass
   7:         self.parent = None
   8:     
   9:     def __repr__(self):
  10:         return str(self.data)
--------------------------------------------------------------------------------
[0.70278 s] killed by DYNAMOSA-MIO/test_binarySearchTree4_MIO.py::test_case_0

def test_case_0():
        bst_0 = module_0.Bst()
        var_0 = bst_0.insert(bst_0)
        assert f'{type(bst_0.root).__module__}.{type(bst_0.root).__qualname__}' == 'binarySearchTree4.Node'
        assert f'{type(var_0).__module__}.{type(var_0).__qualname__}' == 'binarySearchTree4.Node'
        assert f'{type(var_0.data).__module__}.{type(var_0.data).__qualname__}' == 'binarySearchTree4.Bst'
        assert var_0.left is None
>       assert var_0.right is None
E       AttributeError: 'Node' object has no attribute 'right'

DYNAMOSA-MIO/test_binarySearchTree4_MIO.py:12: AttributeError
   - [#  24] SDL binarySearchTree4: 
--------------------------------------------------------------------------------
   3:     def __init__(self, data):
   4:         self.data = data
   5:         self.left = None
   6:         self.right = None
-  7:         self.parent = None
+  7:         pass
   8:     
   9:     def __repr__(self):
  10:         return str(self.data)
  11: 
--------------------------------------------------------------------------------
[0.49294 s] killed by DYNAMOSA-MIO/test_binarySearchTree4_MIO.py::test_case_0

def test_case_0():
        bst_0 = module_0.Bst()
        var_0 = bst_0.insert(bst_0)
        assert f'{type(bst_0.root).__module__}.{type(bst_0.root).__qualname__}' == 'binarySearchTree4.Node'
        assert f'{type(var_0).__module__}.{type(var_0).__qualname__}' == 'binarySearchTree4.Node'
        assert f'{type(var_0.data).__module__}.{type(var_0.data).__qualname__}' == 'binarySearchTree4.Bst'
        assert var_0.left is None
        assert var_0.right is None
>       assert var_0.parent is None
E       AttributeError: 'Node' object has no attribute 'parent'

DYNAMOSA-MIO/test_binarySearchTree4_MIO.py:13: AttributeError
   - [#  25] SDL binarySearchTree4: 
--------------------------------------------------------------------------------
   6:         self.right = None
   7:         self.parent = None
   8:     
   9:     def __repr__(self):
- 10:         return str(self.data)
+ 10:         pass
  11: 
  12: class Bst(object):
  13:     
  14:     def __init__(self, root=None):
--------------------------------------------------------------------------------
[0.37556 s] survived
   - [#  26] SDL binarySearchTree4: 
--------------------------------------------------------------------------------
  11: 
  12: class Bst(object):
  13:     
  14:     def __init__(self, root=None):
- 15:         self.root = root
+ 15:         pass
  16:     
  17:     def insert(self, data):
  18:         if data is None:
  19:             raise TypeError('data cannot be None')
--------------------------------------------------------------------------------
[0.45086 s] killed by DYNAMOSA-MIO/test_binarySearchTree4_MIO.py::test_case_0

def test_case_0():
        bst_0 = module_0.Bst()
>       var_0 = bst_0.insert(bst_0)

DYNAMOSA-MIO/test_binarySearchTree4_MIO.py:7: 
_ _ _ _ _ _ _ _ _ _ _ _ _ _ _ _ _ _ _ _ _ _ _ _ _ _ _ _ _ _ _ _ _ _ _ _ _ _ _ _ 

self = <binarySearchTree4.Bst object at 0x7f06299a0af0>
data = <binarySearchTree4.Bst object at 0x7f06299a0af0>

>   ???
E   AttributeError: 'Bst' object has no attribute 'root'

binarySearchTree4:20: AttributeError
   - [#  27] SDL binarySearchTree4: 
--------------------------------------------------------------------------------
  17:     def insert(self, data):
  18:         if data is None:
  19:             raise TypeError('data cannot be None')
  20:         if self.root is None:
- 21:             self.root = Node(data)
+ 21:             pass
  22:             return self.root
  23:         else:
  24:             return self._insert(self.root, data)
  25:     
--------------------------------------------------------------------------------
[0.47548 s] killed by DYNAMOSA-MIO/test_binarySearchTree4_MIO.py::test_case_0

def test_case_0():
        bst_0 = module_0.Bst()
        var_0 = bst_0.insert(bst_0)
>       assert f'{type(bst_0.root).__module__}.{type(bst_0.root).__qualname__}' == 'binarySearchTree4.Node'
E       AssertionError

DYNAMOSA-MIO/test_binarySearchTree4_MIO.py:8: AssertionError
   - [#  28] SDL binarySearchTree4: 
--------------------------------------------------------------------------------
  18:         if data is None:
  19:             raise TypeError('data cannot be None')
  20:         if self.root is None:
  21:             self.root = Node(data)
- 22:             return self.root
+ 22:             pass
  23:         else:
  24:             return self._insert(self.root, data)
  25:     
  26:     def _insert(self, node, data):
--------------------------------------------------------------------------------
[0.40511 s] killed by DYNAMOSA-MIO/test_binarySearchTree4_MIO.py::test_case_0

def test_case_0():
        bst_0 = module_0.Bst()
        var_0 = bst_0.insert(bst_0)
        assert f'{type(bst_0.root).__module__}.{type(bst_0.root).__qualname__}' == 'binarySearchTree4.Node'
>       assert f'{type(var_0).__module__}.{type(var_0).__qualname__}' == 'binarySearchTree4.Node'
E       AssertionError

DYNAMOSA-MIO/test_binarySearchTree4_MIO.py:9: AssertionError
   - [#  29] SDL binarySearchTree4: 
--------------------------------------------------------------------------------
  20:         if self.root is None:
  21:             self.root = Node(data)
  22:             return self.root
  23:         else:
- 24:             return self._insert(self.root, data)
+ 24:             pass
  25:     
  26:     def _insert(self, node, data):
  27:         if node is None:
  28:             return Node(data)
--------------------------------------------------------------------------------
[0.38088 s] incompetent

TypeError: /home/auri/temp/lucca/python_experiments/binarySearchTree4/DYNAMOSA-MIO/test_binarySearchTree4_MIO.py:24: Failed: DID NOT RAISE <class 'TypeError'>

   - [#  30] SDL binarySearchTree4: 
--------------------------------------------------------------------------------
  24:             return self._insert(self.root, data)
  25:     
  26:     def _insert(self, node, data):
  27:         if node is None:
- 28:             return Node(data)
+ 28:             pass
  29:         if data <= node.data:
  30:             if node.left is None:
  31:                 node.left = self._insert(node.left, data)
  32:                 node.left.parent = node
--------------------------------------------------------------------------------
[0.32333 s] killed by DYNAMOSA-MIO/test_binarySearchTree4_MIO.py::test_case_3

def test_case_3():
        bytes_0 = b'\xca\x89@KfH\xa7\xf9\x08\xd5S!\xb5\xb2\xb4\xee\n\x04\xe8'
        bst_0 = module_0.Bst()
        var_0 = bst_0.insert(bytes_0)
        assert f'{type(bst_0.root).__module__}.{type(bst_0.root).__qualname__}' == 'binarySearchTree4.Node'
        assert f'{type(var_0).__module__}.{type(var_0).__qualname__}' == 'binarySearchTree4.Node'
        assert var_0.data == b'\xca\x89@KfH\xa7\xf9\x08\xd5S!\xb5\xb2\xb4\xee\n\x04\xe8'
        assert var_0.left is None
        assert var_0.right is None
        assert var_0.parent is None
>       var_1 = bst_0.insert(bytes_0)

DYNAMOSA-MIO/test_binarySearchTree4_MIO.py:43: 
_ _ _ _ _ _ _ _ _ _ _ _ _ _ _ _ _ _ _ _ _ _ _ _ _ _ _ _ _ _ _ _ _ _ _ _ _ _ _ _ 
binarySearchTree4:24: in insert
    ???
binarySearchTree4:31: in _insert
    ???
_ _ _ _ _ _ _ _ _ _ _ _ _ _ _ _ _ _ _ _ _ _ _ _ _ _ _ _ _ _ _ _ _ _ _ _ _ _ _ _ 

self = <binarySearchTree4.Bst object at 0x7f0629bb41f0>, node = None
data = b'\xca\x89@KfH\xa7\xf9\x08\xd5S!\xb5\xb2\xb4\xee\n\x04\xe8'

>   ???
E   AttributeError: 'NoneType' object has no attribute 'data'

binarySearchTree4:29: AttributeError
   - [#  31] SDL binarySearchTree4: 
--------------------------------------------------------------------------------
  27:         if node is None:
  28:             return Node(data)
  29:         if data <= node.data:
  30:             if node.left is None:
- 31:                 node.left = self._insert(node.left, data)
+ 31:                 pass
  32:                 node.left.parent = node
  33:                 return node.left
  34:             else:
  35:                 return self._insert(node.left, data)
--------------------------------------------------------------------------------
[0.34837 s] killed by DYNAMOSA-MIO/test_binarySearchTree4_MIO.py::test_case_3

def test_case_3():
        bytes_0 = b'\xca\x89@KfH\xa7\xf9\x08\xd5S!\xb5\xb2\xb4\xee\n\x04\xe8'
        bst_0 = module_0.Bst()
        var_0 = bst_0.insert(bytes_0)
        assert f'{type(bst_0.root).__module__}.{type(bst_0.root).__qualname__}' == 'binarySearchTree4.Node'
        assert f'{type(var_0).__module__}.{type(var_0).__qualname__}' == 'binarySearchTree4.Node'
        assert var_0.data == b'\xca\x89@KfH\xa7\xf9\x08\xd5S!\xb5\xb2\xb4\xee\n\x04\xe8'
        assert var_0.left is None
        assert var_0.right is None
        assert var_0.parent is None
>       var_1 = bst_0.insert(bytes_0)

DYNAMOSA-MIO/test_binarySearchTree4_MIO.py:43: 
_ _ _ _ _ _ _ _ _ _ _ _ _ _ _ _ _ _ _ _ _ _ _ _ _ _ _ _ _ _ _ _ _ _ _ _ _ _ _ _ 
binarySearchTree4:24: in insert
    ???
_ _ _ _ _ _ _ _ _ _ _ _ _ _ _ _ _ _ _ _ _ _ _ _ _ _ _ _ _ _ _ _ _ _ _ _ _ _ _ _ 

self = <binarySearchTree4.Bst object at 0x7f0629bb3250>
node = b'\xca\x89@KfH\xa7\xf9\x08\xd5S!\xb5\xb2\xb4\xee\n\x04\xe8'
data = b'\xca\x89@KfH\xa7\xf9\x08\xd5S!\xb5\xb2\xb4\xee\n\x04\xe8'

>   ???
E   AttributeError: 'NoneType' object has no attribute 'parent'

binarySearchTree4:32: AttributeError
   - [#  32] SDL binarySearchTree4: 
--------------------------------------------------------------------------------
  28:             return Node(data)
  29:         if data <= node.data:
  30:             if node.left is None:
  31:                 node.left = self._insert(node.left, data)
- 32:                 node.left.parent = node
+ 32:                 pass
  33:                 return node.left
  34:             else:
  35:                 return self._insert(node.left, data)
  36:         
--------------------------------------------------------------------------------
[0.47874 s] killed by DYNAMOSA-MIO/test_binarySearchTree4_MIO.py::test_case_3

def test_case_3():
        bytes_0 = b'\xca\x89@KfH\xa7\xf9\x08\xd5S!\xb5\xb2\xb4\xee\n\x04\xe8'
        bst_0 = module_0.Bst()
        var_0 = bst_0.insert(bytes_0)
        assert f'{type(bst_0.root).__module__}.{type(bst_0.root).__qualname__}' == 'binarySearchTree4.Node'
        assert f'{type(var_0).__module__}.{type(var_0).__qualname__}' == 'binarySearchTree4.Node'
        assert var_0.data == b'\xca\x89@KfH\xa7\xf9\x08\xd5S!\xb5\xb2\xb4\xee\n\x04\xe8'
        assert var_0.left is None
        assert var_0.right is None
        assert var_0.parent is None
        var_1 = bst_0.insert(bytes_0)
        assert f'{type(var_0.left).__module__}.{type(var_0.left).__qualname__}' == 'binarySearchTree4.Node'
>       assert f'{type(var_1.parent).__module__}.{type(var_1.parent).__qualname__}' == 'binarySearchTree4.Node'
E       AssertionError

DYNAMOSA-MIO/test_binarySearchTree4_MIO.py:45: AssertionError
   - [#  33] SDL binarySearchTree4: 
--------------------------------------------------------------------------------
  29:         if data <= node.data:
  30:             if node.left is None:
  31:                 node.left = self._insert(node.left, data)
  32:                 node.left.parent = node
- 33:                 return node.left
+ 33:                 pass
  34:             else:
  35:                 return self._insert(node.left, data)
  36:         
  37:         elif node.right is None:
--------------------------------------------------------------------------------
[0.39199 s] killed by DYNAMOSA-MIO/test_binarySearchTree4_MIO.py::test_case_3

def test_case_3():
        bytes_0 = b'\xca\x89@KfH\xa7\xf9\x08\xd5S!\xb5\xb2\xb4\xee\n\x04\xe8'
        bst_0 = module_0.Bst()
        var_0 = bst_0.insert(bytes_0)
        assert f'{type(bst_0.root).__module__}.{type(bst_0.root).__qualname__}' == 'binarySearchTree4.Node'
        assert f'{type(var_0).__module__}.{type(var_0).__qualname__}' == 'binarySearchTree4.Node'
        assert var_0.data == b'\xca\x89@KfH\xa7\xf9\x08\xd5S!\xb5\xb2\xb4\xee\n\x04\xe8'
        assert var_0.left is None
        assert var_0.right is None
        assert var_0.parent is None
        var_1 = bst_0.insert(bytes_0)
        assert f'{type(var_0.left).__module__}.{type(var_0.left).__qualname__}' == 'binarySearchTree4.Node'
>       assert f'{type(var_1.parent).__module__}.{type(var_1.parent).__qualname__}' == 'binarySearchTree4.Node'
E       AttributeError: 'NoneType' object has no attribute 'parent'

DYNAMOSA-MIO/test_binarySearchTree4_MIO.py:45: AttributeError
   - [#  34] SDL binarySearchTree4: 
--------------------------------------------------------------------------------
  31:                 node.left = self._insert(node.left, data)
  32:                 node.left.parent = node
  33:                 return node.left
  34:             else:
- 35:                 return self._insert(node.left, data)
+ 35:                 pass
  36:         
  37:         elif node.right is None:
  38:             node.right = self._insert(node.right, data)
  39:             node.right.parent = node
--------------------------------------------------------------------------------
[0.37656 s] killed by DYNAMOSA-MIO/test_binarySearchTree4_MIO.py::test_case_6

def test_case_6():
        bytes_0 = b'\xca\x89@KfH\xa7\xf9\x08\xd5S!\xb5\xb2\xb4\xee\n\x04\xe8'
        bst_0 = module_0.Bst()
        bytes_1 = b'\xe8\xcb\x12\xab!\x04\xdeu\x9bY\x1c\xbc\x89\xf5\xba\xa1\xf4\xf3_1'
        var_0 = bst_0.insert(bytes_1)
        assert f'{type(bst_0.root).__module__}.{type(bst_0.root).__qualname__}' == 'binarySearchTree4.Node'
        assert f'{type(var_0).__module__}.{type(var_0).__qualname__}' == 'binarySearchTree4.Node'
        assert var_0.data == b'\xe8\xcb\x12\xab!\x04\xdeu\x9bY\x1c\xbc\x89\xf5\xba\xa1\xf4\xf3_1'
        assert var_0.left is None
        assert var_0.right is None
        assert var_0.parent is None
        var_1 = bst_0.insert(bytes_0)
        assert f'{type(var_0.left).__module__}.{type(var_0.left).__qualname__}' == 'binarySearchTree4.Node'
        assert f'{type(var_1.parent).__module__}.{type(var_1.parent).__qualname__}' == 'binarySearchTree4.Node'
        var_2 = bst_0.insert(bytes_0)
>       assert f'{type(var_1.left).__module__}.{type(var_1.left).__qualname__}' == 'binarySearchTree4.Node'
E       AssertionError

DYNAMOSA-MIO/test_binarySearchTree4_MIO.py:102: AssertionError
   - [#  35] SDL binarySearchTree4: 
--------------------------------------------------------------------------------
  34:             else:
  35:                 return self._insert(node.left, data)
  36:         
  37:         elif node.right is None:
- 38:             node.right = self._insert(node.right, data)
+ 38:             pass
  39:             node.right.parent = node
  40:             return node.right
  41:         else:
  42:             return self._insert(node.right, data)
--------------------------------------------------------------------------------
[0.47847 s] killed by DYNAMOSA-MIO/test_binarySearchTree4_MIO.py::test_case_4

def test_case_4():
        bytes_0 = b'\xca\x89@KfH\xa7\xf9\x08\xd5S!\xb5\xb2\xb4\xee\n\x04\xe8'
        bst_0 = module_0.Bst()
        bytes_1 = b'I\x1e\x9a\xbc\xbc\x83\xbbg\x9d\x89\xfe\x02\x9c\n'
        var_0 = bst_0.insert(bytes_1)
        assert f'{type(bst_0.root).__module__}.{type(bst_0.root).__qualname__}' == 'binarySearchTree4.Node'
        assert f'{type(var_0).__module__}.{type(var_0).__qualname__}' == 'binarySearchTree4.Node'
        assert var_0.data == b'I\x1e\x9a\xbc\xbc\x83\xbbg\x9d\x89\xfe\x02\x9c\n'
        assert var_0.left is None
        assert var_0.right is None
        assert var_0.parent is None
>       var_1 = bst_0.insert(bytes_0)

DYNAMOSA-MIO/test_binarySearchTree4_MIO.py:58: 
_ _ _ _ _ _ _ _ _ _ _ _ _ _ _ _ _ _ _ _ _ _ _ _ _ _ _ _ _ _ _ _ _ _ _ _ _ _ _ _ 
binarySearchTree4:24: in insert
    ???
_ _ _ _ _ _ _ _ _ _ _ _ _ _ _ _ _ _ _ _ _ _ _ _ _ _ _ _ _ _ _ _ _ _ _ _ _ _ _ _ 

self = <binarySearchTree4.Bst object at 0x7f0629ba5630>
node = b'I\x1e\x9a\xbc\xbc\x83\xbbg\x9d\x89\xfe\x02\x9c\n'
data = b'\xca\x89@KfH\xa7\xf9\x08\xd5S!\xb5\xb2\xb4\xee\n\x04\xe8'

>   ???
E   AttributeError: 'NoneType' object has no attribute 'parent'

binarySearchTree4:39: AttributeError
   - [#  36] SDL binarySearchTree4: 
--------------------------------------------------------------------------------
  35:                 return self._insert(node.left, data)
  36:         
  37:         elif node.right is None:
  38:             node.right = self._insert(node.right, data)
- 39:             node.right.parent = node
+ 39:             pass
  40:             return node.right
  41:         else:
  42:             return self._insert(node.right, data)
--------------------------------------------------------------------------------
[0.30451 s] killed by DYNAMOSA-MIO/test_binarySearchTree4_MIO.py::test_case_4

def test_case_4():
        bytes_0 = b'\xca\x89@KfH\xa7\xf9\x08\xd5S!\xb5\xb2\xb4\xee\n\x04\xe8'
        bst_0 = module_0.Bst()
        bytes_1 = b'I\x1e\x9a\xbc\xbc\x83\xbbg\x9d\x89\xfe\x02\x9c\n'
        var_0 = bst_0.insert(bytes_1)
        assert f'{type(bst_0.root).__module__}.{type(bst_0.root).__qualname__}' == 'binarySearchTree4.Node'
        assert f'{type(var_0).__module__}.{type(var_0).__qualname__}' == 'binarySearchTree4.Node'
        assert var_0.data == b'I\x1e\x9a\xbc\xbc\x83\xbbg\x9d\x89\xfe\x02\x9c\n'
        assert var_0.left is None
        assert var_0.right is None
        assert var_0.parent is None
        var_1 = bst_0.insert(bytes_0)
        assert f'{type(var_0.right).__module__}.{type(var_0.right).__qualname__}' == 'binarySearchTree4.Node'
>       assert f'{type(var_1.parent).__module__}.{type(var_1.parent).__qualname__}' == 'binarySearchTree4.Node'
E       AssertionError

DYNAMOSA-MIO/test_binarySearchTree4_MIO.py:60: AssertionError
   - [#  37] SDL binarySearchTree4: 
--------------------------------------------------------------------------------
  36:         
  37:         elif node.right is None:
  38:             node.right = self._insert(node.right, data)
  39:             node.right.parent = node
- 40:             return node.right
+ 40:             pass
  41:         else:
  42:             return self._insert(node.right, data)
--------------------------------------------------------------------------------
[0.54685 s] killed by DYNAMOSA-MIO/test_binarySearchTree4_MIO.py::test_case_4

def test_case_4():
        bytes_0 = b'\xca\x89@KfH\xa7\xf9\x08\xd5S!\xb5\xb2\xb4\xee\n\x04\xe8'
        bst_0 = module_0.Bst()
        bytes_1 = b'I\x1e\x9a\xbc\xbc\x83\xbbg\x9d\x89\xfe\x02\x9c\n'
        var_0 = bst_0.insert(bytes_1)
        assert f'{type(bst_0.root).__module__}.{type(bst_0.root).__qualname__}' == 'binarySearchTree4.Node'
        assert f'{type(var_0).__module__}.{type(var_0).__qualname__}' == 'binarySearchTree4.Node'
        assert var_0.data == b'I\x1e\x9a\xbc\xbc\x83\xbbg\x9d\x89\xfe\x02\x9c\n'
        assert var_0.left is None
        assert var_0.right is None
        assert var_0.parent is None
        var_1 = bst_0.insert(bytes_0)
        assert f'{type(var_0.right).__module__}.{type(var_0.right).__qualname__}' == 'binarySearchTree4.Node'
>       assert f'{type(var_1.parent).__module__}.{type(var_1.parent).__qualname__}' == 'binarySearchTree4.Node'
E       AttributeError: 'NoneType' object has no attribute 'parent'

DYNAMOSA-MIO/test_binarySearchTree4_MIO.py:60: AttributeError
   - [#  38] SDL binarySearchTree4: 
--------------------------------------------------------------------------------
  38:             node.right = self._insert(node.right, data)
  39:             node.right.parent = node
  40:             return node.right
  41:         else:
- 42:             return self._insert(node.right, data)
+ 42:             pass
--------------------------------------------------------------------------------
[0.46669 s] killed by DYNAMOSA-MIO/test_binarySearchTree4_MIO.py::test_case_5

def test_case_5():
        bytes_0 = b'\xca\x89@KfH\xd1\xa7\xf9\x08\xd5S!\xb5\xb2\xb4\xe6\n\xd2\xa8'
        none_type_0 = None
        node_0 = module_0.Node(none_type_0)
        bst_0 = module_0.Bst()
        var_0 = bst_0.insert(bytes_0)
        assert f'{type(bst_0.root).__module__}.{type(bst_0.root).__qualname__}' == 'binarySearchTree4.Node'
        assert f'{type(var_0).__module__}.{type(var_0).__qualname__}' == 'binarySearchTree4.Node'
        assert var_0.data == b'\xca\x89@KfH\xd1\xa7\xf9\x08\xd5S!\xb5\xb2\xb4\xe6\n\xd2\xa8'
        assert var_0.left is None
        assert var_0.right is None
        assert var_0.parent is None
        bst_1 = module_0.Bst()
        bst_2 = module_0.Bst()
        bytes_1 = b'+ "\xdf\xa2zG\x85\xd6T'
        bool_0 = True
        var_1 = bst_1.insert(bytes_1)
        assert f'{type(bst_1.root).__module__}.{type(bst_1.root).__qualname__}' == 'binarySearchTree4.Node'
        var_2 = bst_1.insert(bytes_0)
        assert f'{type(var_1.right).__module__}.{type(var_1.right).__qualname__}' == 'binarySearchTree4.Node'
        assert f'{type(var_2.parent).__module__}.{type(var_2.parent).__qualname__}' == 'binarySearchTree4.Node'
        var_3 = bst_1.insert(bytes_0)
>       assert f'{type(var_2.left).__module__}.{type(var_2.left).__qualname__}' == 'binarySearchTree4.Node'
E       AssertionError

DYNAMOSA-MIO/test_binarySearchTree4_MIO.py:84: AssertionError
   - [#  39] SVD binarySearchTree4: 
--------------------------------------------------------------------------------
   1: class Node(object):
   2:     
   3:     def __init__(self, data):
-  4:         self.data = data
+  4:         data = data
   5:         self.left = None
   6:         self.right = None
   7:         self.parent = None
   8:     
--------------------------------------------------------------------------------
[0.00000 s] incompetent

ValueError: expression must have Store context but has Load instead

   - [#  40] SVD binarySearchTree4: 
--------------------------------------------------------------------------------
   1: class Node(object):
   2:     
   3:     def __init__(self, data):
   4:         self.data = data
-  5:         self.left = None
+  5:         left = None
   6:         self.right = None
   7:         self.parent = None
   8:     
   9:     def __repr__(self):
--------------------------------------------------------------------------------
[0.00000 s] incompetent

ValueError: expression must have Store context but has Load instead

   - [#  41] SVD binarySearchTree4: 
--------------------------------------------------------------------------------
   2:     
   3:     def __init__(self, data):
   4:         self.data = data
   5:         self.left = None
-  6:         self.right = None
+  6:         right = None
   7:         self.parent = None
   8:     
   9:     def __repr__(self):
  10:         return str(self.data)
--------------------------------------------------------------------------------
[0.00000 s] incompetent

ValueError: expression must have Store context but has Load instead

   - [#  42] SVD binarySearchTree4: 
--------------------------------------------------------------------------------
   3:     def __init__(self, data):
   4:         self.data = data
   5:         self.left = None
   6:         self.right = None
-  7:         self.parent = None
+  7:         parent = None
   8:     
   9:     def __repr__(self):
  10:         return str(self.data)
  11: 
--------------------------------------------------------------------------------
[0.00000 s] incompetent

ValueError: expression must have Store context but has Load instead

   - [#  43] SVD binarySearchTree4: 
--------------------------------------------------------------------------------
   6:         self.right = None
   7:         self.parent = None
   8:     
   9:     def __repr__(self):
- 10:         return str(self.data)
+ 10:         return str(data)
  11: 
  12: class Bst(object):
  13:     
  14:     def __init__(self, root=None):
--------------------------------------------------------------------------------
[0.47208 s] killed by DYNAMOSA-MIO/test_binarySearchTree4_MIO.py::test_case_9

def test_case_9():
        bst_0 = module_0.Bst()
        node_0 = module_0.Node(bst_0)
>       var_0 = node_0.__repr__()

DYNAMOSA-MIO/test_binarySearchTree4_MIO.py:115: 
_ _ _ _ _ _ _ _ _ _ _ _ _ _ _ _ _ _ _ _ _ _ _ _ _ _ _ _ _ _ _ _ _ _ _ _ _ _ _ _ 

self = <[NameError("name 'data' is not defined") raised in repr()] Node object at 0x7f0629933d90>

>   ???
E   NameError: name 'data' is not defined

binarySearchTree4:10: NameError
   - [#  44] SVD binarySearchTree4: 
--------------------------------------------------------------------------------
  11: 
  12: class Bst(object):
  13:     
  14:     def __init__(self, root=None):
- 15:         self.root = root
+ 15:         root = root
  16:     
  17:     def insert(self, data):
  18:         if data is None:
  19:             raise TypeError('data cannot be None')
--------------------------------------------------------------------------------
[0.00000 s] incompetent

ValueError: expression must have Store context but has Load instead

   - [#  45] SVD binarySearchTree4: 
--------------------------------------------------------------------------------
  16:     
  17:     def insert(self, data):
  18:         if data is None:
  19:             raise TypeError('data cannot be None')
- 20:         if self.root is None:
+ 20:         if root is None:
  21:             self.root = Node(data)
  22:             return self.root
  23:         else:
  24:             return self._insert(self.root, data)
--------------------------------------------------------------------------------
[0.58649 s] killed by DYNAMOSA-MIO/test_binarySearchTree4_MIO.py::test_case_0

def test_case_0():
        bst_0 = module_0.Bst()
>       var_0 = bst_0.insert(bst_0)

DYNAMOSA-MIO/test_binarySearchTree4_MIO.py:7: 
_ _ _ _ _ _ _ _ _ _ _ _ _ _ _ _ _ _ _ _ _ _ _ _ _ _ _ _ _ _ _ _ _ _ _ _ _ _ _ _ 

self = <binarySearchTree4.Bst object at 0x7f06298f3550>
data = <binarySearchTree4.Bst object at 0x7f06298f3550>

>   ???
E   NameError: name 'root' is not defined

binarySearchTree4:20: NameError
   - [#  46] SVD binarySearchTree4: 
--------------------------------------------------------------------------------
  17:     def insert(self, data):
  18:         if data is None:
  19:             raise TypeError('data cannot be None')
  20:         if self.root is None:
- 21:             self.root = Node(data)
+ 21:             root = Node(data)
  22:             return self.root
  23:         else:
  24:             return self._insert(self.root, data)
  25:     
--------------------------------------------------------------------------------
[0.00000 s] incompetent

ValueError: expression must have Store context but has Load instead

   - [#  47] SVD binarySearchTree4: 
--------------------------------------------------------------------------------
  18:         if data is None:
  19:             raise TypeError('data cannot be None')
  20:         if self.root is None:
  21:             self.root = Node(data)
- 22:             return self.root
+ 22:             return root
  23:         else:
  24:             return self._insert(self.root, data)
  25:     
  26:     def _insert(self, node, data):
--------------------------------------------------------------------------------
[0.46495 s] killed by DYNAMOSA-MIO/test_binarySearchTree4_MIO.py::test_case_0

def test_case_0():
        bst_0 = module_0.Bst()
>       var_0 = bst_0.insert(bst_0)

DYNAMOSA-MIO/test_binarySearchTree4_MIO.py:7: 
_ _ _ _ _ _ _ _ _ _ _ _ _ _ _ _ _ _ _ _ _ _ _ _ _ _ _ _ _ _ _ _ _ _ _ _ _ _ _ _ 

self = <binarySearchTree4.Bst object at 0x7f06297e0340>
data = <binarySearchTree4.Bst object at 0x7f06297e0340>

>   ???
E   NameError: name 'root' is not defined

binarySearchTree4:22: NameError
   - [#  48] SVD binarySearchTree4: 
--------------------------------------------------------------------------------
  20:         if self.root is None:
  21:             self.root = Node(data)
  22:             return self.root
  23:         else:
- 24:             return self._insert(self.root, data)
+ 24:             return _insert(self.root, data)
  25:     
  26:     def _insert(self, node, data):
  27:         if node is None:
  28:             return Node(data)
--------------------------------------------------------------------------------
[0.44321 s] killed by DYNAMOSA-MIO/test_binarySearchTree4_MIO.py::test_case_1

def test_case_1():
        bst_0 = module_0.Bst()
        var_0 = bst_0.insert(bst_0)
        assert f'{type(bst_0.root).__module__}.{type(bst_0.root).__qualname__}' == 'binarySearchTree4.Node'
        assert f'{type(var_0).__module__}.{type(var_0).__qualname__}' == 'binarySearchTree4.Node'
        assert f'{type(var_0.data).__module__}.{type(var_0.data).__qualname__}' == 'binarySearchTree4.Bst'
        assert var_0.left is None
        assert var_0.right is None
        assert var_0.parent is None
        with pytest.raises(TypeError):
>           bst_0.insert(var_0)

DYNAMOSA-MIO/test_binarySearchTree4_MIO.py:25: 
_ _ _ _ _ _ _ _ _ _ _ _ _ _ _ _ _ _ _ _ _ _ _ _ _ _ _ _ _ _ _ _ _ _ _ _ _ _ _ _ 

self = <binarySearchTree4.Bst object at 0x7f0629895180>
data = <binarySearchTree4.Bst object at 0x7f0629895180>

>   ???
E   NameError: name '_insert' is not defined

binarySearchTree4:24: NameError
   - [#  49] SVD binarySearchTree4: 
--------------------------------------------------------------------------------
  20:         if self.root is None:
  21:             self.root = Node(data)
  22:             return self.root
  23:         else:
- 24:             return self._insert(self.root, data)
+ 24:             return self._insert(root, data)
  25:     
  26:     def _insert(self, node, data):
  27:         if node is None:
  28:             return Node(data)
--------------------------------------------------------------------------------
[0.46576 s] killed by DYNAMOSA-MIO/test_binarySearchTree4_MIO.py::test_case_1

def test_case_1():
        bst_0 = module_0.Bst()
        var_0 = bst_0.insert(bst_0)
        assert f'{type(bst_0.root).__module__}.{type(bst_0.root).__qualname__}' == 'binarySearchTree4.Node'
        assert f'{type(var_0).__module__}.{type(var_0).__qualname__}' == 'binarySearchTree4.Node'
        assert f'{type(var_0.data).__module__}.{type(var_0.data).__qualname__}' == 'binarySearchTree4.Bst'
        assert var_0.left is None
        assert var_0.right is None
        assert var_0.parent is None
        with pytest.raises(TypeError):
>           bst_0.insert(var_0)

DYNAMOSA-MIO/test_binarySearchTree4_MIO.py:25: 
_ _ _ _ _ _ _ _ _ _ _ _ _ _ _ _ _ _ _ _ _ _ _ _ _ _ _ _ _ _ _ _ _ _ _ _ _ _ _ _ 

self = <binarySearchTree4.Bst object at 0x7f062975b940>
data = <binarySearchTree4.Bst object at 0x7f062975b940>

>   ???
E   NameError: name 'root' is not defined

binarySearchTree4:24: NameError
   - [#  50] SVD binarySearchTree4: 
--------------------------------------------------------------------------------
  27:         if node is None:
  28:             return Node(data)
  29:         if data <= node.data:
  30:             if node.left is None:
- 31:                 node.left = self._insert(node.left, data)
+ 31:                 node.left = _insert(node.left, data)
  32:                 node.left.parent = node
  33:                 return node.left
  34:             else:
  35:                 return self._insert(node.left, data)
--------------------------------------------------------------------------------
[0.51079 s] killed by DYNAMOSA-MIO/test_binarySearchTree4_MIO.py::test_case_3

def test_case_3():
        bytes_0 = b'\xca\x89@KfH\xa7\xf9\x08\xd5S!\xb5\xb2\xb4\xee\n\x04\xe8'
        bst_0 = module_0.Bst()
        var_0 = bst_0.insert(bytes_0)
        assert f'{type(bst_0.root).__module__}.{type(bst_0.root).__qualname__}' == 'binarySearchTree4.Node'
        assert f'{type(var_0).__module__}.{type(var_0).__qualname__}' == 'binarySearchTree4.Node'
        assert var_0.data == b'\xca\x89@KfH\xa7\xf9\x08\xd5S!\xb5\xb2\xb4\xee\n\x04\xe8'
        assert var_0.left is None
        assert var_0.right is None
        assert var_0.parent is None
>       var_1 = bst_0.insert(bytes_0)

DYNAMOSA-MIO/test_binarySearchTree4_MIO.py:43: 
_ _ _ _ _ _ _ _ _ _ _ _ _ _ _ _ _ _ _ _ _ _ _ _ _ _ _ _ _ _ _ _ _ _ _ _ _ _ _ _ 
binarySearchTree4:24: in insert
    ???
_ _ _ _ _ _ _ _ _ _ _ _ _ _ _ _ _ _ _ _ _ _ _ _ _ _ _ _ _ _ _ _ _ _ _ _ _ _ _ _ 

self = <binarySearchTree4.Bst object at 0x7f062975bfd0>
node = b'\xca\x89@KfH\xa7\xf9\x08\xd5S!\xb5\xb2\xb4\xee\n\x04\xe8'
data = b'\xca\x89@KfH\xa7\xf9\x08\xd5S!\xb5\xb2\xb4\xee\n\x04\xe8'

>   ???
E   NameError: name '_insert' is not defined

binarySearchTree4:31: NameError
   - [#  51] SVD binarySearchTree4: 
--------------------------------------------------------------------------------
  31:                 node.left = self._insert(node.left, data)
  32:                 node.left.parent = node
  33:                 return node.left
  34:             else:
- 35:                 return self._insert(node.left, data)
+ 35:                 return _insert(node.left, data)
  36:         
  37:         elif node.right is None:
  38:             node.right = self._insert(node.right, data)
  39:             node.right.parent = node
--------------------------------------------------------------------------------
[0.31868 s] killed by DYNAMOSA-MIO/test_binarySearchTree4_MIO.py::test_case_6

def test_case_6():
        bytes_0 = b'\xca\x89@KfH\xa7\xf9\x08\xd5S!\xb5\xb2\xb4\xee\n\x04\xe8'
        bst_0 = module_0.Bst()
        bytes_1 = b'\xe8\xcb\x12\xab!\x04\xdeu\x9bY\x1c\xbc\x89\xf5\xba\xa1\xf4\xf3_1'
        var_0 = bst_0.insert(bytes_1)
        assert f'{type(bst_0.root).__module__}.{type(bst_0.root).__qualname__}' == 'binarySearchTree4.Node'
        assert f'{type(var_0).__module__}.{type(var_0).__qualname__}' == 'binarySearchTree4.Node'
        assert var_0.data == b'\xe8\xcb\x12\xab!\x04\xdeu\x9bY\x1c\xbc\x89\xf5\xba\xa1\xf4\xf3_1'
        assert var_0.left is None
        assert var_0.right is None
        assert var_0.parent is None
        var_1 = bst_0.insert(bytes_0)
        assert f'{type(var_0.left).__module__}.{type(var_0.left).__qualname__}' == 'binarySearchTree4.Node'
        assert f'{type(var_1.parent).__module__}.{type(var_1.parent).__qualname__}' == 'binarySearchTree4.Node'
>       var_2 = bst_0.insert(bytes_0)

DYNAMOSA-MIO/test_binarySearchTree4_MIO.py:101: 
_ _ _ _ _ _ _ _ _ _ _ _ _ _ _ _ _ _ _ _ _ _ _ _ _ _ _ _ _ _ _ _ _ _ _ _ _ _ _ _ 
binarySearchTree4:24: in insert
    ???
_ _ _ _ _ _ _ _ _ _ _ _ _ _ _ _ _ _ _ _ _ _ _ _ _ _ _ _ _ _ _ _ _ _ _ _ _ _ _ _ 

self = <binarySearchTree4.Bst object at 0x7f06298964a0>
node = b'\xe8\xcb\x12\xab!\x04\xdeu\x9bY\x1c\xbc\x89\xf5\xba\xa1\xf4\xf3_1'
data = b'\xca\x89@KfH\xa7\xf9\x08\xd5S!\xb5\xb2\xb4\xee\n\x04\xe8'

>   ???
E   NameError: name '_insert' is not defined

binarySearchTree4:35: NameError
   - [#  52] SVD binarySearchTree4: 
--------------------------------------------------------------------------------
  34:             else:
  35:                 return self._insert(node.left, data)
  36:         
  37:         elif node.right is None:
- 38:             node.right = self._insert(node.right, data)
+ 38:             node.right = _insert(node.right, data)
  39:             node.right.parent = node
  40:             return node.right
  41:         else:
  42:             return self._insert(node.right, data)
--------------------------------------------------------------------------------
[0.26537 s] killed by DYNAMOSA-MIO/test_binarySearchTree4_MIO.py::test_case_4

def test_case_4():
        bytes_0 = b'\xca\x89@KfH\xa7\xf9\x08\xd5S!\xb5\xb2\xb4\xee\n\x04\xe8'
        bst_0 = module_0.Bst()
        bytes_1 = b'I\x1e\x9a\xbc\xbc\x83\xbbg\x9d\x89\xfe\x02\x9c\n'
        var_0 = bst_0.insert(bytes_1)
        assert f'{type(bst_0.root).__module__}.{type(bst_0.root).__qualname__}' == 'binarySearchTree4.Node'
        assert f'{type(var_0).__module__}.{type(var_0).__qualname__}' == 'binarySearchTree4.Node'
        assert var_0.data == b'I\x1e\x9a\xbc\xbc\x83\xbbg\x9d\x89\xfe\x02\x9c\n'
        assert var_0.left is None
        assert var_0.right is None
        assert var_0.parent is None
>       var_1 = bst_0.insert(bytes_0)

DYNAMOSA-MIO/test_binarySearchTree4_MIO.py:58: 
_ _ _ _ _ _ _ _ _ _ _ _ _ _ _ _ _ _ _ _ _ _ _ _ _ _ _ _ _ _ _ _ _ _ _ _ _ _ _ _ 
binarySearchTree4:24: in insert
    ???
_ _ _ _ _ _ _ _ _ _ _ _ _ _ _ _ _ _ _ _ _ _ _ _ _ _ _ _ _ _ _ _ _ _ _ _ _ _ _ _ 

self = <binarySearchTree4.Bst object at 0x7f06298964d0>
node = b'I\x1e\x9a\xbc\xbc\x83\xbbg\x9d\x89\xfe\x02\x9c\n'
data = b'\xca\x89@KfH\xa7\xf9\x08\xd5S!\xb5\xb2\xb4\xee\n\x04\xe8'

>   ???
E   NameError: name '_insert' is not defined

binarySearchTree4:38: NameError
   - [#  53] SVD binarySearchTree4: 
--------------------------------------------------------------------------------
  38:             node.right = self._insert(node.right, data)
  39:             node.right.parent = node
  40:             return node.right
  41:         else:
- 42:             return self._insert(node.right, data)
+ 42:             return _insert(node.right, data)
--------------------------------------------------------------------------------
[0.30856 s] killed by DYNAMOSA-MIO/test_binarySearchTree4_MIO.py::test_case_5

def test_case_5():
        bytes_0 = b'\xca\x89@KfH\xd1\xa7\xf9\x08\xd5S!\xb5\xb2\xb4\xe6\n\xd2\xa8'
        none_type_0 = None
        node_0 = module_0.Node(none_type_0)
        bst_0 = module_0.Bst()
        var_0 = bst_0.insert(bytes_0)
        assert f'{type(bst_0.root).__module__}.{type(bst_0.root).__qualname__}' == 'binarySearchTree4.Node'
        assert f'{type(var_0).__module__}.{type(var_0).__qualname__}' == 'binarySearchTree4.Node'
        assert var_0.data == b'\xca\x89@KfH\xd1\xa7\xf9\x08\xd5S!\xb5\xb2\xb4\xe6\n\xd2\xa8'
        assert var_0.left is None
        assert var_0.right is None
        assert var_0.parent is None
        bst_1 = module_0.Bst()
        bst_2 = module_0.Bst()
        bytes_1 = b'+ "\xdf\xa2zG\x85\xd6T'
        bool_0 = True
        var_1 = bst_1.insert(bytes_1)
        assert f'{type(bst_1.root).__module__}.{type(bst_1.root).__qualname__}' == 'binarySearchTree4.Node'
        var_2 = bst_1.insert(bytes_0)
        assert f'{type(var_1.right).__module__}.{type(var_1.right).__qualname__}' == 'binarySearchTree4.Node'
        assert f'{type(var_2.parent).__module__}.{type(var_2.parent).__qualname__}' == 'binarySearchTree4.Node'
>       var_3 = bst_1.insert(bytes_0)

DYNAMOSA-MIO/test_binarySearchTree4_MIO.py:83: 
_ _ _ _ _ _ _ _ _ _ _ _ _ _ _ _ _ _ _ _ _ _ _ _ _ _ _ _ _ _ _ _ _ _ _ _ _ _ _ _ 
binarySearchTree4:24: in insert
    ???
_ _ _ _ _ _ _ _ _ _ _ _ _ _ _ _ _ _ _ _ _ _ _ _ _ _ _ _ _ _ _ _ _ _ _ _ _ _ _ _ 

self = <binarySearchTree4.Bst object at 0x7f06299a34f0>
node = b'+ "\xdf\xa2zG\x85\xd6T'
data = b'\xca\x89@KfH\xd1\xa7\xf9\x08\xd5S!\xb5\xb2\xb4\xe6\n\xd2\xa8'

>   ???
E   NameError: name '_insert' is not defined

binarySearchTree4:42: NameError
[*] Mutation score [26.65976 s]: 89.7%
   - all: 53
   - killed: 35 (66.0%)
   - survived: 4 (7.5%)
   - incompetent: 14 (26.4%)
   - timeout: 0 (0.0%)
