[34m[*][0m Start mutation process:
[36m   -[0m targets: queue1.py
[36m   -[0m tests: ./MIO
[34m[*][0m 7 tests passed:
[36m   -[0m test_queue1_MIO [0.26657 s]
[34m[*][0m Start mutants generation and execution:
[36m   -[0m [#   1] ASR queue1: 
--------------------------------------------------------------------------------
  28:             new_back = QueueNode(item)
  29:             self.back.next = new_back
  30:             self.back = new_back
  31:         
[34m- 32:         self.size += 1[0m
[32m+ 32:         self.size -= 1[0m
  33:     
  34:     def dequeue(self):
  35:         if self.front is None:
  36:             raise ValueError()
--------------------------------------------------------------------------------
[0.16495 s] [32mkilled[0m by MIO/test_queue1_MIO.py::test_case_0

def test_case_0():
        queue_0 = module_0.Queue()
        assert len(queue_0) == 0
        var_0 = queue_0.peek()
        var_1 = queue_0.enqueue(queue_0)
>       assert len(queue_0) == 1
E       ValueError: __len__() should return >= 0

MIO/test_queue1_MIO.py:10: ValueError
[36m   -[0m [#   2] ASR queue1: 
--------------------------------------------------------------------------------
  36:             raise ValueError()
  37:         else:
  38:             front_node = self.front
  39:             self.front = self.front.next
[34m- 40:             self.size -= 1[0m
[32m+ 40:             self.size += 1[0m
  41:             return front_node.data
  42:     
  43:     def peek(self):
  44:         if self.front is None:
--------------------------------------------------------------------------------
[0.16128 s] [32mkilled[0m by MIO/test_queue1_MIO.py::test_case_0

def test_case_0():
        queue_0 = module_0.Queue()
        assert len(queue_0) == 0
        var_0 = queue_0.peek()
        var_1 = queue_0.enqueue(queue_0)
        assert len(queue_0) == 1
        var_2 = queue_0.enqueue(queue_0)
        assert len(queue_0) == 2
        var_3 = queue_0.__str__()
        var_4 = queue_0.__str__()
        var_5 = var_3.__str__()
        var_6 = queue_0.__len__()
        assert var_6 == 2
        var_7 = queue_0.dequeue()
>       assert len(queue_0) == 1
E       AssertionError

MIO/test_queue1_MIO.py:19: AssertionError
[36m   -[0m [#   3] CDI queue1: 
--------------------------------------------------------------------------------
   5: '''
   6: 
   7: class Queue(object):
   8:     
[34m-  9:     def __init__(self):[0m
[34m- 10:         self.front = None[0m
[34m- 11:         self.back = None[0m
[34m- 12:         self.size = 0[0m
[34m- 13:     [0m
[32m+  9:     @classmethod[0m
[32m+ 10:     def __init__(self):[0m
[32m+ 11:         self.front = None[0m
[32m+ 12:         self.back = None[0m
[32m+ 13:         self.size = 0[0m
  14:     def __str__(self):
  15:         
  16:         pass
  17:     
--------------------------------------------------------------------------------
[0.13711 s] [31msurvived[0m
[36m   -[0m [#   4] CDI queue1: 
--------------------------------------------------------------------------------
  10:         self.front = None
  11:         self.back = None
  12:         self.size = 0
  13:     
[34m- 14:     def __str__(self):[0m
[34m- 15:         [0m
[34m- 16:         pass[0m
[34m- 17:     [0m
[32m+ 14:     @classmethod[0m
[32m+ 15:     def __str__(self):[0m
[32m+ 16:         [0m
[32m+ 17:         pass[0m
  18:     def __len__(self):
  19:         return self.size
  20:     
  21:     def enqueue(self, item):
--------------------------------------------------------------------------------
[0.14506 s] [31msurvived[0m
[36m   -[0m [#   5] CDI queue1: 
--------------------------------------------------------------------------------
  14:     def __str__(self):
  15:         
  16:         pass
  17:     
[34m- 18:     def __len__(self):[0m
[34m- 19:         return self.size[0m
[34m- 20:     [0m
[32m+ 18:     @classmethod[0m
[32m+ 19:     def __len__(self):[0m
[32m+ 20:         return self.size[0m
  21:     def enqueue(self, item):
  22:         
  23:         if self.front is None:
  24:             new_node = QueueNode(item)
--------------------------------------------------------------------------------
[0.16648 s] [32mkilled[0m by MIO/test_queue1_MIO.py::test_case_0

def test_case_0():
        queue_0 = module_0.Queue()
>       assert len(queue_0) == 0

MIO/test_queue1_MIO.py:7: 
_ _ _ _ _ _ _ _ _ _ _ _ _ _ _ _ _ _ _ _ _ _ _ _ _ _ _ _ _ _ _ _ _ _ _ _ _ _ _ _ 

self = <class 'queue1.Queue'>

>   ???
E   AttributeError: type object 'Queue' has no attribute 'size'

queue1:20: AttributeError
[36m   -[0m [#   6] CDI queue1: 
--------------------------------------------------------------------------------
  17:     
  18:     def __len__(self):
  19:         return self.size
  20:     
[34m- 21:     def enqueue(self, item):[0m
[34m- 22:         [0m
[34m- 23:         if self.front is None:[0m
[34m- 24:             new_node = QueueNode(item)[0m
[34m- 25:             self.front = new_node[0m
[34m- 26:             self.back = new_node[0m
[34m- 27:         else:[0m
[34m- 28:             new_back = QueueNode(item)[0m
[34m- 29:             self.back.next = new_back[0m
[34m- 30:             self.back = new_back[0m
[34m- 31:         [0m
[34m- 32:         self.size += 1[0m
[34m- 33:     [0m
[32m+ 21:     @classmethod[0m
[32m+ 22:     def enqueue(self, item):[0m
[32m+ 23:         [0m
[32m+ 24:         if self.front is None:[0m
[32m+ 25:             new_node = QueueNode(item)[0m
[32m+ 26:             self.front = new_node[0m
[32m+ 27:             self.back = new_node[0m
[32m+ 28:         else:[0m
[32m+ 29:             new_back = QueueNode(item)[0m
[32m+ 30:             self.back.next = new_back[0m
[32m+ 31:             self.back = new_back[0m
[32m+ 32:         [0m
[32m+ 33:         self.size += 1[0m
  34:     def dequeue(self):
  35:         if self.front is None:
  36:             raise ValueError()
  37:         else:
--------------------------------------------------------------------------------
[0.17150 s] [32mkilled[0m by MIO/test_queue1_MIO.py::test_case_0

def test_case_0():
        queue_0 = module_0.Queue()
        assert len(queue_0) == 0
        var_0 = queue_0.peek()
>       var_1 = queue_0.enqueue(queue_0)

MIO/test_queue1_MIO.py:9: 
_ _ _ _ _ _ _ _ _ _ _ _ _ _ _ _ _ _ _ _ _ _ _ _ _ _ _ _ _ _ _ _ _ _ _ _ _ _ _ _ 

self = <class 'queue1.Queue'>, item = <queue1.Queue object at 0x7f6a9622bac0>

>   ???
E   AttributeError: type object 'Queue' has no attribute 'front'

queue1:24: AttributeError
[36m   -[0m [#   7] CDI queue1: 
--------------------------------------------------------------------------------
  30:             self.back = new_back
  31:         
  32:         self.size += 1
  33:     
[34m- 34:     def dequeue(self):[0m
[34m- 35:         if self.front is None:[0m
[34m- 36:             raise ValueError()[0m
[34m- 37:         else:[0m
[34m- 38:             front_node = self.front[0m
[34m- 39:             self.front = self.front.next[0m
[34m- 40:             self.size -= 1[0m
[34m- 41:             return front_node.data[0m
[34m- 42:     [0m
[32m+ 34:     @classmethod[0m
[32m+ 35:     def dequeue(self):[0m
[32m+ 36:         if self.front is None:[0m
[32m+ 37:             raise ValueError()[0m
[32m+ 38:         else:[0m
[32m+ 39:             front_node = self.front[0m
[32m+ 40:             self.front = self.front.next[0m
[32m+ 41:             self.size -= 1[0m
[32m+ 42:             return front_node.data[0m
  43:     def peek(self):
  44:         if self.front is None:
  45:             return None
  46:         return self.front.data
--------------------------------------------------------------------------------
[0.16663 s] [32mkilled[0m by MIO/test_queue1_MIO.py::test_case_0

def test_case_0():
        queue_0 = module_0.Queue()
        assert len(queue_0) == 0
        var_0 = queue_0.peek()
        var_1 = queue_0.enqueue(queue_0)
        assert len(queue_0) == 1
        var_2 = queue_0.enqueue(queue_0)
        assert len(queue_0) == 2
        var_3 = queue_0.__str__()
        var_4 = queue_0.__str__()
        var_5 = var_3.__str__()
        var_6 = queue_0.__len__()
        assert var_6 == 2
>       var_7 = queue_0.dequeue()

MIO/test_queue1_MIO.py:18: 
_ _ _ _ _ _ _ _ _ _ _ _ _ _ _ _ _ _ _ _ _ _ _ _ _ _ _ _ _ _ _ _ _ _ _ _ _ _ _ _ 

self = <class 'queue1.Queue'>

>   ???
E   AttributeError: type object 'Queue' has no attribute 'front'

queue1:36: AttributeError
[36m   -[0m [#   8] CDI queue1: 
--------------------------------------------------------------------------------
  39:             self.front = self.front.next
  40:             self.size -= 1
  41:             return front_node.data
  42:     
[34m- 43:     def peek(self):[0m
[34m- 44:         if self.front is None:[0m
[34m- 45:             return None[0m
[34m- 46:         return self.front.data[0m
[34m- 47:     [0m
[32m+ 43:     @classmethod[0m
[32m+ 44:     def peek(self):[0m
[32m+ 45:         if self.front is None:[0m
[32m+ 46:             return None[0m
[32m+ 47:         return self.front.data[0m
  48:     def clear(self):
  49:         self.size = 0
  50:         self.front = None
  51:         self.back = None
--------------------------------------------------------------------------------
[0.17035 s] [32mkilled[0m by MIO/test_queue1_MIO.py::test_case_0

def test_case_0():
        queue_0 = module_0.Queue()
        assert len(queue_0) == 0
>       var_0 = queue_0.peek()

MIO/test_queue1_MIO.py:8: 
_ _ _ _ _ _ _ _ _ _ _ _ _ _ _ _ _ _ _ _ _ _ _ _ _ _ _ _ _ _ _ _ _ _ _ _ _ _ _ _ 

self = <class 'queue1.Queue'>

>   ???
E   AttributeError: type object 'Queue' has no attribute 'front'

queue1:45: AttributeError
[36m   -[0m [#   9] CDI queue1: 
--------------------------------------------------------------------------------
  44:         if self.front is None:
  45:             return None
  46:         return self.front.data
  47:     
[34m- 48:     def clear(self):[0m
[34m- 49:         self.size = 0[0m
[34m- 50:         self.front = None[0m
[34m- 51:         self.back = None[0m
[34m- 52: [0m
[32m+ 48:     @classmethod[0m
[32m+ 49:     def clear(self):[0m
[32m+ 50:         self.size = 0[0m
[32m+ 51:         self.front = None[0m
[32m+ 52:         self.back = None[0m
  53: class QueueNode(object):
  54:     def __init__(self, item):
  55:         self.data = item
  56:         self.next = None
--------------------------------------------------------------------------------
[0.17127 s] [32mkilled[0m by MIO/test_queue1_MIO.py::test_case_2

def test_case_2():
        queue_0 = module_0.Queue()
        assert len(queue_0) == 0
        var_0 = queue_0.enqueue(queue_0)
        assert len(queue_0) == 1
        var_1 = queue_0.peek()
        assert f'{type(var_1).__module__}.{type(var_1).__qualname__}' == 'queue1.Queue'
        assert len(var_1) == 1
        var_2 = queue_0.enqueue(queue_0)
        assert len(queue_0) == 2
        assert len(var_1) == 2
        var_3 = queue_0.__str__()
        var_4 = queue_0.__str__()
        var_5 = var_3.__str__()
        var_6 = var_1.clear()
>       assert len(queue_0) == 0
E       AssertionError

MIO/test_queue1_MIO.py:44: AssertionError
[36m   -[0m [#  10] CDI queue1: 
--------------------------------------------------------------------------------
  50:         self.front = None
  51:         self.back = None
  52: 
  53: class QueueNode(object):
[34m- 54:     def __init__(self, item):[0m
[34m- 55:         self.data = item[0m
[34m- 56:         self.next = None[0m
[32m+ 54:     @classmethod[0m
[32m+ 55:     def __init__(self, item):[0m
[32m+ 56:         self.data = item[0m
[32m+ 57:         self.next = None[0m
--------------------------------------------------------------------------------
[0.14688 s] [31msurvived[0m
[36m   -[0m [#  11] COI queue1: 
--------------------------------------------------------------------------------
  19:         return self.size
  20:     
  21:     def enqueue(self, item):
  22:         
[34m- 23:         if self.front is None:[0m
[32m+ 23:         if not (self.front is None):[0m
  24:             new_node = QueueNode(item)
  25:             self.front = new_node
  26:             self.back = new_node
  27:         else:
--------------------------------------------------------------------------------
[0.16940 s] [32mkilled[0m by MIO/test_queue1_MIO.py::test_case_0

def test_case_0():
        queue_0 = module_0.Queue()
        assert len(queue_0) == 0
        var_0 = queue_0.peek()
>       var_1 = queue_0.enqueue(queue_0)

MIO/test_queue1_MIO.py:9: 
_ _ _ _ _ _ _ _ _ _ _ _ _ _ _ _ _ _ _ _ _ _ _ _ _ _ _ _ _ _ _ _ _ _ _ _ _ _ _ _ 

self = <queue1.Queue object at 0x7f6a96138610>
item = <queue1.Queue object at 0x7f6a96138610>

>   ???
E   AttributeError: 'NoneType' object has no attribute 'next'

queue1:29: AttributeError
[36m   -[0m [#  12] COI queue1: 
--------------------------------------------------------------------------------
  31:         
  32:         self.size += 1
  33:     
  34:     def dequeue(self):
[34m- 35:         if self.front is None:[0m
[32m+ 35:         if not (self.front is None):[0m
  36:             raise ValueError()
  37:         else:
  38:             front_node = self.front
  39:             self.front = self.front.next
--------------------------------------------------------------------------------
[0.16743 s] [32mkilled[0m by MIO/test_queue1_MIO.py::test_case_0

def test_case_0():
        queue_0 = module_0.Queue()
        assert len(queue_0) == 0
        var_0 = queue_0.peek()
        var_1 = queue_0.enqueue(queue_0)
        assert len(queue_0) == 1
        var_2 = queue_0.enqueue(queue_0)
        assert len(queue_0) == 2
        var_3 = queue_0.__str__()
        var_4 = queue_0.__str__()
        var_5 = var_3.__str__()
        var_6 = queue_0.__len__()
        assert var_6 == 2
>       var_7 = queue_0.dequeue()

MIO/test_queue1_MIO.py:18: 
_ _ _ _ _ _ _ _ _ _ _ _ _ _ _ _ _ _ _ _ _ _ _ _ _ _ _ _ _ _ _ _ _ _ _ _ _ _ _ _ 

self = <queue1.Queue object at 0x7f6a96139600>

>   ???
E   ValueError

queue1:36: ValueError
[36m   -[0m [#  13] COI queue1: 
--------------------------------------------------------------------------------
  40:             self.size -= 1
  41:             return front_node.data
  42:     
  43:     def peek(self):
[34m- 44:         if self.front is None:[0m
[32m+ 44:         if not (self.front is None):[0m
  45:             return None
  46:         return self.front.data
  47:     
  48:     def clear(self):
--------------------------------------------------------------------------------
[0.17109 s] [32mkilled[0m by MIO/test_queue1_MIO.py::test_case_0

def test_case_0():
        queue_0 = module_0.Queue()
        assert len(queue_0) == 0
>       var_0 = queue_0.peek()

MIO/test_queue1_MIO.py:8: 
_ _ _ _ _ _ _ _ _ _ _ _ _ _ _ _ _ _ _ _ _ _ _ _ _ _ _ _ _ _ _ _ _ _ _ _ _ _ _ _ 

self = <queue1.Queue object at 0x7f6a961e7a60>

>   ???
E   AttributeError: 'NoneType' object has no attribute 'data'

queue1:46: AttributeError
[36m   -[0m [#  14] CRP queue1: 
--------------------------------------------------------------------------------
   8:     
   9:     def __init__(self):
  10:         self.front = None
  11:         self.back = None
[34m- 12:         self.size = 0[0m
[32m+ 12:         self.size = 1[0m
  13:     
  14:     def __str__(self):
  15:         
  16:         pass
--------------------------------------------------------------------------------
[0.16835 s] [32mkilled[0m by MIO/test_queue1_MIO.py::test_case_0

def test_case_0():
        queue_0 = module_0.Queue()
>       assert len(queue_0) == 0
E       AssertionError

MIO/test_queue1_MIO.py:7: AssertionError
[36m   -[0m [#  15] CRP queue1: 
--------------------------------------------------------------------------------
  28:             new_back = QueueNode(item)
  29:             self.back.next = new_back
  30:             self.back = new_back
  31:         
[34m- 32:         self.size += 1[0m
[32m+ 32:         self.size += 2[0m
  33:     
  34:     def dequeue(self):
  35:         if self.front is None:
  36:             raise ValueError()
--------------------------------------------------------------------------------
[0.16900 s] [32mkilled[0m by MIO/test_queue1_MIO.py::test_case_0

def test_case_0():
        queue_0 = module_0.Queue()
        assert len(queue_0) == 0
        var_0 = queue_0.peek()
        var_1 = queue_0.enqueue(queue_0)
>       assert len(queue_0) == 1
E       AssertionError

MIO/test_queue1_MIO.py:10: AssertionError
[36m   -[0m [#  16] CRP queue1: 
--------------------------------------------------------------------------------
  36:             raise ValueError()
  37:         else:
  38:             front_node = self.front
  39:             self.front = self.front.next
[34m- 40:             self.size -= 1[0m
[32m+ 40:             self.size -= 2[0m
  41:             return front_node.data
  42:     
  43:     def peek(self):
  44:         if self.front is None:
--------------------------------------------------------------------------------
[0.16639 s] [32mkilled[0m by MIO/test_queue1_MIO.py::test_case_0

def test_case_0():
        queue_0 = module_0.Queue()
        assert len(queue_0) == 0
        var_0 = queue_0.peek()
        var_1 = queue_0.enqueue(queue_0)
        assert len(queue_0) == 1
        var_2 = queue_0.enqueue(queue_0)
        assert len(queue_0) == 2
        var_3 = queue_0.__str__()
        var_4 = queue_0.__str__()
        var_5 = var_3.__str__()
        var_6 = queue_0.__len__()
        assert var_6 == 2
        var_7 = queue_0.dequeue()
>       assert len(queue_0) == 1
E       AssertionError

MIO/test_queue1_MIO.py:19: AssertionError
[36m   -[0m [#  17] CRP queue1: 
--------------------------------------------------------------------------------
  45:             return None
  46:         return self.front.data
  47:     
  48:     def clear(self):
[34m- 49:         self.size = 0[0m
[32m+ 49:         self.size = 1[0m
  50:         self.front = None
  51:         self.back = None
  52: 
  53: class QueueNode(object):
--------------------------------------------------------------------------------
[0.16413 s] [32mkilled[0m by MIO/test_queue1_MIO.py::test_case_2

def test_case_2():
        queue_0 = module_0.Queue()
        assert len(queue_0) == 0
        var_0 = queue_0.enqueue(queue_0)
        assert len(queue_0) == 1
        var_1 = queue_0.peek()
        assert f'{type(var_1).__module__}.{type(var_1).__qualname__}' == 'queue1.Queue'
        assert len(var_1) == 1
        var_2 = queue_0.enqueue(queue_0)
        assert len(queue_0) == 2
        assert len(var_1) == 2
        var_3 = queue_0.__str__()
        var_4 = queue_0.__str__()
        var_5 = var_3.__str__()
        var_6 = var_1.clear()
>       assert len(queue_0) == 0
E       AssertionError

MIO/test_queue1_MIO.py:44: AssertionError
[36m   -[0m [#  18] SDI queue1: 
--------------------------------------------------------------------------------
   5: '''
   6: 
   7: class Queue(object):
   8:     
[34m-  9:     def __init__(self):[0m
[34m- 10:         self.front = None[0m
[34m- 11:         self.back = None[0m
[34m- 12:         self.size = 0[0m
[34m- 13:     [0m
[32m+  9:     @staticmethod[0m
[32m+ 10:     def __init__(self):[0m
[32m+ 11:         self.front = None[0m
[32m+ 12:         self.back = None[0m
[32m+ 13:         self.size = 0[0m
  14:     def __str__(self):
  15:         
  16:         pass
  17:     
--------------------------------------------------------------------------------
[0.16863 s] [36mincompetent[0m

TypeError: /home/lucca/desktop/ic/experimento/testes/python_experiments/queue1/MIO/test_queue1_MIO.py:6: TypeError: Queue.__init__() missing 1 required positional argument: 'self'

[36m   -[0m [#  19] SDI queue1: 
--------------------------------------------------------------------------------
  10:         self.front = None
  11:         self.back = None
  12:         self.size = 0
  13:     
[34m- 14:     def __str__(self):[0m
[34m- 15:         [0m
[34m- 16:         pass[0m
[34m- 17:     [0m
[32m+ 14:     @staticmethod[0m
[32m+ 15:     def __str__(self):[0m
[32m+ 16:         [0m
[32m+ 17:         pass[0m
  18:     def __len__(self):
  19:         return self.size
  20:     
  21:     def enqueue(self, item):
--------------------------------------------------------------------------------
[0.17173 s] [36mincompetent[0m

TypeError: /home/lucca/desktop/ic/experimento/testes/python_experiments/queue1/MIO/test_queue1_MIO.py:13: TypeError: Queue.__str__() missing 1 required positional argument: 'self'

[36m   -[0m [#  20] SDI queue1: 
--------------------------------------------------------------------------------
  14:     def __str__(self):
  15:         
  16:         pass
  17:     
[34m- 18:     def __len__(self):[0m
[34m- 19:         return self.size[0m
[34m- 20:     [0m
[32m+ 18:     @staticmethod[0m
[32m+ 19:     def __len__(self):[0m
[32m+ 20:         return self.size[0m
  21:     def enqueue(self, item):
  22:         
  23:         if self.front is None:
  24:             new_node = QueueNode(item)
--------------------------------------------------------------------------------
[0.16807 s] [36mincompetent[0m

TypeError: /home/lucca/desktop/ic/experimento/testes/python_experiments/queue1/MIO/test_queue1_MIO.py:7: TypeError: Queue.__len__() missing 1 required positional argument: 'self'

[36m   -[0m [#  21] SDI queue1: 
--------------------------------------------------------------------------------
  17:     
  18:     def __len__(self):
  19:         return self.size
  20:     
[34m- 21:     def enqueue(self, item):[0m
[34m- 22:         [0m
[34m- 23:         if self.front is None:[0m
[34m- 24:             new_node = QueueNode(item)[0m
[34m- 25:             self.front = new_node[0m
[34m- 26:             self.back = new_node[0m
[34m- 27:         else:[0m
[34m- 28:             new_back = QueueNode(item)[0m
[34m- 29:             self.back.next = new_back[0m
[34m- 30:             self.back = new_back[0m
[34m- 31:         [0m
[34m- 32:         self.size += 1[0m
[34m- 33:     [0m
[32m+ 21:     @staticmethod[0m
[32m+ 22:     def enqueue(self, item):[0m
[32m+ 23:         [0m
[32m+ 24:         if self.front is None:[0m
[32m+ 25:             new_node = QueueNode(item)[0m
[32m+ 26:             self.front = new_node[0m
[32m+ 27:             self.back = new_node[0m
[32m+ 28:         else:[0m
[32m+ 29:             new_back = QueueNode(item)[0m
[32m+ 30:             self.back.next = new_back[0m
[32m+ 31:             self.back = new_back[0m
[32m+ 32:         [0m
[32m+ 33:         self.size += 1[0m
  34:     def dequeue(self):
  35:         if self.front is None:
  36:             raise ValueError()
  37:         else:
--------------------------------------------------------------------------------
[0.15283 s] [36mincompetent[0m

TypeError: /home/lucca/desktop/ic/experimento/testes/python_experiments/queue1/MIO/test_queue1_MIO.py:9: TypeError: Queue.enqueue() missing 1 required positional argument: 'item'

[36m   -[0m [#  22] SDI queue1: 
--------------------------------------------------------------------------------
  30:             self.back = new_back
  31:         
  32:         self.size += 1
  33:     
[34m- 34:     def dequeue(self):[0m
[34m- 35:         if self.front is None:[0m
[34m- 36:             raise ValueError()[0m
[34m- 37:         else:[0m
[34m- 38:             front_node = self.front[0m
[34m- 39:             self.front = self.front.next[0m
[34m- 40:             self.size -= 1[0m
[34m- 41:             return front_node.data[0m
[34m- 42:     [0m
[32m+ 34:     @staticmethod[0m
[32m+ 35:     def dequeue(self):[0m
[32m+ 36:         if self.front is None:[0m
[32m+ 37:             raise ValueError()[0m
[32m+ 38:         else:[0m
[32m+ 39:             front_node = self.front[0m
[32m+ 40:             self.front = self.front.next[0m
[32m+ 41:             self.size -= 1[0m
[32m+ 42:             return front_node.data[0m
  43:     def peek(self):
  44:         if self.front is None:
  45:             return None
  46:         return self.front.data
--------------------------------------------------------------------------------
[0.20826 s] [36mincompetent[0m

TypeError: /home/lucca/desktop/ic/experimento/testes/python_experiments/queue1/MIO/test_queue1_MIO.py:18: TypeError: Queue.dequeue() missing 1 required positional argument: 'self'

[36m   -[0m [#  23] SDI queue1: 
--------------------------------------------------------------------------------
  39:             self.front = self.front.next
  40:             self.size -= 1
  41:             return front_node.data
  42:     
[34m- 43:     def peek(self):[0m
[34m- 44:         if self.front is None:[0m
[34m- 45:             return None[0m
[34m- 46:         return self.front.data[0m
[34m- 47:     [0m
[32m+ 43:     @staticmethod[0m
[32m+ 44:     def peek(self):[0m
[32m+ 45:         if self.front is None:[0m
[32m+ 46:             return None[0m
[32m+ 47:         return self.front.data[0m
  48:     def clear(self):
  49:         self.size = 0
  50:         self.front = None
  51:         self.back = None
--------------------------------------------------------------------------------
[0.20817 s] [36mincompetent[0m

TypeError: /home/lucca/desktop/ic/experimento/testes/python_experiments/queue1/MIO/test_queue1_MIO.py:8: TypeError: Queue.peek() missing 1 required positional argument: 'self'

[36m   -[0m [#  24] SDI queue1: 
--------------------------------------------------------------------------------
  44:         if self.front is None:
  45:             return None
  46:         return self.front.data
  47:     
[34m- 48:     def clear(self):[0m
[34m- 49:         self.size = 0[0m
[34m- 50:         self.front = None[0m
[34m- 51:         self.back = None[0m
[34m- 52: [0m
[32m+ 48:     @staticmethod[0m
[32m+ 49:     def clear(self):[0m
[32m+ 50:         self.size = 0[0m
[32m+ 51:         self.front = None[0m
[32m+ 52:         self.back = None[0m
  53: class QueueNode(object):
  54:     def __init__(self, item):
  55:         self.data = item
  56:         self.next = None
--------------------------------------------------------------------------------
[0.20542 s] [36mincompetent[0m

TypeError: /home/lucca/desktop/ic/experimento/testes/python_experiments/queue1/MIO/test_queue1_MIO.py:43: TypeError: Queue.clear() missing 1 required positional argument: 'self'

[36m   -[0m [#  25] SDI queue1: 
--------------------------------------------------------------------------------
  50:         self.front = None
  51:         self.back = None
  52: 
  53: class QueueNode(object):
[34m- 54:     def __init__(self, item):[0m
[34m- 55:         self.data = item[0m
[34m- 56:         self.next = None[0m
[32m+ 54:     @staticmethod[0m
[32m+ 55:     def __init__(self, item):[0m
[32m+ 56:         self.data = item[0m
[32m+ 57:         self.next = None[0m
--------------------------------------------------------------------------------
[0.15203 s] [36mincompetent[0m

TypeError: queue1:24: TypeError: QueueNode.__init__() missing 1 required positional argument: 'item'

[36m   -[0m [#  26] SDL queue1: 
--------------------------------------------------------------------------------
   6: 
   7: class Queue(object):
   8:     
   9:     def __init__(self):
[34m- 10:         self.front = None[0m
[32m+ 10:         pass[0m
  11:         self.back = None
  12:         self.size = 0
  13:     
  14:     def __str__(self):
--------------------------------------------------------------------------------
[0.16959 s] [32mkilled[0m by MIO/test_queue1_MIO.py::test_case_0

def test_case_0():
        queue_0 = module_0.Queue()
        assert len(queue_0) == 0
>       var_0 = queue_0.peek()

MIO/test_queue1_MIO.py:8: 
_ _ _ _ _ _ _ _ _ _ _ _ _ _ _ _ _ _ _ _ _ _ _ _ _ _ _ _ _ _ _ _ _ _ _ _ _ _ _ _ 

self = <queue1.Queue object at 0x7f6a961ab670>

>   ???
E   AttributeError: 'Queue' object has no attribute 'front'

queue1:44: AttributeError
[36m   -[0m [#  27] SDL queue1: 
--------------------------------------------------------------------------------
   7: class Queue(object):
   8:     
   9:     def __init__(self):
  10:         self.front = None
[34m- 11:         self.back = None[0m
[32m+ 11:         pass[0m
  12:         self.size = 0
  13:     
  14:     def __str__(self):
  15:         
--------------------------------------------------------------------------------
[0.14492 s] [31msurvived[0m
[36m   -[0m [#  28] SDL queue1: 
--------------------------------------------------------------------------------
   8:     
   9:     def __init__(self):
  10:         self.front = None
  11:         self.back = None
[34m- 12:         self.size = 0[0m
[32m+ 12:         pass[0m
  13:     
  14:     def __str__(self):
  15:         
  16:         pass
--------------------------------------------------------------------------------
[0.17048 s] [32mkilled[0m by MIO/test_queue1_MIO.py::test_case_0

def test_case_0():
        queue_0 = module_0.Queue()
>       assert len(queue_0) == 0

MIO/test_queue1_MIO.py:7: 
_ _ _ _ _ _ _ _ _ _ _ _ _ _ _ _ _ _ _ _ _ _ _ _ _ _ _ _ _ _ _ _ _ _ _ _ _ _ _ _ 

self = <queue1.Queue object at 0x7f6a962c9ff0>

>   ???
E   AttributeError: 'Queue' object has no attribute 'size'

queue1:19: AttributeError
[36m   -[0m [#  29] SDL queue1: 
--------------------------------------------------------------------------------
  15:         
  16:         pass
  17:     
  18:     def __len__(self):
[34m- 19:         return self.size[0m
[32m+ 19:         pass[0m
  20:     
  21:     def enqueue(self, item):
  22:         
  23:         if self.front is None:
--------------------------------------------------------------------------------
[0.16236 s] [36mincompetent[0m

TypeError: /home/lucca/desktop/ic/experimento/testes/python_experiments/queue1/MIO/test_queue1_MIO.py:7: TypeError: 'NoneType' object cannot be interpreted as an integer

[36m   -[0m [#  30] SDL queue1: 
--------------------------------------------------------------------------------
  20:     
  21:     def enqueue(self, item):
  22:         
  23:         if self.front is None:
[34m- 24:             new_node = QueueNode(item)[0m
[32m+ 24:             pass[0m
  25:             self.front = new_node
  26:             self.back = new_node
  27:         else:
  28:             new_back = QueueNode(item)
--------------------------------------------------------------------------------
[0.17071 s] [32mkilled[0m by MIO/test_queue1_MIO.py::test_case_0

def test_case_0():
        queue_0 = module_0.Queue()
        assert len(queue_0) == 0
        var_0 = queue_0.peek()
>       var_1 = queue_0.enqueue(queue_0)

MIO/test_queue1_MIO.py:9: 
_ _ _ _ _ _ _ _ _ _ _ _ _ _ _ _ _ _ _ _ _ _ _ _ _ _ _ _ _ _ _ _ _ _ _ _ _ _ _ _ 

self = <queue1.Queue object at 0x7f6a9622aef0>
item = <queue1.Queue object at 0x7f6a9622aef0>

>   ???
E   NameError: name 'new_node' is not defined

queue1:25: NameError
[36m   -[0m [#  31] SDL queue1: 
--------------------------------------------------------------------------------
  21:     def enqueue(self, item):
  22:         
  23:         if self.front is None:
  24:             new_node = QueueNode(item)
[34m- 25:             self.front = new_node[0m
[32m+ 25:             pass[0m
  26:             self.back = new_node
  27:         else:
  28:             new_back = QueueNode(item)
  29:             self.back.next = new_back
--------------------------------------------------------------------------------
[0.17275 s] [32mkilled[0m by MIO/test_queue1_MIO.py::test_case_0

def test_case_0():
        queue_0 = module_0.Queue()
        assert len(queue_0) == 0
        var_0 = queue_0.peek()
        var_1 = queue_0.enqueue(queue_0)
        assert len(queue_0) == 1
        var_2 = queue_0.enqueue(queue_0)
        assert len(queue_0) == 2
        var_3 = queue_0.__str__()
        var_4 = queue_0.__str__()
        var_5 = var_3.__str__()
        var_6 = queue_0.__len__()
        assert var_6 == 2
>       var_7 = queue_0.dequeue()

MIO/test_queue1_MIO.py:18: 
_ _ _ _ _ _ _ _ _ _ _ _ _ _ _ _ _ _ _ _ _ _ _ _ _ _ _ _ _ _ _ _ _ _ _ _ _ _ _ _ 

self = <queue1.Queue object at 0x7f6a961a9c00>

>   ???
E   ValueError

queue1:36: ValueError
[36m   -[0m [#  32] SDL queue1: 
--------------------------------------------------------------------------------
  22:         
  23:         if self.front is None:
  24:             new_node = QueueNode(item)
  25:             self.front = new_node
[34m- 26:             self.back = new_node[0m
[32m+ 26:             pass[0m
  27:         else:
  28:             new_back = QueueNode(item)
  29:             self.back.next = new_back
  30:             self.back = new_back
--------------------------------------------------------------------------------
[0.16465 s] [32mkilled[0m by MIO/test_queue1_MIO.py::test_case_0

def test_case_0():
        queue_0 = module_0.Queue()
        assert len(queue_0) == 0
        var_0 = queue_0.peek()
        var_1 = queue_0.enqueue(queue_0)
        assert len(queue_0) == 1
>       var_2 = queue_0.enqueue(queue_0)

MIO/test_queue1_MIO.py:11: 
_ _ _ _ _ _ _ _ _ _ _ _ _ _ _ _ _ _ _ _ _ _ _ _ _ _ _ _ _ _ _ _ _ _ _ _ _ _ _ _ 

self = <queue1.Queue object at 0x7f6a9621ae90>
item = <queue1.Queue object at 0x7f6a9621ae90>

>   ???
E   AttributeError: 'NoneType' object has no attribute 'next'

queue1:29: AttributeError
[36m   -[0m [#  33] SDL queue1: 
--------------------------------------------------------------------------------
  24:             new_node = QueueNode(item)
  25:             self.front = new_node
  26:             self.back = new_node
  27:         else:
[34m- 28:             new_back = QueueNode(item)[0m
[32m+ 28:             pass[0m
  29:             self.back.next = new_back
  30:             self.back = new_back
  31:         
  32:         self.size += 1
--------------------------------------------------------------------------------
[0.16310 s] [32mkilled[0m by MIO/test_queue1_MIO.py::test_case_0

def test_case_0():
        queue_0 = module_0.Queue()
        assert len(queue_0) == 0
        var_0 = queue_0.peek()
        var_1 = queue_0.enqueue(queue_0)
        assert len(queue_0) == 1
>       var_2 = queue_0.enqueue(queue_0)

MIO/test_queue1_MIO.py:11: 
_ _ _ _ _ _ _ _ _ _ _ _ _ _ _ _ _ _ _ _ _ _ _ _ _ _ _ _ _ _ _ _ _ _ _ _ _ _ _ _ 

self = <queue1.Queue object at 0x7f6a95f8e170>
item = <queue1.Queue object at 0x7f6a95f8e170>

>   ???
E   NameError: name 'new_back' is not defined

queue1:29: NameError
[36m   -[0m [#  34] SDL queue1: 
--------------------------------------------------------------------------------
  25:             self.front = new_node
  26:             self.back = new_node
  27:         else:
  28:             new_back = QueueNode(item)
[34m- 29:             self.back.next = new_back[0m
[32m+ 29:             pass[0m
  30:             self.back = new_back
  31:         
  32:         self.size += 1
  33:     
--------------------------------------------------------------------------------
[0.14428 s] [31msurvived[0m
[36m   -[0m [#  35] SDL queue1: 
--------------------------------------------------------------------------------
  26:             self.back = new_node
  27:         else:
  28:             new_back = QueueNode(item)
  29:             self.back.next = new_back
[34m- 30:             self.back = new_back[0m
[32m+ 30:             pass[0m
  31:         
  32:         self.size += 1
  33:     
  34:     def dequeue(self):
--------------------------------------------------------------------------------
[0.14533 s] [31msurvived[0m
[36m   -[0m [#  36] SDL queue1: 
--------------------------------------------------------------------------------
  34:     def dequeue(self):
  35:         if self.front is None:
  36:             raise ValueError()
  37:         else:
[34m- 38:             front_node = self.front[0m
[32m+ 38:             pass[0m
  39:             self.front = self.front.next
  40:             self.size -= 1
  41:             return front_node.data
  42:     
--------------------------------------------------------------------------------
[0.16461 s] [32mkilled[0m by MIO/test_queue1_MIO.py::test_case_0

def test_case_0():
        queue_0 = module_0.Queue()
        assert len(queue_0) == 0
        var_0 = queue_0.peek()
        var_1 = queue_0.enqueue(queue_0)
        assert len(queue_0) == 1
        var_2 = queue_0.enqueue(queue_0)
        assert len(queue_0) == 2
        var_3 = queue_0.__str__()
        var_4 = queue_0.__str__()
        var_5 = var_3.__str__()
        var_6 = queue_0.__len__()
        assert var_6 == 2
>       var_7 = queue_0.dequeue()

MIO/test_queue1_MIO.py:18: 
_ _ _ _ _ _ _ _ _ _ _ _ _ _ _ _ _ _ _ _ _ _ _ _ _ _ _ _ _ _ _ _ _ _ _ _ _ _ _ _ 

self = <queue1.Queue object at 0x7f6a9621fdf0>

>   ???
E   NameError: name 'front_node' is not defined

queue1:41: NameError
[36m   -[0m [#  37] SDL queue1: 
--------------------------------------------------------------------------------
  35:         if self.front is None:
  36:             raise ValueError()
  37:         else:
  38:             front_node = self.front
[34m- 39:             self.front = self.front.next[0m
[32m+ 39:             pass[0m
  40:             self.size -= 1
  41:             return front_node.data
  42:     
  43:     def peek(self):
--------------------------------------------------------------------------------
[0.13988 s] [31msurvived[0m
[36m   -[0m [#  38] SDL queue1: 
--------------------------------------------------------------------------------
  37:         else:
  38:             front_node = self.front
  39:             self.front = self.front.next
  40:             self.size -= 1
[34m- 41:             return front_node.data[0m
[32m+ 41:             pass[0m
  42:     
  43:     def peek(self):
  44:         if self.front is None:
  45:             return None
--------------------------------------------------------------------------------
[0.15321 s] [32mkilled[0m by MIO/test_queue1_MIO.py::test_case_0

def test_case_0():
        queue_0 = module_0.Queue()
        assert len(queue_0) == 0
        var_0 = queue_0.peek()
        var_1 = queue_0.enqueue(queue_0)
        assert len(queue_0) == 1
        var_2 = queue_0.enqueue(queue_0)
        assert len(queue_0) == 2
        var_3 = queue_0.__str__()
        var_4 = queue_0.__str__()
        var_5 = var_3.__str__()
        var_6 = queue_0.__len__()
        assert var_6 == 2
        var_7 = queue_0.dequeue()
        assert len(queue_0) == 1
>       assert f'{type(var_7).__module__}.{type(var_7).__qualname__}' == 'queue1.Queue'
E       AssertionError

MIO/test_queue1_MIO.py:20: AssertionError
[36m   -[0m [#  39] SDL queue1: 
--------------------------------------------------------------------------------
  41:             return front_node.data
  42:     
  43:     def peek(self):
  44:         if self.front is None:
[34m- 45:             return None[0m
[32m+ 45:             pass[0m
  46:         return self.front.data
  47:     
  48:     def clear(self):
  49:         self.size = 0
--------------------------------------------------------------------------------
[0.16459 s] [32mkilled[0m by MIO/test_queue1_MIO.py::test_case_0

def test_case_0():
        queue_0 = module_0.Queue()
        assert len(queue_0) == 0
>       var_0 = queue_0.peek()

MIO/test_queue1_MIO.py:8: 
_ _ _ _ _ _ _ _ _ _ _ _ _ _ _ _ _ _ _ _ _ _ _ _ _ _ _ _ _ _ _ _ _ _ _ _ _ _ _ _ 

self = <queue1.Queue object at 0x7f6a961385e0>

>   ???
E   AttributeError: 'NoneType' object has no attribute 'data'

queue1:46: AttributeError
[36m   -[0m [#  40] SDL queue1: 
--------------------------------------------------------------------------------
  42:     
  43:     def peek(self):
  44:         if self.front is None:
  45:             return None
[34m- 46:         return self.front.data[0m
[32m+ 46:         pass[0m
  47:     
  48:     def clear(self):
  49:         self.size = 0
  50:         self.front = None
--------------------------------------------------------------------------------
[0.17494 s] [32mkilled[0m by MIO/test_queue1_MIO.py::test_case_2

def test_case_2():
        queue_0 = module_0.Queue()
        assert len(queue_0) == 0
        var_0 = queue_0.enqueue(queue_0)
        assert len(queue_0) == 1
        var_1 = queue_0.peek()
>       assert f'{type(var_1).__module__}.{type(var_1).__qualname__}' == 'queue1.Queue'
E       AssertionError

MIO/test_queue1_MIO.py:35: AssertionError
[36m   -[0m [#  41] SDL queue1: 
--------------------------------------------------------------------------------
  45:             return None
  46:         return self.front.data
  47:     
  48:     def clear(self):
[34m- 49:         self.size = 0[0m
[32m+ 49:         pass[0m
  50:         self.front = None
  51:         self.back = None
  52: 
  53: class QueueNode(object):
--------------------------------------------------------------------------------
[0.16744 s] [32mkilled[0m by MIO/test_queue1_MIO.py::test_case_2

def test_case_2():
        queue_0 = module_0.Queue()
        assert len(queue_0) == 0
        var_0 = queue_0.enqueue(queue_0)
        assert len(queue_0) == 1
        var_1 = queue_0.peek()
        assert f'{type(var_1).__module__}.{type(var_1).__qualname__}' == 'queue1.Queue'
        assert len(var_1) == 1
        var_2 = queue_0.enqueue(queue_0)
        assert len(queue_0) == 2
        assert len(var_1) == 2
        var_3 = queue_0.__str__()
        var_4 = queue_0.__str__()
        var_5 = var_3.__str__()
        var_6 = var_1.clear()
>       assert len(queue_0) == 0
E       AssertionError

MIO/test_queue1_MIO.py:44: AssertionError
[36m   -[0m [#  42] SDL queue1: 
--------------------------------------------------------------------------------
  46:         return self.front.data
  47:     
  48:     def clear(self):
  49:         self.size = 0
[34m- 50:         self.front = None[0m
[32m+ 50:         pass[0m
  51:         self.back = None
  52: 
  53: class QueueNode(object):
  54:     def __init__(self, item):
--------------------------------------------------------------------------------
[0.16351 s] [32mkilled[0m by MIO/test_queue1_MIO.py::test_case_2

def test_case_2():
        queue_0 = module_0.Queue()
        assert len(queue_0) == 0
        var_0 = queue_0.enqueue(queue_0)
        assert len(queue_0) == 1
        var_1 = queue_0.peek()
        assert f'{type(var_1).__module__}.{type(var_1).__qualname__}' == 'queue1.Queue'
        assert len(var_1) == 1
        var_2 = queue_0.enqueue(queue_0)
        assert len(queue_0) == 2
        assert len(var_1) == 2
        var_3 = queue_0.__str__()
        var_4 = queue_0.__str__()
        var_5 = var_3.__str__()
        var_6 = var_1.clear()
        assert len(queue_0) == 0
        assert len(var_1) == 0
        var_7 = queue_0.__len__()
        assert var_7 == 0
>       with pytest.raises(ValueError):
E       Failed: DID NOT RAISE <class 'ValueError'>

MIO/test_queue1_MIO.py:48: Failed
[36m   -[0m [#  43] SDL queue1: 
--------------------------------------------------------------------------------
  47:     
  48:     def clear(self):
  49:         self.size = 0
  50:         self.front = None
[34m- 51:         self.back = None[0m
[32m+ 51:         pass[0m
  52: 
  53: class QueueNode(object):
  54:     def __init__(self, item):
  55:         self.data = item
--------------------------------------------------------------------------------
[0.14680 s] [31msurvived[0m
[36m   -[0m [#  44] SDL queue1: 
--------------------------------------------------------------------------------
  51:         self.back = None
  52: 
  53: class QueueNode(object):
  54:     def __init__(self, item):
[34m- 55:         self.data = item[0m
[32m+ 55:         pass[0m
  56:         self.next = None
--------------------------------------------------------------------------------
[0.16940 s] [32mkilled[0m by MIO/test_queue1_MIO.py::test_case_0

def test_case_0():
        queue_0 = module_0.Queue()
        assert len(queue_0) == 0
        var_0 = queue_0.peek()
        var_1 = queue_0.enqueue(queue_0)
        assert len(queue_0) == 1
        var_2 = queue_0.enqueue(queue_0)
        assert len(queue_0) == 2
        var_3 = queue_0.__str__()
        var_4 = queue_0.__str__()
        var_5 = var_3.__str__()
        var_6 = queue_0.__len__()
        assert var_6 == 2
>       var_7 = queue_0.dequeue()

MIO/test_queue1_MIO.py:18: 
_ _ _ _ _ _ _ _ _ _ _ _ _ _ _ _ _ _ _ _ _ _ _ _ _ _ _ _ _ _ _ _ _ _ _ _ _ _ _ _ 

self = <queue1.Queue object at 0x7f6a961e7070>

>   ???
E   AttributeError: 'QueueNode' object has no attribute 'data'

queue1:41: AttributeError
[36m   -[0m [#  45] SDL queue1: 
--------------------------------------------------------------------------------
  52: 
  53: class QueueNode(object):
  54:     def __init__(self, item):
  55:         self.data = item
[34m- 56:         self.next = None[0m
[32m+ 56:         pass[0m
--------------------------------------------------------------------------------
[0.14795 s] [31msurvived[0m
[36m   -[0m [#  46] SVD queue1: 
--------------------------------------------------------------------------------
   6: 
   7: class Queue(object):
   8:     
   9:     def __init__(self):
[34m- 10:         self.front = None[0m
[32m+ 10:         front = None[0m
  11:         self.back = None
  12:         self.size = 0
  13:     
  14:     def __str__(self):
--------------------------------------------------------------------------------
[0.00000 s] [36mincompetent[0m

ValueError: expression must have Store context but has Load instead

[36m   -[0m [#  47] SVD queue1: 
--------------------------------------------------------------------------------
   7: class Queue(object):
   8:     
   9:     def __init__(self):
  10:         self.front = None
[34m- 11:         self.back = None[0m
[32m+ 11:         back = None[0m
  12:         self.size = 0
  13:     
  14:     def __str__(self):
  15:         
--------------------------------------------------------------------------------
[0.00000 s] [36mincompetent[0m

ValueError: expression must have Store context but has Load instead

[36m   -[0m [#  48] SVD queue1: 
--------------------------------------------------------------------------------
   8:     
   9:     def __init__(self):
  10:         self.front = None
  11:         self.back = None
[34m- 12:         self.size = 0[0m
[32m+ 12:         size = 0[0m
  13:     
  14:     def __str__(self):
  15:         
  16:         pass
--------------------------------------------------------------------------------
[0.00000 s] [36mincompetent[0m

ValueError: expression must have Store context but has Load instead

[36m   -[0m [#  49] SVD queue1: 
--------------------------------------------------------------------------------
  15:         
  16:         pass
  17:     
  18:     def __len__(self):
[34m- 19:         return self.size[0m
[32m+ 19:         return size[0m
  20:     
  21:     def enqueue(self, item):
  22:         
  23:         if self.front is None:
--------------------------------------------------------------------------------
[0.21436 s] [32mkilled[0m by MIO/test_queue1_MIO.py::test_case_0

def test_case_0():
        queue_0 = module_0.Queue()
>       assert len(queue_0) == 0

MIO/test_queue1_MIO.py:7: 
_ _ _ _ _ _ _ _ _ _ _ _ _ _ _ _ _ _ _ _ _ _ _ _ _ _ _ _ _ _ _ _ _ _ _ _ _ _ _ _ 

self = <queue1.Queue object at 0x7f6a95fdd060>

>   ???
E   NameError: name 'size' is not defined

queue1:19: NameError
[36m   -[0m [#  50] SVD queue1: 
--------------------------------------------------------------------------------
  19:         return self.size
  20:     
  21:     def enqueue(self, item):
  22:         
[34m- 23:         if self.front is None:[0m
[32m+ 23:         if front is None:[0m
  24:             new_node = QueueNode(item)
  25:             self.front = new_node
  26:             self.back = new_node
  27:         else:
--------------------------------------------------------------------------------
[0.21293 s] [32mkilled[0m by MIO/test_queue1_MIO.py::test_case_0

def test_case_0():
        queue_0 = module_0.Queue()
        assert len(queue_0) == 0
        var_0 = queue_0.peek()
>       var_1 = queue_0.enqueue(queue_0)

MIO/test_queue1_MIO.py:9: 
_ _ _ _ _ _ _ _ _ _ _ _ _ _ _ _ _ _ _ _ _ _ _ _ _ _ _ _ _ _ _ _ _ _ _ _ _ _ _ _ 

self = <queue1.Queue object at 0x7f6a960eaec0>
item = <queue1.Queue object at 0x7f6a960eaec0>

>   ???
E   NameError: name 'front' is not defined

queue1:23: NameError
[36m   -[0m [#  51] SVD queue1: 
--------------------------------------------------------------------------------
  21:     def enqueue(self, item):
  22:         
  23:         if self.front is None:
  24:             new_node = QueueNode(item)
[34m- 25:             self.front = new_node[0m
[32m+ 25:             front = new_node[0m
  26:             self.back = new_node
  27:         else:
  28:             new_back = QueueNode(item)
  29:             self.back.next = new_back
--------------------------------------------------------------------------------
[0.00000 s] [36mincompetent[0m

ValueError: expression must have Store context but has Load instead

[36m   -[0m [#  52] SVD queue1: 
--------------------------------------------------------------------------------
  22:         
  23:         if self.front is None:
  24:             new_node = QueueNode(item)
  25:             self.front = new_node
[34m- 26:             self.back = new_node[0m
[32m+ 26:             back = new_node[0m
  27:         else:
  28:             new_back = QueueNode(item)
  29:             self.back.next = new_back
  30:             self.back = new_back
--------------------------------------------------------------------------------
[0.00000 s] [36mincompetent[0m

ValueError: expression must have Store context but has Load instead

[36m   -[0m [#  53] SVD queue1: 
--------------------------------------------------------------------------------
  25:             self.front = new_node
  26:             self.back = new_node
  27:         else:
  28:             new_back = QueueNode(item)
[34m- 29:             self.back.next = new_back[0m
[32m+ 29:             back.next = new_back[0m
  30:             self.back = new_back
  31:         
  32:         self.size += 1
  33:     
--------------------------------------------------------------------------------
[0.17083 s] [32mkilled[0m by MIO/test_queue1_MIO.py::test_case_0

def test_case_0():
        queue_0 = module_0.Queue()
        assert len(queue_0) == 0
        var_0 = queue_0.peek()
        var_1 = queue_0.enqueue(queue_0)
        assert len(queue_0) == 1
>       var_2 = queue_0.enqueue(queue_0)

MIO/test_queue1_MIO.py:11: 
_ _ _ _ _ _ _ _ _ _ _ _ _ _ _ _ _ _ _ _ _ _ _ _ _ _ _ _ _ _ _ _ _ _ _ _ _ _ _ _ 

self = <queue1.Queue object at 0x7f6a9622b8b0>
item = <queue1.Queue object at 0x7f6a9622b8b0>

>   ???
E   NameError: name 'back' is not defined

queue1:29: NameError
[36m   -[0m [#  54] SVD queue1: 
--------------------------------------------------------------------------------
  26:             self.back = new_node
  27:         else:
  28:             new_back = QueueNode(item)
  29:             self.back.next = new_back
[34m- 30:             self.back = new_back[0m
[32m+ 30:             back = new_back[0m
  31:         
  32:         self.size += 1
  33:     
  34:     def dequeue(self):
--------------------------------------------------------------------------------
[0.00000 s] [36mincompetent[0m

ValueError: expression must have Store context but has Load instead

[36m   -[0m [#  55] SVD queue1: 
--------------------------------------------------------------------------------
  28:             new_back = QueueNode(item)
  29:             self.back.next = new_back
  30:             self.back = new_back
  31:         
[34m- 32:         self.size += 1[0m
[32m+ 32:         size += 1[0m
  33:     
  34:     def dequeue(self):
  35:         if self.front is None:
  36:             raise ValueError()
--------------------------------------------------------------------------------
[0.00000 s] [36mincompetent[0m

ValueError: expression must have Store context but has Load instead

[36m   -[0m [#  56] SVD queue1: 
--------------------------------------------------------------------------------
  31:         
  32:         self.size += 1
  33:     
  34:     def dequeue(self):
[34m- 35:         if self.front is None:[0m
[32m+ 35:         if front is None:[0m
  36:             raise ValueError()
  37:         else:
  38:             front_node = self.front
  39:             self.front = self.front.next
--------------------------------------------------------------------------------
[0.16868 s] [32mkilled[0m by MIO/test_queue1_MIO.py::test_case_0

def test_case_0():
        queue_0 = module_0.Queue()
        assert len(queue_0) == 0
        var_0 = queue_0.peek()
        var_1 = queue_0.enqueue(queue_0)
        assert len(queue_0) == 1
        var_2 = queue_0.enqueue(queue_0)
        assert len(queue_0) == 2
        var_3 = queue_0.__str__()
        var_4 = queue_0.__str__()
        var_5 = var_3.__str__()
        var_6 = queue_0.__len__()
        assert var_6 == 2
>       var_7 = queue_0.dequeue()

MIO/test_queue1_MIO.py:18: 
_ _ _ _ _ _ _ _ _ _ _ _ _ _ _ _ _ _ _ _ _ _ _ _ _ _ _ _ _ _ _ _ _ _ _ _ _ _ _ _ 

self = <queue1.Queue object at 0x7f6a96228d90>

>   ???
E   NameError: name 'front' is not defined

queue1:35: NameError
[36m   -[0m [#  57] SVD queue1: 
--------------------------------------------------------------------------------
  34:     def dequeue(self):
  35:         if self.front is None:
  36:             raise ValueError()
  37:         else:
[34m- 38:             front_node = self.front[0m
[32m+ 38:             front_node = front[0m
  39:             self.front = self.front.next
  40:             self.size -= 1
  41:             return front_node.data
  42:     
--------------------------------------------------------------------------------
[0.16093 s] [32mkilled[0m by MIO/test_queue1_MIO.py::test_case_0

def test_case_0():
        queue_0 = module_0.Queue()
        assert len(queue_0) == 0
        var_0 = queue_0.peek()
        var_1 = queue_0.enqueue(queue_0)
        assert len(queue_0) == 1
        var_2 = queue_0.enqueue(queue_0)
        assert len(queue_0) == 2
        var_3 = queue_0.__str__()
        var_4 = queue_0.__str__()
        var_5 = var_3.__str__()
        var_6 = queue_0.__len__()
        assert var_6 == 2
>       var_7 = queue_0.dequeue()

MIO/test_queue1_MIO.py:18: 
_ _ _ _ _ _ _ _ _ _ _ _ _ _ _ _ _ _ _ _ _ _ _ _ _ _ _ _ _ _ _ _ _ _ _ _ _ _ _ _ 

self = <queue1.Queue object at 0x7f6a95fde2f0>

>   ???
E   NameError: name 'front' is not defined

queue1:38: NameError
[36m   -[0m [#  58] SVD queue1: 
--------------------------------------------------------------------------------
  35:         if self.front is None:
  36:             raise ValueError()
  37:         else:
  38:             front_node = self.front
[34m- 39:             self.front = self.front.next[0m
[32m+ 39:             front = self.front.next[0m
  40:             self.size -= 1
  41:             return front_node.data
  42:     
  43:     def peek(self):
--------------------------------------------------------------------------------
[0.00000 s] [36mincompetent[0m

ValueError: expression must have Store context but has Load instead

[36m   -[0m [#  59] SVD queue1: 
--------------------------------------------------------------------------------
  35:         if self.front is None:
  36:             raise ValueError()
  37:         else:
  38:             front_node = self.front
[34m- 39:             self.front = self.front.next[0m
[32m+ 39:             self.front = front.next[0m
  40:             self.size -= 1
  41:             return front_node.data
  42:     
  43:     def peek(self):
--------------------------------------------------------------------------------
[0.17032 s] [32mkilled[0m by MIO/test_queue1_MIO.py::test_case_0

def test_case_0():
        queue_0 = module_0.Queue()
        assert len(queue_0) == 0
        var_0 = queue_0.peek()
        var_1 = queue_0.enqueue(queue_0)
        assert len(queue_0) == 1
        var_2 = queue_0.enqueue(queue_0)
        assert len(queue_0) == 2
        var_3 = queue_0.__str__()
        var_4 = queue_0.__str__()
        var_5 = var_3.__str__()
        var_6 = queue_0.__len__()
        assert var_6 == 2
>       var_7 = queue_0.dequeue()

MIO/test_queue1_MIO.py:18: 
_ _ _ _ _ _ _ _ _ _ _ _ _ _ _ _ _ _ _ _ _ _ _ _ _ _ _ _ _ _ _ _ _ _ _ _ _ _ _ _ 

self = <queue1.Queue object at 0x7f6a95fdd720>

>   ???
E   NameError: name 'front' is not defined

queue1:39: NameError
[36m   -[0m [#  60] SVD queue1: 
--------------------------------------------------------------------------------
  36:             raise ValueError()
  37:         else:
  38:             front_node = self.front
  39:             self.front = self.front.next
[34m- 40:             self.size -= 1[0m
[32m+ 40:             size -= 1[0m
  41:             return front_node.data
  42:     
  43:     def peek(self):
  44:         if self.front is None:
--------------------------------------------------------------------------------
[0.00000 s] [36mincompetent[0m

ValueError: expression must have Store context but has Load instead

[36m   -[0m [#  61] SVD queue1: 
--------------------------------------------------------------------------------
  40:             self.size -= 1
  41:             return front_node.data
  42:     
  43:     def peek(self):
[34m- 44:         if self.front is None:[0m
[32m+ 44:         if front is None:[0m
  45:             return None
  46:         return self.front.data
  47:     
  48:     def clear(self):
--------------------------------------------------------------------------------
[0.16879 s] [32mkilled[0m by MIO/test_queue1_MIO.py::test_case_0

def test_case_0():
        queue_0 = module_0.Queue()
        assert len(queue_0) == 0
>       var_0 = queue_0.peek()

MIO/test_queue1_MIO.py:8: 
_ _ _ _ _ _ _ _ _ _ _ _ _ _ _ _ _ _ _ _ _ _ _ _ _ _ _ _ _ _ _ _ _ _ _ _ _ _ _ _ 

self = <queue1.Queue object at 0x7f6a961abdc0>

>   ???
E   NameError: name 'front' is not defined

queue1:44: NameError
[36m   -[0m [#  62] SVD queue1: 
--------------------------------------------------------------------------------
  42:     
  43:     def peek(self):
  44:         if self.front is None:
  45:             return None
[34m- 46:         return self.front.data[0m
[32m+ 46:         return front.data[0m
  47:     
  48:     def clear(self):
  49:         self.size = 0
  50:         self.front = None
--------------------------------------------------------------------------------
[0.17345 s] [32mkilled[0m by MIO/test_queue1_MIO.py::test_case_2

def test_case_2():
        queue_0 = module_0.Queue()
        assert len(queue_0) == 0
        var_0 = queue_0.enqueue(queue_0)
        assert len(queue_0) == 1
>       var_1 = queue_0.peek()

MIO/test_queue1_MIO.py:34: 
_ _ _ _ _ _ _ _ _ _ _ _ _ _ _ _ _ _ _ _ _ _ _ _ _ _ _ _ _ _ _ _ _ _ _ _ _ _ _ _ 

self = <queue1.Queue object at 0x7f6a96145f00>

>   ???
E   NameError: name 'front' is not defined

queue1:46: NameError
[36m   -[0m [#  63] SVD queue1: 
--------------------------------------------------------------------------------
  45:             return None
  46:         return self.front.data
  47:     
  48:     def clear(self):
[34m- 49:         self.size = 0[0m
[32m+ 49:         size = 0[0m
  50:         self.front = None
  51:         self.back = None
  52: 
  53: class QueueNode(object):
--------------------------------------------------------------------------------
[0.00000 s] [36mincompetent[0m

ValueError: expression must have Store context but has Load instead

[36m   -[0m [#  64] SVD queue1: 
--------------------------------------------------------------------------------
  46:         return self.front.data
  47:     
  48:     def clear(self):
  49:         self.size = 0
[34m- 50:         self.front = None[0m
[32m+ 50:         front = None[0m
  51:         self.back = None
  52: 
  53: class QueueNode(object):
  54:     def __init__(self, item):
--------------------------------------------------------------------------------
[0.00000 s] [36mincompetent[0m

ValueError: expression must have Store context but has Load instead

[36m   -[0m [#  65] SVD queue1: 
--------------------------------------------------------------------------------
  47:     
  48:     def clear(self):
  49:         self.size = 0
  50:         self.front = None
[34m- 51:         self.back = None[0m
[32m+ 51:         back = None[0m
  52: 
  53: class QueueNode(object):
  54:     def __init__(self, item):
  55:         self.data = item
--------------------------------------------------------------------------------
[0.00000 s] [36mincompetent[0m

ValueError: expression must have Store context but has Load instead

[36m   -[0m [#  66] SVD queue1: 
--------------------------------------------------------------------------------
  51:         self.back = None
  52: 
  53: class QueueNode(object):
  54:     def __init__(self, item):
[34m- 55:         self.data = item[0m
[32m+ 55:         data = item[0m
  56:         self.next = None
--------------------------------------------------------------------------------
[0.00000 s] [36mincompetent[0m

ValueError: expression must have Store context but has Load instead

[36m   -[0m [#  67] SVD queue1: 
--------------------------------------------------------------------------------
  52: 
  53: class QueueNode(object):
  54:     def __init__(self, item):
  55:         self.data = item
[34m- 56:         self.next = None[0m
[32m+ 56:         next = None[0m
--------------------------------------------------------------------------------
[0.00000 s] [36mincompetent[0m

ValueError: expression must have Store context but has Load instead

[34m[*][0m Mutation score [12.24511 s]: [1m[34m79.5%[0m
[36m   -[0m all: 67
[36m   -[0m killed: 35 (52.2%)
[36m   -[0m survived: 9 (13.4%)
[36m   -[0m incompetent: 23 (34.3%)
[36m   -[0m timeout: 0 (0.0%)
