[34m[*][0m Start mutation process:
[36m   -[0m targets: stack2.py
[36m   -[0m tests: ./DYNAMOSA
[34m[*][0m 5 tests passed:
[36m   -[0m test_stack2_DYNAMOSA [0.26891 s]
[34m[*][0m Start mutants generation and execution:
[36m   -[0m [#   1] AOR stack2: 
--------------------------------------------------------------------------------
  23:         return self.stack.pop()
  24:     
  25:     def __repr__(self):
  26:         '''show representation.'''
[34m- 27:         return 'stack:' + str(self.stack)[0m
[32m+ 27:         return 'stack:' - str(self.stack)[0m
--------------------------------------------------------------------------------
[0.17004 s] [36mincompetent[0m

TypeError: stack2:27: TypeError: unsupported operand type(s) for -: 'str' and 'str'

[36m   -[0m [#   2] CDI stack2: 
--------------------------------------------------------------------------------
   3: 
   4:     Author: George Heineman
   5: '''
   6: class Stack:
[34m-  7:     def __init__(self):[0m
[34m-  8:         '''Demonstrate using list as storage for a Stack.'''[0m
[34m-  9:         self.stack = [][0m
[34m- 10:     [0m
[32m+  7:     @classmethod[0m
[32m+  8:     def __init__(self):[0m
[32m+  9:         '''Demonstrate using list as storage for a Stack.'''[0m
[32m+ 10:         self.stack = [][0m
  11:     def isEmpty(self):
  12:         '''Determines whether stack is empty. O(1) performance'''
  13:         return len(self.stack) == 0
  14:     
--------------------------------------------------------------------------------
[0.13535 s] [31msurvived[0m
[36m   -[0m [#   3] CDI stack2: 
--------------------------------------------------------------------------------
   7:     def __init__(self):
   8:         '''Demonstrate using list as storage for a Stack.'''
   9:         self.stack = []
  10:     
[34m- 11:     def isEmpty(self):[0m
[34m- 12:         '''Determines whether stack is empty. O(1) performance'''[0m
[34m- 13:         return len(self.stack) == 0[0m
[34m- 14:     [0m
[32m+ 11:     @classmethod[0m
[32m+ 12:     def isEmpty(self):[0m
[32m+ 13:         '''Determines whether stack is empty. O(1) performance'''[0m
[32m+ 14:         return len(self.stack) == 0[0m
  15:     def push(self, v):
  16:         '''Push v onto the stack. O(1) performance.'''
  17:         self.stack.append(v)
  18:     
--------------------------------------------------------------------------------
[0.15105 s] [32mkilled[0m by DYNAMOSA/test_stack2_DYNAMOSA.py::test_case_1

def test_case_1():
        stack_0 = module_0.Stack()
        var_0 = stack_0.push(stack_0)
        stack_1 = module_0.Stack()
        var_1 = stack_1.push(stack_1)
>       var_2 = stack_1.pop()

DYNAMOSA/test_stack2_DYNAMOSA.py:15: 
_ _ _ _ _ _ _ _ _ _ _ _ _ _ _ _ _ _ _ _ _ _ _ _ _ _ _ _ _ _ _ _ _ _ _ _ _ _ _ _ 
stack2:21: in pop
    ???
_ _ _ _ _ _ _ _ _ _ _ _ _ _ _ _ _ _ _ _ _ _ _ _ _ _ _ _ _ _ _ _ _ _ _ _ _ _ _ _ 

self = <class 'stack2.Stack'>

>   ???
E   AttributeError: type object 'Stack' has no attribute 'stack'

stack2:14: AttributeError
[36m   -[0m [#   4] CDI stack2: 
--------------------------------------------------------------------------------
  11:     def isEmpty(self):
  12:         '''Determines whether stack is empty. O(1) performance'''
  13:         return len(self.stack) == 0
  14:     
[34m- 15:     def push(self, v):[0m
[34m- 16:         '''Push v onto the stack. O(1) performance.'''[0m
[34m- 17:         self.stack.append(v)[0m
[34m- 18:     [0m
[32m+ 15:     @classmethod[0m
[32m+ 16:     def push(self, v):[0m
[32m+ 17:         '''Push v onto the stack. O(1) performance.'''[0m
[32m+ 18:         self.stack.append(v)[0m
  19:     def pop(self):
  20:         '''Remove topmost element and return it. O(1) performance.'''
  21:         if self.isEmpty():
  22:             raise Exception('Stack is empty.')
--------------------------------------------------------------------------------
[0.16164 s] [32mkilled[0m by DYNAMOSA/test_stack2_DYNAMOSA.py::test_case_1

def test_case_1():
        stack_0 = module_0.Stack()
>       var_0 = stack_0.push(stack_0)

DYNAMOSA/test_stack2_DYNAMOSA.py:12: 
_ _ _ _ _ _ _ _ _ _ _ _ _ _ _ _ _ _ _ _ _ _ _ _ _ _ _ _ _ _ _ _ _ _ _ _ _ _ _ _ 

self = <class 'stack2.Stack'>, v = stack:[]

>   ???
E   AttributeError: type object 'Stack' has no attribute 'stack'

stack2:18: AttributeError
[36m   -[0m [#   5] CDI stack2: 
--------------------------------------------------------------------------------
  15:     def push(self, v):
  16:         '''Push v onto the stack. O(1) performance.'''
  17:         self.stack.append(v)
  18:     
[34m- 19:     def pop(self):[0m
[34m- 20:         '''Remove topmost element and return it. O(1) performance.'''[0m
[34m- 21:         if self.isEmpty():[0m
[34m- 22:             raise Exception('Stack is empty.')[0m
[34m- 23:         return self.stack.pop()[0m
[34m- 24:     [0m
[32m+ 19:     @classmethod[0m
[32m+ 20:     def pop(self):[0m
[32m+ 21:         '''Remove topmost element and return it. O(1) performance.'''[0m
[32m+ 22:         if self.isEmpty():[0m
[32m+ 23:             raise Exception('Stack is empty.')[0m
[32m+ 24:         return self.stack.pop()[0m
  25:     def __repr__(self):
  26:         '''show representation.'''
  27:         return 'stack:' + str(self.stack)
--------------------------------------------------------------------------------
[0.16184 s] [36mincompetent[0m

TypeError: stack2:22: TypeError: Stack.isEmpty() missing 1 required positional argument: 'self'

[36m   -[0m [#   6] CDI stack2: 
--------------------------------------------------------------------------------
  21:         if self.isEmpty():
  22:             raise Exception('Stack is empty.')
  23:         return self.stack.pop()
  24:     
[34m- 25:     def __repr__(self):[0m
[34m- 26:         '''show representation.'''[0m
[34m- 27:         return 'stack:' + str(self.stack)[0m
[32m+ 25:     @classmethod[0m
[32m+ 26:     def __repr__(self):[0m
[32m+ 27:         '''show representation.'''[0m
[32m+ 28:         return 'stack:' + str(self.stack)[0m
--------------------------------------------------------------------------------
[0.15311 s] [32mkilled[0m by DYNAMOSA/test_stack2_DYNAMOSA.py::test_case_4

def test_case_4():
        stack_0 = module_0.Stack()
>       var_0 = stack_0.__repr__()

DYNAMOSA/test_stack2_DYNAMOSA.py:39: 
_ _ _ _ _ _ _ _ _ _ _ _ _ _ _ _ _ _ _ _ _ _ _ _ _ _ _ _ _ _ _ _ _ _ _ _ _ _ _ _ 

self = <class 'stack2.Stack'>

>   ???
E   AttributeError: type object 'Stack' has no attribute 'stack'

stack2:28: AttributeError
[36m   -[0m [#   7] COI stack2: 
--------------------------------------------------------------------------------
  17:         self.stack.append(v)
  18:     
  19:     def pop(self):
  20:         '''Remove topmost element and return it. O(1) performance.'''
[34m- 21:         if self.isEmpty():[0m
[32m+ 21:         if not (self.isEmpty()):[0m
  22:             raise Exception('Stack is empty.')
  23:         return self.stack.pop()
  24:     
  25:     def __repr__(self):
--------------------------------------------------------------------------------
[0.15121 s] [32mkilled[0m by DYNAMOSA/test_stack2_DYNAMOSA.py::test_case_1

def test_case_1():
        stack_0 = module_0.Stack()
        var_0 = stack_0.push(stack_0)
        stack_1 = module_0.Stack()
        var_1 = stack_1.push(stack_1)
>       var_2 = stack_1.pop()

DYNAMOSA/test_stack2_DYNAMOSA.py:15: 
_ _ _ _ _ _ _ _ _ _ _ _ _ _ _ _ _ _ _ _ _ _ _ _ _ _ _ _ _ _ _ _ _ _ _ _ _ _ _ _ 

self = stack:[stack:[...]]

>   ???
E   Exception: Stack is empty.

stack2:22: Exception
[36m   -[0m [#   8] CRP stack2: 
--------------------------------------------------------------------------------
   9:         self.stack = []
  10:     
  11:     def isEmpty(self):
  12:         '''Determines whether stack is empty. O(1) performance'''
[34m- 13:         return len(self.stack) == 0[0m
[32m+ 13:         return len(self.stack) == 1[0m
  14:     
  15:     def push(self, v):
  16:         '''Push v onto the stack. O(1) performance.'''
  17:         self.stack.append(v)
--------------------------------------------------------------------------------
[0.15061 s] [32mkilled[0m by DYNAMOSA/test_stack2_DYNAMOSA.py::test_case_1

def test_case_1():
        stack_0 = module_0.Stack()
        var_0 = stack_0.push(stack_0)
        stack_1 = module_0.Stack()
        var_1 = stack_1.push(stack_1)
>       var_2 = stack_1.pop()

DYNAMOSA/test_stack2_DYNAMOSA.py:15: 
_ _ _ _ _ _ _ _ _ _ _ _ _ _ _ _ _ _ _ _ _ _ _ _ _ _ _ _ _ _ _ _ _ _ _ _ _ _ _ _ 

self = stack:[stack:[...]]

>   ???
E   Exception: Stack is empty.

stack2:22: Exception
[36m   -[0m [#   9] CRP stack2: 
--------------------------------------------------------------------------------
  18:     
  19:     def pop(self):
  20:         '''Remove topmost element and return it. O(1) performance.'''
  21:         if self.isEmpty():
[34m- 22:             raise Exception('Stack is empty.')[0m
[32m+ 22:             raise Exception('mutpy')[0m
  23:         return self.stack.pop()
  24:     
  25:     def __repr__(self):
  26:         '''show representation.'''
--------------------------------------------------------------------------------
[0.12519 s] [31msurvived[0m
[36m   -[0m [#  10] CRP stack2: 
--------------------------------------------------------------------------------
  18:     
  19:     def pop(self):
  20:         '''Remove topmost element and return it. O(1) performance.'''
  21:         if self.isEmpty():
[34m- 22:             raise Exception('Stack is empty.')[0m
[32m+ 22:             raise Exception('')[0m
  23:         return self.stack.pop()
  24:     
  25:     def __repr__(self):
  26:         '''show representation.'''
--------------------------------------------------------------------------------
[0.14147 s] [31msurvived[0m
[36m   -[0m [#  11] CRP stack2: 
--------------------------------------------------------------------------------
  23:         return self.stack.pop()
  24:     
  25:     def __repr__(self):
  26:         '''show representation.'''
[34m- 27:         return 'stack:' + str(self.stack)[0m
[32m+ 27:         return 'mutpy' + str(self.stack)[0m
--------------------------------------------------------------------------------
[0.17399 s] [32mkilled[0m by DYNAMOSA/test_stack2_DYNAMOSA.py::test_case_4

def test_case_4():
        stack_0 = module_0.Stack()
        var_0 = stack_0.__repr__()
>       assert var_0 == 'stack:[]'
E       AssertionError

DYNAMOSA/test_stack2_DYNAMOSA.py:40: AssertionError
[36m   -[0m [#  12] CRP stack2: 
--------------------------------------------------------------------------------
  23:         return self.stack.pop()
  24:     
  25:     def __repr__(self):
  26:         '''show representation.'''
[34m- 27:         return 'stack:' + str(self.stack)[0m
[32m+ 27:         return '' + str(self.stack)[0m
--------------------------------------------------------------------------------
[0.16949 s] [32mkilled[0m by DYNAMOSA/test_stack2_DYNAMOSA.py::test_case_4

def test_case_4():
        stack_0 = module_0.Stack()
        var_0 = stack_0.__repr__()
>       assert var_0 == 'stack:[]'
E       AssertionError

DYNAMOSA/test_stack2_DYNAMOSA.py:40: AssertionError
[36m   -[0m [#  13] ROR stack2: 
--------------------------------------------------------------------------------
   9:         self.stack = []
  10:     
  11:     def isEmpty(self):
  12:         '''Determines whether stack is empty. O(1) performance'''
[34m- 13:         return len(self.stack) == 0[0m
[32m+ 13:         return len(self.stack) != 0[0m
  14:     
  15:     def push(self, v):
  16:         '''Push v onto the stack. O(1) performance.'''
  17:         self.stack.append(v)
--------------------------------------------------------------------------------
[0.14949 s] [32mkilled[0m by DYNAMOSA/test_stack2_DYNAMOSA.py::test_case_1

def test_case_1():
        stack_0 = module_0.Stack()
        var_0 = stack_0.push(stack_0)
        stack_1 = module_0.Stack()
        var_1 = stack_1.push(stack_1)
>       var_2 = stack_1.pop()

DYNAMOSA/test_stack2_DYNAMOSA.py:15: 
_ _ _ _ _ _ _ _ _ _ _ _ _ _ _ _ _ _ _ _ _ _ _ _ _ _ _ _ _ _ _ _ _ _ _ _ _ _ _ _ 

self = stack:[stack:[...]]

>   ???
E   Exception: Stack is empty.

stack2:22: Exception
[36m   -[0m [#  14] SDI stack2: 
--------------------------------------------------------------------------------
   3: 
   4:     Author: George Heineman
   5: '''
   6: class Stack:
[34m-  7:     def __init__(self):[0m
[34m-  8:         '''Demonstrate using list as storage for a Stack.'''[0m
[34m-  9:         self.stack = [][0m
[34m- 10:     [0m
[32m+  7:     @staticmethod[0m
[32m+  8:     def __init__(self):[0m
[32m+  9:         '''Demonstrate using list as storage for a Stack.'''[0m
[32m+ 10:         self.stack = [][0m
  11:     def isEmpty(self):
  12:         '''Determines whether stack is empty. O(1) performance'''
  13:         return len(self.stack) == 0
  14:     
--------------------------------------------------------------------------------
[0.14957 s] [36mincompetent[0m

TypeError: /home/lucca/desktop/ic/experimento/testes/python_experiments/stack2/DYNAMOSA/test_stack2_DYNAMOSA.py:6: TypeError: Stack.__init__() missing 1 required positional argument: 'self'

[36m   -[0m [#  15] SDI stack2: 
--------------------------------------------------------------------------------
   7:     def __init__(self):
   8:         '''Demonstrate using list as storage for a Stack.'''
   9:         self.stack = []
  10:     
[34m- 11:     def isEmpty(self):[0m
[34m- 12:         '''Determines whether stack is empty. O(1) performance'''[0m
[34m- 13:         return len(self.stack) == 0[0m
[34m- 14:     [0m
[32m+ 11:     @staticmethod[0m
[32m+ 12:     def isEmpty(self):[0m
[32m+ 13:         '''Determines whether stack is empty. O(1) performance'''[0m
[32m+ 14:         return len(self.stack) == 0[0m
  15:     def push(self, v):
  16:         '''Push v onto the stack. O(1) performance.'''
  17:         self.stack.append(v)
  18:     
--------------------------------------------------------------------------------
[0.17001 s] [36mincompetent[0m

TypeError: stack2:21: TypeError: Stack.isEmpty() missing 1 required positional argument: 'self'

[36m   -[0m [#  16] SDI stack2: 
--------------------------------------------------------------------------------
  11:     def isEmpty(self):
  12:         '''Determines whether stack is empty. O(1) performance'''
  13:         return len(self.stack) == 0
  14:     
[34m- 15:     def push(self, v):[0m
[34m- 16:         '''Push v onto the stack. O(1) performance.'''[0m
[34m- 17:         self.stack.append(v)[0m
[34m- 18:     [0m
[32m+ 15:     @staticmethod[0m
[32m+ 16:     def push(self, v):[0m
[32m+ 17:         '''Push v onto the stack. O(1) performance.'''[0m
[32m+ 18:         self.stack.append(v)[0m
  19:     def pop(self):
  20:         '''Remove topmost element and return it. O(1) performance.'''
  21:         if self.isEmpty():
  22:             raise Exception('Stack is empty.')
--------------------------------------------------------------------------------
[0.16200 s] [36mincompetent[0m

TypeError: /home/lucca/desktop/ic/experimento/testes/python_experiments/stack2/DYNAMOSA/test_stack2_DYNAMOSA.py:12: TypeError: Stack.push() missing 1 required positional argument: 'v'

[36m   -[0m [#  17] SDI stack2: 
--------------------------------------------------------------------------------
  15:     def push(self, v):
  16:         '''Push v onto the stack. O(1) performance.'''
  17:         self.stack.append(v)
  18:     
[34m- 19:     def pop(self):[0m
[34m- 20:         '''Remove topmost element and return it. O(1) performance.'''[0m
[34m- 21:         if self.isEmpty():[0m
[34m- 22:             raise Exception('Stack is empty.')[0m
[34m- 23:         return self.stack.pop()[0m
[34m- 24:     [0m
[32m+ 19:     @staticmethod[0m
[32m+ 20:     def pop(self):[0m
[32m+ 21:         '''Remove topmost element and return it. O(1) performance.'''[0m
[32m+ 22:         if self.isEmpty():[0m
[32m+ 23:             raise Exception('Stack is empty.')[0m
[32m+ 24:         return self.stack.pop()[0m
  25:     def __repr__(self):
  26:         '''show representation.'''
  27:         return 'stack:' + str(self.stack)
--------------------------------------------------------------------------------
[0.16771 s] [36mincompetent[0m

TypeError: /home/lucca/desktop/ic/experimento/testes/python_experiments/stack2/DYNAMOSA/test_stack2_DYNAMOSA.py:15: TypeError: Stack.pop() missing 1 required positional argument: 'self'

[36m   -[0m [#  18] SDI stack2: 
--------------------------------------------------------------------------------
  21:         if self.isEmpty():
  22:             raise Exception('Stack is empty.')
  23:         return self.stack.pop()
  24:     
[34m- 25:     def __repr__(self):[0m
[34m- 26:         '''show representation.'''[0m
[34m- 27:         return 'stack:' + str(self.stack)[0m
[32m+ 25:     @staticmethod[0m
[32m+ 26:     def __repr__(self):[0m
[32m+ 27:         '''show representation.'''[0m
[32m+ 28:         return 'stack:' + str(self.stack)[0m
--------------------------------------------------------------------------------
[0.15364 s] [36mincompetent[0m

TypeError: /home/lucca/desktop/ic/experimento/testes/python_experiments/stack2/DYNAMOSA/test_stack2_DYNAMOSA.py:39: TypeError: Stack.__repr__() missing 1 required positional argument: 'self'

[36m   -[0m [#  19] SDL stack2: 
--------------------------------------------------------------------------------
   5: '''
   6: class Stack:
   7:     def __init__(self):
   8:         '''Demonstrate using list as storage for a Stack.'''
[34m-  9:         self.stack = [][0m
[32m+  9:         pass[0m
  10:     
  11:     def isEmpty(self):
  12:         '''Determines whether stack is empty. O(1) performance'''
  13:         return len(self.stack) == 0
--------------------------------------------------------------------------------
[0.15229 s] [32mkilled[0m by DYNAMOSA/test_stack2_DYNAMOSA.py::test_case_1

def test_case_1():
        stack_0 = module_0.Stack()
>       var_0 = stack_0.push(stack_0)

DYNAMOSA/test_stack2_DYNAMOSA.py:12: 
_ _ _ _ _ _ _ _ _ _ _ _ _ _ _ _ _ _ _ _ _ _ _ _ _ _ _ _ _ _ _ _ _ _ _ _ _ _ _ _ 

self = <[AttributeError("'Stack' object has no attribute 'stack'") raised in repr()] Stack object at 0x7ff83ee1bc40>
v = <[AttributeError("'Stack' object has no attribute 'stack'") raised in repr()] Stack object at 0x7ff83ee1bc40>

>   ???
E   AttributeError: 'Stack' object has no attribute 'stack'

stack2:17: AttributeError
[36m   -[0m [#  20] SDL stack2: 
--------------------------------------------------------------------------------
   9:         self.stack = []
  10:     
  11:     def isEmpty(self):
  12:         '''Determines whether stack is empty. O(1) performance'''
[34m- 13:         return len(self.stack) == 0[0m
[32m+ 13:         pass[0m
  14:     
  15:     def push(self, v):
  16:         '''Push v onto the stack. O(1) performance.'''
  17:         self.stack.append(v)
--------------------------------------------------------------------------------
[0.17555 s] [32mkilled[0m by DYNAMOSA/test_stack2_DYNAMOSA.py::test_case_3

def test_case_3():
        bool_0 = True
        stack_0 = module_0.Stack()
        var_0 = stack_0.isEmpty()
>       assert var_0 is True
E       AssertionError

DYNAMOSA/test_stack2_DYNAMOSA.py:35: AssertionError
[36m   -[0m [#  21] SDL stack2: 
--------------------------------------------------------------------------------
  13:         return len(self.stack) == 0
  14:     
  15:     def push(self, v):
  16:         '''Push v onto the stack. O(1) performance.'''
[34m- 17:         self.stack.append(v)[0m
[32m+ 17:         pass[0m
  18:     
  19:     def pop(self):
  20:         '''Remove topmost element and return it. O(1) performance.'''
  21:         if self.isEmpty():
--------------------------------------------------------------------------------
[0.16954 s] [32mkilled[0m by DYNAMOSA/test_stack2_DYNAMOSA.py::test_case_1

def test_case_1():
        stack_0 = module_0.Stack()
        var_0 = stack_0.push(stack_0)
        stack_1 = module_0.Stack()
        var_1 = stack_1.push(stack_1)
>       var_2 = stack_1.pop()

DYNAMOSA/test_stack2_DYNAMOSA.py:15: 
_ _ _ _ _ _ _ _ _ _ _ _ _ _ _ _ _ _ _ _ _ _ _ _ _ _ _ _ _ _ _ _ _ _ _ _ _ _ _ _ 

self = stack:[]

>   ???
E   Exception: Stack is empty.

stack2:22: Exception
[36m   -[0m [#  22] SDL stack2: 
--------------------------------------------------------------------------------
  19:     def pop(self):
  20:         '''Remove topmost element and return it. O(1) performance.'''
  21:         if self.isEmpty():
  22:             raise Exception('Stack is empty.')
[34m- 23:         return self.stack.pop()[0m
[32m+ 23:         pass[0m
  24:     
  25:     def __repr__(self):
  26:         '''show representation.'''
  27:         return 'stack:' + str(self.stack)
--------------------------------------------------------------------------------
[0.16735 s] [32mkilled[0m by DYNAMOSA/test_stack2_DYNAMOSA.py::test_case_1

def test_case_1():
        stack_0 = module_0.Stack()
        var_0 = stack_0.push(stack_0)
        stack_1 = module_0.Stack()
        var_1 = stack_1.push(stack_1)
        var_2 = stack_1.pop()
>       assert stack_1.stack == []
E       AssertionError

DYNAMOSA/test_stack2_DYNAMOSA.py:16: AssertionError
[36m   -[0m [#  23] SDL stack2: 
--------------------------------------------------------------------------------
  23:         return self.stack.pop()
  24:     
  25:     def __repr__(self):
  26:         '''show representation.'''
[34m- 27:         return 'stack:' + str(self.stack)[0m
[32m+ 27:         pass[0m
--------------------------------------------------------------------------------
[0.16696 s] [32mkilled[0m by DYNAMOSA/test_stack2_DYNAMOSA.py::test_case_4

def test_case_4():
        stack_0 = module_0.Stack()
        var_0 = stack_0.__repr__()
>       assert var_0 == 'stack:[]'
E       AssertionError

DYNAMOSA/test_stack2_DYNAMOSA.py:40: AssertionError
[36m   -[0m [#  24] SVD stack2: 
--------------------------------------------------------------------------------
   5: '''
   6: class Stack:
   7:     def __init__(self):
   8:         '''Demonstrate using list as storage for a Stack.'''
[34m-  9:         self.stack = [][0m
[32m+  9:         stack = [][0m
  10:     
  11:     def isEmpty(self):
  12:         '''Determines whether stack is empty. O(1) performance'''
  13:         return len(self.stack) == 0
--------------------------------------------------------------------------------
[0.00000 s] [36mincompetent[0m

ValueError: expression must have Store context but has Load instead

[36m   -[0m [#  25] SVD stack2: 
--------------------------------------------------------------------------------
   9:         self.stack = []
  10:     
  11:     def isEmpty(self):
  12:         '''Determines whether stack is empty. O(1) performance'''
[34m- 13:         return len(self.stack) == 0[0m
[32m+ 13:         return len(stack) == 0[0m
  14:     
  15:     def push(self, v):
  16:         '''Push v onto the stack. O(1) performance.'''
  17:         self.stack.append(v)
--------------------------------------------------------------------------------
[0.16205 s] [32mkilled[0m by DYNAMOSA/test_stack2_DYNAMOSA.py::test_case_1

def test_case_1():
        stack_0 = module_0.Stack()
        var_0 = stack_0.push(stack_0)
        stack_1 = module_0.Stack()
        var_1 = stack_1.push(stack_1)
>       var_2 = stack_1.pop()

DYNAMOSA/test_stack2_DYNAMOSA.py:15: 
_ _ _ _ _ _ _ _ _ _ _ _ _ _ _ _ _ _ _ _ _ _ _ _ _ _ _ _ _ _ _ _ _ _ _ _ _ _ _ _ 
stack2:21: in pop
    ???
_ _ _ _ _ _ _ _ _ _ _ _ _ _ _ _ _ _ _ _ _ _ _ _ _ _ _ _ _ _ _ _ _ _ _ _ _ _ _ _ 

self = stack:[stack:[...]]

>   ???
E   NameError: name 'stack' is not defined

stack2:13: NameError
[36m   -[0m [#  26] SVD stack2: 
--------------------------------------------------------------------------------
  13:         return len(self.stack) == 0
  14:     
  15:     def push(self, v):
  16:         '''Push v onto the stack. O(1) performance.'''
[34m- 17:         self.stack.append(v)[0m
[32m+ 17:         stack.append(v)[0m
  18:     
  19:     def pop(self):
  20:         '''Remove topmost element and return it. O(1) performance.'''
  21:         if self.isEmpty():
--------------------------------------------------------------------------------
[0.16877 s] [32mkilled[0m by DYNAMOSA/test_stack2_DYNAMOSA.py::test_case_1

def test_case_1():
        stack_0 = module_0.Stack()
>       var_0 = stack_0.push(stack_0)

DYNAMOSA/test_stack2_DYNAMOSA.py:12: 
_ _ _ _ _ _ _ _ _ _ _ _ _ _ _ _ _ _ _ _ _ _ _ _ _ _ _ _ _ _ _ _ _ _ _ _ _ _ _ _ 

self = stack:[], v = stack:[]

>   ???
E   NameError: name 'stack' is not defined

stack2:17: NameError
[36m   -[0m [#  27] SVD stack2: 
--------------------------------------------------------------------------------
  17:         self.stack.append(v)
  18:     
  19:     def pop(self):
  20:         '''Remove topmost element and return it. O(1) performance.'''
[34m- 21:         if self.isEmpty():[0m
[32m+ 21:         if isEmpty():[0m
  22:             raise Exception('Stack is empty.')
  23:         return self.stack.pop()
  24:     
  25:     def __repr__(self):
--------------------------------------------------------------------------------
[0.15220 s] [32mkilled[0m by DYNAMOSA/test_stack2_DYNAMOSA.py::test_case_1

def test_case_1():
        stack_0 = module_0.Stack()
        var_0 = stack_0.push(stack_0)
        stack_1 = module_0.Stack()
        var_1 = stack_1.push(stack_1)
>       var_2 = stack_1.pop()

DYNAMOSA/test_stack2_DYNAMOSA.py:15: 
_ _ _ _ _ _ _ _ _ _ _ _ _ _ _ _ _ _ _ _ _ _ _ _ _ _ _ _ _ _ _ _ _ _ _ _ _ _ _ _ 

self = stack:[stack:[...]]

>   ???
E   NameError: name 'isEmpty' is not defined

stack2:21: NameError
[36m   -[0m [#  28] SVD stack2: 
--------------------------------------------------------------------------------
  19:     def pop(self):
  20:         '''Remove topmost element and return it. O(1) performance.'''
  21:         if self.isEmpty():
  22:             raise Exception('Stack is empty.')
[34m- 23:         return self.stack.pop()[0m
[32m+ 23:         return stack.pop()[0m
  24:     
  25:     def __repr__(self):
  26:         '''show representation.'''
  27:         return 'stack:' + str(self.stack)
--------------------------------------------------------------------------------
[0.16046 s] [32mkilled[0m by DYNAMOSA/test_stack2_DYNAMOSA.py::test_case_1

def test_case_1():
        stack_0 = module_0.Stack()
        var_0 = stack_0.push(stack_0)
        stack_1 = module_0.Stack()
        var_1 = stack_1.push(stack_1)
>       var_2 = stack_1.pop()

DYNAMOSA/test_stack2_DYNAMOSA.py:15: 
_ _ _ _ _ _ _ _ _ _ _ _ _ _ _ _ _ _ _ _ _ _ _ _ _ _ _ _ _ _ _ _ _ _ _ _ _ _ _ _ 

self = stack:[stack:[...]]

>   ???
E   NameError: name 'stack' is not defined

stack2:23: NameError
[36m   -[0m [#  29] SVD stack2: 
--------------------------------------------------------------------------------
  23:         return self.stack.pop()
  24:     
  25:     def __repr__(self):
  26:         '''show representation.'''
[34m- 27:         return 'stack:' + str(self.stack)[0m
[32m+ 27:         return 'stack:' + str(stack)[0m
--------------------------------------------------------------------------------
[0.17236 s] [32mkilled[0m by DYNAMOSA/test_stack2_DYNAMOSA.py::test_case_4

def test_case_4():
        stack_0 = module_0.Stack()
>       var_0 = stack_0.__repr__()

DYNAMOSA/test_stack2_DYNAMOSA.py:39: 
_ _ _ _ _ _ _ _ _ _ _ _ _ _ _ _ _ _ _ _ _ _ _ _ _ _ _ _ _ _ _ _ _ _ _ _ _ _ _ _ 

self = <[NameError("name 'stack' is not defined") raised in repr()] Stack object at 0x7ff83edc7d90>

>   ???
E   NameError: name 'stack' is not defined

stack2:27: NameError
[34m[*][0m Mutation score [5.58038 s]: [1m[34m85.7%[0m
[36m   -[0m all: 29
[36m   -[0m killed: 18 (62.1%)
[36m   -[0m survived: 3 (10.3%)
[36m   -[0m incompetent: 8 (27.6%)
[36m   -[0m timeout: 0 (0.0%)
