[*] Start mutation process:
   - targets: queue5.py
   - tests: ./DYNAMOSA-MOSA-WHOLE_SUITE
[*] 18 tests passed:
   - test_queue5_WHOLE_SUITE [0.05286 s]
   - test_queue5_MOSA [0.03707 s]
   - test_queue5_DYNAMOSA [0.03688 s]
[*] Start mutants generation and execution:
   - [#   1] CDI queue5: 
--------------------------------------------------------------------------------
   1: class Node(object):
   2:     
-  3:     def __init__(self, data):
-  4:         self.data = data
-  5:         self.next = None
-  6: 
+  3:     @classmethod
+  4:     def __init__(self, data):
+  5:         self.data = data
+  6:         self.next = None
   7: 
   8: class Queue(object):
   9:     
  10:     def __init__(self):
--------------------------------------------------------------------------------
[0.07953 s] killed by DYNAMOSA-MOSA-WHOLE_SUITE/test_queue5_DYNAMOSA.py::test_case_4

def test_case_4():
        bool_0 = False
        queue_0 = module_0.Queue()
        queue_1 = module_0.Queue()
        var_0 = queue_0.enqueue(bool_0)
        assert f'{type(queue_0.head).__module__}.{type(queue_0.head).__qualname__}' == 'queue5.Node'
        assert f'{type(queue_0.tail).__module__}.{type(queue_0.tail).__qualname__}' == 'queue5.Node'
        node_0 = module_0.Node(var_0)
        queue_2 = module_0.Queue()
        var_1 = queue_2.enqueue(queue_1)
        var_2 = queue_0.dequeue()
>       assert var_2 is False
E       AssertionError

DYNAMOSA-MOSA-WHOLE_SUITE/test_queue5_DYNAMOSA.py:60: AssertionError
   - [#   2] CDI queue5: 
--------------------------------------------------------------------------------
   6: 
   7: 
   8: class Queue(object):
   9:     
- 10:     def __init__(self):
- 11:         self.head = None
- 12:         self.tail = None
- 13:     
+ 10:     @classmethod
+ 11:     def __init__(self):
+ 12:         self.head = None
+ 13:         self.tail = None
  14:     def enqueue(self, data):
  15:         node = Node(data)
  16:         
  17:         if (self.head is None and self.tail is None):
--------------------------------------------------------------------------------
[0.05579 s] survived
   - [#   3] CDI queue5: 
--------------------------------------------------------------------------------
  10:     def __init__(self):
  11:         self.head = None
  12:         self.tail = None
  13:     
- 14:     def enqueue(self, data):
- 15:         node = Node(data)
- 16:         
- 17:         if (self.head is None and self.tail is None):
- 18:             self.head = node
- 19:             self.tail = node
- 20:         else:
- 21:             self.tail.next = node
- 22:             self.tail = node
- 23:     
+ 14:     @classmethod
+ 15:     def enqueue(self, data):
+ 16:         node = Node(data)
+ 17:         
+ 18:         if (self.head is None and self.tail is None):
+ 19:             self.head = node
+ 20:             self.tail = node
+ 21:         else:
+ 22:             self.tail.next = node
+ 23:             self.tail = node
  24:     def dequeue(self):
  25:         
  26:         if (self.head is None and self.tail is None):
  27:             return None
--------------------------------------------------------------------------------
[0.06887 s] killed by DYNAMOSA-MOSA-WHOLE_SUITE/test_queue5_DYNAMOSA.py::test_case_0

def test_case_0():
        queue_0 = module_0.Queue()
>       var_0 = queue_0.enqueue(queue_0)

DYNAMOSA-MOSA-WHOLE_SUITE/test_queue5_DYNAMOSA.py:7: 
_ _ _ _ _ _ _ _ _ _ _ _ _ _ _ _ _ _ _ _ _ _ _ _ _ _ _ _ _ _ _ _ _ _ _ _ _ _ _ _ 

self = <class 'queue5.Queue'>, data = <queue5.Queue object at 0x7fb40822dc60>

>   ???
E   AttributeError: type object 'Queue' has no attribute 'head'

queue5:18: AttributeError
   - [#   4] CDI queue5: 
--------------------------------------------------------------------------------
  20:         else:
  21:             self.tail.next = node
  22:             self.tail = node
  23:     
- 24:     def dequeue(self):
- 25:         
- 26:         if (self.head is None and self.tail is None):
- 27:             return None
- 28:         data = self.head.data
- 29:         
- 30:         if self.head == self.tail:
- 31:             self.head = None
- 32:             self.tail = None
- 33:         else:
- 34:             self.head = self.head.next
- 35:         return data
+ 24:     @classmethod
+ 25:     def dequeue(self):
+ 26:         
+ 27:         if (self.head is None and self.tail is None):
+ 28:             return None
+ 29:         data = self.head.data
+ 30:         
+ 31:         if self.head == self.tail:
+ 32:             self.head = None
+ 33:             self.tail = None
+ 34:         else:
+ 35:             self.head = self.head.next
+ 36:         return data
--------------------------------------------------------------------------------
[0.06861 s] killed by DYNAMOSA-MOSA-WHOLE_SUITE/test_queue5_DYNAMOSA.py::test_case_1

def test_case_1():
        queue_0 = module_0.Queue()
        bool_0 = True
        var_0 = queue_0.enqueue(queue_0)
        assert f'{type(queue_0.head).__module__}.{type(queue_0.head).__qualname__}' == 'queue5.Node'
        assert f'{type(queue_0.tail).__module__}.{type(queue_0.tail).__qualname__}' == 'queue5.Node'
        queue_1 = module_0.Queue()
        queue_2 = module_0.Queue()
        node_0 = module_0.Node(bool_0)
        var_1 = queue_2.enqueue(queue_2)
>       var_2 = queue_2.dequeue()

DYNAMOSA-MOSA-WHOLE_SUITE/test_queue5_DYNAMOSA.py:21: 
_ _ _ _ _ _ _ _ _ _ _ _ _ _ _ _ _ _ _ _ _ _ _ _ _ _ _ _ _ _ _ _ _ _ _ _ _ _ _ _ 

self = <class 'queue5.Queue'>

>   ???
E   AttributeError: type object 'Queue' has no attribute 'head'

queue5:27: AttributeError
   - [#   5] COI queue5: 
--------------------------------------------------------------------------------
  13:     
  14:     def enqueue(self, data):
  15:         node = Node(data)
  16:         
- 17:         if (self.head is None and self.tail is None):
+ 17:         if not ((self.head is None and self.tail is None)):
  18:             self.head = node
  19:             self.tail = node
  20:         else:
  21:             self.tail.next = node
--------------------------------------------------------------------------------
[0.06884 s] killed by DYNAMOSA-MOSA-WHOLE_SUITE/test_queue5_DYNAMOSA.py::test_case_0

def test_case_0():
        queue_0 = module_0.Queue()
>       var_0 = queue_0.enqueue(queue_0)

DYNAMOSA-MOSA-WHOLE_SUITE/test_queue5_DYNAMOSA.py:7: 
_ _ _ _ _ _ _ _ _ _ _ _ _ _ _ _ _ _ _ _ _ _ _ _ _ _ _ _ _ _ _ _ _ _ _ _ _ _ _ _ 

self = <queue5.Queue object at 0x7fb408322bf0>
data = <queue5.Queue object at 0x7fb408322bf0>

>   ???
E   AttributeError: 'NoneType' object has no attribute 'next'

queue5:21: AttributeError
   - [#   6] COI queue5: 
--------------------------------------------------------------------------------
  22:             self.tail = node
  23:     
  24:     def dequeue(self):
  25:         
- 26:         if (self.head is None and self.tail is None):
+ 26:         if not ((self.head is None and self.tail is None)):
  27:             return None
  28:         data = self.head.data
  29:         
  30:         if self.head == self.tail:
--------------------------------------------------------------------------------
[0.06919 s] killed by DYNAMOSA-MOSA-WHOLE_SUITE/test_queue5_DYNAMOSA.py::test_case_1

def test_case_1():
        queue_0 = module_0.Queue()
        bool_0 = True
        var_0 = queue_0.enqueue(queue_0)
        assert f'{type(queue_0.head).__module__}.{type(queue_0.head).__qualname__}' == 'queue5.Node'
        assert f'{type(queue_0.tail).__module__}.{type(queue_0.tail).__qualname__}' == 'queue5.Node'
        queue_1 = module_0.Queue()
        queue_2 = module_0.Queue()
        node_0 = module_0.Node(bool_0)
        var_1 = queue_2.enqueue(queue_2)
        var_2 = queue_2.dequeue()
>       assert queue_2.head is None
E       AssertionError

DYNAMOSA-MOSA-WHOLE_SUITE/test_queue5_DYNAMOSA.py:22: AssertionError
   - [#   7] COI queue5: 
--------------------------------------------------------------------------------
  26:         if (self.head is None and self.tail is None):
  27:             return None
  28:         data = self.head.data
  29:         
- 30:         if self.head == self.tail:
+ 30:         if not (self.head == self.tail):
  31:             self.head = None
  32:             self.tail = None
  33:         else:
  34:             self.head = self.head.next
--------------------------------------------------------------------------------
[0.06901 s] killed by DYNAMOSA-MOSA-WHOLE_SUITE/test_queue5_DYNAMOSA.py::test_case_1

def test_case_1():
        queue_0 = module_0.Queue()
        bool_0 = True
        var_0 = queue_0.enqueue(queue_0)
        assert f'{type(queue_0.head).__module__}.{type(queue_0.head).__qualname__}' == 'queue5.Node'
        assert f'{type(queue_0.tail).__module__}.{type(queue_0.tail).__qualname__}' == 'queue5.Node'
        queue_1 = module_0.Queue()
        queue_2 = module_0.Queue()
        node_0 = module_0.Node(bool_0)
        var_1 = queue_2.enqueue(queue_2)
        var_2 = queue_2.dequeue()
        assert queue_2.head is None
>       assert queue_2.tail is None
E       AssertionError

DYNAMOSA-MOSA-WHOLE_SUITE/test_queue5_DYNAMOSA.py:23: AssertionError
   - [#   8] LCR queue5: 
--------------------------------------------------------------------------------
  13:     
  14:     def enqueue(self, data):
  15:         node = Node(data)
  16:         
- 17:         if (self.head is None and self.tail is None):
+ 17:         if (self.head is None or self.tail is None):
  18:             self.head = node
  19:             self.tail = node
  20:         else:
  21:             self.tail.next = node
--------------------------------------------------------------------------------
[0.05610 s] survived
   - [#   9] LCR queue5: 
--------------------------------------------------------------------------------
  22:             self.tail = node
  23:     
  24:     def dequeue(self):
  25:         
- 26:         if (self.head is None and self.tail is None):
+ 26:         if (self.head is None or self.tail is None):
  27:             return None
  28:         data = self.head.data
  29:         
  30:         if self.head == self.tail:
--------------------------------------------------------------------------------
[0.05457 s] survived
   - [#  10] ROR queue5: 
--------------------------------------------------------------------------------
  26:         if (self.head is None and self.tail is None):
  27:             return None
  28:         data = self.head.data
  29:         
- 30:         if self.head == self.tail:
+ 30:         if self.head != self.tail:
  31:             self.head = None
  32:             self.tail = None
  33:         else:
  34:             self.head = self.head.next
--------------------------------------------------------------------------------
[0.06955 s] killed by DYNAMOSA-MOSA-WHOLE_SUITE/test_queue5_DYNAMOSA.py::test_case_1

def test_case_1():
        queue_0 = module_0.Queue()
        bool_0 = True
        var_0 = queue_0.enqueue(queue_0)
        assert f'{type(queue_0.head).__module__}.{type(queue_0.head).__qualname__}' == 'queue5.Node'
        assert f'{type(queue_0.tail).__module__}.{type(queue_0.tail).__qualname__}' == 'queue5.Node'
        queue_1 = module_0.Queue()
        queue_2 = module_0.Queue()
        node_0 = module_0.Node(bool_0)
        var_1 = queue_2.enqueue(queue_2)
        var_2 = queue_2.dequeue()
        assert queue_2.head is None
>       assert queue_2.tail is None
E       AssertionError

DYNAMOSA-MOSA-WHOLE_SUITE/test_queue5_DYNAMOSA.py:23: AssertionError
   - [#  11] SDI queue5: 
--------------------------------------------------------------------------------
   1: class Node(object):
   2:     
-  3:     def __init__(self, data):
-  4:         self.data = data
-  5:         self.next = None
-  6: 
+  3:     @staticmethod
+  4:     def __init__(self, data):
+  5:         self.data = data
+  6:         self.next = None
   7: 
   8: class Queue(object):
   9:     
  10:     def __init__(self):
--------------------------------------------------------------------------------
[0.06900 s] incompetent

TypeError: queue5:15: TypeError: Node.__init__() missing 1 required positional argument: 'data'

   - [#  12] SDI queue5: 
--------------------------------------------------------------------------------
   6: 
   7: 
   8: class Queue(object):
   9:     
- 10:     def __init__(self):
- 11:         self.head = None
- 12:         self.tail = None
- 13:     
+ 10:     @staticmethod
+ 11:     def __init__(self):
+ 12:         self.head = None
+ 13:         self.tail = None
  14:     def enqueue(self, data):
  15:         node = Node(data)
  16:         
  17:         if (self.head is None and self.tail is None):
--------------------------------------------------------------------------------
[0.06757 s] incompetent

TypeError: /home/auri/temp/lucca/python_experiments/queue5/DYNAMOSA-MOSA-WHOLE_SUITE/test_queue5_DYNAMOSA.py:6: TypeError: Queue.__init__() missing 1 required positional argument: 'self'

   - [#  13] SDI queue5: 
--------------------------------------------------------------------------------
  10:     def __init__(self):
  11:         self.head = None
  12:         self.tail = None
  13:     
- 14:     def enqueue(self, data):
- 15:         node = Node(data)
- 16:         
- 17:         if (self.head is None and self.tail is None):
- 18:             self.head = node
- 19:             self.tail = node
- 20:         else:
- 21:             self.tail.next = node
- 22:             self.tail = node
- 23:     
+ 14:     @staticmethod
+ 15:     def enqueue(self, data):
+ 16:         node = Node(data)
+ 17:         
+ 18:         if (self.head is None and self.tail is None):
+ 19:             self.head = node
+ 20:             self.tail = node
+ 21:         else:
+ 22:             self.tail.next = node
+ 23:             self.tail = node
  24:     def dequeue(self):
  25:         
  26:         if (self.head is None and self.tail is None):
  27:             return None
--------------------------------------------------------------------------------
[0.06967 s] incompetent

TypeError: /home/auri/temp/lucca/python_experiments/queue5/DYNAMOSA-MOSA-WHOLE_SUITE/test_queue5_DYNAMOSA.py:7: TypeError: Queue.enqueue() missing 1 required positional argument: 'data'

   - [#  14] SDI queue5: 
--------------------------------------------------------------------------------
  20:         else:
  21:             self.tail.next = node
  22:             self.tail = node
  23:     
- 24:     def dequeue(self):
- 25:         
- 26:         if (self.head is None and self.tail is None):
- 27:             return None
- 28:         data = self.head.data
- 29:         
- 30:         if self.head == self.tail:
- 31:             self.head = None
- 32:             self.tail = None
- 33:         else:
- 34:             self.head = self.head.next
- 35:         return data
+ 24:     @staticmethod
+ 25:     def dequeue(self):
+ 26:         
+ 27:         if (self.head is None and self.tail is None):
+ 28:             return None
+ 29:         data = self.head.data
+ 30:         
+ 31:         if self.head == self.tail:
+ 32:             self.head = None
+ 33:             self.tail = None
+ 34:         else:
+ 35:             self.head = self.head.next
+ 36:         return data
--------------------------------------------------------------------------------
[0.06950 s] incompetent

TypeError: /home/auri/temp/lucca/python_experiments/queue5/DYNAMOSA-MOSA-WHOLE_SUITE/test_queue5_DYNAMOSA.py:21: TypeError: Queue.dequeue() missing 1 required positional argument: 'self'

   - [#  15] SDL queue5: 
--------------------------------------------------------------------------------
   1: class Node(object):
   2:     
   3:     def __init__(self, data):
-  4:         self.data = data
+  4:         pass
   5:         self.next = None
   6: 
   7: 
   8: class Queue(object):
--------------------------------------------------------------------------------
[0.06863 s] killed by DYNAMOSA-MOSA-WHOLE_SUITE/test_queue5_DYNAMOSA.py::test_case_1

def test_case_1():
        queue_0 = module_0.Queue()
        bool_0 = True
        var_0 = queue_0.enqueue(queue_0)
        assert f'{type(queue_0.head).__module__}.{type(queue_0.head).__qualname__}' == 'queue5.Node'
        assert f'{type(queue_0.tail).__module__}.{type(queue_0.tail).__qualname__}' == 'queue5.Node'
        queue_1 = module_0.Queue()
        queue_2 = module_0.Queue()
        node_0 = module_0.Node(bool_0)
        var_1 = queue_2.enqueue(queue_2)
>       var_2 = queue_2.dequeue()

DYNAMOSA-MOSA-WHOLE_SUITE/test_queue5_DYNAMOSA.py:21: 
_ _ _ _ _ _ _ _ _ _ _ _ _ _ _ _ _ _ _ _ _ _ _ _ _ _ _ _ _ _ _ _ _ _ _ _ _ _ _ _ 

self = <queue5.Queue object at 0x7fb408046920>

>   ???
E   AttributeError: 'Node' object has no attribute 'data'

queue5:28: AttributeError
   - [#  16] SDL queue5: 
--------------------------------------------------------------------------------
   1: class Node(object):
   2:     
   3:     def __init__(self, data):
   4:         self.data = data
-  5:         self.next = None
+  5:         pass
   6: 
   7: 
   8: class Queue(object):
   9:     
--------------------------------------------------------------------------------
[0.05608 s] survived
   - [#  17] SDL queue5: 
--------------------------------------------------------------------------------
   7: 
   8: class Queue(object):
   9:     
  10:     def __init__(self):
- 11:         self.head = None
+ 11:         pass
  12:         self.tail = None
  13:     
  14:     def enqueue(self, data):
  15:         node = Node(data)
--------------------------------------------------------------------------------
[0.06912 s] killed by DYNAMOSA-MOSA-WHOLE_SUITE/test_queue5_DYNAMOSA.py::test_case_0

def test_case_0():
        queue_0 = module_0.Queue()
>       var_0 = queue_0.enqueue(queue_0)

DYNAMOSA-MOSA-WHOLE_SUITE/test_queue5_DYNAMOSA.py:7: 
_ _ _ _ _ _ _ _ _ _ _ _ _ _ _ _ _ _ _ _ _ _ _ _ _ _ _ _ _ _ _ _ _ _ _ _ _ _ _ _ 

self = <queue5.Queue object at 0x7fb4080b5750>
data = <queue5.Queue object at 0x7fb4080b5750>

>   ???
E   AttributeError: 'Queue' object has no attribute 'head'

queue5:17: AttributeError
   - [#  18] SDL queue5: 
--------------------------------------------------------------------------------
   8: class Queue(object):
   9:     
  10:     def __init__(self):
  11:         self.head = None
- 12:         self.tail = None
+ 12:         pass
  13:     
  14:     def enqueue(self, data):
  15:         node = Node(data)
  16:         
--------------------------------------------------------------------------------
[0.06770 s] killed by DYNAMOSA-MOSA-WHOLE_SUITE/test_queue5_DYNAMOSA.py::test_case_0

def test_case_0():
        queue_0 = module_0.Queue()
>       var_0 = queue_0.enqueue(queue_0)

DYNAMOSA-MOSA-WHOLE_SUITE/test_queue5_DYNAMOSA.py:7: 
_ _ _ _ _ _ _ _ _ _ _ _ _ _ _ _ _ _ _ _ _ _ _ _ _ _ _ _ _ _ _ _ _ _ _ _ _ _ _ _ 

self = <queue5.Queue object at 0x7fb407f6a1d0>
data = <queue5.Queue object at 0x7fb407f6a1d0>

>   ???
E   AttributeError: 'Queue' object has no attribute 'tail'

queue5:17: AttributeError
   - [#  19] SDL queue5: 
--------------------------------------------------------------------------------
  11:         self.head = None
  12:         self.tail = None
  13:     
  14:     def enqueue(self, data):
- 15:         node = Node(data)
+ 15:         pass
  16:         
  17:         if (self.head is None and self.tail is None):
  18:             self.head = node
  19:             self.tail = node
--------------------------------------------------------------------------------
[0.06857 s] killed by DYNAMOSA-MOSA-WHOLE_SUITE/test_queue5_DYNAMOSA.py::test_case_0

def test_case_0():
        queue_0 = module_0.Queue()
>       var_0 = queue_0.enqueue(queue_0)

DYNAMOSA-MOSA-WHOLE_SUITE/test_queue5_DYNAMOSA.py:7: 
_ _ _ _ _ _ _ _ _ _ _ _ _ _ _ _ _ _ _ _ _ _ _ _ _ _ _ _ _ _ _ _ _ _ _ _ _ _ _ _ 

self = <queue5.Queue object at 0x7fb4081d6740>
data = <queue5.Queue object at 0x7fb4081d6740>

>   ???
E   NameError: name 'node' is not defined

queue5:18: NameError
   - [#  20] SDL queue5: 
--------------------------------------------------------------------------------
  14:     def enqueue(self, data):
  15:         node = Node(data)
  16:         
  17:         if (self.head is None and self.tail is None):
- 18:             self.head = node
+ 18:             pass
  19:             self.tail = node
  20:         else:
  21:             self.tail.next = node
  22:             self.tail = node
--------------------------------------------------------------------------------
[0.06867 s] killed by DYNAMOSA-MOSA-WHOLE_SUITE/test_queue5_DYNAMOSA.py::test_case_0

def test_case_0():
        queue_0 = module_0.Queue()
        var_0 = queue_0.enqueue(queue_0)
>       assert f'{type(queue_0.head).__module__}.{type(queue_0.head).__qualname__}' == 'queue5.Node'
E       AssertionError

DYNAMOSA-MOSA-WHOLE_SUITE/test_queue5_DYNAMOSA.py:8: AssertionError
   - [#  21] SDL queue5: 
--------------------------------------------------------------------------------
  15:         node = Node(data)
  16:         
  17:         if (self.head is None and self.tail is None):
  18:             self.head = node
- 19:             self.tail = node
+ 19:             pass
  20:         else:
  21:             self.tail.next = node
  22:             self.tail = node
  23:     
--------------------------------------------------------------------------------
[0.07125 s] killed by DYNAMOSA-MOSA-WHOLE_SUITE/test_queue5_DYNAMOSA.py::test_case_0

def test_case_0():
        queue_0 = module_0.Queue()
        var_0 = queue_0.enqueue(queue_0)
        assert f'{type(queue_0.head).__module__}.{type(queue_0.head).__qualname__}' == 'queue5.Node'
>       assert f'{type(queue_0.tail).__module__}.{type(queue_0.tail).__qualname__}' == 'queue5.Node'
E       AssertionError

DYNAMOSA-MOSA-WHOLE_SUITE/test_queue5_DYNAMOSA.py:9: AssertionError
   - [#  22] SDL queue5: 
--------------------------------------------------------------------------------
  17:         if (self.head is None and self.tail is None):
  18:             self.head = node
  19:             self.tail = node
  20:         else:
- 21:             self.tail.next = node
+ 21:             pass
  22:             self.tail = node
  23:     
  24:     def dequeue(self):
  25:         
--------------------------------------------------------------------------------
[0.07295 s] killed by DYNAMOSA-MOSA-WHOLE_SUITE/test_queue5_DYNAMOSA.py::test_case_4

def test_case_4():
        bool_0 = False
        queue_0 = module_0.Queue()
        queue_1 = module_0.Queue()
        var_0 = queue_0.enqueue(bool_0)
        assert f'{type(queue_0.head).__module__}.{type(queue_0.head).__qualname__}' == 'queue5.Node'
        assert f'{type(queue_0.tail).__module__}.{type(queue_0.tail).__qualname__}' == 'queue5.Node'
        node_0 = module_0.Node(var_0)
        queue_2 = module_0.Queue()
        var_1 = queue_2.enqueue(queue_1)
        var_2 = queue_0.dequeue()
        assert var_2 is False
        assert queue_0.head is None
        assert queue_0.tail is None
        var_3 = queue_2.enqueue(queue_0)
        var_4 = queue_2.enqueue(queue_0)
        var_5 = queue_2.dequeue()
        assert f'{type(var_5).__module__}.{type(var_5).__qualname__}' == 'queue5.Queue'
        assert var_5.head is None
        assert var_5.tail is None
>       var_6 = queue_2.dequeue()

DYNAMOSA-MOSA-WHOLE_SUITE/test_queue5_DYNAMOSA.py:69: 
_ _ _ _ _ _ _ _ _ _ _ _ _ _ _ _ _ _ _ _ _ _ _ _ _ _ _ _ _ _ _ _ _ _ _ _ _ _ _ _ 

self = <queue5.Queue object at 0x7fb4083206d0>

>   ???
E   AttributeError: 'NoneType' object has no attribute 'data'

queue5:28: AttributeError
   - [#  23] SDL queue5: 
--------------------------------------------------------------------------------
  18:             self.head = node
  19:             self.tail = node
  20:         else:
  21:             self.tail.next = node
- 22:             self.tail = node
+ 22:             pass
  23:     
  24:     def dequeue(self):
  25:         
  26:         if (self.head is None and self.tail is None):
--------------------------------------------------------------------------------
[0.07218 s] killed by DYNAMOSA-MOSA-WHOLE_SUITE/test_queue5_DYNAMOSA.py::test_case_4

def test_case_4():
        bool_0 = False
        queue_0 = module_0.Queue()
        queue_1 = module_0.Queue()
        var_0 = queue_0.enqueue(bool_0)
        assert f'{type(queue_0.head).__module__}.{type(queue_0.head).__qualname__}' == 'queue5.Node'
        assert f'{type(queue_0.tail).__module__}.{type(queue_0.tail).__qualname__}' == 'queue5.Node'
        node_0 = module_0.Node(var_0)
        queue_2 = module_0.Queue()
        var_1 = queue_2.enqueue(queue_1)
        var_2 = queue_0.dequeue()
        assert var_2 is False
        assert queue_0.head is None
        assert queue_0.tail is None
        var_3 = queue_2.enqueue(queue_0)
        var_4 = queue_2.enqueue(queue_0)
        var_5 = queue_2.dequeue()
        assert f'{type(var_5).__module__}.{type(var_5).__qualname__}' == 'queue5.Queue'
        assert var_5.head is None
        assert var_5.tail is None
        var_6 = queue_2.dequeue()
>       assert f'{type(var_6).__module__}.{type(var_6).__qualname__}' == 'queue5.Queue'
E       AssertionError

DYNAMOSA-MOSA-WHOLE_SUITE/test_queue5_DYNAMOSA.py:70: AssertionError
   - [#  24] SDL queue5: 
--------------------------------------------------------------------------------
  23:     
  24:     def dequeue(self):
  25:         
  26:         if (self.head is None and self.tail is None):
- 27:             return None
+ 27:             pass
  28:         data = self.head.data
  29:         
  30:         if self.head == self.tail:
  31:             self.head = None
--------------------------------------------------------------------------------
[0.06977 s] killed by DYNAMOSA-MOSA-WHOLE_SUITE/test_queue5_DYNAMOSA.py::test_case_1

def test_case_1():
        queue_0 = module_0.Queue()
        bool_0 = True
        var_0 = queue_0.enqueue(queue_0)
        assert f'{type(queue_0.head).__module__}.{type(queue_0.head).__qualname__}' == 'queue5.Node'
        assert f'{type(queue_0.tail).__module__}.{type(queue_0.tail).__qualname__}' == 'queue5.Node'
        queue_1 = module_0.Queue()
        queue_2 = module_0.Queue()
        node_0 = module_0.Node(bool_0)
        var_1 = queue_2.enqueue(queue_2)
        var_2 = queue_2.dequeue()
        assert queue_2.head is None
        assert queue_2.tail is None
        assert f'{type(var_2).__module__}.{type(var_2).__qualname__}' == 'queue5.Queue'
        assert var_2.head is None
        assert var_2.tail is None
        var_3 = queue_0.enqueue(bool_0)
>       var_4 = var_2.dequeue()

DYNAMOSA-MOSA-WHOLE_SUITE/test_queue5_DYNAMOSA.py:28: 
_ _ _ _ _ _ _ _ _ _ _ _ _ _ _ _ _ _ _ _ _ _ _ _ _ _ _ _ _ _ _ _ _ _ _ _ _ _ _ _ 

self = <queue5.Queue object at 0x7fb4082884c0>

>   ???
E   AttributeError: 'NoneType' object has no attribute 'data'

queue5:28: AttributeError
   - [#  25] SDL queue5: 
--------------------------------------------------------------------------------
  24:     def dequeue(self):
  25:         
  26:         if (self.head is None and self.tail is None):
  27:             return None
- 28:         data = self.head.data
+ 28:         pass
  29:         
  30:         if self.head == self.tail:
  31:             self.head = None
  32:             self.tail = None
--------------------------------------------------------------------------------
[0.07110 s] killed by DYNAMOSA-MOSA-WHOLE_SUITE/test_queue5_DYNAMOSA.py::test_case_1

def test_case_1():
        queue_0 = module_0.Queue()
        bool_0 = True
        var_0 = queue_0.enqueue(queue_0)
        assert f'{type(queue_0.head).__module__}.{type(queue_0.head).__qualname__}' == 'queue5.Node'
        assert f'{type(queue_0.tail).__module__}.{type(queue_0.tail).__qualname__}' == 'queue5.Node'
        queue_1 = module_0.Queue()
        queue_2 = module_0.Queue()
        node_0 = module_0.Node(bool_0)
        var_1 = queue_2.enqueue(queue_2)
>       var_2 = queue_2.dequeue()

DYNAMOSA-MOSA-WHOLE_SUITE/test_queue5_DYNAMOSA.py:21: 
_ _ _ _ _ _ _ _ _ _ _ _ _ _ _ _ _ _ _ _ _ _ _ _ _ _ _ _ _ _ _ _ _ _ _ _ _ _ _ _ 

self = <queue5.Queue object at 0x7fb4081d5180>

>   ???
E   NameError: name 'data' is not defined

queue5:35: NameError
   - [#  26] SDL queue5: 
--------------------------------------------------------------------------------
  27:             return None
  28:         data = self.head.data
  29:         
  30:         if self.head == self.tail:
- 31:             self.head = None
+ 31:             pass
  32:             self.tail = None
  33:         else:
  34:             self.head = self.head.next
  35:         return data
--------------------------------------------------------------------------------
[0.07167 s] killed by DYNAMOSA-MOSA-WHOLE_SUITE/test_queue5_DYNAMOSA.py::test_case_1

def test_case_1():
        queue_0 = module_0.Queue()
        bool_0 = True
        var_0 = queue_0.enqueue(queue_0)
        assert f'{type(queue_0.head).__module__}.{type(queue_0.head).__qualname__}' == 'queue5.Node'
        assert f'{type(queue_0.tail).__module__}.{type(queue_0.tail).__qualname__}' == 'queue5.Node'
        queue_1 = module_0.Queue()
        queue_2 = module_0.Queue()
        node_0 = module_0.Node(bool_0)
        var_1 = queue_2.enqueue(queue_2)
        var_2 = queue_2.dequeue()
>       assert queue_2.head is None
E       AssertionError

DYNAMOSA-MOSA-WHOLE_SUITE/test_queue5_DYNAMOSA.py:22: AssertionError
   - [#  27] SDL queue5: 
--------------------------------------------------------------------------------
  28:         data = self.head.data
  29:         
  30:         if self.head == self.tail:
  31:             self.head = None
- 32:             self.tail = None
+ 32:             pass
  33:         else:
  34:             self.head = self.head.next
  35:         return data
--------------------------------------------------------------------------------
[0.06796 s] killed by DYNAMOSA-MOSA-WHOLE_SUITE/test_queue5_DYNAMOSA.py::test_case_1

def test_case_1():
        queue_0 = module_0.Queue()
        bool_0 = True
        var_0 = queue_0.enqueue(queue_0)
        assert f'{type(queue_0.head).__module__}.{type(queue_0.head).__qualname__}' == 'queue5.Node'
        assert f'{type(queue_0.tail).__module__}.{type(queue_0.tail).__qualname__}' == 'queue5.Node'
        queue_1 = module_0.Queue()
        queue_2 = module_0.Queue()
        node_0 = module_0.Node(bool_0)
        var_1 = queue_2.enqueue(queue_2)
        var_2 = queue_2.dequeue()
        assert queue_2.head is None
>       assert queue_2.tail is None
E       AssertionError

DYNAMOSA-MOSA-WHOLE_SUITE/test_queue5_DYNAMOSA.py:23: AssertionError
   - [#  28] SDL queue5: 
--------------------------------------------------------------------------------
  30:         if self.head == self.tail:
  31:             self.head = None
  32:             self.tail = None
  33:         else:
- 34:             self.head = self.head.next
+ 34:             pass
  35:         return data
--------------------------------------------------------------------------------
[0.07081 s] killed by DYNAMOSA-MOSA-WHOLE_SUITE/test_queue5_DYNAMOSA.py::test_case_4

def test_case_4():
        bool_0 = False
        queue_0 = module_0.Queue()
        queue_1 = module_0.Queue()
        var_0 = queue_0.enqueue(bool_0)
        assert f'{type(queue_0.head).__module__}.{type(queue_0.head).__qualname__}' == 'queue5.Node'
        assert f'{type(queue_0.tail).__module__}.{type(queue_0.tail).__qualname__}' == 'queue5.Node'
        node_0 = module_0.Node(var_0)
        queue_2 = module_0.Queue()
        var_1 = queue_2.enqueue(queue_1)
        var_2 = queue_0.dequeue()
        assert var_2 is False
        assert queue_0.head is None
        assert queue_0.tail is None
        var_3 = queue_2.enqueue(queue_0)
        var_4 = queue_2.enqueue(queue_0)
        var_5 = queue_2.dequeue()
        assert f'{type(var_5).__module__}.{type(var_5).__qualname__}' == 'queue5.Queue'
        assert var_5.head is None
        assert var_5.tail is None
        var_6 = queue_2.dequeue()
        assert f'{type(var_6).__module__}.{type(var_6).__qualname__}' == 'queue5.Queue'
        assert var_6.head is None
        assert var_6.tail is None
        queue_3 = module_0.Queue()
        var_7 = queue_3.dequeue()
        var_8 = var_5.enqueue(var_4)
        var_9 = queue_2.dequeue()
        assert f'{type(var_9).__module__}.{type(var_9).__qualname__}' == 'queue5.Queue'
>       assert var_9.head is None
E       AssertionError

DYNAMOSA-MOSA-WHOLE_SUITE/test_queue5_DYNAMOSA.py:78: AssertionError
   - [#  29] SDL queue5: 
--------------------------------------------------------------------------------
  31:             self.head = None
  32:             self.tail = None
  33:         else:
  34:             self.head = self.head.next
- 35:         return data
+ 35:         pass
--------------------------------------------------------------------------------
[0.06977 s] killed by DYNAMOSA-MOSA-WHOLE_SUITE/test_queue5_DYNAMOSA.py::test_case_1

def test_case_1():
        queue_0 = module_0.Queue()
        bool_0 = True
        var_0 = queue_0.enqueue(queue_0)
        assert f'{type(queue_0.head).__module__}.{type(queue_0.head).__qualname__}' == 'queue5.Node'
        assert f'{type(queue_0.tail).__module__}.{type(queue_0.tail).__qualname__}' == 'queue5.Node'
        queue_1 = module_0.Queue()
        queue_2 = module_0.Queue()
        node_0 = module_0.Node(bool_0)
        var_1 = queue_2.enqueue(queue_2)
        var_2 = queue_2.dequeue()
        assert queue_2.head is None
        assert queue_2.tail is None
>       assert f'{type(var_2).__module__}.{type(var_2).__qualname__}' == 'queue5.Queue'
E       AssertionError

DYNAMOSA-MOSA-WHOLE_SUITE/test_queue5_DYNAMOSA.py:24: AssertionError
   - [#  30] SVD queue5: 
--------------------------------------------------------------------------------
   1: class Node(object):
   2:     
   3:     def __init__(self, data):
-  4:         self.data = data
+  4:         data = data
   5:         self.next = None
   6: 
   7: 
   8: class Queue(object):
--------------------------------------------------------------------------------
[0.00000 s] incompetent

ValueError: expression must have Store context but has Load instead

   - [#  31] SVD queue5: 
--------------------------------------------------------------------------------
   1: class Node(object):
   2:     
   3:     def __init__(self, data):
   4:         self.data = data
-  5:         self.next = None
+  5:         next = None
   6: 
   7: 
   8: class Queue(object):
   9:     
--------------------------------------------------------------------------------
[0.00000 s] incompetent

ValueError: expression must have Store context but has Load instead

   - [#  32] SVD queue5: 
--------------------------------------------------------------------------------
   7: 
   8: class Queue(object):
   9:     
  10:     def __init__(self):
- 11:         self.head = None
+ 11:         head = None
  12:         self.tail = None
  13:     
  14:     def enqueue(self, data):
  15:         node = Node(data)
--------------------------------------------------------------------------------
[0.00000 s] incompetent

ValueError: expression must have Store context but has Load instead

   - [#  33] SVD queue5: 
--------------------------------------------------------------------------------
   8: class Queue(object):
   9:     
  10:     def __init__(self):
  11:         self.head = None
- 12:         self.tail = None
+ 12:         tail = None
  13:     
  14:     def enqueue(self, data):
  15:         node = Node(data)
  16:         
--------------------------------------------------------------------------------
[0.00000 s] incompetent

ValueError: expression must have Store context but has Load instead

   - [#  34] SVD queue5: 
--------------------------------------------------------------------------------
  13:     
  14:     def enqueue(self, data):
  15:         node = Node(data)
  16:         
- 17:         if (self.head is None and self.tail is None):
+ 17:         if (head is None and self.tail is None):
  18:             self.head = node
  19:             self.tail = node
  20:         else:
  21:             self.tail.next = node
--------------------------------------------------------------------------------
[0.06932 s] killed by DYNAMOSA-MOSA-WHOLE_SUITE/test_queue5_DYNAMOSA.py::test_case_0

def test_case_0():
        queue_0 = module_0.Queue()
>       var_0 = queue_0.enqueue(queue_0)

DYNAMOSA-MOSA-WHOLE_SUITE/test_queue5_DYNAMOSA.py:7: 
_ _ _ _ _ _ _ _ _ _ _ _ _ _ _ _ _ _ _ _ _ _ _ _ _ _ _ _ _ _ _ _ _ _ _ _ _ _ _ _ 

self = <queue5.Queue object at 0x7fb4083211b0>
data = <queue5.Queue object at 0x7fb4083211b0>

>   ???
E   NameError: name 'head' is not defined

queue5:17: NameError
   - [#  35] SVD queue5: 
--------------------------------------------------------------------------------
  13:     
  14:     def enqueue(self, data):
  15:         node = Node(data)
  16:         
- 17:         if (self.head is None and self.tail is None):
+ 17:         if (self.head is None and tail is None):
  18:             self.head = node
  19:             self.tail = node
  20:         else:
  21:             self.tail.next = node
--------------------------------------------------------------------------------
[0.06831 s] killed by DYNAMOSA-MOSA-WHOLE_SUITE/test_queue5_DYNAMOSA.py::test_case_0

def test_case_0():
        queue_0 = module_0.Queue()
>       var_0 = queue_0.enqueue(queue_0)

DYNAMOSA-MOSA-WHOLE_SUITE/test_queue5_DYNAMOSA.py:7: 
_ _ _ _ _ _ _ _ _ _ _ _ _ _ _ _ _ _ _ _ _ _ _ _ _ _ _ _ _ _ _ _ _ _ _ _ _ _ _ _ 

self = <queue5.Queue object at 0x7fb4080890c0>
data = <queue5.Queue object at 0x7fb4080890c0>

>   ???
E   NameError: name 'tail' is not defined

queue5:17: NameError
   - [#  36] SVD queue5: 
--------------------------------------------------------------------------------
  14:     def enqueue(self, data):
  15:         node = Node(data)
  16:         
  17:         if (self.head is None and self.tail is None):
- 18:             self.head = node
+ 18:             head = node
  19:             self.tail = node
  20:         else:
  21:             self.tail.next = node
  22:             self.tail = node
--------------------------------------------------------------------------------
[0.00000 s] incompetent

ValueError: expression must have Store context but has Load instead

   - [#  37] SVD queue5: 
--------------------------------------------------------------------------------
  15:         node = Node(data)
  16:         
  17:         if (self.head is None and self.tail is None):
  18:             self.head = node
- 19:             self.tail = node
+ 19:             tail = node
  20:         else:
  21:             self.tail.next = node
  22:             self.tail = node
  23:     
--------------------------------------------------------------------------------
[0.00000 s] incompetent

ValueError: expression must have Store context but has Load instead

   - [#  38] SVD queue5: 
--------------------------------------------------------------------------------
  17:         if (self.head is None and self.tail is None):
  18:             self.head = node
  19:             self.tail = node
  20:         else:
- 21:             self.tail.next = node
+ 21:             tail.next = node
  22:             self.tail = node
  23:     
  24:     def dequeue(self):
  25:         
--------------------------------------------------------------------------------
[0.07015 s] killed by DYNAMOSA-MOSA-WHOLE_SUITE/test_queue5_DYNAMOSA.py::test_case_1

def test_case_1():
        queue_0 = module_0.Queue()
        bool_0 = True
        var_0 = queue_0.enqueue(queue_0)
        assert f'{type(queue_0.head).__module__}.{type(queue_0.head).__qualname__}' == 'queue5.Node'
        assert f'{type(queue_0.tail).__module__}.{type(queue_0.tail).__qualname__}' == 'queue5.Node'
        queue_1 = module_0.Queue()
        queue_2 = module_0.Queue()
        node_0 = module_0.Node(bool_0)
        var_1 = queue_2.enqueue(queue_2)
        var_2 = queue_2.dequeue()
        assert queue_2.head is None
        assert queue_2.tail is None
        assert f'{type(var_2).__module__}.{type(var_2).__qualname__}' == 'queue5.Queue'
        assert var_2.head is None
        assert var_2.tail is None
>       var_3 = queue_0.enqueue(bool_0)

DYNAMOSA-MOSA-WHOLE_SUITE/test_queue5_DYNAMOSA.py:27: 
_ _ _ _ _ _ _ _ _ _ _ _ _ _ _ _ _ _ _ _ _ _ _ _ _ _ _ _ _ _ _ _ _ _ _ _ _ _ _ _ 

self = <queue5.Queue object at 0x7fb4081d6a40>, data = True

>   ???
E   NameError: name 'tail' is not defined

queue5:21: NameError
   - [#  39] SVD queue5: 
--------------------------------------------------------------------------------
  18:             self.head = node
  19:             self.tail = node
  20:         else:
  21:             self.tail.next = node
- 22:             self.tail = node
+ 22:             tail = node
  23:     
  24:     def dequeue(self):
  25:         
  26:         if (self.head is None and self.tail is None):
--------------------------------------------------------------------------------
[0.00000 s] incompetent

ValueError: expression must have Store context but has Load instead

   - [#  40] SVD queue5: 
--------------------------------------------------------------------------------
  22:             self.tail = node
  23:     
  24:     def dequeue(self):
  25:         
- 26:         if (self.head is None and self.tail is None):
+ 26:         if (head is None and self.tail is None):
  27:             return None
  28:         data = self.head.data
  29:         
  30:         if self.head == self.tail:
--------------------------------------------------------------------------------
[0.07026 s] killed by DYNAMOSA-MOSA-WHOLE_SUITE/test_queue5_DYNAMOSA.py::test_case_1

def test_case_1():
        queue_0 = module_0.Queue()
        bool_0 = True
        var_0 = queue_0.enqueue(queue_0)
        assert f'{type(queue_0.head).__module__}.{type(queue_0.head).__qualname__}' == 'queue5.Node'
        assert f'{type(queue_0.tail).__module__}.{type(queue_0.tail).__qualname__}' == 'queue5.Node'
        queue_1 = module_0.Queue()
        queue_2 = module_0.Queue()
        node_0 = module_0.Node(bool_0)
        var_1 = queue_2.enqueue(queue_2)
>       var_2 = queue_2.dequeue()

DYNAMOSA-MOSA-WHOLE_SUITE/test_queue5_DYNAMOSA.py:21: 
_ _ _ _ _ _ _ _ _ _ _ _ _ _ _ _ _ _ _ _ _ _ _ _ _ _ _ _ _ _ _ _ _ _ _ _ _ _ _ _ 

self = <queue5.Queue object at 0x7fb407f9b850>

>   ???
E   NameError: name 'head' is not defined

queue5:26: NameError
   - [#  41] SVD queue5: 
--------------------------------------------------------------------------------
  22:             self.tail = node
  23:     
  24:     def dequeue(self):
  25:         
- 26:         if (self.head is None and self.tail is None):
+ 26:         if (self.head is None and tail is None):
  27:             return None
  28:         data = self.head.data
  29:         
  30:         if self.head == self.tail:
--------------------------------------------------------------------------------
[0.06977 s] killed by DYNAMOSA-MOSA-WHOLE_SUITE/test_queue5_DYNAMOSA.py::test_case_1

def test_case_1():
        queue_0 = module_0.Queue()
        bool_0 = True
        var_0 = queue_0.enqueue(queue_0)
        assert f'{type(queue_0.head).__module__}.{type(queue_0.head).__qualname__}' == 'queue5.Node'
        assert f'{type(queue_0.tail).__module__}.{type(queue_0.tail).__qualname__}' == 'queue5.Node'
        queue_1 = module_0.Queue()
        queue_2 = module_0.Queue()
        node_0 = module_0.Node(bool_0)
        var_1 = queue_2.enqueue(queue_2)
        var_2 = queue_2.dequeue()
        assert queue_2.head is None
        assert queue_2.tail is None
        assert f'{type(var_2).__module__}.{type(var_2).__qualname__}' == 'queue5.Queue'
        assert var_2.head is None
        assert var_2.tail is None
        var_3 = queue_0.enqueue(bool_0)
>       var_4 = var_2.dequeue()

DYNAMOSA-MOSA-WHOLE_SUITE/test_queue5_DYNAMOSA.py:28: 
_ _ _ _ _ _ _ _ _ _ _ _ _ _ _ _ _ _ _ _ _ _ _ _ _ _ _ _ _ _ _ _ _ _ _ _ _ _ _ _ 

self = <queue5.Queue object at 0x7fb40822e350>

>   ???
E   NameError: name 'tail' is not defined

queue5:26: NameError
   - [#  42] SVD queue5: 
--------------------------------------------------------------------------------
  24:     def dequeue(self):
  25:         
  26:         if (self.head is None and self.tail is None):
  27:             return None
- 28:         data = self.head.data
+ 28:         data = head.data
  29:         
  30:         if self.head == self.tail:
  31:             self.head = None
  32:             self.tail = None
--------------------------------------------------------------------------------
[0.06828 s] killed by DYNAMOSA-MOSA-WHOLE_SUITE/test_queue5_DYNAMOSA.py::test_case_1

def test_case_1():
        queue_0 = module_0.Queue()
        bool_0 = True
        var_0 = queue_0.enqueue(queue_0)
        assert f'{type(queue_0.head).__module__}.{type(queue_0.head).__qualname__}' == 'queue5.Node'
        assert f'{type(queue_0.tail).__module__}.{type(queue_0.tail).__qualname__}' == 'queue5.Node'
        queue_1 = module_0.Queue()
        queue_2 = module_0.Queue()
        node_0 = module_0.Node(bool_0)
        var_1 = queue_2.enqueue(queue_2)
>       var_2 = queue_2.dequeue()

DYNAMOSA-MOSA-WHOLE_SUITE/test_queue5_DYNAMOSA.py:21: 
_ _ _ _ _ _ _ _ _ _ _ _ _ _ _ _ _ _ _ _ _ _ _ _ _ _ _ _ _ _ _ _ _ _ _ _ _ _ _ _ 

self = <queue5.Queue object at 0x7fb408289fc0>

>   ???
E   NameError: name 'head' is not defined

queue5:28: NameError
   - [#  43] SVD queue5: 
--------------------------------------------------------------------------------
  26:         if (self.head is None and self.tail is None):
  27:             return None
  28:         data = self.head.data
  29:         
- 30:         if self.head == self.tail:
+ 30:         if head == self.tail:
  31:             self.head = None
  32:             self.tail = None
  33:         else:
  34:             self.head = self.head.next
--------------------------------------------------------------------------------
[0.07078 s] killed by DYNAMOSA-MOSA-WHOLE_SUITE/test_queue5_DYNAMOSA.py::test_case_1

def test_case_1():
        queue_0 = module_0.Queue()
        bool_0 = True
        var_0 = queue_0.enqueue(queue_0)
        assert f'{type(queue_0.head).__module__}.{type(queue_0.head).__qualname__}' == 'queue5.Node'
        assert f'{type(queue_0.tail).__module__}.{type(queue_0.tail).__qualname__}' == 'queue5.Node'
        queue_1 = module_0.Queue()
        queue_2 = module_0.Queue()
        node_0 = module_0.Node(bool_0)
        var_1 = queue_2.enqueue(queue_2)
>       var_2 = queue_2.dequeue()

DYNAMOSA-MOSA-WHOLE_SUITE/test_queue5_DYNAMOSA.py:21: 
_ _ _ _ _ _ _ _ _ _ _ _ _ _ _ _ _ _ _ _ _ _ _ _ _ _ _ _ _ _ _ _ _ _ _ _ _ _ _ _ 

self = <queue5.Queue object at 0x7fb407f68580>

>   ???
E   NameError: name 'head' is not defined

queue5:30: NameError
   - [#  44] SVD queue5: 
--------------------------------------------------------------------------------
  26:         if (self.head is None and self.tail is None):
  27:             return None
  28:         data = self.head.data
  29:         
- 30:         if self.head == self.tail:
+ 30:         if self.head == tail:
  31:             self.head = None
  32:             self.tail = None
  33:         else:
  34:             self.head = self.head.next
--------------------------------------------------------------------------------
[0.07192 s] killed by DYNAMOSA-MOSA-WHOLE_SUITE/test_queue5_DYNAMOSA.py::test_case_1

def test_case_1():
        queue_0 = module_0.Queue()
        bool_0 = True
        var_0 = queue_0.enqueue(queue_0)
        assert f'{type(queue_0.head).__module__}.{type(queue_0.head).__qualname__}' == 'queue5.Node'
        assert f'{type(queue_0.tail).__module__}.{type(queue_0.tail).__qualname__}' == 'queue5.Node'
        queue_1 = module_0.Queue()
        queue_2 = module_0.Queue()
        node_0 = module_0.Node(bool_0)
        var_1 = queue_2.enqueue(queue_2)
>       var_2 = queue_2.dequeue()

DYNAMOSA-MOSA-WHOLE_SUITE/test_queue5_DYNAMOSA.py:21: 
_ _ _ _ _ _ _ _ _ _ _ _ _ _ _ _ _ _ _ _ _ _ _ _ _ _ _ _ _ _ _ _ _ _ _ _ _ _ _ _ 

self = <queue5.Queue object at 0x7fb408071090>

>   ???
E   NameError: name 'tail' is not defined

queue5:30: NameError
   - [#  45] SVD queue5: 
--------------------------------------------------------------------------------
  27:             return None
  28:         data = self.head.data
  29:         
  30:         if self.head == self.tail:
- 31:             self.head = None
+ 31:             head = None
  32:             self.tail = None
  33:         else:
  34:             self.head = self.head.next
  35:         return data
--------------------------------------------------------------------------------
[0.00000 s] incompetent

ValueError: expression must have Store context but has Load instead

   - [#  46] SVD queue5: 
--------------------------------------------------------------------------------
  28:         data = self.head.data
  29:         
  30:         if self.head == self.tail:
  31:             self.head = None
- 32:             self.tail = None
+ 32:             tail = None
  33:         else:
  34:             self.head = self.head.next
  35:         return data
--------------------------------------------------------------------------------
[0.00000 s] incompetent

ValueError: expression must have Store context but has Load instead

   - [#  47] SVD queue5: 
--------------------------------------------------------------------------------
  30:         if self.head == self.tail:
  31:             self.head = None
  32:             self.tail = None
  33:         else:
- 34:             self.head = self.head.next
+ 34:             head = self.head.next
  35:         return data
--------------------------------------------------------------------------------
[0.00000 s] incompetent

ValueError: expression must have Store context but has Load instead

   - [#  48] SVD queue5: 
--------------------------------------------------------------------------------
  30:         if self.head == self.tail:
  31:             self.head = None
  32:             self.tail = None
  33:         else:
- 34:             self.head = self.head.next
+ 34:             self.head = head.next
  35:         return data
--------------------------------------------------------------------------------
[0.07173 s] killed by DYNAMOSA-MOSA-WHOLE_SUITE/test_queue5_DYNAMOSA.py::test_case_4

def test_case_4():
        bool_0 = False
        queue_0 = module_0.Queue()
        queue_1 = module_0.Queue()
        var_0 = queue_0.enqueue(bool_0)
        assert f'{type(queue_0.head).__module__}.{type(queue_0.head).__qualname__}' == 'queue5.Node'
        assert f'{type(queue_0.tail).__module__}.{type(queue_0.tail).__qualname__}' == 'queue5.Node'
        node_0 = module_0.Node(var_0)
        queue_2 = module_0.Queue()
        var_1 = queue_2.enqueue(queue_1)
        var_2 = queue_0.dequeue()
        assert var_2 is False
        assert queue_0.head is None
        assert queue_0.tail is None
        var_3 = queue_2.enqueue(queue_0)
        var_4 = queue_2.enqueue(queue_0)
>       var_5 = queue_2.dequeue()

DYNAMOSA-MOSA-WHOLE_SUITE/test_queue5_DYNAMOSA.py:65: 
_ _ _ _ _ _ _ _ _ _ _ _ _ _ _ _ _ _ _ _ _ _ _ _ _ _ _ _ _ _ _ _ _ _ _ _ _ _ _ _ 

self = <queue5.Queue object at 0x7fb4082891b0>

>   ???
E   NameError: name 'head' is not defined

queue5:34: NameError
[*] Mutation score [3.49268 s]: 88.2%
   - all: 48
   - killed: 30 (62.5%)
   - survived: 4 (8.3%)
   - incompetent: 14 (29.2%)
   - timeout: 0 (0.0%)
