[34m[*][0m Start mutation process:
[36m   -[0m targets: binarySearchTree4.py
[36m   -[0m tests: ./MIO
[34m[*][0m 10 tests passed:
[36m   -[0m test_binarySearchTree4_MIO [0.27010 s]
[34m[*][0m Start mutants generation and execution:
[36m   -[0m [#   1] CDI binarySearchTree4: 
--------------------------------------------------------------------------------
   1: class Node(object):
   2:     
[34m-  3:     def __init__(self, data):[0m
[34m-  4:         self.data = data[0m
[34m-  5:         self.left = None[0m
[34m-  6:         self.right = None[0m
[34m-  7:         self.parent = None[0m
[34m-  8:     [0m
[32m+  3:     @classmethod[0m
[32m+  4:     def __init__(self, data):[0m
[32m+  5:         self.data = data[0m
[32m+  6:         self.left = None[0m
[32m+  7:         self.right = None[0m
[32m+  8:         self.parent = None[0m
   9:     def __repr__(self):
  10:         return str(self.data)
  11: 
  12: class Bst(object):
--------------------------------------------------------------------------------
[0.17682 s] [32mkilled[0m by MIO/test_binarySearchTree4_MIO.py::test_case_5

def test_case_5():
        bytes_0 = b'\xca\x89@KfH\xd1\xa7\xf9\x08\xd5S!\xb5\xb2\xb4\xe6\n\xd2\xa8'
        none_type_0 = None
        node_0 = module_0.Node(none_type_0)
        bst_0 = module_0.Bst()
        var_0 = bst_0.insert(bytes_0)
        assert f'{type(bst_0.root).__module__}.{type(bst_0.root).__qualname__}' == 'binarySearchTree4.Node'
        assert f'{type(var_0).__module__}.{type(var_0).__qualname__}' == 'binarySearchTree4.Node'
        assert var_0.data == b'\xca\x89@KfH\xd1\xa7\xf9\x08\xd5S!\xb5\xb2\xb4\xe6\n\xd2\xa8'
        assert var_0.left is None
        assert var_0.right is None
        assert var_0.parent is None
        bst_1 = module_0.Bst()
        bst_2 = module_0.Bst()
        bytes_1 = b'+ "\xdf\xa2zG\x85\xd6T'
        bool_0 = True
        var_1 = bst_1.insert(bytes_1)
        assert f'{type(bst_1.root).__module__}.{type(bst_1.root).__qualname__}' == 'binarySearchTree4.Node'
        var_2 = bst_1.insert(bytes_0)
        assert f'{type(var_1.right).__module__}.{type(var_1.right).__qualname__}' == 'binarySearchTree4.Node'
        assert f'{type(var_2.parent).__module__}.{type(var_2.parent).__qualname__}' == 'binarySearchTree4.Node'
        var_3 = bst_1.insert(bytes_0)
>       assert f'{type(var_2.left).__module__}.{type(var_2.left).__qualname__}' == 'binarySearchTree4.Node'
E       AssertionError

MIO/test_binarySearchTree4_MIO.py:84: AssertionError
[36m   -[0m [#   2] CDI binarySearchTree4: 
--------------------------------------------------------------------------------
   5:         self.left = None
   6:         self.right = None
   7:         self.parent = None
   8:     
[34m-  9:     def __repr__(self):[0m
[34m- 10:         return str(self.data)[0m
[34m- 11: [0m
[32m+  9:     @classmethod[0m
[32m+ 10:     def __repr__(self):[0m
[32m+ 11:         return str(self.data)[0m
  12: class Bst(object):
  13:     
  14:     def __init__(self, root=None):
  15:         self.root = root
--------------------------------------------------------------------------------
[0.17565 s] [32mkilled[0m by MIO/test_binarySearchTree4_MIO.py::test_case_9

def test_case_9():
        bst_0 = module_0.Bst()
        node_0 = module_0.Node(bst_0)
>       var_0 = node_0.__repr__()

MIO/test_binarySearchTree4_MIO.py:115: 
_ _ _ _ _ _ _ _ _ _ _ _ _ _ _ _ _ _ _ _ _ _ _ _ _ _ _ _ _ _ _ _ _ _ _ _ _ _ _ _ 

self = <class 'binarySearchTree4.Node'>

>   ???
E   AttributeError: type object 'Node' has no attribute 'data'

binarySearchTree4:11: AttributeError
[36m   -[0m [#   3] CDI binarySearchTree4: 
--------------------------------------------------------------------------------
  10:         return str(self.data)
  11: 
  12: class Bst(object):
  13:     
[34m- 14:     def __init__(self, root=None):[0m
[34m- 15:         self.root = root[0m
[34m- 16:     [0m
[32m+ 14:     @classmethod[0m
[32m+ 15:     def __init__(self, root=None):[0m
[32m+ 16:         self.root = root[0m
  17:     def insert(self, data):
  18:         if data is None:
  19:             raise TypeError('data cannot be None')
  20:         if self.root is None:
--------------------------------------------------------------------------------
[0.14255 s] [31msurvived[0m
[36m   -[0m [#   4] CDI binarySearchTree4: 
--------------------------------------------------------------------------------
  13:     
  14:     def __init__(self, root=None):
  15:         self.root = root
  16:     
[34m- 17:     def insert(self, data):[0m
[34m- 18:         if data is None:[0m
[34m- 19:             raise TypeError('data cannot be None')[0m
[34m- 20:         if self.root is None:[0m
[34m- 21:             self.root = Node(data)[0m
[34m- 22:             return self.root[0m
[34m- 23:         else:[0m
[34m- 24:             return self._insert(self.root, data)[0m
[34m- 25:     [0m
[32m+ 17:     @classmethod[0m
[32m+ 18:     def insert(self, data):[0m
[32m+ 19:         if data is None:[0m
[32m+ 20:             raise TypeError('data cannot be None')[0m
[32m+ 21:         if self.root is None:[0m
[32m+ 22:             self.root = Node(data)[0m
[32m+ 23:             return self.root[0m
[32m+ 24:         else:[0m
[32m+ 25:             return self._insert(self.root, data)[0m
  26:     def _insert(self, node, data):
  27:         if node is None:
  28:             return Node(data)
  29:         if data <= node.data:
--------------------------------------------------------------------------------
[0.16771 s] [32mkilled[0m by MIO/test_binarySearchTree4_MIO.py::test_case_0

def test_case_0():
        bst_0 = module_0.Bst()
>       var_0 = bst_0.insert(bst_0)

MIO/test_binarySearchTree4_MIO.py:7: 
_ _ _ _ _ _ _ _ _ _ _ _ _ _ _ _ _ _ _ _ _ _ _ _ _ _ _ _ _ _ _ _ _ _ _ _ _ _ _ _ 

self = <class 'binarySearchTree4.Bst'>
data = <binarySearchTree4.Bst object at 0x7fa4c31d6920>

>   ???
E   AttributeError: type object 'Bst' has no attribute 'root'

binarySearchTree4:21: AttributeError
[36m   -[0m [#   5] CDI binarySearchTree4: 
--------------------------------------------------------------------------------
  22:             return self.root
  23:         else:
  24:             return self._insert(self.root, data)
  25:     
[34m- 26:     def _insert(self, node, data):[0m
[34m- 27:         if node is None:[0m
[34m- 28:             return Node(data)[0m
[34m- 29:         if data <= node.data:[0m
[34m- 30:             if node.left is None:[0m
[34m- 31:                 node.left = self._insert(node.left, data)[0m
[34m- 32:                 node.left.parent = node[0m
[34m- 33:                 return node.left[0m
[34m- 34:             else:[0m
[34m- 35:                 return self._insert(node.left, data)[0m
[34m- 36:         [0m
[34m- 37:         elif node.right is None:[0m
[34m- 38:             node.right = self._insert(node.right, data)[0m
[34m- 39:             node.right.parent = node[0m
[34m- 40:             return node.right[0m
[34m- 41:         else:[0m
[34m- 42:             return self._insert(node.right, data)[0m
[32m+ 26:     @classmethod[0m
[32m+ 27:     def _insert(self, node, data):[0m
[32m+ 28:         if node is None:[0m
[32m+ 29:             return Node(data)[0m
[32m+ 30:         if data <= node.data:[0m
[32m+ 31:             if node.left is None:[0m
[32m+ 32:                 node.left = self._insert(node.left, data)[0m
[32m+ 33:                 node.left.parent = node[0m
[32m+ 34:                 return node.left[0m
[32m+ 35:             else:[0m
[32m+ 36:                 return self._insert(node.left, data)[0m
[32m+ 37:         [0m
[32m+ 38:         elif node.right is None:[0m
[32m+ 39:             node.right = self._insert(node.right, data)[0m
[32m+ 40:             node.right.parent = node[0m
[32m+ 41:             return node.right[0m
[32m+ 42:         else:[0m
[32m+ 43:             return self._insert(node.right, data)[0m
--------------------------------------------------------------------------------
[0.14361 s] [31msurvived[0m
[36m   -[0m [#   6] COI binarySearchTree4: 
--------------------------------------------------------------------------------
  14:     def __init__(self, root=None):
  15:         self.root = root
  16:     
  17:     def insert(self, data):
[34m- 18:         if data is None:[0m
[32m+ 18:         if not (data is None):[0m
  19:             raise TypeError('data cannot be None')
  20:         if self.root is None:
  21:             self.root = Node(data)
  22:             return self.root
--------------------------------------------------------------------------------
[0.17129 s] [36mincompetent[0m

TypeError: binarySearchTree4:19: TypeError: data cannot be None

[36m   -[0m [#   7] COI binarySearchTree4: 
--------------------------------------------------------------------------------
  16:     
  17:     def insert(self, data):
  18:         if data is None:
  19:             raise TypeError('data cannot be None')
[34m- 20:         if self.root is None:[0m
[32m+ 20:         if not (self.root is None):[0m
  21:             self.root = Node(data)
  22:             return self.root
  23:         else:
  24:             return self._insert(self.root, data)
--------------------------------------------------------------------------------
[0.17204 s] [32mkilled[0m by MIO/test_binarySearchTree4_MIO.py::test_case_0

def test_case_0():
        bst_0 = module_0.Bst()
        var_0 = bst_0.insert(bst_0)
>       assert f'{type(bst_0.root).__module__}.{type(bst_0.root).__qualname__}' == 'binarySearchTree4.Node'
E       AssertionError

MIO/test_binarySearchTree4_MIO.py:8: AssertionError
[36m   -[0m [#   8] COI binarySearchTree4: 
--------------------------------------------------------------------------------
  23:         else:
  24:             return self._insert(self.root, data)
  25:     
  26:     def _insert(self, node, data):
[34m- 27:         if node is None:[0m
[32m+ 27:         if not (node is None):[0m
  28:             return Node(data)
  29:         if data <= node.data:
  30:             if node.left is None:
  31:                 node.left = self._insert(node.left, data)
--------------------------------------------------------------------------------
[0.16387 s] [36mincompetent[0m

TypeError: /home/lucca/desktop/ic/experimento/testes/python_experiments/binarySearchTree4/MIO/test_binarySearchTree4_MIO.py:24: Failed: DID NOT RAISE <class 'TypeError'>

[36m   -[0m [#   9] COI binarySearchTree4: 
--------------------------------------------------------------------------------
  25:     
  26:     def _insert(self, node, data):
  27:         if node is None:
  28:             return Node(data)
[34m- 29:         if data <= node.data:[0m
[32m+ 29:         if not (data <= node.data):[0m
  30:             if node.left is None:
  31:                 node.left = self._insert(node.left, data)
  32:                 node.left.parent = node
  33:                 return node.left
--------------------------------------------------------------------------------
[0.17112 s] [32mkilled[0m by MIO/test_binarySearchTree4_MIO.py::test_case_3

def test_case_3():
        bytes_0 = b'\xca\x89@KfH\xa7\xf9\x08\xd5S!\xb5\xb2\xb4\xee\n\x04\xe8'
        bst_0 = module_0.Bst()
        var_0 = bst_0.insert(bytes_0)
        assert f'{type(bst_0.root).__module__}.{type(bst_0.root).__qualname__}' == 'binarySearchTree4.Node'
        assert f'{type(var_0).__module__}.{type(var_0).__qualname__}' == 'binarySearchTree4.Node'
        assert var_0.data == b'\xca\x89@KfH\xa7\xf9\x08\xd5S!\xb5\xb2\xb4\xee\n\x04\xe8'
        assert var_0.left is None
        assert var_0.right is None
        assert var_0.parent is None
        var_1 = bst_0.insert(bytes_0)
>       assert f'{type(var_0.left).__module__}.{type(var_0.left).__qualname__}' == 'binarySearchTree4.Node'
E       AssertionError

MIO/test_binarySearchTree4_MIO.py:44: AssertionError
[36m   -[0m [#  10] COI binarySearchTree4: 
--------------------------------------------------------------------------------
  26:     def _insert(self, node, data):
  27:         if node is None:
  28:             return Node(data)
  29:         if data <= node.data:
[34m- 30:             if node.left is None:[0m
[32m+ 30:             if not (node.left is None):[0m
  31:                 node.left = self._insert(node.left, data)
  32:                 node.left.parent = node
  33:                 return node.left
  34:             else:
--------------------------------------------------------------------------------
[0.16970 s] [32mkilled[0m by MIO/test_binarySearchTree4_MIO.py::test_case_3

def test_case_3():
        bytes_0 = b'\xca\x89@KfH\xa7\xf9\x08\xd5S!\xb5\xb2\xb4\xee\n\x04\xe8'
        bst_0 = module_0.Bst()
        var_0 = bst_0.insert(bytes_0)
        assert f'{type(bst_0.root).__module__}.{type(bst_0.root).__qualname__}' == 'binarySearchTree4.Node'
        assert f'{type(var_0).__module__}.{type(var_0).__qualname__}' == 'binarySearchTree4.Node'
        assert var_0.data == b'\xca\x89@KfH\xa7\xf9\x08\xd5S!\xb5\xb2\xb4\xee\n\x04\xe8'
        assert var_0.left is None
        assert var_0.right is None
        assert var_0.parent is None
        var_1 = bst_0.insert(bytes_0)
>       assert f'{type(var_0.left).__module__}.{type(var_0.left).__qualname__}' == 'binarySearchTree4.Node'
E       AssertionError

MIO/test_binarySearchTree4_MIO.py:44: AssertionError
[36m   -[0m [#  11] COI binarySearchTree4: 
--------------------------------------------------------------------------------
  33:                 return node.left
  34:             else:
  35:                 return self._insert(node.left, data)
  36:         
[34m- 37:         elif node.right is None:[0m
[32m+ 37:         elif not (node.right is None):[0m
  38:             node.right = self._insert(node.right, data)
  39:             node.right.parent = node
  40:             return node.right
  41:         else:
--------------------------------------------------------------------------------
[0.17870 s] [32mkilled[0m by MIO/test_binarySearchTree4_MIO.py::test_case_4

def test_case_4():
        bytes_0 = b'\xca\x89@KfH\xa7\xf9\x08\xd5S!\xb5\xb2\xb4\xee\n\x04\xe8'
        bst_0 = module_0.Bst()
        bytes_1 = b'I\x1e\x9a\xbc\xbc\x83\xbbg\x9d\x89\xfe\x02\x9c\n'
        var_0 = bst_0.insert(bytes_1)
        assert f'{type(bst_0.root).__module__}.{type(bst_0.root).__qualname__}' == 'binarySearchTree4.Node'
        assert f'{type(var_0).__module__}.{type(var_0).__qualname__}' == 'binarySearchTree4.Node'
        assert var_0.data == b'I\x1e\x9a\xbc\xbc\x83\xbbg\x9d\x89\xfe\x02\x9c\n'
        assert var_0.left is None
        assert var_0.right is None
        assert var_0.parent is None
        var_1 = bst_0.insert(bytes_0)
>       assert f'{type(var_0.right).__module__}.{type(var_0.right).__qualname__}' == 'binarySearchTree4.Node'
E       AssertionError

MIO/test_binarySearchTree4_MIO.py:59: AssertionError
[36m   -[0m [#  12] CRP binarySearchTree4: 
--------------------------------------------------------------------------------
  15:         self.root = root
  16:     
  17:     def insert(self, data):
  18:         if data is None:
[34m- 19:             raise TypeError('data cannot be None')[0m
[32m+ 19:             raise TypeError('mutpy')[0m
  20:         if self.root is None:
  21:             self.root = Node(data)
  22:             return self.root
  23:         else:
--------------------------------------------------------------------------------
[0.14254 s] [31msurvived[0m
[36m   -[0m [#  13] CRP binarySearchTree4: 
--------------------------------------------------------------------------------
  15:         self.root = root
  16:     
  17:     def insert(self, data):
  18:         if data is None:
[34m- 19:             raise TypeError('data cannot be None')[0m
[32m+ 19:             raise TypeError('')[0m
  20:         if self.root is None:
  21:             self.root = Node(data)
  22:             return self.root
  23:         else:
--------------------------------------------------------------------------------
[0.14355 s] [31msurvived[0m
[36m   -[0m [#  14] ROR binarySearchTree4: 
--------------------------------------------------------------------------------
  25:     
  26:     def _insert(self, node, data):
  27:         if node is None:
  28:             return Node(data)
[34m- 29:         if data <= node.data:[0m
[32m+ 29:         if data >= node.data:[0m
  30:             if node.left is None:
  31:                 node.left = self._insert(node.left, data)
  32:                 node.left.parent = node
  33:                 return node.left
--------------------------------------------------------------------------------
[0.17636 s] [32mkilled[0m by MIO/test_binarySearchTree4_MIO.py::test_case_4

def test_case_4():
        bytes_0 = b'\xca\x89@KfH\xa7\xf9\x08\xd5S!\xb5\xb2\xb4\xee\n\x04\xe8'
        bst_0 = module_0.Bst()
        bytes_1 = b'I\x1e\x9a\xbc\xbc\x83\xbbg\x9d\x89\xfe\x02\x9c\n'
        var_0 = bst_0.insert(bytes_1)
        assert f'{type(bst_0.root).__module__}.{type(bst_0.root).__qualname__}' == 'binarySearchTree4.Node'
        assert f'{type(var_0).__module__}.{type(var_0).__qualname__}' == 'binarySearchTree4.Node'
        assert var_0.data == b'I\x1e\x9a\xbc\xbc\x83\xbbg\x9d\x89\xfe\x02\x9c\n'
        assert var_0.left is None
        assert var_0.right is None
        assert var_0.parent is None
        var_1 = bst_0.insert(bytes_0)
>       assert f'{type(var_0.right).__module__}.{type(var_0.right).__qualname__}' == 'binarySearchTree4.Node'
E       AssertionError

MIO/test_binarySearchTree4_MIO.py:59: AssertionError
[36m   -[0m [#  15] ROR binarySearchTree4: 
--------------------------------------------------------------------------------
  25:     
  26:     def _insert(self, node, data):
  27:         if node is None:
  28:             return Node(data)
[34m- 29:         if data <= node.data:[0m
[32m+ 29:         if data < node.data:[0m
  30:             if node.left is None:
  31:                 node.left = self._insert(node.left, data)
  32:                 node.left.parent = node
  33:                 return node.left
--------------------------------------------------------------------------------
[0.16965 s] [32mkilled[0m by MIO/test_binarySearchTree4_MIO.py::test_case_3

def test_case_3():
        bytes_0 = b'\xca\x89@KfH\xa7\xf9\x08\xd5S!\xb5\xb2\xb4\xee\n\x04\xe8'
        bst_0 = module_0.Bst()
        var_0 = bst_0.insert(bytes_0)
        assert f'{type(bst_0.root).__module__}.{type(bst_0.root).__qualname__}' == 'binarySearchTree4.Node'
        assert f'{type(var_0).__module__}.{type(var_0).__qualname__}' == 'binarySearchTree4.Node'
        assert var_0.data == b'\xca\x89@KfH\xa7\xf9\x08\xd5S!\xb5\xb2\xb4\xee\n\x04\xe8'
        assert var_0.left is None
        assert var_0.right is None
        assert var_0.parent is None
        var_1 = bst_0.insert(bytes_0)
>       assert f'{type(var_0.left).__module__}.{type(var_0.left).__qualname__}' == 'binarySearchTree4.Node'
E       AssertionError

MIO/test_binarySearchTree4_MIO.py:44: AssertionError
[36m   -[0m [#  16] SDI binarySearchTree4: 
--------------------------------------------------------------------------------
   1: class Node(object):
   2:     
[34m-  3:     def __init__(self, data):[0m
[34m-  4:         self.data = data[0m
[34m-  5:         self.left = None[0m
[34m-  6:         self.right = None[0m
[34m-  7:         self.parent = None[0m
[34m-  8:     [0m
[32m+  3:     @staticmethod[0m
[32m+  4:     def __init__(self, data):[0m
[32m+  5:         self.data = data[0m
[32m+  6:         self.left = None[0m
[32m+  7:         self.right = None[0m
[32m+  8:         self.parent = None[0m
   9:     def __repr__(self):
  10:         return str(self.data)
  11: 
  12: class Bst(object):
--------------------------------------------------------------------------------
[0.17258 s] [36mincompetent[0m

TypeError: binarySearchTree4:21: TypeError: Node.__init__() missing 1 required positional argument: 'data'

[36m   -[0m [#  17] SDI binarySearchTree4: 
--------------------------------------------------------------------------------
   5:         self.left = None
   6:         self.right = None
   7:         self.parent = None
   8:     
[34m-  9:     def __repr__(self):[0m
[34m- 10:         return str(self.data)[0m
[34m- 11: [0m
[32m+  9:     @staticmethod[0m
[32m+ 10:     def __repr__(self):[0m
[32m+ 11:         return str(self.data)[0m
  12: class Bst(object):
  13:     
  14:     def __init__(self, root=None):
  15:         self.root = root
--------------------------------------------------------------------------------
[0.18316 s] [36mincompetent[0m

TypeError: /home/lucca/desktop/ic/experimento/testes/python_experiments/binarySearchTree4/MIO/test_binarySearchTree4_MIO.py:115: TypeError: Node.__repr__() missing 1 required positional argument: 'self'

[36m   -[0m [#  18] SDI binarySearchTree4: 
--------------------------------------------------------------------------------
  10:         return str(self.data)
  11: 
  12: class Bst(object):
  13:     
[34m- 14:     def __init__(self, root=None):[0m
[34m- 15:         self.root = root[0m
[34m- 16:     [0m
[32m+ 14:     @staticmethod[0m
[32m+ 15:     def __init__(self, root=None):[0m
[32m+ 16:         self.root = root[0m
  17:     def insert(self, data):
  18:         if data is None:
  19:             raise TypeError('data cannot be None')
  20:         if self.root is None:
--------------------------------------------------------------------------------
[0.16537 s] [36mincompetent[0m

TypeError: /home/lucca/desktop/ic/experimento/testes/python_experiments/binarySearchTree4/MIO/test_binarySearchTree4_MIO.py:6: TypeError: Bst.__init__() missing 1 required positional argument: 'self'

[36m   -[0m [#  19] SDI binarySearchTree4: 
--------------------------------------------------------------------------------
  13:     
  14:     def __init__(self, root=None):
  15:         self.root = root
  16:     
[34m- 17:     def insert(self, data):[0m
[34m- 18:         if data is None:[0m
[34m- 19:             raise TypeError('data cannot be None')[0m
[34m- 20:         if self.root is None:[0m
[34m- 21:             self.root = Node(data)[0m
[34m- 22:             return self.root[0m
[34m- 23:         else:[0m
[34m- 24:             return self._insert(self.root, data)[0m
[34m- 25:     [0m
[32m+ 17:     @staticmethod[0m
[32m+ 18:     def insert(self, data):[0m
[32m+ 19:         if data is None:[0m
[32m+ 20:             raise TypeError('data cannot be None')[0m
[32m+ 21:         if self.root is None:[0m
[32m+ 22:             self.root = Node(data)[0m
[32m+ 23:             return self.root[0m
[32m+ 24:         else:[0m
[32m+ 25:             return self._insert(self.root, data)[0m
  26:     def _insert(self, node, data):
  27:         if node is None:
  28:             return Node(data)
  29:         if data <= node.data:
--------------------------------------------------------------------------------
[0.22257 s] [36mincompetent[0m

TypeError: /home/lucca/desktop/ic/experimento/testes/python_experiments/binarySearchTree4/MIO/test_binarySearchTree4_MIO.py:7: TypeError: Bst.insert() missing 1 required positional argument: 'data'

[36m   -[0m [#  20] SDI binarySearchTree4: 
--------------------------------------------------------------------------------
  22:             return self.root
  23:         else:
  24:             return self._insert(self.root, data)
  25:     
[34m- 26:     def _insert(self, node, data):[0m
[34m- 27:         if node is None:[0m
[34m- 28:             return Node(data)[0m
[34m- 29:         if data <= node.data:[0m
[34m- 30:             if node.left is None:[0m
[34m- 31:                 node.left = self._insert(node.left, data)[0m
[34m- 32:                 node.left.parent = node[0m
[34m- 33:                 return node.left[0m
[34m- 34:             else:[0m
[34m- 35:                 return self._insert(node.left, data)[0m
[34m- 36:         [0m
[34m- 37:         elif node.right is None:[0m
[34m- 38:             node.right = self._insert(node.right, data)[0m
[34m- 39:             node.right.parent = node[0m
[34m- 40:             return node.right[0m
[34m- 41:         else:[0m
[34m- 42:             return self._insert(node.right, data)[0m
[32m+ 26:     @staticmethod[0m
[32m+ 27:     def _insert(self, node, data):[0m
[32m+ 28:         if node is None:[0m
[32m+ 29:             return Node(data)[0m
[32m+ 30:         if data <= node.data:[0m
[32m+ 31:             if node.left is None:[0m
[32m+ 32:                 node.left = self._insert(node.left, data)[0m
[32m+ 33:                 node.left.parent = node[0m
[32m+ 34:                 return node.left[0m
[32m+ 35:             else:[0m
[32m+ 36:                 return self._insert(node.left, data)[0m
[32m+ 37:         [0m
[32m+ 38:         elif node.right is None:[0m
[32m+ 39:             node.right = self._insert(node.right, data)[0m
[32m+ 40:             node.right.parent = node[0m
[32m+ 41:             return node.right[0m
[32m+ 42:         else:[0m
[32m+ 43:             return self._insert(node.right, data)[0m
--------------------------------------------------------------------------------
[0.22074 s] [36mincompetent[0m

TypeError: binarySearchTree4:24: TypeError: Bst._insert() missing 1 required positional argument: 'data'

[36m   -[0m [#  21] SDL binarySearchTree4: 
--------------------------------------------------------------------------------
   1: class Node(object):
   2:     
   3:     def __init__(self, data):
[34m-  4:         self.data = data[0m
[32m+  4:         pass[0m
   5:         self.left = None
   6:         self.right = None
   7:         self.parent = None
   8:     
--------------------------------------------------------------------------------
[0.19944 s] [32mkilled[0m by MIO/test_binarySearchTree4_MIO.py::test_case_0

def test_case_0():
        bst_0 = module_0.Bst()
        var_0 = bst_0.insert(bst_0)
        assert f'{type(bst_0.root).__module__}.{type(bst_0.root).__qualname__}' == 'binarySearchTree4.Node'
        assert f'{type(var_0).__module__}.{type(var_0).__qualname__}' == 'binarySearchTree4.Node'
>       assert f'{type(var_0.data).__module__}.{type(var_0.data).__qualname__}' == 'binarySearchTree4.Bst'
E       AttributeError: 'Node' object has no attribute 'data'

MIO/test_binarySearchTree4_MIO.py:10: AttributeError
[36m   -[0m [#  22] SDL binarySearchTree4: 
--------------------------------------------------------------------------------
   1: class Node(object):
   2:     
   3:     def __init__(self, data):
   4:         self.data = data
[34m-  5:         self.left = None[0m
[32m+  5:         pass[0m
   6:         self.right = None
   7:         self.parent = None
   8:     
   9:     def __repr__(self):
--------------------------------------------------------------------------------
[0.17190 s] [32mkilled[0m by MIO/test_binarySearchTree4_MIO.py::test_case_0

def test_case_0():
        bst_0 = module_0.Bst()
        var_0 = bst_0.insert(bst_0)
        assert f'{type(bst_0.root).__module__}.{type(bst_0.root).__qualname__}' == 'binarySearchTree4.Node'
        assert f'{type(var_0).__module__}.{type(var_0).__qualname__}' == 'binarySearchTree4.Node'
        assert f'{type(var_0.data).__module__}.{type(var_0.data).__qualname__}' == 'binarySearchTree4.Bst'
>       assert var_0.left is None
E       AttributeError: 'Node' object has no attribute 'left'

MIO/test_binarySearchTree4_MIO.py:11: AttributeError
[36m   -[0m [#  23] SDL binarySearchTree4: 
--------------------------------------------------------------------------------
   2:     
   3:     def __init__(self, data):
   4:         self.data = data
   5:         self.left = None
[34m-  6:         self.right = None[0m
[32m+  6:         pass[0m
   7:         self.parent = None
   8:     
   9:     def __repr__(self):
  10:         return str(self.data)
--------------------------------------------------------------------------------
[0.17463 s] [32mkilled[0m by MIO/test_binarySearchTree4_MIO.py::test_case_0

def test_case_0():
        bst_0 = module_0.Bst()
        var_0 = bst_0.insert(bst_0)
        assert f'{type(bst_0.root).__module__}.{type(bst_0.root).__qualname__}' == 'binarySearchTree4.Node'
        assert f'{type(var_0).__module__}.{type(var_0).__qualname__}' == 'binarySearchTree4.Node'
        assert f'{type(var_0.data).__module__}.{type(var_0.data).__qualname__}' == 'binarySearchTree4.Bst'
        assert var_0.left is None
>       assert var_0.right is None
E       AttributeError: 'Node' object has no attribute 'right'

MIO/test_binarySearchTree4_MIO.py:12: AttributeError
[36m   -[0m [#  24] SDL binarySearchTree4: 
--------------------------------------------------------------------------------
   3:     def __init__(self, data):
   4:         self.data = data
   5:         self.left = None
   6:         self.right = None
[34m-  7:         self.parent = None[0m
[32m+  7:         pass[0m
   8:     
   9:     def __repr__(self):
  10:         return str(self.data)
  11: 
--------------------------------------------------------------------------------
[0.17541 s] [32mkilled[0m by MIO/test_binarySearchTree4_MIO.py::test_case_0

def test_case_0():
        bst_0 = module_0.Bst()
        var_0 = bst_0.insert(bst_0)
        assert f'{type(bst_0.root).__module__}.{type(bst_0.root).__qualname__}' == 'binarySearchTree4.Node'
        assert f'{type(var_0).__module__}.{type(var_0).__qualname__}' == 'binarySearchTree4.Node'
        assert f'{type(var_0.data).__module__}.{type(var_0.data).__qualname__}' == 'binarySearchTree4.Bst'
        assert var_0.left is None
        assert var_0.right is None
>       assert var_0.parent is None
E       AttributeError: 'Node' object has no attribute 'parent'

MIO/test_binarySearchTree4_MIO.py:13: AttributeError
[36m   -[0m [#  25] SDL binarySearchTree4: 
--------------------------------------------------------------------------------
   6:         self.right = None
   7:         self.parent = None
   8:     
   9:     def __repr__(self):
[34m- 10:         return str(self.data)[0m
[32m+ 10:         pass[0m
  11: 
  12: class Bst(object):
  13:     
  14:     def __init__(self, root=None):
--------------------------------------------------------------------------------
[0.14378 s] [31msurvived[0m
[36m   -[0m [#  26] SDL binarySearchTree4: 
--------------------------------------------------------------------------------
  11: 
  12: class Bst(object):
  13:     
  14:     def __init__(self, root=None):
[34m- 15:         self.root = root[0m
[32m+ 15:         pass[0m
  16:     
  17:     def insert(self, data):
  18:         if data is None:
  19:             raise TypeError('data cannot be None')
--------------------------------------------------------------------------------
[0.17686 s] [32mkilled[0m by MIO/test_binarySearchTree4_MIO.py::test_case_0

def test_case_0():
        bst_0 = module_0.Bst()
>       var_0 = bst_0.insert(bst_0)

MIO/test_binarySearchTree4_MIO.py:7: 
_ _ _ _ _ _ _ _ _ _ _ _ _ _ _ _ _ _ _ _ _ _ _ _ _ _ _ _ _ _ _ _ _ _ _ _ _ _ _ _ 

self = <binarySearchTree4.Bst object at 0x7fa4c30b9ba0>
data = <binarySearchTree4.Bst object at 0x7fa4c30b9ba0>

>   ???
E   AttributeError: 'Bst' object has no attribute 'root'

binarySearchTree4:20: AttributeError
[36m   -[0m [#  27] SDL binarySearchTree4: 
--------------------------------------------------------------------------------
  17:     def insert(self, data):
  18:         if data is None:
  19:             raise TypeError('data cannot be None')
  20:         if self.root is None:
[34m- 21:             self.root = Node(data)[0m
[32m+ 21:             pass[0m
  22:             return self.root
  23:         else:
  24:             return self._insert(self.root, data)
  25:     
--------------------------------------------------------------------------------
[0.17126 s] [32mkilled[0m by MIO/test_binarySearchTree4_MIO.py::test_case_0

def test_case_0():
        bst_0 = module_0.Bst()
        var_0 = bst_0.insert(bst_0)
>       assert f'{type(bst_0.root).__module__}.{type(bst_0.root).__qualname__}' == 'binarySearchTree4.Node'
E       AssertionError

MIO/test_binarySearchTree4_MIO.py:8: AssertionError
[36m   -[0m [#  28] SDL binarySearchTree4: 
--------------------------------------------------------------------------------
  18:         if data is None:
  19:             raise TypeError('data cannot be None')
  20:         if self.root is None:
  21:             self.root = Node(data)
[34m- 22:             return self.root[0m
[32m+ 22:             pass[0m
  23:         else:
  24:             return self._insert(self.root, data)
  25:     
  26:     def _insert(self, node, data):
--------------------------------------------------------------------------------
[0.16583 s] [32mkilled[0m by MIO/test_binarySearchTree4_MIO.py::test_case_0

def test_case_0():
        bst_0 = module_0.Bst()
        var_0 = bst_0.insert(bst_0)
        assert f'{type(bst_0.root).__module__}.{type(bst_0.root).__qualname__}' == 'binarySearchTree4.Node'
>       assert f'{type(var_0).__module__}.{type(var_0).__qualname__}' == 'binarySearchTree4.Node'
E       AssertionError

MIO/test_binarySearchTree4_MIO.py:9: AssertionError
[36m   -[0m [#  29] SDL binarySearchTree4: 
--------------------------------------------------------------------------------
  20:         if self.root is None:
  21:             self.root = Node(data)
  22:             return self.root
  23:         else:
[34m- 24:             return self._insert(self.root, data)[0m
[32m+ 24:             pass[0m
  25:     
  26:     def _insert(self, node, data):
  27:         if node is None:
  28:             return Node(data)
--------------------------------------------------------------------------------
[0.17481 s] [36mincompetent[0m

TypeError: /home/lucca/desktop/ic/experimento/testes/python_experiments/binarySearchTree4/MIO/test_binarySearchTree4_MIO.py:24: Failed: DID NOT RAISE <class 'TypeError'>

[36m   -[0m [#  30] SDL binarySearchTree4: 
--------------------------------------------------------------------------------
  24:             return self._insert(self.root, data)
  25:     
  26:     def _insert(self, node, data):
  27:         if node is None:
[34m- 28:             return Node(data)[0m
[32m+ 28:             pass[0m
  29:         if data <= node.data:
  30:             if node.left is None:
  31:                 node.left = self._insert(node.left, data)
  32:                 node.left.parent = node
--------------------------------------------------------------------------------
[0.17816 s] [32mkilled[0m by MIO/test_binarySearchTree4_MIO.py::test_case_3

def test_case_3():
        bytes_0 = b'\xca\x89@KfH\xa7\xf9\x08\xd5S!\xb5\xb2\xb4\xee\n\x04\xe8'
        bst_0 = module_0.Bst()
        var_0 = bst_0.insert(bytes_0)
        assert f'{type(bst_0.root).__module__}.{type(bst_0.root).__qualname__}' == 'binarySearchTree4.Node'
        assert f'{type(var_0).__module__}.{type(var_0).__qualname__}' == 'binarySearchTree4.Node'
        assert var_0.data == b'\xca\x89@KfH\xa7\xf9\x08\xd5S!\xb5\xb2\xb4\xee\n\x04\xe8'
        assert var_0.left is None
        assert var_0.right is None
        assert var_0.parent is None
>       var_1 = bst_0.insert(bytes_0)

MIO/test_binarySearchTree4_MIO.py:43: 
_ _ _ _ _ _ _ _ _ _ _ _ _ _ _ _ _ _ _ _ _ _ _ _ _ _ _ _ _ _ _ _ _ _ _ _ _ _ _ _ 
binarySearchTree4:24: in insert
    ???
binarySearchTree4:31: in _insert
    ???
_ _ _ _ _ _ _ _ _ _ _ _ _ _ _ _ _ _ _ _ _ _ _ _ _ _ _ _ _ _ _ _ _ _ _ _ _ _ _ _ 

self = <binarySearchTree4.Bst object at 0x7fa4c302f610>, node = None
data = b'\xca\x89@KfH\xa7\xf9\x08\xd5S!\xb5\xb2\xb4\xee\n\x04\xe8'

>   ???
E   AttributeError: 'NoneType' object has no attribute 'data'

binarySearchTree4:29: AttributeError
[36m   -[0m [#  31] SDL binarySearchTree4: 
--------------------------------------------------------------------------------
  27:         if node is None:
  28:             return Node(data)
  29:         if data <= node.data:
  30:             if node.left is None:
[34m- 31:                 node.left = self._insert(node.left, data)[0m
[32m+ 31:                 pass[0m
  32:                 node.left.parent = node
  33:                 return node.left
  34:             else:
  35:                 return self._insert(node.left, data)
--------------------------------------------------------------------------------
[0.17011 s] [32mkilled[0m by MIO/test_binarySearchTree4_MIO.py::test_case_3

def test_case_3():
        bytes_0 = b'\xca\x89@KfH\xa7\xf9\x08\xd5S!\xb5\xb2\xb4\xee\n\x04\xe8'
        bst_0 = module_0.Bst()
        var_0 = bst_0.insert(bytes_0)
        assert f'{type(bst_0.root).__module__}.{type(bst_0.root).__qualname__}' == 'binarySearchTree4.Node'
        assert f'{type(var_0).__module__}.{type(var_0).__qualname__}' == 'binarySearchTree4.Node'
        assert var_0.data == b'\xca\x89@KfH\xa7\xf9\x08\xd5S!\xb5\xb2\xb4\xee\n\x04\xe8'
        assert var_0.left is None
        assert var_0.right is None
        assert var_0.parent is None
>       var_1 = bst_0.insert(bytes_0)

MIO/test_binarySearchTree4_MIO.py:43: 
_ _ _ _ _ _ _ _ _ _ _ _ _ _ _ _ _ _ _ _ _ _ _ _ _ _ _ _ _ _ _ _ _ _ _ _ _ _ _ _ 
binarySearchTree4:24: in insert
    ???
_ _ _ _ _ _ _ _ _ _ _ _ _ _ _ _ _ _ _ _ _ _ _ _ _ _ _ _ _ _ _ _ _ _ _ _ _ _ _ _ 

self = <binarySearchTree4.Bst object at 0x7fa4c302d360>
node = b'\xca\x89@KfH\xa7\xf9\x08\xd5S!\xb5\xb2\xb4\xee\n\x04\xe8'
data = b'\xca\x89@KfH\xa7\xf9\x08\xd5S!\xb5\xb2\xb4\xee\n\x04\xe8'

>   ???
E   AttributeError: 'NoneType' object has no attribute 'parent'

binarySearchTree4:32: AttributeError
[36m   -[0m [#  32] SDL binarySearchTree4: 
--------------------------------------------------------------------------------
  28:             return Node(data)
  29:         if data <= node.data:
  30:             if node.left is None:
  31:                 node.left = self._insert(node.left, data)
[34m- 32:                 node.left.parent = node[0m
[32m+ 32:                 pass[0m
  33:                 return node.left
  34:             else:
  35:                 return self._insert(node.left, data)
  36:         
--------------------------------------------------------------------------------
[0.18261 s] [32mkilled[0m by MIO/test_binarySearchTree4_MIO.py::test_case_3

def test_case_3():
        bytes_0 = b'\xca\x89@KfH\xa7\xf9\x08\xd5S!\xb5\xb2\xb4\xee\n\x04\xe8'
        bst_0 = module_0.Bst()
        var_0 = bst_0.insert(bytes_0)
        assert f'{type(bst_0.root).__module__}.{type(bst_0.root).__qualname__}' == 'binarySearchTree4.Node'
        assert f'{type(var_0).__module__}.{type(var_0).__qualname__}' == 'binarySearchTree4.Node'
        assert var_0.data == b'\xca\x89@KfH\xa7\xf9\x08\xd5S!\xb5\xb2\xb4\xee\n\x04\xe8'
        assert var_0.left is None
        assert var_0.right is None
        assert var_0.parent is None
        var_1 = bst_0.insert(bytes_0)
        assert f'{type(var_0.left).__module__}.{type(var_0.left).__qualname__}' == 'binarySearchTree4.Node'
>       assert f'{type(var_1.parent).__module__}.{type(var_1.parent).__qualname__}' == 'binarySearchTree4.Node'
E       AssertionError

MIO/test_binarySearchTree4_MIO.py:45: AssertionError
[36m   -[0m [#  33] SDL binarySearchTree4: 
--------------------------------------------------------------------------------
  29:         if data <= node.data:
  30:             if node.left is None:
  31:                 node.left = self._insert(node.left, data)
  32:                 node.left.parent = node
[34m- 33:                 return node.left[0m
[32m+ 33:                 pass[0m
  34:             else:
  35:                 return self._insert(node.left, data)
  36:         
  37:         elif node.right is None:
--------------------------------------------------------------------------------
[0.17542 s] [32mkilled[0m by MIO/test_binarySearchTree4_MIO.py::test_case_3

def test_case_3():
        bytes_0 = b'\xca\x89@KfH\xa7\xf9\x08\xd5S!\xb5\xb2\xb4\xee\n\x04\xe8'
        bst_0 = module_0.Bst()
        var_0 = bst_0.insert(bytes_0)
        assert f'{type(bst_0.root).__module__}.{type(bst_0.root).__qualname__}' == 'binarySearchTree4.Node'
        assert f'{type(var_0).__module__}.{type(var_0).__qualname__}' == 'binarySearchTree4.Node'
        assert var_0.data == b'\xca\x89@KfH\xa7\xf9\x08\xd5S!\xb5\xb2\xb4\xee\n\x04\xe8'
        assert var_0.left is None
        assert var_0.right is None
        assert var_0.parent is None
        var_1 = bst_0.insert(bytes_0)
        assert f'{type(var_0.left).__module__}.{type(var_0.left).__qualname__}' == 'binarySearchTree4.Node'
>       assert f'{type(var_1.parent).__module__}.{type(var_1.parent).__qualname__}' == 'binarySearchTree4.Node'
E       AttributeError: 'NoneType' object has no attribute 'parent'

MIO/test_binarySearchTree4_MIO.py:45: AttributeError
[36m   -[0m [#  34] SDL binarySearchTree4: 
--------------------------------------------------------------------------------
  31:                 node.left = self._insert(node.left, data)
  32:                 node.left.parent = node
  33:                 return node.left
  34:             else:
[34m- 35:                 return self._insert(node.left, data)[0m
[32m+ 35:                 pass[0m
  36:         
  37:         elif node.right is None:
  38:             node.right = self._insert(node.right, data)
  39:             node.right.parent = node
--------------------------------------------------------------------------------
[0.17287 s] [32mkilled[0m by MIO/test_binarySearchTree4_MIO.py::test_case_6

def test_case_6():
        bytes_0 = b'\xca\x89@KfH\xa7\xf9\x08\xd5S!\xb5\xb2\xb4\xee\n\x04\xe8'
        bst_0 = module_0.Bst()
        bytes_1 = b'\xe8\xcb\x12\xab!\x04\xdeu\x9bY\x1c\xbc\x89\xf5\xba\xa1\xf4\xf3_1'
        var_0 = bst_0.insert(bytes_1)
        assert f'{type(bst_0.root).__module__}.{type(bst_0.root).__qualname__}' == 'binarySearchTree4.Node'
        assert f'{type(var_0).__module__}.{type(var_0).__qualname__}' == 'binarySearchTree4.Node'
        assert var_0.data == b'\xe8\xcb\x12\xab!\x04\xdeu\x9bY\x1c\xbc\x89\xf5\xba\xa1\xf4\xf3_1'
        assert var_0.left is None
        assert var_0.right is None
        assert var_0.parent is None
        var_1 = bst_0.insert(bytes_0)
        assert f'{type(var_0.left).__module__}.{type(var_0.left).__qualname__}' == 'binarySearchTree4.Node'
        assert f'{type(var_1.parent).__module__}.{type(var_1.parent).__qualname__}' == 'binarySearchTree4.Node'
        var_2 = bst_0.insert(bytes_0)
>       assert f'{type(var_1.left).__module__}.{type(var_1.left).__qualname__}' == 'binarySearchTree4.Node'
E       AssertionError

MIO/test_binarySearchTree4_MIO.py:102: AssertionError
[36m   -[0m [#  35] SDL binarySearchTree4: 
--------------------------------------------------------------------------------
  34:             else:
  35:                 return self._insert(node.left, data)
  36:         
  37:         elif node.right is None:
[34m- 38:             node.right = self._insert(node.right, data)[0m
[32m+ 38:             pass[0m
  39:             node.right.parent = node
  40:             return node.right
  41:         else:
  42:             return self._insert(node.right, data)
--------------------------------------------------------------------------------
[0.17401 s] [32mkilled[0m by MIO/test_binarySearchTree4_MIO.py::test_case_4

def test_case_4():
        bytes_0 = b'\xca\x89@KfH\xa7\xf9\x08\xd5S!\xb5\xb2\xb4\xee\n\x04\xe8'
        bst_0 = module_0.Bst()
        bytes_1 = b'I\x1e\x9a\xbc\xbc\x83\xbbg\x9d\x89\xfe\x02\x9c\n'
        var_0 = bst_0.insert(bytes_1)
        assert f'{type(bst_0.root).__module__}.{type(bst_0.root).__qualname__}' == 'binarySearchTree4.Node'
        assert f'{type(var_0).__module__}.{type(var_0).__qualname__}' == 'binarySearchTree4.Node'
        assert var_0.data == b'I\x1e\x9a\xbc\xbc\x83\xbbg\x9d\x89\xfe\x02\x9c\n'
        assert var_0.left is None
        assert var_0.right is None
        assert var_0.parent is None
>       var_1 = bst_0.insert(bytes_0)

MIO/test_binarySearchTree4_MIO.py:58: 
_ _ _ _ _ _ _ _ _ _ _ _ _ _ _ _ _ _ _ _ _ _ _ _ _ _ _ _ _ _ _ _ _ _ _ _ _ _ _ _ 
binarySearchTree4:24: in insert
    ???
_ _ _ _ _ _ _ _ _ _ _ _ _ _ _ _ _ _ _ _ _ _ _ _ _ _ _ _ _ _ _ _ _ _ _ _ _ _ _ _ 

self = <binarySearchTree4.Bst object at 0x7fa4c314f820>
node = b'I\x1e\x9a\xbc\xbc\x83\xbbg\x9d\x89\xfe\x02\x9c\n'
data = b'\xca\x89@KfH\xa7\xf9\x08\xd5S!\xb5\xb2\xb4\xee\n\x04\xe8'

>   ???
E   AttributeError: 'NoneType' object has no attribute 'parent'

binarySearchTree4:39: AttributeError
[36m   -[0m [#  36] SDL binarySearchTree4: 
--------------------------------------------------------------------------------
  35:                 return self._insert(node.left, data)
  36:         
  37:         elif node.right is None:
  38:             node.right = self._insert(node.right, data)
[34m- 39:             node.right.parent = node[0m
[32m+ 39:             pass[0m
  40:             return node.right
  41:         else:
  42:             return self._insert(node.right, data)
--------------------------------------------------------------------------------
[0.17523 s] [32mkilled[0m by MIO/test_binarySearchTree4_MIO.py::test_case_4

def test_case_4():
        bytes_0 = b'\xca\x89@KfH\xa7\xf9\x08\xd5S!\xb5\xb2\xb4\xee\n\x04\xe8'
        bst_0 = module_0.Bst()
        bytes_1 = b'I\x1e\x9a\xbc\xbc\x83\xbbg\x9d\x89\xfe\x02\x9c\n'
        var_0 = bst_0.insert(bytes_1)
        assert f'{type(bst_0.root).__module__}.{type(bst_0.root).__qualname__}' == 'binarySearchTree4.Node'
        assert f'{type(var_0).__module__}.{type(var_0).__qualname__}' == 'binarySearchTree4.Node'
        assert var_0.data == b'I\x1e\x9a\xbc\xbc\x83\xbbg\x9d\x89\xfe\x02\x9c\n'
        assert var_0.left is None
        assert var_0.right is None
        assert var_0.parent is None
        var_1 = bst_0.insert(bytes_0)
        assert f'{type(var_0.right).__module__}.{type(var_0.right).__qualname__}' == 'binarySearchTree4.Node'
>       assert f'{type(var_1.parent).__module__}.{type(var_1.parent).__qualname__}' == 'binarySearchTree4.Node'
E       AssertionError

MIO/test_binarySearchTree4_MIO.py:60: AssertionError
[36m   -[0m [#  37] SDL binarySearchTree4: 
--------------------------------------------------------------------------------
  36:         
  37:         elif node.right is None:
  38:             node.right = self._insert(node.right, data)
  39:             node.right.parent = node
[34m- 40:             return node.right[0m
[32m+ 40:             pass[0m
  41:         else:
  42:             return self._insert(node.right, data)
--------------------------------------------------------------------------------
[0.17866 s] [32mkilled[0m by MIO/test_binarySearchTree4_MIO.py::test_case_4

def test_case_4():
        bytes_0 = b'\xca\x89@KfH\xa7\xf9\x08\xd5S!\xb5\xb2\xb4\xee\n\x04\xe8'
        bst_0 = module_0.Bst()
        bytes_1 = b'I\x1e\x9a\xbc\xbc\x83\xbbg\x9d\x89\xfe\x02\x9c\n'
        var_0 = bst_0.insert(bytes_1)
        assert f'{type(bst_0.root).__module__}.{type(bst_0.root).__qualname__}' == 'binarySearchTree4.Node'
        assert f'{type(var_0).__module__}.{type(var_0).__qualname__}' == 'binarySearchTree4.Node'
        assert var_0.data == b'I\x1e\x9a\xbc\xbc\x83\xbbg\x9d\x89\xfe\x02\x9c\n'
        assert var_0.left is None
        assert var_0.right is None
        assert var_0.parent is None
        var_1 = bst_0.insert(bytes_0)
        assert f'{type(var_0.right).__module__}.{type(var_0.right).__qualname__}' == 'binarySearchTree4.Node'
>       assert f'{type(var_1.parent).__module__}.{type(var_1.parent).__qualname__}' == 'binarySearchTree4.Node'
E       AttributeError: 'NoneType' object has no attribute 'parent'

MIO/test_binarySearchTree4_MIO.py:60: AttributeError
[36m   -[0m [#  38] SDL binarySearchTree4: 
--------------------------------------------------------------------------------
  38:             node.right = self._insert(node.right, data)
  39:             node.right.parent = node
  40:             return node.right
  41:         else:
[34m- 42:             return self._insert(node.right, data)[0m
[32m+ 42:             pass[0m
--------------------------------------------------------------------------------
[0.17849 s] [32mkilled[0m by MIO/test_binarySearchTree4_MIO.py::test_case_5

def test_case_5():
        bytes_0 = b'\xca\x89@KfH\xd1\xa7\xf9\x08\xd5S!\xb5\xb2\xb4\xe6\n\xd2\xa8'
        none_type_0 = None
        node_0 = module_0.Node(none_type_0)
        bst_0 = module_0.Bst()
        var_0 = bst_0.insert(bytes_0)
        assert f'{type(bst_0.root).__module__}.{type(bst_0.root).__qualname__}' == 'binarySearchTree4.Node'
        assert f'{type(var_0).__module__}.{type(var_0).__qualname__}' == 'binarySearchTree4.Node'
        assert var_0.data == b'\xca\x89@KfH\xd1\xa7\xf9\x08\xd5S!\xb5\xb2\xb4\xe6\n\xd2\xa8'
        assert var_0.left is None
        assert var_0.right is None
        assert var_0.parent is None
        bst_1 = module_0.Bst()
        bst_2 = module_0.Bst()
        bytes_1 = b'+ "\xdf\xa2zG\x85\xd6T'
        bool_0 = True
        var_1 = bst_1.insert(bytes_1)
        assert f'{type(bst_1.root).__module__}.{type(bst_1.root).__qualname__}' == 'binarySearchTree4.Node'
        var_2 = bst_1.insert(bytes_0)
        assert f'{type(var_1.right).__module__}.{type(var_1.right).__qualname__}' == 'binarySearchTree4.Node'
        assert f'{type(var_2.parent).__module__}.{type(var_2.parent).__qualname__}' == 'binarySearchTree4.Node'
        var_3 = bst_1.insert(bytes_0)
>       assert f'{type(var_2.left).__module__}.{type(var_2.left).__qualname__}' == 'binarySearchTree4.Node'
E       AssertionError

MIO/test_binarySearchTree4_MIO.py:84: AssertionError
[36m   -[0m [#  39] SVD binarySearchTree4: 
--------------------------------------------------------------------------------
   1: class Node(object):
   2:     
   3:     def __init__(self, data):
[34m-  4:         self.data = data[0m
[32m+  4:         data = data[0m
   5:         self.left = None
   6:         self.right = None
   7:         self.parent = None
   8:     
--------------------------------------------------------------------------------
[0.00000 s] [36mincompetent[0m

ValueError: expression must have Store context but has Load instead

[36m   -[0m [#  40] SVD binarySearchTree4: 
--------------------------------------------------------------------------------
   1: class Node(object):
   2:     
   3:     def __init__(self, data):
   4:         self.data = data
[34m-  5:         self.left = None[0m
[32m+  5:         left = None[0m
   6:         self.right = None
   7:         self.parent = None
   8:     
   9:     def __repr__(self):
--------------------------------------------------------------------------------
[0.00000 s] [36mincompetent[0m

ValueError: expression must have Store context but has Load instead

[36m   -[0m [#  41] SVD binarySearchTree4: 
--------------------------------------------------------------------------------
   2:     
   3:     def __init__(self, data):
   4:         self.data = data
   5:         self.left = None
[34m-  6:         self.right = None[0m
[32m+  6:         right = None[0m
   7:         self.parent = None
   8:     
   9:     def __repr__(self):
  10:         return str(self.data)
--------------------------------------------------------------------------------
[0.00000 s] [36mincompetent[0m

ValueError: expression must have Store context but has Load instead

[36m   -[0m [#  42] SVD binarySearchTree4: 
--------------------------------------------------------------------------------
   3:     def __init__(self, data):
   4:         self.data = data
   5:         self.left = None
   6:         self.right = None
[34m-  7:         self.parent = None[0m
[32m+  7:         parent = None[0m
   8:     
   9:     def __repr__(self):
  10:         return str(self.data)
  11: 
--------------------------------------------------------------------------------
[0.00000 s] [36mincompetent[0m

ValueError: expression must have Store context but has Load instead

[36m   -[0m [#  43] SVD binarySearchTree4: 
--------------------------------------------------------------------------------
   6:         self.right = None
   7:         self.parent = None
   8:     
   9:     def __repr__(self):
[34m- 10:         return str(self.data)[0m
[32m+ 10:         return str(data)[0m
  11: 
  12: class Bst(object):
  13:     
  14:     def __init__(self, root=None):
--------------------------------------------------------------------------------
[0.18283 s] [32mkilled[0m by MIO/test_binarySearchTree4_MIO.py::test_case_9

def test_case_9():
        bst_0 = module_0.Bst()
        node_0 = module_0.Node(bst_0)
>       var_0 = node_0.__repr__()

MIO/test_binarySearchTree4_MIO.py:115: 
_ _ _ _ _ _ _ _ _ _ _ _ _ _ _ _ _ _ _ _ _ _ _ _ _ _ _ _ _ _ _ _ _ _ _ _ _ _ _ _ 

self = <[NameError("name 'data' is not defined") raised in repr()] Node object at 0x7fa4c3128f40>

>   ???
E   NameError: name 'data' is not defined

binarySearchTree4:10: NameError
[36m   -[0m [#  44] SVD binarySearchTree4: 
--------------------------------------------------------------------------------
  11: 
  12: class Bst(object):
  13:     
  14:     def __init__(self, root=None):
[34m- 15:         self.root = root[0m
[32m+ 15:         root = root[0m
  16:     
  17:     def insert(self, data):
  18:         if data is None:
  19:             raise TypeError('data cannot be None')
--------------------------------------------------------------------------------
[0.00000 s] [36mincompetent[0m

ValueError: expression must have Store context but has Load instead

[36m   -[0m [#  45] SVD binarySearchTree4: 
--------------------------------------------------------------------------------
  16:     
  17:     def insert(self, data):
  18:         if data is None:
  19:             raise TypeError('data cannot be None')
[34m- 20:         if self.root is None:[0m
[32m+ 20:         if root is None:[0m
  21:             self.root = Node(data)
  22:             return self.root
  23:         else:
  24:             return self._insert(self.root, data)
--------------------------------------------------------------------------------
[0.20938 s] [32mkilled[0m by MIO/test_binarySearchTree4_MIO.py::test_case_0

def test_case_0():
        bst_0 = module_0.Bst()
>       var_0 = bst_0.insert(bst_0)

MIO/test_binarySearchTree4_MIO.py:7: 
_ _ _ _ _ _ _ _ _ _ _ _ _ _ _ _ _ _ _ _ _ _ _ _ _ _ _ _ _ _ _ _ _ _ _ _ _ _ _ _ 

self = <binarySearchTree4.Bst object at 0x7fa4c30e0fa0>
data = <binarySearchTree4.Bst object at 0x7fa4c30e0fa0>

>   ???
E   NameError: name 'root' is not defined

binarySearchTree4:20: NameError
[36m   -[0m [#  46] SVD binarySearchTree4: 
--------------------------------------------------------------------------------
  17:     def insert(self, data):
  18:         if data is None:
  19:             raise TypeError('data cannot be None')
  20:         if self.root is None:
[34m- 21:             self.root = Node(data)[0m
[32m+ 21:             root = Node(data)[0m
  22:             return self.root
  23:         else:
  24:             return self._insert(self.root, data)
  25:     
--------------------------------------------------------------------------------
[0.00000 s] [36mincompetent[0m

ValueError: expression must have Store context but has Load instead

[36m   -[0m [#  47] SVD binarySearchTree4: 
--------------------------------------------------------------------------------
  18:         if data is None:
  19:             raise TypeError('data cannot be None')
  20:         if self.root is None:
  21:             self.root = Node(data)
[34m- 22:             return self.root[0m
[32m+ 22:             return root[0m
  23:         else:
  24:             return self._insert(self.root, data)
  25:     
  26:     def _insert(self, node, data):
--------------------------------------------------------------------------------
[0.21133 s] [32mkilled[0m by MIO/test_binarySearchTree4_MIO.py::test_case_0

def test_case_0():
        bst_0 = module_0.Bst()
>       var_0 = bst_0.insert(bst_0)

MIO/test_binarySearchTree4_MIO.py:7: 
_ _ _ _ _ _ _ _ _ _ _ _ _ _ _ _ _ _ _ _ _ _ _ _ _ _ _ _ _ _ _ _ _ _ _ _ _ _ _ _ 

self = <binarySearchTree4.Bst object at 0x7fa4c313ab00>
data = <binarySearchTree4.Bst object at 0x7fa4c313ab00>

>   ???
E   NameError: name 'root' is not defined

binarySearchTree4:22: NameError
[36m   -[0m [#  48] SVD binarySearchTree4: 
--------------------------------------------------------------------------------
  20:         if self.root is None:
  21:             self.root = Node(data)
  22:             return self.root
  23:         else:
[34m- 24:             return self._insert(self.root, data)[0m
[32m+ 24:             return _insert(self.root, data)[0m
  25:     
  26:     def _insert(self, node, data):
  27:         if node is None:
  28:             return Node(data)
--------------------------------------------------------------------------------
[0.17226 s] [32mkilled[0m by MIO/test_binarySearchTree4_MIO.py::test_case_1

def test_case_1():
        bst_0 = module_0.Bst()
        var_0 = bst_0.insert(bst_0)
        assert f'{type(bst_0.root).__module__}.{type(bst_0.root).__qualname__}' == 'binarySearchTree4.Node'
        assert f'{type(var_0).__module__}.{type(var_0).__qualname__}' == 'binarySearchTree4.Node'
        assert f'{type(var_0.data).__module__}.{type(var_0.data).__qualname__}' == 'binarySearchTree4.Bst'
        assert var_0.left is None
        assert var_0.right is None
        assert var_0.parent is None
        with pytest.raises(TypeError):
>           bst_0.insert(var_0)

MIO/test_binarySearchTree4_MIO.py:25: 
_ _ _ _ _ _ _ _ _ _ _ _ _ _ _ _ _ _ _ _ _ _ _ _ _ _ _ _ _ _ _ _ _ _ _ _ _ _ _ _ 

self = <binarySearchTree4.Bst object at 0x7fa4c2fdb850>
data = <binarySearchTree4.Bst object at 0x7fa4c2fdb850>

>   ???
E   NameError: name '_insert' is not defined

binarySearchTree4:24: NameError
[36m   -[0m [#  49] SVD binarySearchTree4: 
--------------------------------------------------------------------------------
  20:         if self.root is None:
  21:             self.root = Node(data)
  22:             return self.root
  23:         else:
[34m- 24:             return self._insert(self.root, data)[0m
[32m+ 24:             return self._insert(root, data)[0m
  25:     
  26:     def _insert(self, node, data):
  27:         if node is None:
  28:             return Node(data)
--------------------------------------------------------------------------------
[0.17949 s] [32mkilled[0m by MIO/test_binarySearchTree4_MIO.py::test_case_1

def test_case_1():
        bst_0 = module_0.Bst()
        var_0 = bst_0.insert(bst_0)
        assert f'{type(bst_0.root).__module__}.{type(bst_0.root).__qualname__}' == 'binarySearchTree4.Node'
        assert f'{type(var_0).__module__}.{type(var_0).__qualname__}' == 'binarySearchTree4.Node'
        assert f'{type(var_0.data).__module__}.{type(var_0.data).__qualname__}' == 'binarySearchTree4.Bst'
        assert var_0.left is None
        assert var_0.right is None
        assert var_0.parent is None
        with pytest.raises(TypeError):
>           bst_0.insert(var_0)

MIO/test_binarySearchTree4_MIO.py:25: 
_ _ _ _ _ _ _ _ _ _ _ _ _ _ _ _ _ _ _ _ _ _ _ _ _ _ _ _ _ _ _ _ _ _ _ _ _ _ _ _ 

self = <binarySearchTree4.Bst object at 0x7fa4c30fcfd0>
data = <binarySearchTree4.Bst object at 0x7fa4c30fcfd0>

>   ???
E   NameError: name 'root' is not defined

binarySearchTree4:24: NameError
[36m   -[0m [#  50] SVD binarySearchTree4: 
--------------------------------------------------------------------------------
  27:         if node is None:
  28:             return Node(data)
  29:         if data <= node.data:
  30:             if node.left is None:
[34m- 31:                 node.left = self._insert(node.left, data)[0m
[32m+ 31:                 node.left = _insert(node.left, data)[0m
  32:                 node.left.parent = node
  33:                 return node.left
  34:             else:
  35:                 return self._insert(node.left, data)
--------------------------------------------------------------------------------
[0.17758 s] [32mkilled[0m by MIO/test_binarySearchTree4_MIO.py::test_case_3

def test_case_3():
        bytes_0 = b'\xca\x89@KfH\xa7\xf9\x08\xd5S!\xb5\xb2\xb4\xee\n\x04\xe8'
        bst_0 = module_0.Bst()
        var_0 = bst_0.insert(bytes_0)
        assert f'{type(bst_0.root).__module__}.{type(bst_0.root).__qualname__}' == 'binarySearchTree4.Node'
        assert f'{type(var_0).__module__}.{type(var_0).__qualname__}' == 'binarySearchTree4.Node'
        assert var_0.data == b'\xca\x89@KfH\xa7\xf9\x08\xd5S!\xb5\xb2\xb4\xee\n\x04\xe8'
        assert var_0.left is None
        assert var_0.right is None
        assert var_0.parent is None
>       var_1 = bst_0.insert(bytes_0)

MIO/test_binarySearchTree4_MIO.py:43: 
_ _ _ _ _ _ _ _ _ _ _ _ _ _ _ _ _ _ _ _ _ _ _ _ _ _ _ _ _ _ _ _ _ _ _ _ _ _ _ _ 
binarySearchTree4:24: in insert
    ???
_ _ _ _ _ _ _ _ _ _ _ _ _ _ _ _ _ _ _ _ _ _ _ _ _ _ _ _ _ _ _ _ _ _ _ _ _ _ _ _ 

self = <binarySearchTree4.Bst object at 0x7fa4c302c9d0>
node = b'\xca\x89@KfH\xa7\xf9\x08\xd5S!\xb5\xb2\xb4\xee\n\x04\xe8'
data = b'\xca\x89@KfH\xa7\xf9\x08\xd5S!\xb5\xb2\xb4\xee\n\x04\xe8'

>   ???
E   NameError: name '_insert' is not defined

binarySearchTree4:31: NameError
[36m   -[0m [#  51] SVD binarySearchTree4: 
--------------------------------------------------------------------------------
  31:                 node.left = self._insert(node.left, data)
  32:                 node.left.parent = node
  33:                 return node.left
  34:             else:
[34m- 35:                 return self._insert(node.left, data)[0m
[32m+ 35:                 return _insert(node.left, data)[0m
  36:         
  37:         elif node.right is None:
  38:             node.right = self._insert(node.right, data)
  39:             node.right.parent = node
--------------------------------------------------------------------------------
[0.18126 s] [32mkilled[0m by MIO/test_binarySearchTree4_MIO.py::test_case_6

def test_case_6():
        bytes_0 = b'\xca\x89@KfH\xa7\xf9\x08\xd5S!\xb5\xb2\xb4\xee\n\x04\xe8'
        bst_0 = module_0.Bst()
        bytes_1 = b'\xe8\xcb\x12\xab!\x04\xdeu\x9bY\x1c\xbc\x89\xf5\xba\xa1\xf4\xf3_1'
        var_0 = bst_0.insert(bytes_1)
        assert f'{type(bst_0.root).__module__}.{type(bst_0.root).__qualname__}' == 'binarySearchTree4.Node'
        assert f'{type(var_0).__module__}.{type(var_0).__qualname__}' == 'binarySearchTree4.Node'
        assert var_0.data == b'\xe8\xcb\x12\xab!\x04\xdeu\x9bY\x1c\xbc\x89\xf5\xba\xa1\xf4\xf3_1'
        assert var_0.left is None
        assert var_0.right is None
        assert var_0.parent is None
        var_1 = bst_0.insert(bytes_0)
        assert f'{type(var_0.left).__module__}.{type(var_0.left).__qualname__}' == 'binarySearchTree4.Node'
        assert f'{type(var_1.parent).__module__}.{type(var_1.parent).__qualname__}' == 'binarySearchTree4.Node'
>       var_2 = bst_0.insert(bytes_0)

MIO/test_binarySearchTree4_MIO.py:101: 
_ _ _ _ _ _ _ _ _ _ _ _ _ _ _ _ _ _ _ _ _ _ _ _ _ _ _ _ _ _ _ _ _ _ _ _ _ _ _ _ 
binarySearchTree4:24: in insert
    ???
_ _ _ _ _ _ _ _ _ _ _ _ _ _ _ _ _ _ _ _ _ _ _ _ _ _ _ _ _ _ _ _ _ _ _ _ _ _ _ _ 

self = <binarySearchTree4.Bst object at 0x7fa4c2fd80d0>
node = b'\xe8\xcb\x12\xab!\x04\xdeu\x9bY\x1c\xbc\x89\xf5\xba\xa1\xf4\xf3_1'
data = b'\xca\x89@KfH\xa7\xf9\x08\xd5S!\xb5\xb2\xb4\xee\n\x04\xe8'

>   ???
E   NameError: name '_insert' is not defined

binarySearchTree4:35: NameError
[36m   -[0m [#  52] SVD binarySearchTree4: 
--------------------------------------------------------------------------------
  34:             else:
  35:                 return self._insert(node.left, data)
  36:         
  37:         elif node.right is None:
[34m- 38:             node.right = self._insert(node.right, data)[0m
[32m+ 38:             node.right = _insert(node.right, data)[0m
  39:             node.right.parent = node
  40:             return node.right
  41:         else:
  42:             return self._insert(node.right, data)
--------------------------------------------------------------------------------
[0.17192 s] [32mkilled[0m by MIO/test_binarySearchTree4_MIO.py::test_case_4

def test_case_4():
        bytes_0 = b'\xca\x89@KfH\xa7\xf9\x08\xd5S!\xb5\xb2\xb4\xee\n\x04\xe8'
        bst_0 = module_0.Bst()
        bytes_1 = b'I\x1e\x9a\xbc\xbc\x83\xbbg\x9d\x89\xfe\x02\x9c\n'
        var_0 = bst_0.insert(bytes_1)
        assert f'{type(bst_0.root).__module__}.{type(bst_0.root).__qualname__}' == 'binarySearchTree4.Node'
        assert f'{type(var_0).__module__}.{type(var_0).__qualname__}' == 'binarySearchTree4.Node'
        assert var_0.data == b'I\x1e\x9a\xbc\xbc\x83\xbbg\x9d\x89\xfe\x02\x9c\n'
        assert var_0.left is None
        assert var_0.right is None
        assert var_0.parent is None
>       var_1 = bst_0.insert(bytes_0)

MIO/test_binarySearchTree4_MIO.py:58: 
_ _ _ _ _ _ _ _ _ _ _ _ _ _ _ _ _ _ _ _ _ _ _ _ _ _ _ _ _ _ _ _ _ _ _ _ _ _ _ _ 
binarySearchTree4:24: in insert
    ???
_ _ _ _ _ _ _ _ _ _ _ _ _ _ _ _ _ _ _ _ _ _ _ _ _ _ _ _ _ _ _ _ _ _ _ _ _ _ _ _ 

self = <binarySearchTree4.Bst object at 0x7fa4c2f07790>
node = b'I\x1e\x9a\xbc\xbc\x83\xbbg\x9d\x89\xfe\x02\x9c\n'
data = b'\xca\x89@KfH\xa7\xf9\x08\xd5S!\xb5\xb2\xb4\xee\n\x04\xe8'

>   ???
E   NameError: name '_insert' is not defined

binarySearchTree4:38: NameError
[36m   -[0m [#  53] SVD binarySearchTree4: 
--------------------------------------------------------------------------------
  38:             node.right = self._insert(node.right, data)
  39:             node.right.parent = node
  40:             return node.right
  41:         else:
[34m- 42:             return self._insert(node.right, data)[0m
[32m+ 42:             return _insert(node.right, data)[0m
--------------------------------------------------------------------------------
[0.18008 s] [32mkilled[0m by MIO/test_binarySearchTree4_MIO.py::test_case_5

def test_case_5():
        bytes_0 = b'\xca\x89@KfH\xd1\xa7\xf9\x08\xd5S!\xb5\xb2\xb4\xe6\n\xd2\xa8'
        none_type_0 = None
        node_0 = module_0.Node(none_type_0)
        bst_0 = module_0.Bst()
        var_0 = bst_0.insert(bytes_0)
        assert f'{type(bst_0.root).__module__}.{type(bst_0.root).__qualname__}' == 'binarySearchTree4.Node'
        assert f'{type(var_0).__module__}.{type(var_0).__qualname__}' == 'binarySearchTree4.Node'
        assert var_0.data == b'\xca\x89@KfH\xd1\xa7\xf9\x08\xd5S!\xb5\xb2\xb4\xe6\n\xd2\xa8'
        assert var_0.left is None
        assert var_0.right is None
        assert var_0.parent is None
        bst_1 = module_0.Bst()
        bst_2 = module_0.Bst()
        bytes_1 = b'+ "\xdf\xa2zG\x85\xd6T'
        bool_0 = True
        var_1 = bst_1.insert(bytes_1)
        assert f'{type(bst_1.root).__module__}.{type(bst_1.root).__qualname__}' == 'binarySearchTree4.Node'
        var_2 = bst_1.insert(bytes_0)
        assert f'{type(var_1.right).__module__}.{type(var_1.right).__qualname__}' == 'binarySearchTree4.Node'
        assert f'{type(var_2.parent).__module__}.{type(var_2.parent).__qualname__}' == 'binarySearchTree4.Node'
>       var_3 = bst_1.insert(bytes_0)

MIO/test_binarySearchTree4_MIO.py:83: 
_ _ _ _ _ _ _ _ _ _ _ _ _ _ _ _ _ _ _ _ _ _ _ _ _ _ _ _ _ _ _ _ _ _ _ _ _ _ _ _ 
binarySearchTree4:24: in insert
    ???
_ _ _ _ _ _ _ _ _ _ _ _ _ _ _ _ _ _ _ _ _ _ _ _ _ _ _ _ _ _ _ _ _ _ _ _ _ _ _ _ 

self = <binarySearchTree4.Bst object at 0x7fa4c2fd9ae0>
node = b'+ "\xdf\xa2zG\x85\xd6T'
data = b'\xca\x89@KfH\xd1\xa7\xf9\x08\xd5S!\xb5\xb2\xb4\xe6\n\xd2\xa8'

>   ???
E   NameError: name '_insert' is not defined

binarySearchTree4:42: NameError
[34m[*][0m Mutation score [10.70607 s]: [1m[34m87.2%[0m
[36m   -[0m all: 53
[36m   -[0m killed: 34 (64.2%)
[36m   -[0m survived: 5 (9.4%)
[36m   -[0m incompetent: 14 (26.4%)
[36m   -[0m timeout: 0 (0.0%)
