[34m[*][0m Start mutation process:
[36m   -[0m targets: stack5.py
[36m   -[0m tests: ./MIO
[34m[*][0m 6 tests passed:
[36m   -[0m test_stack5_MIO [0.26455 s]
[34m[*][0m Start mutants generation and execution:
[36m   -[0m [#   1] CDI stack5: 
--------------------------------------------------------------------------------
   1: class Stack(object):
   2:     
[34m-  3:     def __init__(self, top=None):[0m
[34m-  4:         self.top = top[0m
[34m-  5:     [0m
[32m+  3:     @classmethod[0m
[32m+  4:     def __init__(self, top=None):[0m
[32m+  5:         self.top = top[0m
   6:     def push(self, data):
   7:         self.top = Node(data, self.top)
   8:     
   9:     def pop(self):
--------------------------------------------------------------------------------
[0.13843 s] [31msurvived[0m
[36m   -[0m [#   2] CDI stack5: 
--------------------------------------------------------------------------------
   2:     
   3:     def __init__(self, top=None):
   4:         self.top = top
   5:     
[34m-  6:     def push(self, data):[0m
[34m-  7:         self.top = Node(data, self.top)[0m
[34m-  8:     [0m
[32m+  6:     @classmethod[0m
[32m+  7:     def push(self, data):[0m
[32m+  8:         self.top = Node(data, self.top)[0m
   9:     def pop(self):
  10:         if self.top is None:
  11:             return None
  12:         data = self.top.data
--------------------------------------------------------------------------------
[0.17195 s] [32mkilled[0m by MIO/test_stack5_MIO.py::test_case_5

def test_case_5():
        int_0 = -359
        node_0 = module_0.Node(int_0)
        stack_0 = module_0.Stack()
>       var_0 = stack_0.push(stack_0)

MIO/test_stack5_MIO.py:34: 
_ _ _ _ _ _ _ _ _ _ _ _ _ _ _ _ _ _ _ _ _ _ _ _ _ _ _ _ _ _ _ _ _ _ _ _ _ _ _ _ 

self = <class 'stack5.Stack'>, data = <stack5.Stack object at 0x7f155cb03e50>

>   ???
E   AttributeError: type object 'Stack' has no attribute 'top'

stack5:8: AttributeError
[36m   -[0m [#   3] CDI stack5: 
--------------------------------------------------------------------------------
   5:     
   6:     def push(self, data):
   7:         self.top = Node(data, self.top)
   8:     
[34m-  9:     def pop(self):[0m
[34m- 10:         if self.top is None:[0m
[34m- 11:             return None[0m
[34m- 12:         data = self.top.data[0m
[34m- 13:         self.top = self.top.next[0m
[34m- 14:         return data[0m
[34m- 15:     [0m
[32m+  9:     @classmethod[0m
[32m+ 10:     def pop(self):[0m
[32m+ 11:         if self.top is None:[0m
[32m+ 12:             return None[0m
[32m+ 13:         data = self.top.data[0m
[32m+ 14:         self.top = self.top.next[0m
[32m+ 15:         return data[0m
  16:     def peek(self):
  17:         return self.top.data if self.top is not None else None
  18:     
  19:     def is_empty(self):
--------------------------------------------------------------------------------
[0.15738 s] [32mkilled[0m by MIO/test_stack5_MIO.py::test_case_0

def test_case_0():
        stack_0 = module_0.Stack()
>       var_0 = stack_0.pop()

MIO/test_stack5_MIO.py:7: 
_ _ _ _ _ _ _ _ _ _ _ _ _ _ _ _ _ _ _ _ _ _ _ _ _ _ _ _ _ _ _ _ _ _ _ _ _ _ _ _ 

self = <class 'stack5.Stack'>

>   ???
E   AttributeError: type object 'Stack' has no attribute 'top'

stack5:11: AttributeError
[36m   -[0m [#   4] CDI stack5: 
--------------------------------------------------------------------------------
  12:         data = self.top.data
  13:         self.top = self.top.next
  14:         return data
  15:     
[34m- 16:     def peek(self):[0m
[34m- 17:         return self.top.data if self.top is not None else None[0m
[34m- 18:     [0m
[32m+ 16:     @classmethod[0m
[32m+ 17:     def peek(self):[0m
[32m+ 18:         return self.top.data if self.top is not None else None[0m
  19:     def is_empty(self):
  20:         return self.peek() is None
  21: 
  22: class Node(object):
--------------------------------------------------------------------------------
[0.16711 s] [32mkilled[0m by MIO/test_stack5_MIO.py::test_case_0

def test_case_0():
        stack_0 = module_0.Stack()
        var_0 = stack_0.pop()
>       var_1 = stack_0.is_empty()

MIO/test_stack5_MIO.py:8: 
_ _ _ _ _ _ _ _ _ _ _ _ _ _ _ _ _ _ _ _ _ _ _ _ _ _ _ _ _ _ _ _ _ _ _ _ _ _ _ _ 
stack5:20: in is_empty
    ???
_ _ _ _ _ _ _ _ _ _ _ _ _ _ _ _ _ _ _ _ _ _ _ _ _ _ _ _ _ _ _ _ _ _ _ _ _ _ _ _ 

self = <class 'stack5.Stack'>

>   ???
E   AttributeError: type object 'Stack' has no attribute 'top'

stack5:18: AttributeError
[36m   -[0m [#   5] CDI stack5: 
--------------------------------------------------------------------------------
  15:     
  16:     def peek(self):
  17:         return self.top.data if self.top is not None else None
  18:     
[34m- 19:     def is_empty(self):[0m
[34m- 20:         return self.peek() is None[0m
[34m- 21: [0m
[32m+ 19:     @classmethod[0m
[32m+ 20:     def is_empty(self):[0m
[32m+ 21:         return self.peek() is None[0m
  22: class Node(object):
  23:     
  24:     def __init__(self, data, next=None):
  25:         self.data = data
--------------------------------------------------------------------------------
[0.14734 s] [36mincompetent[0m

TypeError: stack5:21: TypeError: Stack.peek() missing 1 required positional argument: 'self'

[36m   -[0m [#   6] CDI stack5: 
--------------------------------------------------------------------------------
  20:         return self.peek() is None
  21: 
  22: class Node(object):
  23:     
[34m- 24:     def __init__(self, data, next=None):[0m
[34m- 25:         self.data = data[0m
[34m- 26:         self.next = next[0m
[32m+ 24:     @classmethod[0m
[32m+ 25:     def __init__(self, data, next=None):[0m
[32m+ 26:         self.data = data[0m
[32m+ 27:         self.next = next[0m
--------------------------------------------------------------------------------
[0.13770 s] [31msurvived[0m
[36m   -[0m [#   7] COI stack5: 
--------------------------------------------------------------------------------
   6:     def push(self, data):
   7:         self.top = Node(data, self.top)
   8:     
   9:     def pop(self):
[34m- 10:         if self.top is None:[0m
[32m+ 10:         if not (self.top is None):[0m
  11:             return None
  12:         data = self.top.data
  13:         self.top = self.top.next
  14:         return data
--------------------------------------------------------------------------------
[0.15004 s] [32mkilled[0m by MIO/test_stack5_MIO.py::test_case_0

def test_case_0():
        stack_0 = module_0.Stack()
>       var_0 = stack_0.pop()

MIO/test_stack5_MIO.py:7: 
_ _ _ _ _ _ _ _ _ _ _ _ _ _ _ _ _ _ _ _ _ _ _ _ _ _ _ _ _ _ _ _ _ _ _ _ _ _ _ _ 

self = <stack5.Stack object at 0x7f155c98b460>

>   ???
E   AttributeError: 'NoneType' object has no attribute 'data'

stack5:12: AttributeError
[36m   -[0m [#   8] SDI stack5: 
--------------------------------------------------------------------------------
   1: class Stack(object):
   2:     
[34m-  3:     def __init__(self, top=None):[0m
[34m-  4:         self.top = top[0m
[34m-  5:     [0m
[32m+  3:     @staticmethod[0m
[32m+  4:     def __init__(self, top=None):[0m
[32m+  5:         self.top = top[0m
   6:     def push(self, data):
   7:         self.top = Node(data, self.top)
   8:     
   9:     def pop(self):
--------------------------------------------------------------------------------
[0.16620 s] [36mincompetent[0m

TypeError: /home/lucca/desktop/ic/experimento/testes/python_experiments/stack5/MIO/test_stack5_MIO.py:6: TypeError: Stack.__init__() missing 1 required positional argument: 'self'

[36m   -[0m [#   9] SDI stack5: 
--------------------------------------------------------------------------------
   2:     
   3:     def __init__(self, top=None):
   4:         self.top = top
   5:     
[34m-  6:     def push(self, data):[0m
[34m-  7:         self.top = Node(data, self.top)[0m
[34m-  8:     [0m
[32m+  6:     @staticmethod[0m
[32m+  7:     def push(self, data):[0m
[32m+  8:         self.top = Node(data, self.top)[0m
   9:     def pop(self):
  10:         if self.top is None:
  11:             return None
  12:         data = self.top.data
--------------------------------------------------------------------------------
[0.15522 s] [36mincompetent[0m

TypeError: /home/lucca/desktop/ic/experimento/testes/python_experiments/stack5/MIO/test_stack5_MIO.py:34: TypeError: Stack.push() missing 1 required positional argument: 'data'

[36m   -[0m [#  10] SDI stack5: 
--------------------------------------------------------------------------------
   5:     
   6:     def push(self, data):
   7:         self.top = Node(data, self.top)
   8:     
[34m-  9:     def pop(self):[0m
[34m- 10:         if self.top is None:[0m
[34m- 11:             return None[0m
[34m- 12:         data = self.top.data[0m
[34m- 13:         self.top = self.top.next[0m
[34m- 14:         return data[0m
[34m- 15:     [0m
[32m+  9:     @staticmethod[0m
[32m+ 10:     def pop(self):[0m
[32m+ 11:         if self.top is None:[0m
[32m+ 12:             return None[0m
[32m+ 13:         data = self.top.data[0m
[32m+ 14:         self.top = self.top.next[0m
[32m+ 15:         return data[0m
  16:     def peek(self):
  17:         return self.top.data if self.top is not None else None
  18:     
  19:     def is_empty(self):
--------------------------------------------------------------------------------
[0.15953 s] [36mincompetent[0m

TypeError: /home/lucca/desktop/ic/experimento/testes/python_experiments/stack5/MIO/test_stack5_MIO.py:7: TypeError: Stack.pop() missing 1 required positional argument: 'self'

[36m   -[0m [#  11] SDI stack5: 
--------------------------------------------------------------------------------
  12:         data = self.top.data
  13:         self.top = self.top.next
  14:         return data
  15:     
[34m- 16:     def peek(self):[0m
[34m- 17:         return self.top.data if self.top is not None else None[0m
[34m- 18:     [0m
[32m+ 16:     @staticmethod[0m
[32m+ 17:     def peek(self):[0m
[32m+ 18:         return self.top.data if self.top is not None else None[0m
  19:     def is_empty(self):
  20:         return self.peek() is None
  21: 
  22: class Node(object):
--------------------------------------------------------------------------------
[0.16076 s] [36mincompetent[0m

TypeError: stack5:20: TypeError: Stack.peek() missing 1 required positional argument: 'self'

[36m   -[0m [#  12] SDI stack5: 
--------------------------------------------------------------------------------
  15:     
  16:     def peek(self):
  17:         return self.top.data if self.top is not None else None
  18:     
[34m- 19:     def is_empty(self):[0m
[34m- 20:         return self.peek() is None[0m
[34m- 21: [0m
[32m+ 19:     @staticmethod[0m
[32m+ 20:     def is_empty(self):[0m
[32m+ 21:         return self.peek() is None[0m
  22: class Node(object):
  23:     
  24:     def __init__(self, data, next=None):
  25:         self.data = data
--------------------------------------------------------------------------------
[0.16083 s] [36mincompetent[0m

TypeError: /home/lucca/desktop/ic/experimento/testes/python_experiments/stack5/MIO/test_stack5_MIO.py:8: TypeError: Stack.is_empty() missing 1 required positional argument: 'self'

[36m   -[0m [#  13] SDI stack5: 
--------------------------------------------------------------------------------
  20:         return self.peek() is None
  21: 
  22: class Node(object):
  23:     
[34m- 24:     def __init__(self, data, next=None):[0m
[34m- 25:         self.data = data[0m
[34m- 26:         self.next = next[0m
[32m+ 24:     @staticmethod[0m
[32m+ 25:     def __init__(self, data, next=None):[0m
[32m+ 26:         self.data = data[0m
[32m+ 27:         self.next = next[0m
--------------------------------------------------------------------------------
[0.15500 s] [36mincompetent[0m

TypeError: /home/lucca/desktop/ic/experimento/testes/python_experiments/stack5/MIO/test_stack5_MIO.py:16: TypeError: Node.__init__() missing 1 required positional argument: 'data'

[36m   -[0m [#  14] SDL stack5: 
--------------------------------------------------------------------------------
   1: class Stack(object):
   2:     
   3:     def __init__(self, top=None):
[34m-  4:         self.top = top[0m
[32m+  4:         pass[0m
   5:     
   6:     def push(self, data):
   7:         self.top = Node(data, self.top)
   8:     
--------------------------------------------------------------------------------
[0.16791 s] [32mkilled[0m by MIO/test_stack5_MIO.py::test_case_0

def test_case_0():
        stack_0 = module_0.Stack()
>       var_0 = stack_0.pop()

MIO/test_stack5_MIO.py:7: 
_ _ _ _ _ _ _ _ _ _ _ _ _ _ _ _ _ _ _ _ _ _ _ _ _ _ _ _ _ _ _ _ _ _ _ _ _ _ _ _ 

self = <stack5.Stack object at 0x7f155c98a4a0>

>   ???
E   AttributeError: 'Stack' object has no attribute 'top'

stack5:10: AttributeError
[36m   -[0m [#  15] SDL stack5: 
--------------------------------------------------------------------------------
   3:     def __init__(self, top=None):
   4:         self.top = top
   5:     
   6:     def push(self, data):
[34m-  7:         self.top = Node(data, self.top)[0m
[32m+  7:         pass[0m
   8:     
   9:     def pop(self):
  10:         if self.top is None:
  11:             return None
--------------------------------------------------------------------------------
[0.13543 s] [31msurvived[0m
[36m   -[0m [#  16] SDL stack5: 
--------------------------------------------------------------------------------
   7:         self.top = Node(data, self.top)
   8:     
   9:     def pop(self):
  10:         if self.top is None:
[34m- 11:             return None[0m
[32m+ 11:             pass[0m
  12:         data = self.top.data
  13:         self.top = self.top.next
  14:         return data
  15:     
--------------------------------------------------------------------------------
[0.16147 s] [32mkilled[0m by MIO/test_stack5_MIO.py::test_case_0

def test_case_0():
        stack_0 = module_0.Stack()
>       var_0 = stack_0.pop()

MIO/test_stack5_MIO.py:7: 
_ _ _ _ _ _ _ _ _ _ _ _ _ _ _ _ _ _ _ _ _ _ _ _ _ _ _ _ _ _ _ _ _ _ _ _ _ _ _ _ 

self = <stack5.Stack object at 0x7f155ca9f220>

>   ???
E   AttributeError: 'NoneType' object has no attribute 'data'

stack5:12: AttributeError
[36m   -[0m [#  17] SDL stack5: 
--------------------------------------------------------------------------------
   8:     
   9:     def pop(self):
  10:         if self.top is None:
  11:             return None
[34m- 12:         data = self.top.data[0m
[32m+ 12:         pass[0m
  13:         self.top = self.top.next
  14:         return data
  15:     
  16:     def peek(self):
--------------------------------------------------------------------------------
[0.12597 s] [31msurvived[0m
[36m   -[0m [#  18] SDL stack5: 
--------------------------------------------------------------------------------
   9:     def pop(self):
  10:         if self.top is None:
  11:             return None
  12:         data = self.top.data
[34m- 13:         self.top = self.top.next[0m
[32m+ 13:         pass[0m
  14:         return data
  15:     
  16:     def peek(self):
  17:         return self.top.data if self.top is not None else None
--------------------------------------------------------------------------------
[0.14482 s] [31msurvived[0m
[36m   -[0m [#  19] SDL stack5: 
--------------------------------------------------------------------------------
  10:         if self.top is None:
  11:             return None
  12:         data = self.top.data
  13:         self.top = self.top.next
[34m- 14:         return data[0m
[32m+ 14:         pass[0m
  15:     
  16:     def peek(self):
  17:         return self.top.data if self.top is not None else None
  18:     
--------------------------------------------------------------------------------
[0.12896 s] [31msurvived[0m
[36m   -[0m [#  20] SDL stack5: 
--------------------------------------------------------------------------------
  13:         self.top = self.top.next
  14:         return data
  15:     
  16:     def peek(self):
[34m- 17:         return self.top.data if self.top is not None else None[0m
[32m+ 17:         pass[0m
  18:     
  19:     def is_empty(self):
  20:         return self.peek() is None
  21: 
--------------------------------------------------------------------------------
[0.14228 s] [31msurvived[0m
[36m   -[0m [#  21] SDL stack5: 
--------------------------------------------------------------------------------
  16:     def peek(self):
  17:         return self.top.data if self.top is not None else None
  18:     
  19:     def is_empty(self):
[34m- 20:         return self.peek() is None[0m
[32m+ 20:         pass[0m
  21: 
  22: class Node(object):
  23:     
  24:     def __init__(self, data, next=None):
--------------------------------------------------------------------------------
[0.13922 s] [31msurvived[0m
[36m   -[0m [#  22] SDL stack5: 
--------------------------------------------------------------------------------
  21: 
  22: class Node(object):
  23:     
  24:     def __init__(self, data, next=None):
[34m- 25:         self.data = data[0m
[32m+ 25:         pass[0m
  26:         self.next = next
--------------------------------------------------------------------------------
[0.14298 s] [31msurvived[0m
[36m   -[0m [#  23] SDL stack5: 
--------------------------------------------------------------------------------
  22: class Node(object):
  23:     
  24:     def __init__(self, data, next=None):
  25:         self.data = data
[34m- 26:         self.next = next[0m
[32m+ 26:         pass[0m
--------------------------------------------------------------------------------
[0.12644 s] [31msurvived[0m
[36m   -[0m [#  24] SVD stack5: 
--------------------------------------------------------------------------------
   1: class Stack(object):
   2:     
   3:     def __init__(self, top=None):
[34m-  4:         self.top = top[0m
[32m+  4:         top = top[0m
   5:     
   6:     def push(self, data):
   7:         self.top = Node(data, self.top)
   8:     
--------------------------------------------------------------------------------
[0.00000 s] [36mincompetent[0m

ValueError: expression must have Store context but has Load instead

[36m   -[0m [#  25] SVD stack5: 
--------------------------------------------------------------------------------
   3:     def __init__(self, top=None):
   4:         self.top = top
   5:     
   6:     def push(self, data):
[34m-  7:         self.top = Node(data, self.top)[0m
[32m+  7:         top = Node(data, self.top)[0m
   8:     
   9:     def pop(self):
  10:         if self.top is None:
  11:             return None
--------------------------------------------------------------------------------
[0.00000 s] [36mincompetent[0m

ValueError: expression must have Store context but has Load instead

[36m   -[0m [#  26] SVD stack5: 
--------------------------------------------------------------------------------
   3:     def __init__(self, top=None):
   4:         self.top = top
   5:     
   6:     def push(self, data):
[34m-  7:         self.top = Node(data, self.top)[0m
[32m+  7:         self.top = Node(data, top)[0m
   8:     
   9:     def pop(self):
  10:         if self.top is None:
  11:             return None
--------------------------------------------------------------------------------
[0.17349 s] [32mkilled[0m by MIO/test_stack5_MIO.py::test_case_5

def test_case_5():
        int_0 = -359
        node_0 = module_0.Node(int_0)
        stack_0 = module_0.Stack()
>       var_0 = stack_0.push(stack_0)

MIO/test_stack5_MIO.py:34: 
_ _ _ _ _ _ _ _ _ _ _ _ _ _ _ _ _ _ _ _ _ _ _ _ _ _ _ _ _ _ _ _ _ _ _ _ _ _ _ _ 

self = <stack5.Stack object at 0x7f155cb13100>
data = <stack5.Stack object at 0x7f155cb13100>

>   ???
E   NameError: name 'top' is not defined

stack5:7: NameError
[36m   -[0m [#  27] SVD stack5: 
--------------------------------------------------------------------------------
   6:     def push(self, data):
   7:         self.top = Node(data, self.top)
   8:     
   9:     def pop(self):
[34m- 10:         if self.top is None:[0m
[32m+ 10:         if top is None:[0m
  11:             return None
  12:         data = self.top.data
  13:         self.top = self.top.next
  14:         return data
--------------------------------------------------------------------------------
[0.15298 s] [32mkilled[0m by MIO/test_stack5_MIO.py::test_case_0

def test_case_0():
        stack_0 = module_0.Stack()
>       var_0 = stack_0.pop()

MIO/test_stack5_MIO.py:7: 
_ _ _ _ _ _ _ _ _ _ _ _ _ _ _ _ _ _ _ _ _ _ _ _ _ _ _ _ _ _ _ _ _ _ _ _ _ _ _ _ 

self = <stack5.Stack object at 0x7f155cb075e0>

>   ???
E   NameError: name 'top' is not defined

stack5:10: NameError
[36m   -[0m [#  28] SVD stack5: 
--------------------------------------------------------------------------------
   8:     
   9:     def pop(self):
  10:         if self.top is None:
  11:             return None
[34m- 12:         data = self.top.data[0m
[32m+ 12:         data = top.data[0m
  13:         self.top = self.top.next
  14:         return data
  15:     
  16:     def peek(self):
--------------------------------------------------------------------------------
[0.12585 s] [31msurvived[0m
[36m   -[0m [#  29] SVD stack5: 
--------------------------------------------------------------------------------
   9:     def pop(self):
  10:         if self.top is None:
  11:             return None
  12:         data = self.top.data
[34m- 13:         self.top = self.top.next[0m
[32m+ 13:         top = self.top.next[0m
  14:         return data
  15:     
  16:     def peek(self):
  17:         return self.top.data if self.top is not None else None
--------------------------------------------------------------------------------
[0.00000 s] [36mincompetent[0m

ValueError: expression must have Store context but has Load instead

[36m   -[0m [#  30] SVD stack5: 
--------------------------------------------------------------------------------
   9:     def pop(self):
  10:         if self.top is None:
  11:             return None
  12:         data = self.top.data
[34m- 13:         self.top = self.top.next[0m
[32m+ 13:         self.top = top.next[0m
  14:         return data
  15:     
  16:     def peek(self):
  17:         return self.top.data if self.top is not None else None
--------------------------------------------------------------------------------
[0.12590 s] [31msurvived[0m
[36m   -[0m [#  31] SVD stack5: 
--------------------------------------------------------------------------------
  13:         self.top = self.top.next
  14:         return data
  15:     
  16:     def peek(self):
[34m- 17:         return self.top.data if self.top is not None else None[0m
[32m+ 17:         return self.top.data if top is not None else None[0m
  18:     
  19:     def is_empty(self):
  20:         return self.peek() is None
  21: 
--------------------------------------------------------------------------------
[0.15279 s] [32mkilled[0m by MIO/test_stack5_MIO.py::test_case_0

def test_case_0():
        stack_0 = module_0.Stack()
        var_0 = stack_0.pop()
>       var_1 = stack_0.is_empty()

MIO/test_stack5_MIO.py:8: 
_ _ _ _ _ _ _ _ _ _ _ _ _ _ _ _ _ _ _ _ _ _ _ _ _ _ _ _ _ _ _ _ _ _ _ _ _ _ _ _ 
stack5:20: in is_empty
    ???
_ _ _ _ _ _ _ _ _ _ _ _ _ _ _ _ _ _ _ _ _ _ _ _ _ _ _ _ _ _ _ _ _ _ _ _ _ _ _ _ 

self = <stack5.Stack object at 0x7f155cb02200>

>   ???
E   NameError: name 'top' is not defined

stack5:17: NameError
[36m   -[0m [#  32] SVD stack5: 
--------------------------------------------------------------------------------
  13:         self.top = self.top.next
  14:         return data
  15:     
  16:     def peek(self):
[34m- 17:         return self.top.data if self.top is not None else None[0m
[32m+ 17:         return top.data if self.top is not None else None[0m
  18:     
  19:     def is_empty(self):
  20:         return self.peek() is None
  21: 
--------------------------------------------------------------------------------
[0.14389 s] [31msurvived[0m
[36m   -[0m [#  33] SVD stack5: 
--------------------------------------------------------------------------------
  16:     def peek(self):
  17:         return self.top.data if self.top is not None else None
  18:     
  19:     def is_empty(self):
[34m- 20:         return self.peek() is None[0m
[32m+ 20:         return peek() is None[0m
  21: 
  22: class Node(object):
  23:     
  24:     def __init__(self, data, next=None):
--------------------------------------------------------------------------------
[0.15169 s] [32mkilled[0m by MIO/test_stack5_MIO.py::test_case_0

def test_case_0():
        stack_0 = module_0.Stack()
        var_0 = stack_0.pop()
>       var_1 = stack_0.is_empty()

MIO/test_stack5_MIO.py:8: 
_ _ _ _ _ _ _ _ _ _ _ _ _ _ _ _ _ _ _ _ _ _ _ _ _ _ _ _ _ _ _ _ _ _ _ _ _ _ _ _ 

self = <stack5.Stack object at 0x7f155cae9900>

>   ???
E   NameError: name 'peek' is not defined

stack5:20: NameError
[36m   -[0m [#  34] SVD stack5: 
--------------------------------------------------------------------------------
  21: 
  22: class Node(object):
  23:     
  24:     def __init__(self, data, next=None):
[34m- 25:         self.data = data[0m
[32m+ 25:         data = data[0m
  26:         self.next = next
--------------------------------------------------------------------------------
[0.00000 s] [36mincompetent[0m

ValueError: expression must have Store context but has Load instead

[36m   -[0m [#  35] SVD stack5: 
--------------------------------------------------------------------------------
  22: class Node(object):
  23:     
  24:     def __init__(self, data, next=None):
  25:         self.data = data
[34m- 26:         self.next = next[0m
[32m+ 26:         next = next[0m
--------------------------------------------------------------------------------
[0.00000 s] [36mincompetent[0m

ValueError: expression must have Store context but has Load instead

[34m[*][0m Mutation score [5.90234 s]: [1m[34m43.5%[0m
[36m   -[0m all: 35
[36m   -[0m killed: 10 (28.6%)
[36m   -[0m survived: 13 (37.1%)
[36m   -[0m incompetent: 12 (34.3%)
[36m   -[0m timeout: 0 (0.0%)
