[*] Start mutation process:
   - targets: stack5.py
   - tests: ./DYNAMOSA-WHOLE_SUITE
[*] 13 tests passed:
   - test_stack5_DYNAMOSA [0.05497 s]
   - test_stack5_WHOLE_SUITE [0.04304 s]
[*] Start mutants generation and execution:
   - [#   1] CDI stack5: 
--------------------------------------------------------------------------------
   1: class Stack(object):
   2:     
-  3:     def __init__(self, top=None):
-  4:         self.top = top
-  5:     
+  3:     @classmethod
+  4:     def __init__(self, top=None):
+  5:         self.top = top
   6:     def push(self, data):
   7:         self.top = Node(data, self.top)
   8:     
   9:     def pop(self):
--------------------------------------------------------------------------------
[0.09437 s] killed by DYNAMOSA-WHOLE_SUITE/test_stack5_WHOLE_SUITE.py::test_case_4

def test_case_4():
        stack_0 = module_0.Stack()
        none_type_0 = None
        var_0 = stack_0.push(none_type_0)
        node_0 = module_0.Node(stack_0, none_type_0)
        node_1 = module_0.Node(stack_0)
        stack_1 = module_0.Stack()
        node_2 = module_0.Node(none_type_0, node_1)
        var_1 = stack_0.is_empty()
        var_2 = stack_1.peek()
        stack_2 = module_0.Stack(var_2)
        var_3 = stack_0.is_empty()
        stack_3 = module_0.Stack(var_3)
>       var_4 = stack_1.is_empty()

DYNAMOSA-WHOLE_SUITE/test_stack5_WHOLE_SUITE.py:55: 
_ _ _ _ _ _ _ _ _ _ _ _ _ _ _ _ _ _ _ _ _ _ _ _ _ _ _ _ _ _ _ _ _ _ _ _ _ _ _ _ 
stack5:20: in is_empty
    ???
_ _ _ _ _ _ _ _ _ _ _ _ _ _ _ _ _ _ _ _ _ _ _ _ _ _ _ _ _ _ _ _ _ _ _ _ _ _ _ _ 

self = <stack5.Stack object at 0x7f345d7f5060>

>   ???
E   AttributeError: 'bool' object has no attribute 'data'

stack5:17: AttributeError
   - [#   2] CDI stack5: 
--------------------------------------------------------------------------------
   2:     
   3:     def __init__(self, top=None):
   4:         self.top = top
   5:     
-  6:     def push(self, data):
-  7:         self.top = Node(data, self.top)
-  8:     
+  6:     @classmethod
+  7:     def push(self, data):
+  8:         self.top = Node(data, self.top)
   9:     def pop(self):
  10:         if self.top is None:
  11:             return None
  12:         data = self.top.data
--------------------------------------------------------------------------------
[0.08580 s] killed by DYNAMOSA-WHOLE_SUITE/test_stack5_DYNAMOSA.py::test_case_1

def test_case_1():
        stack_0 = module_0.Stack()
>       var_0 = stack_0.push(stack_0)

DYNAMOSA-WHOLE_SUITE/test_stack5_DYNAMOSA.py:11: 
_ _ _ _ _ _ _ _ _ _ _ _ _ _ _ _ _ _ _ _ _ _ _ _ _ _ _ _ _ _ _ _ _ _ _ _ _ _ _ _ 

self = <class 'stack5.Stack'>, data = <stack5.Stack object at 0x7f345d925720>

>   ???
E   AttributeError: type object 'Stack' has no attribute 'top'. Did you mean: 'pop'?

stack5:8: AttributeError
   - [#   3] CDI stack5: 
--------------------------------------------------------------------------------
   5:     
   6:     def push(self, data):
   7:         self.top = Node(data, self.top)
   8:     
-  9:     def pop(self):
- 10:         if self.top is None:
- 11:             return None
- 12:         data = self.top.data
- 13:         self.top = self.top.next
- 14:         return data
- 15:     
+  9:     @classmethod
+ 10:     def pop(self):
+ 11:         if self.top is None:
+ 12:             return None
+ 13:         data = self.top.data
+ 14:         self.top = self.top.next
+ 15:         return data
  16:     def peek(self):
  17:         return self.top.data if self.top is not None else None
  18:     
  19:     def is_empty(self):
--------------------------------------------------------------------------------
[0.07454 s] killed by DYNAMOSA-WHOLE_SUITE/test_stack5_DYNAMOSA.py::test_case_0

def test_case_0():
        stack_0 = module_0.Stack()
>       var_0 = stack_0.pop()

DYNAMOSA-WHOLE_SUITE/test_stack5_DYNAMOSA.py:7: 
_ _ _ _ _ _ _ _ _ _ _ _ _ _ _ _ _ _ _ _ _ _ _ _ _ _ _ _ _ _ _ _ _ _ _ _ _ _ _ _ 

self = <class 'stack5.Stack'>

>   ???
E   AttributeError: type object 'Stack' has no attribute 'top'. Did you mean: 'pop'?

stack5:11: AttributeError
   - [#   4] CDI stack5: 
--------------------------------------------------------------------------------
  12:         data = self.top.data
  13:         self.top = self.top.next
  14:         return data
  15:     
- 16:     def peek(self):
- 17:         return self.top.data if self.top is not None else None
- 18:     
+ 16:     @classmethod
+ 17:     def peek(self):
+ 18:         return self.top.data if self.top is not None else None
  19:     def is_empty(self):
  20:         return self.peek() is None
  21: 
  22: class Node(object):
--------------------------------------------------------------------------------
[0.07175 s] killed by DYNAMOSA-WHOLE_SUITE/test_stack5_DYNAMOSA.py::test_case_3

def test_case_3():
        stack_0 = module_0.Stack()
>       var_0 = stack_0.peek()

DYNAMOSA-WHOLE_SUITE/test_stack5_DYNAMOSA.py:26: 
_ _ _ _ _ _ _ _ _ _ _ _ _ _ _ _ _ _ _ _ _ _ _ _ _ _ _ _ _ _ _ _ _ _ _ _ _ _ _ _ 

self = <class 'stack5.Stack'>

>   ???
E   AttributeError: type object 'Stack' has no attribute 'top'. Did you mean: 'pop'?

stack5:18: AttributeError
   - [#   5] CDI stack5: 
--------------------------------------------------------------------------------
  15:     
  16:     def peek(self):
  17:         return self.top.data if self.top is not None else None
  18:     
- 19:     def is_empty(self):
- 20:         return self.peek() is None
- 21: 
+ 19:     @classmethod
+ 20:     def is_empty(self):
+ 21:         return self.peek() is None
  22: class Node(object):
  23:     
  24:     def __init__(self, data, next=None):
  25:         self.data = data
--------------------------------------------------------------------------------
[0.07232 s] incompetent

TypeError: stack5:21: TypeError: Stack.peek() missing 1 required positional argument: 'self'

   - [#   6] CDI stack5: 
--------------------------------------------------------------------------------
  20:         return self.peek() is None
  21: 
  22: class Node(object):
  23:     
- 24:     def __init__(self, data, next=None):
- 25:         self.data = data
- 26:         self.next = next
+ 24:     @classmethod
+ 25:     def __init__(self, data, next=None):
+ 26:         self.data = data
+ 27:         self.next = next
--------------------------------------------------------------------------------
[0.05795 s] survived
   - [#   7] COI stack5: 
--------------------------------------------------------------------------------
   6:     def push(self, data):
   7:         self.top = Node(data, self.top)
   8:     
   9:     def pop(self):
- 10:         if self.top is None:
+ 10:         if not (self.top is None):
  11:             return None
  12:         data = self.top.data
  13:         self.top = self.top.next
  14:         return data
--------------------------------------------------------------------------------
[0.07140 s] killed by DYNAMOSA-WHOLE_SUITE/test_stack5_DYNAMOSA.py::test_case_0

def test_case_0():
        stack_0 = module_0.Stack()
>       var_0 = stack_0.pop()

DYNAMOSA-WHOLE_SUITE/test_stack5_DYNAMOSA.py:7: 
_ _ _ _ _ _ _ _ _ _ _ _ _ _ _ _ _ _ _ _ _ _ _ _ _ _ _ _ _ _ _ _ _ _ _ _ _ _ _ _ 

self = <stack5.Stack object at 0x7f345d97b280>

>   ???
E   AttributeError: 'NoneType' object has no attribute 'data'

stack5:12: AttributeError
   - [#   8] SDI stack5: 
--------------------------------------------------------------------------------
   1: class Stack(object):
   2:     
-  3:     def __init__(self, top=None):
-  4:         self.top = top
-  5:     
+  3:     @staticmethod
+  4:     def __init__(self, top=None):
+  5:         self.top = top
   6:     def push(self, data):
   7:         self.top = Node(data, self.top)
   8:     
   9:     def pop(self):
--------------------------------------------------------------------------------
[0.07021 s] incompetent

TypeError: /home/auri/temp/lucca/python_experiments/stack5/DYNAMOSA-WHOLE_SUITE/test_stack5_DYNAMOSA.py:6: TypeError: Stack.__init__() missing 1 required positional argument: 'self'

   - [#   9] SDI stack5: 
--------------------------------------------------------------------------------
   2:     
   3:     def __init__(self, top=None):
   4:         self.top = top
   5:     
-  6:     def push(self, data):
-  7:         self.top = Node(data, self.top)
-  8:     
+  6:     @staticmethod
+  7:     def push(self, data):
+  8:         self.top = Node(data, self.top)
   9:     def pop(self):
  10:         if self.top is None:
  11:             return None
  12:         data = self.top.data
--------------------------------------------------------------------------------
[0.07289 s] incompetent

TypeError: /home/auri/temp/lucca/python_experiments/stack5/DYNAMOSA-WHOLE_SUITE/test_stack5_DYNAMOSA.py:11: TypeError: Stack.push() missing 1 required positional argument: 'data'

   - [#  10] SDI stack5: 
--------------------------------------------------------------------------------
   5:     
   6:     def push(self, data):
   7:         self.top = Node(data, self.top)
   8:     
-  9:     def pop(self):
- 10:         if self.top is None:
- 11:             return None
- 12:         data = self.top.data
- 13:         self.top = self.top.next
- 14:         return data
- 15:     
+  9:     @staticmethod
+ 10:     def pop(self):
+ 11:         if self.top is None:
+ 12:             return None
+ 13:         data = self.top.data
+ 14:         self.top = self.top.next
+ 15:         return data
  16:     def peek(self):
  17:         return self.top.data if self.top is not None else None
  18:     
  19:     def is_empty(self):
--------------------------------------------------------------------------------
[0.07246 s] incompetent

TypeError: /home/auri/temp/lucca/python_experiments/stack5/DYNAMOSA-WHOLE_SUITE/test_stack5_DYNAMOSA.py:7: TypeError: Stack.pop() missing 1 required positional argument: 'self'

   - [#  11] SDI stack5: 
--------------------------------------------------------------------------------
  12:         data = self.top.data
  13:         self.top = self.top.next
  14:         return data
  15:     
- 16:     def peek(self):
- 17:         return self.top.data if self.top is not None else None
- 18:     
+ 16:     @staticmethod
+ 17:     def peek(self):
+ 18:         return self.top.data if self.top is not None else None
  19:     def is_empty(self):
  20:         return self.peek() is None
  21: 
  22: class Node(object):
--------------------------------------------------------------------------------
[0.10144 s] incompetent

TypeError: /home/auri/temp/lucca/python_experiments/stack5/DYNAMOSA-WHOLE_SUITE/test_stack5_DYNAMOSA.py:26: TypeError: Stack.peek() missing 1 required positional argument: 'self'

   - [#  12] SDI stack5: 
--------------------------------------------------------------------------------
  15:     
  16:     def peek(self):
  17:         return self.top.data if self.top is not None else None
  18:     
- 19:     def is_empty(self):
- 20:         return self.peek() is None
- 21: 
+ 19:     @staticmethod
+ 20:     def is_empty(self):
+ 21:         return self.peek() is None
  22: class Node(object):
  23:     
  24:     def __init__(self, data, next=None):
  25:         self.data = data
--------------------------------------------------------------------------------
[0.09669 s] incompetent

TypeError: /home/auri/temp/lucca/python_experiments/stack5/DYNAMOSA-WHOLE_SUITE/test_stack5_DYNAMOSA.py:38: TypeError: Stack.is_empty() missing 1 required positional argument: 'self'

   - [#  13] SDI stack5: 
--------------------------------------------------------------------------------
  20:         return self.peek() is None
  21: 
  22: class Node(object):
  23:     
- 24:     def __init__(self, data, next=None):
- 25:         self.data = data
- 26:         self.next = next
+ 24:     @staticmethod
+ 25:     def __init__(self, data, next=None):
+ 26:         self.data = data
+ 27:         self.next = next
--------------------------------------------------------------------------------
[0.07540 s] killed by DYNAMOSA-WHOLE_SUITE/test_stack5_DYNAMOSA.py::test_case_1

def test_case_1():
        stack_0 = module_0.Stack()
        var_0 = stack_0.push(stack_0)
>       var_1 = stack_0.pop()

DYNAMOSA-WHOLE_SUITE/test_stack5_DYNAMOSA.py:12: 
_ _ _ _ _ _ _ _ _ _ _ _ _ _ _ _ _ _ _ _ _ _ _ _ _ _ _ _ _ _ _ _ _ _ _ _ _ _ _ _ 

self = <stack5.Stack object at 0x7f345d83ca30>

>   ???
E   AttributeError: 'Node' object has no attribute 'data'

stack5:12: AttributeError
   - [#  14] SDL stack5: 
--------------------------------------------------------------------------------
   1: class Stack(object):
   2:     
   3:     def __init__(self, top=None):
-  4:         self.top = top
+  4:         pass
   5:     
   6:     def push(self, data):
   7:         self.top = Node(data, self.top)
   8:     
--------------------------------------------------------------------------------
[0.07371 s] killed by DYNAMOSA-WHOLE_SUITE/test_stack5_DYNAMOSA.py::test_case_0

def test_case_0():
        stack_0 = module_0.Stack()
>       var_0 = stack_0.pop()

DYNAMOSA-WHOLE_SUITE/test_stack5_DYNAMOSA.py:7: 
_ _ _ _ _ _ _ _ _ _ _ _ _ _ _ _ _ _ _ _ _ _ _ _ _ _ _ _ _ _ _ _ _ _ _ _ _ _ _ _ 

self = <stack5.Stack object at 0x7f345da1cd90>

>   ???
E   AttributeError: 'Stack' object has no attribute 'top'. Did you mean: 'pop'?

stack5:10: AttributeError
   - [#  15] SDL stack5: 
--------------------------------------------------------------------------------
   3:     def __init__(self, top=None):
   4:         self.top = top
   5:     
   6:     def push(self, data):
-  7:         self.top = Node(data, self.top)
+  7:         pass
   8:     
   9:     def pop(self):
  10:         if self.top is None:
  11:             return None
--------------------------------------------------------------------------------
[0.07125 s] killed by DYNAMOSA-WHOLE_SUITE/test_stack5_DYNAMOSA.py::test_case_1

def test_case_1():
        stack_0 = module_0.Stack()
        var_0 = stack_0.push(stack_0)
        var_1 = stack_0.pop()
        assert stack_0.top is None
>       assert f'{type(var_1).__module__}.{type(var_1).__qualname__}' == 'stack5.Stack'
E       AssertionError

DYNAMOSA-WHOLE_SUITE/test_stack5_DYNAMOSA.py:14: AssertionError
   - [#  16] SDL stack5: 
--------------------------------------------------------------------------------
   7:         self.top = Node(data, self.top)
   8:     
   9:     def pop(self):
  10:         if self.top is None:
- 11:             return None
+ 11:             pass
  12:         data = self.top.data
  13:         self.top = self.top.next
  14:         return data
  15:     
--------------------------------------------------------------------------------
[0.07362 s] killed by DYNAMOSA-WHOLE_SUITE/test_stack5_DYNAMOSA.py::test_case_0

def test_case_0():
        stack_0 = module_0.Stack()
>       var_0 = stack_0.pop()

DYNAMOSA-WHOLE_SUITE/test_stack5_DYNAMOSA.py:7: 
_ _ _ _ _ _ _ _ _ _ _ _ _ _ _ _ _ _ _ _ _ _ _ _ _ _ _ _ _ _ _ _ _ _ _ _ _ _ _ _ 

self = <stack5.Stack object at 0x7f345da1da80>

>   ???
E   AttributeError: 'NoneType' object has no attribute 'data'

stack5:12: AttributeError
   - [#  17] SDL stack5: 
--------------------------------------------------------------------------------
   8:     
   9:     def pop(self):
  10:         if self.top is None:
  11:             return None
- 12:         data = self.top.data
+ 12:         pass
  13:         self.top = self.top.next
  14:         return data
  15:     
  16:     def peek(self):
--------------------------------------------------------------------------------
[0.07171 s] killed by DYNAMOSA-WHOLE_SUITE/test_stack5_DYNAMOSA.py::test_case_1

def test_case_1():
        stack_0 = module_0.Stack()
        var_0 = stack_0.push(stack_0)
>       var_1 = stack_0.pop()

DYNAMOSA-WHOLE_SUITE/test_stack5_DYNAMOSA.py:12: 
_ _ _ _ _ _ _ _ _ _ _ _ _ _ _ _ _ _ _ _ _ _ _ _ _ _ _ _ _ _ _ _ _ _ _ _ _ _ _ _ 

self = <stack5.Stack object at 0x7f345d83cb50>

>   ???
E   NameError: name 'data' is not defined

stack5:14: NameError
   - [#  18] SDL stack5: 
--------------------------------------------------------------------------------
   9:     def pop(self):
  10:         if self.top is None:
  11:             return None
  12:         data = self.top.data
- 13:         self.top = self.top.next
+ 13:         pass
  14:         return data
  15:     
  16:     def peek(self):
  17:         return self.top.data if self.top is not None else None
--------------------------------------------------------------------------------
[0.06812 s] killed by DYNAMOSA-WHOLE_SUITE/test_stack5_DYNAMOSA.py::test_case_1

def test_case_1():
        stack_0 = module_0.Stack()
        var_0 = stack_0.push(stack_0)
        var_1 = stack_0.pop()
>       assert stack_0.top is None
E       AssertionError

DYNAMOSA-WHOLE_SUITE/test_stack5_DYNAMOSA.py:13: AssertionError
   - [#  19] SDL stack5: 
--------------------------------------------------------------------------------
  10:         if self.top is None:
  11:             return None
  12:         data = self.top.data
  13:         self.top = self.top.next
- 14:         return data
+ 14:         pass
  15:     
  16:     def peek(self):
  17:         return self.top.data if self.top is not None else None
  18:     
--------------------------------------------------------------------------------
[0.07077 s] killed by DYNAMOSA-WHOLE_SUITE/test_stack5_DYNAMOSA.py::test_case_1

def test_case_1():
        stack_0 = module_0.Stack()
        var_0 = stack_0.push(stack_0)
        var_1 = stack_0.pop()
        assert stack_0.top is None
>       assert f'{type(var_1).__module__}.{type(var_1).__qualname__}' == 'stack5.Stack'
E       AssertionError

DYNAMOSA-WHOLE_SUITE/test_stack5_DYNAMOSA.py:14: AssertionError
   - [#  20] SDL stack5: 
--------------------------------------------------------------------------------
  13:         self.top = self.top.next
  14:         return data
  15:     
  16:     def peek(self):
- 17:         return self.top.data if self.top is not None else None
+ 17:         pass
  18:     
  19:     def is_empty(self):
  20:         return self.peek() is None
  21: 
--------------------------------------------------------------------------------
[0.05541 s] survived
   - [#  21] SDL stack5: 
--------------------------------------------------------------------------------
  16:     def peek(self):
  17:         return self.top.data if self.top is not None else None
  18:     
  19:     def is_empty(self):
- 20:         return self.peek() is None
+ 20:         pass
  21: 
  22: class Node(object):
  23:     
  24:     def __init__(self, data, next=None):
--------------------------------------------------------------------------------
[0.05683 s] survived
   - [#  22] SDL stack5: 
--------------------------------------------------------------------------------
  21: 
  22: class Node(object):
  23:     
  24:     def __init__(self, data, next=None):
- 25:         self.data = data
+ 25:         pass
  26:         self.next = next
--------------------------------------------------------------------------------
[0.07063 s] killed by DYNAMOSA-WHOLE_SUITE/test_stack5_DYNAMOSA.py::test_case_1

def test_case_1():
        stack_0 = module_0.Stack()
        var_0 = stack_0.push(stack_0)
>       var_1 = stack_0.pop()

DYNAMOSA-WHOLE_SUITE/test_stack5_DYNAMOSA.py:12: 
_ _ _ _ _ _ _ _ _ _ _ _ _ _ _ _ _ _ _ _ _ _ _ _ _ _ _ _ _ _ _ _ _ _ _ _ _ _ _ _ 

self = <stack5.Stack object at 0x7f345d849990>

>   ???
E   AttributeError: 'Node' object has no attribute 'data'

stack5:12: AttributeError
   - [#  23] SDL stack5: 
--------------------------------------------------------------------------------
  22: class Node(object):
  23:     
  24:     def __init__(self, data, next=None):
  25:         self.data = data
- 26:         self.next = next
+ 26:         pass
--------------------------------------------------------------------------------
[0.07186 s] killed by DYNAMOSA-WHOLE_SUITE/test_stack5_DYNAMOSA.py::test_case_1

def test_case_1():
        stack_0 = module_0.Stack()
        var_0 = stack_0.push(stack_0)
>       var_1 = stack_0.pop()

DYNAMOSA-WHOLE_SUITE/test_stack5_DYNAMOSA.py:12: 
_ _ _ _ _ _ _ _ _ _ _ _ _ _ _ _ _ _ _ _ _ _ _ _ _ _ _ _ _ _ _ _ _ _ _ _ _ _ _ _ 

self = <stack5.Stack object at 0x7f345d84b8b0>

>   ???
E   AttributeError: 'Node' object has no attribute 'next'

stack5:13: AttributeError
   - [#  24] SVD stack5: 
--------------------------------------------------------------------------------
   1: class Stack(object):
   2:     
   3:     def __init__(self, top=None):
-  4:         self.top = top
+  4:         top = top
   5:     
   6:     def push(self, data):
   7:         self.top = Node(data, self.top)
   8:     
--------------------------------------------------------------------------------
[0.00000 s] incompetent

ValueError: expression must have Store context but has Load instead

   - [#  25] SVD stack5: 
--------------------------------------------------------------------------------
   3:     def __init__(self, top=None):
   4:         self.top = top
   5:     
   6:     def push(self, data):
-  7:         self.top = Node(data, self.top)
+  7:         top = Node(data, self.top)
   8:     
   9:     def pop(self):
  10:         if self.top is None:
  11:             return None
--------------------------------------------------------------------------------
[0.00000 s] incompetent

ValueError: expression must have Store context but has Load instead

   - [#  26] SVD stack5: 
--------------------------------------------------------------------------------
   3:     def __init__(self, top=None):
   4:         self.top = top
   5:     
   6:     def push(self, data):
-  7:         self.top = Node(data, self.top)
+  7:         self.top = Node(data, top)
   8:     
   9:     def pop(self):
  10:         if self.top is None:
  11:             return None
--------------------------------------------------------------------------------
[0.07383 s] killed by DYNAMOSA-WHOLE_SUITE/test_stack5_DYNAMOSA.py::test_case_1

def test_case_1():
        stack_0 = module_0.Stack()
>       var_0 = stack_0.push(stack_0)

DYNAMOSA-WHOLE_SUITE/test_stack5_DYNAMOSA.py:11: 
_ _ _ _ _ _ _ _ _ _ _ _ _ _ _ _ _ _ _ _ _ _ _ _ _ _ _ _ _ _ _ _ _ _ _ _ _ _ _ _ 

self = <stack5.Stack object at 0x7f345d822440>
data = <stack5.Stack object at 0x7f345d822440>

>   ???
E   NameError: name 'top' is not defined

stack5:7: NameError
   - [#  27] SVD stack5: 
--------------------------------------------------------------------------------
   6:     def push(self, data):
   7:         self.top = Node(data, self.top)
   8:     
   9:     def pop(self):
- 10:         if self.top is None:
+ 10:         if top is None:
  11:             return None
  12:         data = self.top.data
  13:         self.top = self.top.next
  14:         return data
--------------------------------------------------------------------------------
[0.09080 s] killed by DYNAMOSA-WHOLE_SUITE/test_stack5_DYNAMOSA.py::test_case_0

def test_case_0():
        stack_0 = module_0.Stack()
>       var_0 = stack_0.pop()

DYNAMOSA-WHOLE_SUITE/test_stack5_DYNAMOSA.py:7: 
_ _ _ _ _ _ _ _ _ _ _ _ _ _ _ _ _ _ _ _ _ _ _ _ _ _ _ _ _ _ _ _ _ _ _ _ _ _ _ _ 

self = <stack5.Stack object at 0x7f345d822a10>

>   ???
E   NameError: name 'top' is not defined

stack5:10: NameError
   - [#  28] SVD stack5: 
--------------------------------------------------------------------------------
   8:     
   9:     def pop(self):
  10:         if self.top is None:
  11:             return None
- 12:         data = self.top.data
+ 12:         data = top.data
  13:         self.top = self.top.next
  14:         return data
  15:     
  16:     def peek(self):
--------------------------------------------------------------------------------
[0.07329 s] killed by DYNAMOSA-WHOLE_SUITE/test_stack5_DYNAMOSA.py::test_case_1

def test_case_1():
        stack_0 = module_0.Stack()
        var_0 = stack_0.push(stack_0)
>       var_1 = stack_0.pop()

DYNAMOSA-WHOLE_SUITE/test_stack5_DYNAMOSA.py:12: 
_ _ _ _ _ _ _ _ _ _ _ _ _ _ _ _ _ _ _ _ _ _ _ _ _ _ _ _ _ _ _ _ _ _ _ _ _ _ _ _ 

self = <stack5.Stack object at 0x7f345d9df490>

>   ???
E   NameError: name 'top' is not defined

stack5:12: NameError
   - [#  29] SVD stack5: 
--------------------------------------------------------------------------------
   9:     def pop(self):
  10:         if self.top is None:
  11:             return None
  12:         data = self.top.data
- 13:         self.top = self.top.next
+ 13:         top = self.top.next
  14:         return data
  15:     
  16:     def peek(self):
  17:         return self.top.data if self.top is not None else None
--------------------------------------------------------------------------------
[0.00000 s] incompetent

ValueError: expression must have Store context but has Load instead

   - [#  30] SVD stack5: 
--------------------------------------------------------------------------------
   9:     def pop(self):
  10:         if self.top is None:
  11:             return None
  12:         data = self.top.data
- 13:         self.top = self.top.next
+ 13:         self.top = top.next
  14:         return data
  15:     
  16:     def peek(self):
  17:         return self.top.data if self.top is not None else None
--------------------------------------------------------------------------------
[0.07399 s] killed by DYNAMOSA-WHOLE_SUITE/test_stack5_DYNAMOSA.py::test_case_1

def test_case_1():
        stack_0 = module_0.Stack()
        var_0 = stack_0.push(stack_0)
>       var_1 = stack_0.pop()

DYNAMOSA-WHOLE_SUITE/test_stack5_DYNAMOSA.py:12: 
_ _ _ _ _ _ _ _ _ _ _ _ _ _ _ _ _ _ _ _ _ _ _ _ _ _ _ _ _ _ _ _ _ _ _ _ _ _ _ _ 

self = <stack5.Stack object at 0x7f345d8e06a0>

>   ???
E   NameError: name 'top' is not defined

stack5:13: NameError
   - [#  31] SVD stack5: 
--------------------------------------------------------------------------------
  13:         self.top = self.top.next
  14:         return data
  15:     
  16:     def peek(self):
- 17:         return self.top.data if self.top is not None else None
+ 17:         return self.top.data if top is not None else None
  18:     
  19:     def is_empty(self):
  20:         return self.peek() is None
  21: 
--------------------------------------------------------------------------------
[0.07627 s] killed by DYNAMOSA-WHOLE_SUITE/test_stack5_DYNAMOSA.py::test_case_3

def test_case_3():
        stack_0 = module_0.Stack()
>       var_0 = stack_0.peek()

DYNAMOSA-WHOLE_SUITE/test_stack5_DYNAMOSA.py:26: 
_ _ _ _ _ _ _ _ _ _ _ _ _ _ _ _ _ _ _ _ _ _ _ _ _ _ _ _ _ _ _ _ _ _ _ _ _ _ _ _ 

self = <stack5.Stack object at 0x7f345d848100>

>   ???
E   NameError: name 'top' is not defined

stack5:17: NameError
   - [#  32] SVD stack5: 
--------------------------------------------------------------------------------
  13:         self.top = self.top.next
  14:         return data
  15:     
  16:     def peek(self):
- 17:         return self.top.data if self.top is not None else None
+ 17:         return top.data if self.top is not None else None
  18:     
  19:     def is_empty(self):
  20:         return self.peek() is None
  21: 
--------------------------------------------------------------------------------
[0.07674 s] killed by DYNAMOSA-WHOLE_SUITE/test_stack5_WHOLE_SUITE.py::test_case_2

def test_case_2():
        stack_0 = module_0.Stack()
        var_0 = stack_0.push(stack_0)
>       var_1 = stack_0.is_empty()

DYNAMOSA-WHOLE_SUITE/test_stack5_WHOLE_SUITE.py:29: 
_ _ _ _ _ _ _ _ _ _ _ _ _ _ _ _ _ _ _ _ _ _ _ _ _ _ _ _ _ _ _ _ _ _ _ _ _ _ _ _ 
stack5:20: in is_empty
    ???
_ _ _ _ _ _ _ _ _ _ _ _ _ _ _ _ _ _ _ _ _ _ _ _ _ _ _ _ _ _ _ _ _ _ _ _ _ _ _ _ 

self = <stack5.Stack object at 0x7f345d6e94e0>

>   ???
E   NameError: name 'top' is not defined

stack5:17: NameError
   - [#  33] SVD stack5: 
--------------------------------------------------------------------------------
  16:     def peek(self):
  17:         return self.top.data if self.top is not None else None
  18:     
  19:     def is_empty(self):
- 20:         return self.peek() is None
+ 20:         return peek() is None
  21: 
  22: class Node(object):
  23:     
  24:     def __init__(self, data, next=None):
--------------------------------------------------------------------------------
[0.07419 s] killed by DYNAMOSA-WHOLE_SUITE/test_stack5_DYNAMOSA.py::test_case_5

def test_case_5():
        stack_0 = module_0.Stack()
        var_0 = stack_0.pop()
        none_type_0 = None
>       var_1 = stack_0.is_empty()

DYNAMOSA-WHOLE_SUITE/test_stack5_DYNAMOSA.py:38: 
_ _ _ _ _ _ _ _ _ _ _ _ _ _ _ _ _ _ _ _ _ _ _ _ _ _ _ _ _ _ _ _ _ _ _ _ _ _ _ _ 

self = <stack5.Stack object at 0x7f345d83c220>

>   ???
E   NameError: name 'peek' is not defined

stack5:20: NameError
   - [#  34] SVD stack5: 
--------------------------------------------------------------------------------
  21: 
  22: class Node(object):
  23:     
  24:     def __init__(self, data, next=None):
- 25:         self.data = data
+ 25:         data = data
  26:         self.next = next
--------------------------------------------------------------------------------
[0.00000 s] incompetent

ValueError: expression must have Store context but has Load instead

   - [#  35] SVD stack5: 
--------------------------------------------------------------------------------
  22: class Node(object):
  23:     
  24:     def __init__(self, data, next=None):
  25:         self.data = data
- 26:         self.next = next
+ 26:         next = next
--------------------------------------------------------------------------------
[0.00000 s] incompetent

ValueError: expression must have Store context but has Load instead

[*] Mutation score [2.87928 s]: 87.5%
   - all: 35
   - killed: 21 (60.0%)
   - survived: 3 (8.6%)
   - incompetent: 11 (31.4%)
   - timeout: 0 (0.0%)
