[*] Start mutation process:
   - targets: stack5.py
   - tests: ./MIO-MOSA
[*] 12 tests passed:
   - test_stack5_MIO [0.05173 s]
   - test_stack5_MOSA [0.04054 s]
[*] Start mutants generation and execution:
   - [#   1] CDI stack5: 
--------------------------------------------------------------------------------
   1: class Stack(object):
   2:     
-  3:     def __init__(self, top=None):
-  4:         self.top = top
-  5:     
+  3:     @classmethod
+  4:     def __init__(self, top=None):
+  5:         self.top = top
   6:     def push(self, data):
   7:         self.top = Node(data, self.top)
   8:     
   9:     def pop(self):
--------------------------------------------------------------------------------
[0.05035 s] survived
   - [#   2] CDI stack5: 
--------------------------------------------------------------------------------
   2:     
   3:     def __init__(self, top=None):
   4:         self.top = top
   5:     
-  6:     def push(self, data):
-  7:         self.top = Node(data, self.top)
-  8:     
+  6:     @classmethod
+  7:     def push(self, data):
+  8:         self.top = Node(data, self.top)
   9:     def pop(self):
  10:         if self.top is None:
  11:             return None
  12:         data = self.top.data
--------------------------------------------------------------------------------
[0.07682 s] killed by MIO-MOSA/test_stack5_MOSA.py::test_case_1

def test_case_1():
        stack_0 = module_0.Stack()
>       var_0 = stack_0.push(stack_0)

MIO-MOSA/test_stack5_MOSA.py:12: 
_ _ _ _ _ _ _ _ _ _ _ _ _ _ _ _ _ _ _ _ _ _ _ _ _ _ _ _ _ _ _ _ _ _ _ _ _ _ _ _ 

self = <class 'stack5.Stack'>, data = <stack5.Stack object at 0x7f8588ccead0>

>   ???
E   AttributeError: type object 'Stack' has no attribute 'top'. Did you mean: 'pop'?

stack5:8: AttributeError
   - [#   3] CDI stack5: 
--------------------------------------------------------------------------------
   5:     
   6:     def push(self, data):
   7:         self.top = Node(data, self.top)
   8:     
-  9:     def pop(self):
- 10:         if self.top is None:
- 11:             return None
- 12:         data = self.top.data
- 13:         self.top = self.top.next
- 14:         return data
- 15:     
+  9:     @classmethod
+ 10:     def pop(self):
+ 11:         if self.top is None:
+ 12:             return None
+ 13:         data = self.top.data
+ 14:         self.top = self.top.next
+ 15:         return data
  16:     def peek(self):
  17:         return self.top.data if self.top is not None else None
  18:     
  19:     def is_empty(self):
--------------------------------------------------------------------------------
[0.06729 s] killed by MIO-MOSA/test_stack5_MOSA.py::test_case_0

def test_case_0():
        stack_0 = module_0.Stack()
>       var_0 = stack_0.pop()

MIO-MOSA/test_stack5_MOSA.py:7: 
_ _ _ _ _ _ _ _ _ _ _ _ _ _ _ _ _ _ _ _ _ _ _ _ _ _ _ _ _ _ _ _ _ _ _ _ _ _ _ _ 

self = <class 'stack5.Stack'>

>   ???
E   AttributeError: type object 'Stack' has no attribute 'top'. Did you mean: 'pop'?

stack5:11: AttributeError
   - [#   4] CDI stack5: 
--------------------------------------------------------------------------------
  12:         data = self.top.data
  13:         self.top = self.top.next
  14:         return data
  15:     
- 16:     def peek(self):
- 17:         return self.top.data if self.top is not None else None
- 18:     
+ 16:     @classmethod
+ 17:     def peek(self):
+ 18:         return self.top.data if self.top is not None else None
  19:     def is_empty(self):
  20:         return self.peek() is None
  21: 
  22: class Node(object):
--------------------------------------------------------------------------------
[0.06997 s] killed by MIO-MOSA/test_stack5_MOSA.py::test_case_3

def test_case_3():
        stack_0 = module_0.Stack()
>       var_0 = stack_0.peek()

MIO-MOSA/test_stack5_MOSA.py:27: 
_ _ _ _ _ _ _ _ _ _ _ _ _ _ _ _ _ _ _ _ _ _ _ _ _ _ _ _ _ _ _ _ _ _ _ _ _ _ _ _ 

self = <class 'stack5.Stack'>

>   ???
E   AttributeError: type object 'Stack' has no attribute 'top'. Did you mean: 'pop'?

stack5:18: AttributeError
   - [#   5] CDI stack5: 
--------------------------------------------------------------------------------
  15:     
  16:     def peek(self):
  17:         return self.top.data if self.top is not None else None
  18:     
- 19:     def is_empty(self):
- 20:         return self.peek() is None
- 21: 
+ 19:     @classmethod
+ 20:     def is_empty(self):
+ 21:         return self.peek() is None
  22: class Node(object):
  23:     
  24:     def __init__(self, data, next=None):
  25:         self.data = data
--------------------------------------------------------------------------------
[0.07324 s] incompetent

TypeError: stack5:21: TypeError: Stack.peek() missing 1 required positional argument: 'self'

   - [#   6] CDI stack5: 
--------------------------------------------------------------------------------
  20:         return self.peek() is None
  21: 
  22: class Node(object):
  23:     
- 24:     def __init__(self, data, next=None):
- 25:         self.data = data
- 26:         self.next = next
+ 24:     @classmethod
+ 25:     def __init__(self, data, next=None):
+ 26:         self.data = data
+ 27:         self.next = next
--------------------------------------------------------------------------------
[0.05239 s] survived
   - [#   7] COI stack5: 
--------------------------------------------------------------------------------
   6:     def push(self, data):
   7:         self.top = Node(data, self.top)
   8:     
   9:     def pop(self):
- 10:         if self.top is None:
+ 10:         if not (self.top is None):
  11:             return None
  12:         data = self.top.data
  13:         self.top = self.top.next
  14:         return data
--------------------------------------------------------------------------------
[0.06808 s] killed by MIO-MOSA/test_stack5_MOSA.py::test_case_0

def test_case_0():
        stack_0 = module_0.Stack()
>       var_0 = stack_0.pop()

MIO-MOSA/test_stack5_MOSA.py:7: 
_ _ _ _ _ _ _ _ _ _ _ _ _ _ _ _ _ _ _ _ _ _ _ _ _ _ _ _ _ _ _ _ _ _ _ _ _ _ _ _ 

self = <stack5.Stack object at 0x7f8588cceb30>

>   ???
E   AttributeError: 'NoneType' object has no attribute 'data'

stack5:12: AttributeError
   - [#   8] SDI stack5: 
--------------------------------------------------------------------------------
   1: class Stack(object):
   2:     
-  3:     def __init__(self, top=None):
-  4:         self.top = top
-  5:     
+  3:     @staticmethod
+  4:     def __init__(self, top=None):
+  5:         self.top = top
   6:     def push(self, data):
   7:         self.top = Node(data, self.top)
   8:     
   9:     def pop(self):
--------------------------------------------------------------------------------
[0.06464 s] incompetent

TypeError: /home/auri/temp/lucca/python_experiments/stack5/MIO-MOSA/test_stack5_MOSA.py:6: TypeError: Stack.__init__() missing 1 required positional argument: 'self'

   - [#   9] SDI stack5: 
--------------------------------------------------------------------------------
   2:     
   3:     def __init__(self, top=None):
   4:         self.top = top
   5:     
-  6:     def push(self, data):
-  7:         self.top = Node(data, self.top)
-  8:     
+  6:     @staticmethod
+  7:     def push(self, data):
+  8:         self.top = Node(data, self.top)
   9:     def pop(self):
  10:         if self.top is None:
  11:             return None
  12:         data = self.top.data
--------------------------------------------------------------------------------
[0.06633 s] incompetent

TypeError: /home/auri/temp/lucca/python_experiments/stack5/MIO-MOSA/test_stack5_MOSA.py:12: TypeError: Stack.push() missing 1 required positional argument: 'data'

   - [#  10] SDI stack5: 
--------------------------------------------------------------------------------
   5:     
   6:     def push(self, data):
   7:         self.top = Node(data, self.top)
   8:     
-  9:     def pop(self):
- 10:         if self.top is None:
- 11:             return None
- 12:         data = self.top.data
- 13:         self.top = self.top.next
- 14:         return data
- 15:     
+  9:     @staticmethod
+ 10:     def pop(self):
+ 11:         if self.top is None:
+ 12:             return None
+ 13:         data = self.top.data
+ 14:         self.top = self.top.next
+ 15:         return data
  16:     def peek(self):
  17:         return self.top.data if self.top is not None else None
  18:     
  19:     def is_empty(self):
--------------------------------------------------------------------------------
[0.06725 s] incompetent

TypeError: /home/auri/temp/lucca/python_experiments/stack5/MIO-MOSA/test_stack5_MOSA.py:7: TypeError: Stack.pop() missing 1 required positional argument: 'self'

   - [#  11] SDI stack5: 
--------------------------------------------------------------------------------
  12:         data = self.top.data
  13:         self.top = self.top.next
  14:         return data
  15:     
- 16:     def peek(self):
- 17:         return self.top.data if self.top is not None else None
- 18:     
+ 16:     @staticmethod
+ 17:     def peek(self):
+ 18:         return self.top.data if self.top is not None else None
  19:     def is_empty(self):
  20:         return self.peek() is None
  21: 
  22: class Node(object):
--------------------------------------------------------------------------------
[0.06950 s] incompetent

TypeError: /home/auri/temp/lucca/python_experiments/stack5/MIO-MOSA/test_stack5_MOSA.py:27: TypeError: Stack.peek() missing 1 required positional argument: 'self'

   - [#  12] SDI stack5: 
--------------------------------------------------------------------------------
  15:     
  16:     def peek(self):
  17:         return self.top.data if self.top is not None else None
  18:     
- 19:     def is_empty(self):
- 20:         return self.peek() is None
- 21: 
+ 19:     @staticmethod
+ 20:     def is_empty(self):
+ 21:         return self.peek() is None
  22: class Node(object):
  23:     
  24:     def __init__(self, data, next=None):
  25:         self.data = data
--------------------------------------------------------------------------------
[0.06914 s] incompetent

TypeError: /home/auri/temp/lucca/python_experiments/stack5/MIO-MOSA/test_stack5_MOSA.py:39: TypeError: Stack.is_empty() missing 1 required positional argument: 'self'

   - [#  13] SDI stack5: 
--------------------------------------------------------------------------------
  20:         return self.peek() is None
  21: 
  22: class Node(object):
  23:     
- 24:     def __init__(self, data, next=None):
- 25:         self.data = data
- 26:         self.next = next
+ 24:     @staticmethod
+ 25:     def __init__(self, data, next=None):
+ 26:         self.data = data
+ 27:         self.next = next
--------------------------------------------------------------------------------
[0.06752 s] killed by MIO-MOSA/test_stack5_MOSA.py::test_case_1

def test_case_1():
        stack_0 = module_0.Stack()
        var_0 = stack_0.push(stack_0)
>       var_1 = stack_0.pop()

MIO-MOSA/test_stack5_MOSA.py:13: 
_ _ _ _ _ _ _ _ _ _ _ _ _ _ _ _ _ _ _ _ _ _ _ _ _ _ _ _ _ _ _ _ _ _ _ _ _ _ _ _ 

self = <stack5.Stack object at 0x7f8588e3d6c0>

>   ???
E   AttributeError: 'Node' object has no attribute 'data'

stack5:12: AttributeError
   - [#  14] SDL stack5: 
--------------------------------------------------------------------------------
   1: class Stack(object):
   2:     
   3:     def __init__(self, top=None):
-  4:         self.top = top
+  4:         pass
   5:     
   6:     def push(self, data):
   7:         self.top = Node(data, self.top)
   8:     
--------------------------------------------------------------------------------
[0.08505 s] killed by MIO-MOSA/test_stack5_MOSA.py::test_case_0

def test_case_0():
        stack_0 = module_0.Stack()
>       var_0 = stack_0.pop()

MIO-MOSA/test_stack5_MOSA.py:7: 
_ _ _ _ _ _ _ _ _ _ _ _ _ _ _ _ _ _ _ _ _ _ _ _ _ _ _ _ _ _ _ _ _ _ _ _ _ _ _ _ 

self = <stack5.Stack object at 0x7f8588ccd300>

>   ???
E   AttributeError: 'Stack' object has no attribute 'top'. Did you mean: 'pop'?

stack5:10: AttributeError
   - [#  15] SDL stack5: 
--------------------------------------------------------------------------------
   3:     def __init__(self, top=None):
   4:         self.top = top
   5:     
   6:     def push(self, data):
-  7:         self.top = Node(data, self.top)
+  7:         pass
   8:     
   9:     def pop(self):
  10:         if self.top is None:
  11:             return None
--------------------------------------------------------------------------------
[0.06842 s] killed by MIO-MOSA/test_stack5_MOSA.py::test_case_1

def test_case_1():
        stack_0 = module_0.Stack()
        var_0 = stack_0.push(stack_0)
        var_1 = stack_0.pop()
        assert stack_0.top is None
>       assert f'{type(var_1).__module__}.{type(var_1).__qualname__}' == 'stack5.Stack'
E       AssertionError

MIO-MOSA/test_stack5_MOSA.py:15: AssertionError
   - [#  16] SDL stack5: 
--------------------------------------------------------------------------------
   7:         self.top = Node(data, self.top)
   8:     
   9:     def pop(self):
  10:         if self.top is None:
- 11:             return None
+ 11:             pass
  12:         data = self.top.data
  13:         self.top = self.top.next
  14:         return data
  15:     
--------------------------------------------------------------------------------
[0.07342 s] killed by MIO-MOSA/test_stack5_MOSA.py::test_case_0

def test_case_0():
        stack_0 = module_0.Stack()
>       var_0 = stack_0.pop()

MIO-MOSA/test_stack5_MOSA.py:7: 
_ _ _ _ _ _ _ _ _ _ _ _ _ _ _ _ _ _ _ _ _ _ _ _ _ _ _ _ _ _ _ _ _ _ _ _ _ _ _ _ 

self = <stack5.Stack object at 0x7f8588ede500>

>   ???
E   AttributeError: 'NoneType' object has no attribute 'data'

stack5:12: AttributeError
   - [#  17] SDL stack5: 
--------------------------------------------------------------------------------
   8:     
   9:     def pop(self):
  10:         if self.top is None:
  11:             return None
- 12:         data = self.top.data
+ 12:         pass
  13:         self.top = self.top.next
  14:         return data
  15:     
  16:     def peek(self):
--------------------------------------------------------------------------------
[0.06889 s] killed by MIO-MOSA/test_stack5_MOSA.py::test_case_1

def test_case_1():
        stack_0 = module_0.Stack()
        var_0 = stack_0.push(stack_0)
>       var_1 = stack_0.pop()

MIO-MOSA/test_stack5_MOSA.py:13: 
_ _ _ _ _ _ _ _ _ _ _ _ _ _ _ _ _ _ _ _ _ _ _ _ _ _ _ _ _ _ _ _ _ _ _ _ _ _ _ _ 

self = <stack5.Stack object at 0x7f8588de9300>

>   ???
E   NameError: name 'data' is not defined

stack5:14: NameError
   - [#  18] SDL stack5: 
--------------------------------------------------------------------------------
   9:     def pop(self):
  10:         if self.top is None:
  11:             return None
  12:         data = self.top.data
- 13:         self.top = self.top.next
+ 13:         pass
  14:         return data
  15:     
  16:     def peek(self):
  17:         return self.top.data if self.top is not None else None
--------------------------------------------------------------------------------
[0.06482 s] killed by MIO-MOSA/test_stack5_MOSA.py::test_case_1

def test_case_1():
        stack_0 = module_0.Stack()
        var_0 = stack_0.push(stack_0)
        var_1 = stack_0.pop()
>       assert stack_0.top is None
E       AssertionError

MIO-MOSA/test_stack5_MOSA.py:14: AssertionError
   - [#  19] SDL stack5: 
--------------------------------------------------------------------------------
  10:         if self.top is None:
  11:             return None
  12:         data = self.top.data
  13:         self.top = self.top.next
- 14:         return data
+ 14:         pass
  15:     
  16:     def peek(self):
  17:         return self.top.data if self.top is not None else None
  18:     
--------------------------------------------------------------------------------
[0.06461 s] killed by MIO-MOSA/test_stack5_MOSA.py::test_case_1

def test_case_1():
        stack_0 = module_0.Stack()
        var_0 = stack_0.push(stack_0)
        var_1 = stack_0.pop()
        assert stack_0.top is None
>       assert f'{type(var_1).__module__}.{type(var_1).__qualname__}' == 'stack5.Stack'
E       AssertionError

MIO-MOSA/test_stack5_MOSA.py:15: AssertionError
   - [#  20] SDL stack5: 
--------------------------------------------------------------------------------
  13:         self.top = self.top.next
  14:         return data
  15:     
  16:     def peek(self):
- 17:         return self.top.data if self.top is not None else None
+ 17:         pass
  18:     
  19:     def is_empty(self):
  20:         return self.peek() is None
  21: 
--------------------------------------------------------------------------------
[0.05120 s] survived
   - [#  21] SDL stack5: 
--------------------------------------------------------------------------------
  16:     def peek(self):
  17:         return self.top.data if self.top is not None else None
  18:     
  19:     def is_empty(self):
- 20:         return self.peek() is None
+ 20:         pass
  21: 
  22: class Node(object):
  23:     
  24:     def __init__(self, data, next=None):
--------------------------------------------------------------------------------
[0.05100 s] survived
   - [#  22] SDL stack5: 
--------------------------------------------------------------------------------
  21: 
  22: class Node(object):
  23:     
  24:     def __init__(self, data, next=None):
- 25:         self.data = data
+ 25:         pass
  26:         self.next = next
--------------------------------------------------------------------------------
[0.06526 s] killed by MIO-MOSA/test_stack5_MOSA.py::test_case_1

def test_case_1():
        stack_0 = module_0.Stack()
        var_0 = stack_0.push(stack_0)
>       var_1 = stack_0.pop()

MIO-MOSA/test_stack5_MOSA.py:13: 
_ _ _ _ _ _ _ _ _ _ _ _ _ _ _ _ _ _ _ _ _ _ _ _ _ _ _ _ _ _ _ _ _ _ _ _ _ _ _ _ 

self = <stack5.Stack object at 0x7f8588c26c80>

>   ???
E   AttributeError: 'Node' object has no attribute 'data'

stack5:12: AttributeError
   - [#  23] SDL stack5: 
--------------------------------------------------------------------------------
  22: class Node(object):
  23:     
  24:     def __init__(self, data, next=None):
  25:         self.data = data
- 26:         self.next = next
+ 26:         pass
--------------------------------------------------------------------------------
[0.06510 s] killed by MIO-MOSA/test_stack5_MOSA.py::test_case_1

def test_case_1():
        stack_0 = module_0.Stack()
        var_0 = stack_0.push(stack_0)
>       var_1 = stack_0.pop()

MIO-MOSA/test_stack5_MOSA.py:13: 
_ _ _ _ _ _ _ _ _ _ _ _ _ _ _ _ _ _ _ _ _ _ _ _ _ _ _ _ _ _ _ _ _ _ _ _ _ _ _ _ 

self = <stack5.Stack object at 0x7f8588c40d00>

>   ???
E   AttributeError: 'Node' object has no attribute 'next'

stack5:13: AttributeError
   - [#  24] SVD stack5: 
--------------------------------------------------------------------------------
   1: class Stack(object):
   2:     
   3:     def __init__(self, top=None):
-  4:         self.top = top
+  4:         top = top
   5:     
   6:     def push(self, data):
   7:         self.top = Node(data, self.top)
   8:     
--------------------------------------------------------------------------------
[0.00000 s] incompetent

ValueError: expression must have Store context but has Load instead

   - [#  25] SVD stack5: 
--------------------------------------------------------------------------------
   3:     def __init__(self, top=None):
   4:         self.top = top
   5:     
   6:     def push(self, data):
-  7:         self.top = Node(data, self.top)
+  7:         top = Node(data, self.top)
   8:     
   9:     def pop(self):
  10:         if self.top is None:
  11:             return None
--------------------------------------------------------------------------------
[0.00000 s] incompetent

ValueError: expression must have Store context but has Load instead

   - [#  26] SVD stack5: 
--------------------------------------------------------------------------------
   3:     def __init__(self, top=None):
   4:         self.top = top
   5:     
   6:     def push(self, data):
-  7:         self.top = Node(data, self.top)
+  7:         self.top = Node(data, top)
   8:     
   9:     def pop(self):
  10:         if self.top is None:
  11:             return None
--------------------------------------------------------------------------------
[0.06715 s] killed by MIO-MOSA/test_stack5_MOSA.py::test_case_1

def test_case_1():
        stack_0 = module_0.Stack()
>       var_0 = stack_0.push(stack_0)

MIO-MOSA/test_stack5_MOSA.py:12: 
_ _ _ _ _ _ _ _ _ _ _ _ _ _ _ _ _ _ _ _ _ _ _ _ _ _ _ _ _ _ _ _ _ _ _ _ _ _ _ _ 

self = <stack5.Stack object at 0x7f8588ca4be0>
data = <stack5.Stack object at 0x7f8588ca4be0>

>   ???
E   NameError: name 'top' is not defined

stack5:7: NameError
   - [#  27] SVD stack5: 
--------------------------------------------------------------------------------
   6:     def push(self, data):
   7:         self.top = Node(data, self.top)
   8:     
   9:     def pop(self):
- 10:         if self.top is None:
+ 10:         if top is None:
  11:             return None
  12:         data = self.top.data
  13:         self.top = self.top.next
  14:         return data
--------------------------------------------------------------------------------
[0.06709 s] killed by MIO-MOSA/test_stack5_MOSA.py::test_case_0

def test_case_0():
        stack_0 = module_0.Stack()
>       var_0 = stack_0.pop()

MIO-MOSA/test_stack5_MOSA.py:7: 
_ _ _ _ _ _ _ _ _ _ _ _ _ _ _ _ _ _ _ _ _ _ _ _ _ _ _ _ _ _ _ _ _ _ _ _ _ _ _ _ 

self = <stack5.Stack object at 0x7f8588e3dba0>

>   ???
E   NameError: name 'top' is not defined

stack5:10: NameError
   - [#  28] SVD stack5: 
--------------------------------------------------------------------------------
   8:     
   9:     def pop(self):
  10:         if self.top is None:
  11:             return None
- 12:         data = self.top.data
+ 12:         data = top.data
  13:         self.top = self.top.next
  14:         return data
  15:     
  16:     def peek(self):
--------------------------------------------------------------------------------
[0.06592 s] killed by MIO-MOSA/test_stack5_MOSA.py::test_case_1

def test_case_1():
        stack_0 = module_0.Stack()
        var_0 = stack_0.push(stack_0)
>       var_1 = stack_0.pop()

MIO-MOSA/test_stack5_MOSA.py:13: 
_ _ _ _ _ _ _ _ _ _ _ _ _ _ _ _ _ _ _ _ _ _ _ _ _ _ _ _ _ _ _ _ _ _ _ _ _ _ _ _ 

self = <stack5.Stack object at 0x7f8588deb760>

>   ???
E   NameError: name 'top' is not defined

stack5:12: NameError
   - [#  29] SVD stack5: 
--------------------------------------------------------------------------------
   9:     def pop(self):
  10:         if self.top is None:
  11:             return None
  12:         data = self.top.data
- 13:         self.top = self.top.next
+ 13:         top = self.top.next
  14:         return data
  15:     
  16:     def peek(self):
  17:         return self.top.data if self.top is not None else None
--------------------------------------------------------------------------------
[0.00000 s] incompetent

ValueError: expression must have Store context but has Load instead

   - [#  30] SVD stack5: 
--------------------------------------------------------------------------------
   9:     def pop(self):
  10:         if self.top is None:
  11:             return None
  12:         data = self.top.data
- 13:         self.top = self.top.next
+ 13:         self.top = top.next
  14:         return data
  15:     
  16:     def peek(self):
  17:         return self.top.data if self.top is not None else None
--------------------------------------------------------------------------------
[0.06720 s] killed by MIO-MOSA/test_stack5_MOSA.py::test_case_1

def test_case_1():
        stack_0 = module_0.Stack()
        var_0 = stack_0.push(stack_0)
>       var_1 = stack_0.pop()

MIO-MOSA/test_stack5_MOSA.py:13: 
_ _ _ _ _ _ _ _ _ _ _ _ _ _ _ _ _ _ _ _ _ _ _ _ _ _ _ _ _ _ _ _ _ _ _ _ _ _ _ _ 

self = <stack5.Stack object at 0x7f8588ca60b0>

>   ???
E   NameError: name 'top' is not defined

stack5:13: NameError
   - [#  31] SVD stack5: 
--------------------------------------------------------------------------------
  13:         self.top = self.top.next
  14:         return data
  15:     
  16:     def peek(self):
- 17:         return self.top.data if self.top is not None else None
+ 17:         return self.top.data if top is not None else None
  18:     
  19:     def is_empty(self):
  20:         return self.peek() is None
  21: 
--------------------------------------------------------------------------------
[0.06824 s] killed by MIO-MOSA/test_stack5_MOSA.py::test_case_3

def test_case_3():
        stack_0 = module_0.Stack()
>       var_0 = stack_0.peek()

MIO-MOSA/test_stack5_MOSA.py:27: 
_ _ _ _ _ _ _ _ _ _ _ _ _ _ _ _ _ _ _ _ _ _ _ _ _ _ _ _ _ _ _ _ _ _ _ _ _ _ _ _ 

self = <stack5.Stack object at 0x7f8588b4d870>

>   ???
E   NameError: name 'top' is not defined

stack5:17: NameError
   - [#  32] SVD stack5: 
--------------------------------------------------------------------------------
  13:         self.top = self.top.next
  14:         return data
  15:     
  16:     def peek(self):
- 17:         return self.top.data if self.top is not None else None
+ 17:         return top.data if self.top is not None else None
  18:     
  19:     def is_empty(self):
  20:         return self.peek() is None
  21: 
--------------------------------------------------------------------------------
[0.04956 s] survived
   - [#  33] SVD stack5: 
--------------------------------------------------------------------------------
  16:     def peek(self):
  17:         return self.top.data if self.top is not None else None
  18:     
  19:     def is_empty(self):
- 20:         return self.peek() is None
+ 20:         return peek() is None
  21: 
  22: class Node(object):
  23:     
  24:     def __init__(self, data, next=None):
--------------------------------------------------------------------------------
[0.06867 s] killed by MIO-MOSA/test_stack5_MOSA.py::test_case_5

def test_case_5():
        stack_0 = module_0.Stack()
        var_0 = stack_0.pop()
        none_type_0 = None
>       var_1 = stack_0.is_empty()

MIO-MOSA/test_stack5_MOSA.py:39: 
_ _ _ _ _ _ _ _ _ _ _ _ _ _ _ _ _ _ _ _ _ _ _ _ _ _ _ _ _ _ _ _ _ _ _ _ _ _ _ _ 

self = <stack5.Stack object at 0x7f8588b4fe20>

>   ???
E   NameError: name 'peek' is not defined

stack5:20: NameError
   - [#  34] SVD stack5: 
--------------------------------------------------------------------------------
  21: 
  22: class Node(object):
  23:     
  24:     def __init__(self, data, next=None):
- 25:         self.data = data
+ 25:         data = data
  26:         self.next = next
--------------------------------------------------------------------------------
[0.00000 s] incompetent

ValueError: expression must have Store context but has Load instead

   - [#  35] SVD stack5: 
--------------------------------------------------------------------------------
  22: class Node(object):
  23:     
  24:     def __init__(self, data, next=None):
  25:         self.data = data
- 26:         self.next = next
+ 26:         next = next
--------------------------------------------------------------------------------
[0.00000 s] incompetent

ValueError: expression must have Store context but has Load instead

[*] Mutation score [2.54086 s]: 79.2%
   - all: 35
   - killed: 19 (54.3%)
   - survived: 5 (14.3%)
   - incompetent: 11 (31.4%)
   - timeout: 0 (0.0%)
